Argumentos: 
./solver.release -i 12 -t 86400 -a 7 -h 86400 -w Testes/Mvic-i12 -m modeloCom2345.mod -o modeloCom2345.mod 
Seed: 1622416830
hidden-TXT/Sc-n070w4.txt
hidden-TXT/H0-n070w4-0.txt
hidden-TXT/WD-n070w4-4.txt hidden-TXT/WD-n070w4-9.txt hidden-TXT/WD-n070w4-6.txt hidden-TXT/WD-n070w4-7.txt 
Reading model section from modeloCom2345.mod...
367 lines were read
Reading data section from Testes/Mvic-i12/12.dat...
13093 lines were read
Generating obj...
Generating H1turnoDia...
Generating H2coberturaMinima...
Generating H3AsucessaoTurnos...
Generating H3BsucessaoTurnos...
Generating H4qualificacao...
Generating S1coberturaOtima...
Generating S2d...
Generating S2dHist...
Generating S2b...
Generating S2bHist...
Generating aux1S2a...
Generating auxS2a...
Generating aux3S2a...
Generating aux4S2a...
Generating s2aMin2...
Generating s2aHistMin2...
Generating s2aMin3...
Generating s2aHistMin3h1...
Generating s2aHistMin3h2...
Generating s2aMin4...
Generating s2aHistMin4h1...
Generating s2aHistMin4h2...
Generating s2aHistMin4h3...
Generating s2aMin5...
Generating s2aHistMin5h1...
Generating s2aHistMin5h2...
Generating s2aHistMin5h3...
Generating s2aHistMin5h4...
Generating auxS2b...
Generating aux1S2b...
Generating aux3S2b...
Generating aux4S2b...
Generating s2b...
Generating s2bHist...
Generating s2bMin3turnos...
Generating s2bHistMin3h1turnos...
Generating s2bHistMin3h2turnos...
Generating s2bMin4...
Generating s2bHistMin4h1...
Generating s2bHistMin4h2...
Generating s2bHistMin4h3...
Generating s2bMin5...
Generating s2bHistMin5h1...
Generating s2bHistMin5h2...
Generating s2bHistMin5h3...
Generating s2bHistMin5h34...
Generating auxS5...
Generating S6a...
Generating S6b...
Generating auxS7...
Generating S7...
Model has been successfully generated
Writing problem data to `Testes/Mvic-i12/12.lp'...
460202 lines were written
CPX0000  Tried aggregator 2 times.
CPX0000  MIP Presolve eliminated 15703 rows and 31831 columns.
CPX0000  MIP Presolve modified 3786 coefficients.
CPX0000  Aggregator did 155 substitutions.
CPX0000  Reduced MIP has 45316 rows, 52681 columns, and 378608 nonzeros.
CPX0000  Reduced MIP has 52266 binaries, 415 generals, 0 SOSs, and 0 indicators.
CPX0000  Presolve time = 0.72 sec. (398.72 ticks)
CPX0000  Found incumbent of value 1081495.000000 after 1.55 sec. (1045.09 ticks)
[1m[30m[ZEN] [0m00:00:01 [1m[34m1081495.00[1m[32m  100.00%
[0mCPX0000  Probing time = 0.07 sec. (32.57 ticks)
CPX0000  Tried aggregator 2 times.
CPX0000  MIP Presolve eliminated 9 rows and 9 columns.
CPX0000  Aggregator did 1 substitutions.
CPX0000  Reduced MIP has 45306 rows, 52671 columns, and 378588 nonzeros.
CPX0000  Reduced MIP has 52256 binaries, 415 generals, 0 SOSs, and 0 indicators.
CPX0000  Presolve time = 0.43 sec. (268.21 ticks)
CPX0000  Probing time = 0.04 sec. (14.48 ticks)
CPX0000  Clique table members: 11733.
CPX0000  MIP emphasis: balance optimality and feasibility.
CPX0000  MIP search method: dynamic search.
CPX0000  Parallel mode: none, using 1 thread.
CPX0000  Root relaxation solution time = 282.38 sec. (56642.50 ticks)
CPX0000
CPX0000          Nodes                                         Cuts/
CPX0000     Node  Left     Objective  IInf  Best Integer    Best Bound    ItCnt     Gap
CPX0000
CPX0000  *     0+    0                      1081495.0000        0.0000    64408  100.00%
CPX0000        0     0      194.3750  5306  1081495.0000      194.3750    64408   99.98%
CPX0000        0     0      383.9402  5497  1081495.0000    Cuts: 2524    95056   99.96%
CPX0000        0     0      499.2671  5446  1081495.0000    Cuts: 1935   128591   99.95%
CPX0000        0     0      542.5591  5758  1081495.0000    Cuts: 1625   161944   99.95%
CPX0000  *     0+    0                       236140.0000      542.5591   161944   99.77%
[1m[30m[ZEN] [0m00:16:06 [1m[34m 236140.00[1m[32m   99.77%
[0mCPX0000        0     0      570.6674  5852   236140.0000    Cuts: 1578   193563   99.76%
CPX0000        0     0      591.7841  6104   236140.0000    Cuts: 1628   227908   99.75%
CPX0000        0     0      599.9549  6127   236140.0000    Cuts: 1466   261150   99.75%
CPX0000        0     0      615.3242  6011   236140.0000    Cuts: 1477   294894   99.74%
CPX0000        0     0      638.3213  6036   236140.0000    Cuts: 1495   331976   99.73%
CPX0000        0     0      680.9934  6217   236140.0000    Cuts: 1484   367339   99.71%
CPX0000        0     0      711.2542  6380   236140.0000    Cuts: 1607   400670   99.70%
CPX0000        0     0      732.1777  6288   236140.0000    Cuts: 1627   434031   99.69%
CPX0000        0     0      748.5778  5929   236140.0000    Cuts: 1482   474553   99.68%
CPX0000        0     0      765.4064  6006   236140.0000    Cuts: 1586   513692   99.68%
CPX0000        0     0      785.0035  6154   236140.0000    Cuts: 1566   550831   99.67%
CPX0000        0     0      815.9135  6159   236140.0000    Cuts: 1543   587200   99.65%
CPX0000        0     0      844.3580  5924   236140.0000    Cuts: 1520   625924   99.64%
CPX0000        0     0      867.8726  5748   236140.0000    Cuts: 1599   656310   99.63%
CPX0000        0     0      899.0129  5784   236140.0000    Cuts: 1474   686989   99.62%
CPX0000        0     0      910.3207  5826   236140.0000    Cuts: 1424   719462   99.61%
CPX0000        0     0      926.9436  5797   236140.0000    Cuts: 1467   757436   99.61%
CPX0000        0     0      945.1835  5800   236140.0000    Cuts: 1308   786160   99.60%
CPX0000        0     0      954.4241  5918   236140.0000    Cuts: 1540   822186   99.60%
CPX0000        0     0      966.4052  5828   236140.0000    Cuts: 1619   856335   99.59%
CPX0000        0     0      975.1582  5777   236140.0000    Cuts: 1342   966565   99.59%
CPX0000        0     0      986.5763  6165   236140.0000    Cuts: 1343   999628   99.58%
CPX0000        0     0     1004.3574  6028   236140.0000    Cuts: 1400  1049065   99.57%
CPX0000        0     0     1021.8352  6070   236140.0000    Cuts: 1423  1084292   99.57%
CPX0000        0     0     1032.3028  6152   236140.0000    Cuts: 1433  1114999   99.56%
CPX0000        0     0     1036.5219  6255   236140.0000    Cuts: 1326  1148020   99.56%
CPX0000        0     0     1054.7643  6102   236140.0000    Cuts: 1206  1175902   99.55%
CPX0000        0     0     1068.7748  6353   236140.0000    Cuts: 1314  1205475   99.55%
CPX0000        0     0     1084.0470  6152   236140.0000    Cuts: 1432  1234131   99.54%
CPX0000        0     0     1089.1886  6337   236140.0000    Cuts: 1360  1262986   99.54%
CPX0000        0     0     1095.6215  6484   236140.0000    Cuts: 1382  1292336   99.54%
CPX0000        0     0     1104.6579  6586   236140.0000    Cuts: 1339  1316026   99.53%
CPX0000        0     0     1114.1183  6450   236140.0000    Cuts: 1321  1346486   99.53%
CPX0000        0     0     1123.4997  6486   236140.0000    Cuts: 1296  1376564   99.52%
CPX0000        0     0     1133.1151  6394   236140.0000    Cuts: 1512  1408390   99.52%
CPX0000        0     0     1139.2286  6316   236140.0000    Cuts: 1438  1434149   99.52%
CPX0000        0     0     1147.2687  6286   236140.0000    Cuts: 1249  1469276   99.51%
CPX0000        0     0     1154.3751  6072   236140.0000    Cuts: 1434  1527443   99.51%
CPX0000        0     0     1164.0954  6416   236140.0000    Cuts: 1456  1561396   99.51%
CPX0000        0     0     1175.2203  6209   236140.0000    Cuts: 1267  1593194   99.50%
CPX0000        0     0     1182.5001  6087   236140.0000    Cuts: 1576  1630687   99.50%
CPX0000        0     0     1188.5301  6144   236140.0000    Cuts: 1316  1677073   99.50%
CPX0000        0     0     1193.7023  6222   236140.0000    Cuts: 1311  1711612   99.49%
CPX0000        0     0     1202.5395  6310   236140.0000    Cuts: 1507  1783016   99.49%
CPX0000        0     0     1208.3317  6269   236140.0000    Cuts: 1459  1814618   99.49%
CPX0000        0     0     1212.1262  6372   236140.0000    Cuts: 1326  1850911   99.49%
CPX0000        0     0     1219.7143  6351   236140.0000    Cuts: 1336  1894063   99.48%
CPX0000        0     0     1233.8319  6381   236140.0000    Cuts: 1534  1929954   99.48%
CPX0000        0     0     1247.7585  6374   236140.0000    Cuts: 1574  1964691   99.47%
CPX0000        0     0     1255.4082  6274   236140.0000    Cuts: 1419  1999693   99.47%
CPX0000        0     0     1263.2508  6232   236140.0000    Cuts: 1320  2044809   99.47%
CPX0000        0     0     1268.8833  6535   236140.0000    Cuts: 1367  2075924   99.46%
CPX0000        0     0     1280.8277  6407   236140.0000    Cuts: 1525  2108910   99.46%
CPX0000        0     0     1288.9699  6631   236140.0000    Cuts: 1504  2141458   99.45%
CPX0000        0     0     1297.5980  6588   236140.0000    Cuts: 1458  2181814   99.45%
CPX0000        0     0     1308.7153  6546   236140.0000    Cuts: 1610  2219721   99.45%
CPX0000        0     0     1313.6127  6252   236140.0000    Cuts: 1552  2259767   99.44%
CPX0000        0     0     1318.0372  6376   236140.0000    Cuts: 1603  2296457   99.44%
CPX0000        0     0     1323.6805  6191   236140.0000    Cuts: 1272  2335590   99.44%
CPX0000        0     0     1329.5116  6482   236140.0000    Cuts: 1445  2398733   99.44%
CPX0000        0     0     1332.9719  6313   236140.0000    Cuts: 1315  2435612   99.44%
CPX0000        0     0     1341.3018  6350   236140.0000    Cuts: 1393  2495292   99.43%
CPX0000        0     0     1352.2566  6306   236140.0000    Cuts: 1262  2534596   99.43%
CPX0000        0     0     1356.8573  6505   236140.0000    Cuts: 1340  2610777   99.43%
CPX0000        0     0     1362.1297  6573   236140.0000    Cuts: 1509  2648326   99.42%
CPX0000        0     0     1371.3741  6438   236140.0000    Cuts: 1250  2697971   99.42%
CPX0000        0     0     1375.5533  6537   236140.0000    Cuts: 1473  2738536   99.42%
CPX0000        0     0     1383.6486  6462   236140.0000    Cuts: 1287  2777601   99.41%
CPX0000        0     0     1390.0390  6468   236140.0000    Cuts: 1459  2809673   99.41%
CPX0000        0     0     1395.0331  6526   236140.0000    Cuts: 1370  2846300   99.41%
CPX0000        0     0     1405.4748  6491   236140.0000    Cuts: 1507  2888999   99.40%
CPX0000        0     0     1408.2516  6620   236140.0000    Cuts: 1449  2926217   99.40%
CPX0000        0     0     1411.4104  6621   236140.0000    Cuts: 1335  2972051   99.40%
CPX0000        0     0     1416.1703  6339   236140.0000    Cuts: 1302  3061903   99.40%
CPX0000        0     0     1418.6827  6595   236140.0000    Cuts: 1550  3093679   99.40%
CPX0000        0     0     1428.2491  6532   236140.0000    Cuts: 1412  3133629   99.40%
CPX0000        0     0     1432.0339  6720   236140.0000    Cuts: 1605  3163315   99.39%
CPX0000        0     0     1439.9685  6235   236140.0000    Cuts: 1336  3213356   99.39%
CPX0000        0     0     1442.8257  6319   236140.0000    Cuts: 1464  3271328   99.39%
CPX0000        0     0     1448.2317  6575   236140.0000    Cuts: 1421  3312163   99.39%
CPX0000        0     0     1452.0005  6579   236140.0000    Cuts: 1261  3345723   99.39%
CPX0000        0     0     1454.8373  6532   236140.0000    Cuts: 1247  3383815   99.38%
CPX0000        0     0     1457.0685  5980   236140.0000    Cuts: 1210  3418754   99.38%
CPX0000        0     0     1459.0283  6130   236140.0000    Cuts: 1399  3455238   99.38%
CPX0000        0     0     1463.3311  5943   236140.0000    Cuts: 1268  3491847   99.38%
CPX0000        0     0     1465.2523  5964   236140.0000    Cuts: 1192  3522248   99.38%
CPX0000        0     0     1468.3949  6158   236140.0000    Cuts: 1189  3551325   99.38%
CPX0000        0     0     1473.1186  5981   236140.0000    Cuts: 1232  3591172   99.38%
CPX0000        0     0     1477.8343  6113   236140.0000    Cuts: 1335  3643477   99.37%
CPX0000        0     0     1480.1192  5980   236140.0000    Cuts: 1491  3675488   99.37%
CPX0000        0     0     1486.3805  5882   236140.0000    Cuts: 1164  3710599   99.37%
CPX0000        0     0     1488.4590  5962   236140.0000    Cuts: 1344  3749545   99.37%
CPX0000        0     0     1490.7166  5944   236140.0000    Cuts: 1276  3820219   99.37%
CPX0000        0     0     1493.0077  6116   236140.0000    Cuts: 1281  3855217   99.37%
CPX0000        0     0     1497.2205  6112   236140.0000    Cuts: 1179  3894780   99.37%
CPX0000        0     0     1502.5757  6016   236140.0000    Cuts: 1375  3932203   99.36%
CPX0000        0     0     1505.4647  6103   236140.0000    Cuts: 1138  3963231   99.36%
CPX0000        0     0     1508.2981  5934   236140.0000    Cuts: 1340  4009382   99.36%
CPX0000        0     0     1511.0346  6069   236140.0000    Cuts: 1323  4047055   99.36%
CPX0000        0     0     1514.0516  5891   236140.0000    Cuts: 1115  4085122   99.36%
CPX0000        0     0     1518.7541  5867   236140.0000    Cuts: 1323  4132288   99.36%
CPX0000        0     0     1520.5419  6055   236140.0000    Cuts: 1364  4160628   99.36%
CPX0000        0     0     1521.5734  5993   236140.0000    Cuts: 1172  4190719   99.36%
CPX0000        0     0     1523.4018  6068   236140.0000    Cuts: 1249  4220688   99.35%
CPX0000        0     0     1525.9985  5882   236140.0000    Cuts: 1142  4251447   99.35%
CPX0000        0     0     1528.3937  5985   236140.0000    Cuts: 1253  4300371   99.35%
CPX0000        0     0     1530.2583  5896   236140.0000    Cuts: 1249  4328723   99.35%
CPX0000        0     0     1531.1883  5811   236140.0000    Cuts: 1188  4361709   99.35%
CPX0000  *     0+    0                        11550.0000     1531.1883  4361709   86.74%
CPX0000  Heuristic still looking.
CPX0000  *     0+    0                         5910.0000     1531.1883  4361709   74.09%
CPX0000  *     0+    0                         5900.0000     1531.1883  4361709   74.05%
CPX0000  *     0+    0                         5890.0000     1531.1883  4361709   74.00%
CPX0000  *     0+    0                         5870.0000     1531.1883  4361709   73.92%
CPX0000  *     0+    0                         5840.0000     1531.1883  4361709   73.78%
[1m[30m[ZEN] [0m09:22:00 [1m[34m   5840.00[1m[32m   73.78%
[0mCPX0000        0     2     1531.1883  5809     5840.0000     1531.1883  4361709   73.78%
CPX0000  Elapsed time = 33720.42 sec. (7542733.11 ticks, tree = 0.00 MB
CPX0000        1     3     1531.1944  5507     5840.0000     1531.1883  4421668   73.78%
CPX0000        2     4     1531.1944  5444     5840.0000     1531.1883  4446556   73.78%
CPX0000        3     5     1531.1944  5663     5840.0000     1531.1883  4472490   73.78%
CPX0000        4     6     1531.1944  5068     5840.0000     1531.1883  4495362   73.78%
CPX0000        5     7     1531.1944  5076     5840.0000     1531.1883  4504512   73.78%
CPX0000        6     8     1531.1944  5092     5840.0000     1531.1883  4523371   73.78%
CPX0000        7     9     1531.7021  5005     5840.0000     1531.1883  4525743   73.78%
CPX0000        8    10     1531.7021  4988     5840.0000     1531.1883  4526060   73.78%
CPX0000        9    11     1540.5910  4900     5840.0000     1531.1883  4534589   73.78%
CPX0000       10    12     1531.7021  5003     5840.0000     1531.1883  4563987   73.78%
CPX0000  Elapsed time = 34735.96 sec. (7763003.55 ticks, tree = 1.77 MB
CPX0000       11    13     1534.3789  4903     5840.0000     1531.1883  4615523   73.78%
CPX0000       12    14     1537.2965  4891     5840.0000     1531.1883  4642086   73.78%
CPX0000       13    15     1536.9561  4952     5840.0000     1531.1883  4704744   73.78%
CPX0000       14    16     1537.8312  4889     5840.0000     1531.1883  4716503   73.78%
CPX0000       15    17     1537.8312  4874     5840.0000     1531.1883  4718394   73.78%
CPX0000       16    18     1537.8312  4889     5840.0000     1531.1883  4742443   73.78%
CPX0000       17    19     1546.7201  4921     5840.0000     1531.1883  4749474   73.78%
CPX0000       18    20     1546.0650  4801     5840.0000     1531.1883  4775857   73.78%
CPX0000       19    21     1547.0169  4966     5840.0000     1531.1883  4834838   73.78%
CPX0000       20    22     1546.0650  4993     5840.0000     1531.1883  4863099   73.78%
CPX0000  Elapsed time = 35466.82 sec. (7913539.75 ticks, tree = 3.51 MB
CPX0000       21    23     1546.2130  4767     5840.0000     1531.1883  4865460   73.78%
CPX0000       22    24     1546.2130  4767     5840.0000     1531.1883  4871527   73.78%
CPX0000       23    25     1546.2539  4758     5840.0000     1531.1883  4874921   73.78%
CPX0000       25    27     1546.8007  4724     5840.0000     1531.1883  4883960   73.78%
CPX0000       27    29     1546.8629  4693     5840.0000     1531.1883  4886916   73.78%
CPX0000       28    30     1546.8629  4651     5840.0000     1531.1883  4907651   73.78%
CPX0000       29    31     1546.8629  4654     5840.0000     1531.1883  4913107   73.78%
CPX0000       30    32     1546.8629  4661     5840.0000     1531.1883  4955813   73.78%
CPX0000       31    33     1546.8629  4721     5840.0000     1531.1883  4963196   73.78%
CPX0000       32    34     1546.8629  5191     5840.0000     1531.1883  4987034   73.78%
CPX0000  Elapsed time = 35838.60 sec. (7999332.73 ticks, tree = 4.55 MB
CPX0000       33    35     1552.8629  4635     5840.0000     1531.1883  4999485   73.78%
CPX0000       34    36     1555.7518  4825     5840.0000     1531.1883  5040252   73.78%
CPX0000       35    37     1559.5295  4636     5840.0000     1531.1883  5053394   73.78%
CPX0000       36    38     1560.1962  4666     5840.0000     1531.1883  5080072   73.78%
CPX0000       37    39     1559.5295  5164     5840.0000     1531.1883  5104480   73.78%
CPX0000       38    40     1559.5295  5131     5840.0000     1531.1883  5125687   73.78%
CPX0000       40    42     1559.5295  4722     5840.0000     1531.1883  5144701   73.78%
CPX0000       41    43     1559.5295  4771     5840.0000     1531.1883  5167214   73.78%
CPX0000       42    44     1559.5295  4620     5840.0000     1531.1883  5180322   73.78%
CPX0000       43    45     1559.5295  4600     5840.0000     1531.1883  5183227   73.78%
CPX0000  Elapsed time = 37691.08 sec. (8369561.30 ticks, tree = 4.76 MB
CPX0000       45    47     1559.5805  4594     5840.0000     1531.1883  5201945   73.78%
CPX0000       46    48     1559.5805  4618     5840.0000     1531.1883  5221922   73.78%
CPX0000       48    50     1559.5805  4582     5840.0000     1531.1883  5245018   73.78%
CPX0000       49    51     1559.5806  4577     5840.0000     1531.1883  5248052   73.78%
CPX0000       50    52     1559.5806  4582     5840.0000     1531.1883  5251288   73.78%
CPX0000       51    53     1562.5848  4627     5840.0000     1531.1883  5260454   73.78%
CPX0000       52    54     1559.5806  4629     5840.0000     1531.1883  5288904   73.78%
CPX0000       53    55     1566.8015  4636     5840.0000     1531.1883  5365149   73.78%
CPX0000       54    56     1559.5806  4534     5840.0000     1531.1883  5373514   73.78%
CPX0000       55    57     1564.4225  4502     5840.0000     1531.1883  5393088   73.78%
CPX0000  Elapsed time = 38224.34 sec. (8481445.60 ticks, tree = 4.97 MB
CPX0000       56    58     1561.5256  4580     5840.0000     1531.1883  5411942   73.78%
CPX0000       57    59     1564.4537  4506     5840.0000     1531.1883  5413740   73.78%
CPX0000       58    60     1564.8018  4459     5840.0000     1531.1883  5416308   73.78%
CPX0000       60    62     1565.0945  4487     5840.0000     1531.1883  5419189   73.78%
CPX0000       61    63     1565.6743  4441     5840.0000     1531.1883  5421383   73.78%
CPX0000       62    64     1565.6743  4439     5840.0000     1531.1883  5423774   73.78%
CPX0000       63    65     1565.6743  4395     5840.0000     1531.1883  5429112   73.78%
CPX0000       64    66     1565.6743  4388     5840.0000     1531.1883  5432752   73.78%
CPX0000       65    67     1565.6743  4392     5840.0000     1531.1883  5438773   73.78%
CPX0000       66    68     1573.2371  4503     5840.0000     1531.1883  5453940   73.78%
CPX0000  Elapsed time = 39439.56 sec. (8755426.50 ticks, tree = 6.36 MB
CPX0000       67    69     1565.6743  4409     5840.0000     1531.1883  5458635   73.78%
CPX0000       68    70     1565.6743  4417     5840.0000     1531.1883  5466759   73.78%
CPX0000       69    71     1565.6743  4467     5840.0000     1531.1883  5470305   73.78%
CPX0000       70    72     1565.6743  4507     5840.0000     1531.1883  5479007   73.78%
CPX0000       71    73     1565.6743  4428     5840.0000     1531.1883  5484246   73.78%
CPX0000       72    74     1565.6743  4410     5840.0000     1531.1883  5487634   73.78%
CPX0000       73    75     1565.6743  4444     5840.0000     1531.1883  5491012   73.78%
CPX0000       74    76     1565.6743  4433     5840.0000     1531.1883  5498741   73.78%
CPX0000       75    77     1565.6743  4404     5840.0000     1531.1883  5502273   73.78%
CPX0000       76    78     1565.6743  4428     5840.0000     1531.1883  5506418   73.78%
CPX0000  Elapsed time = 39750.22 sec. (8824667.23 ticks, tree = 7.69 MB
CPX0000       77    79     1565.6811  4458     5840.0000     1531.1883  5516902   73.78%
CPX0000       79    81     1571.5592  4343     5840.0000     1531.1883  5528077   73.78%
CPX0000       80    82     1582.5422  4389     5840.0000     1531.1883  5533845   73.78%
CPX0000       82    84     1583.7723  4391     5840.0000     1531.1883  5542025   73.78%
CPX0000       84    86     1584.8903  4408     5840.0000     1531.1883  5549749   73.78%
CPX0000       86    88     1583.4719  4308     5840.0000     1531.1883  5561860   73.78%
CPX0000       87    89     1583.4719  4293     5840.0000     1531.1883  5574694   73.78%
CPX0000       88    90     1583.4719  4350     5840.0000     1531.1883  5584694   73.78%
CPX0000       89    91     1583.4719  4311     5840.0000     1531.1883  5599131   73.78%
CPX0000       90    92     1583.4719  4324     5840.0000     1531.1883  5606597   73.78%
CPX0000  Elapsed time = 40089.02 sec. (8907609.94 ticks, tree = 7.97 MB
CPX0000       91    93     1588.2573  4395     5840.0000     1531.1883  5630538   73.78%
CPX0000       92    94     1583.4719  4326     5840.0000     1531.1883  5634477   73.78%
CPX0000       93    95     1588.2573  4400     5840.0000     1531.1883  5648908   73.78%
CPX0000       94    96     1583.4719  4245     5840.0000     1531.1883  5668121   73.78%
CPX0000       95    97     1583.4719  4288     5840.0000     1531.1883  5675317   73.78%
CPX0000       96    98     1583.4719  4264     5840.0000     1531.1883  5684557   73.78%
CPX0000       97    99     1590.9760  4394     5840.0000     1531.1883  5721754   73.78%
CPX0000       98   100     1588.4719  4348     5840.0000     1531.1883  5762308   73.78%
CPX0000       99   101     1588.4719  4362     5840.0000     1531.1883  5765045   73.78%
CPX0000      100   102     1603.4719  4349     5840.0000     1531.1883  5770084   73.78%
CPX0000  Elapsed time = 40411.01 sec. (8980219.14 ticks, tree = 9.34 MB
CPX0000      101   103     1598.4719  4372     5840.0000     1531.1883  5776818   73.78%
CPX0000      102   104     1588.4719  4318     5840.0000     1531.1883  5788594   73.78%
CPX0000      103   105     1588.4719  4333     5840.0000     1531.1883  5788850   73.78%
CPX0000      104   106     1588.4719  4344     5840.0000     1531.1883  5792941   73.78%
CPX0000      105   107     1588.4719  4351     5840.0000     1531.1883  5800622   73.78%
CPX0000      106   108     1600.1386  4238     5840.0000     1531.1883  5816165   73.78%
CPX0000      107   109     1588.4719  4405     5840.0000     1531.1883  5823395   73.78%
CPX0000      108   110     1595.2577  4348     5840.0000     1531.1883  5857213   73.78%
CPX0000      109   111     1588.4719  4343     5840.0000     1531.1883  5863150   73.78%
CPX0000      110   112     1588.4719  4354     5840.0000     1531.1883  5863971   73.78%
CPX0000  Elapsed time = 40699.99 sec. (9049680.02 ticks, tree = 11.09 MB
CPX0000      111   113     1595.6117  4299     5840.0000     1531.1883  5878881   73.78%
CPX0000      112   114     1588.4719  4354     5840.0000     1531.1883  5878889   73.78%
CPX0000      113   115     1588.4719  4376     5840.0000     1531.1883  5880354   73.78%
CPX0000      114   116     1588.4719  4354     5840.0000     1531.1883  5897806   73.78%
CPX0000      115   117     1588.4719  4333     5840.0000     1531.1883  5900785   73.78%
CPX0000      118   120     1590.3175  4305     5840.0000     1531.1883  5920703   73.78%
CPX0000      120   122     1590.3175  4287     5840.0000     1531.1883  5931557   73.78%
CPX0000      121   123     1597.4930  4194     5840.0000     1531.1883  5966017   73.78%
CPX0000      123   125     1597.4930  4200     5840.0000     1531.1883  5973767   73.78%
CPX0000      124   126     1599.9930  4195     5840.0000     1531.1883  5980901   73.78%
CPX0000  Elapsed time = 41154.95 sec. (9151004.34 ticks, tree = 15.48 MB
CPX0000      125   127     1597.4930  4218     5840.0000     1531.1883  5986590   73.78%
CPX0000      126   128     1605.7292  4336     5840.0000     1531.1883  6002399   73.78%
CPX0000      127   129     1597.4930  4249     5840.0000     1531.1883  6014714   73.78%
CPX0000      128   130     1597.5585  4388     5840.0000     1531.1883  6026215   73.78%
CPX0000      129   131     1600.1025  4198     5840.0000     1531.1883  6065302   73.78%
CPX0000      130   132     1600.1025  4236     5840.0000     1531.1883  6088579   73.78%
CPX0000      131   133     1606.8167  4212     5840.0000     1531.1883  6096425   73.78%
CPX0000      132   134     1602.6025  4234     5840.0000     1531.1883  6104024   73.78%
CPX0000      133   135     1602.6025  4245     5840.0000     1531.1883  6115745   73.78%
CPX0000      134   136     1602.6025  4264     5840.0000     1531.1883  6126460   73.78%
CPX0000  Elapsed time = 41567.22 sec. (9240219.57 ticks, tree = 17.24 MB
CPX0000      135   137     1602.6025  4216     5840.0000     1531.1883  6139341   73.78%
CPX0000      137   139     1602.6025  4255     5840.0000     1531.1883  6156341   73.78%
CPX0000      138   140     1602.6025  4252     5840.0000     1531.1883  6170261   73.78%
CPX0000      139   141     1602.6025  4285     5840.0000     1531.1883  6188521   73.78%
CPX0000      140   142     1602.8191  4218     5840.0000     1531.1883  6196919   73.78%
CPX0000      141   143     1602.8191  4331     5840.0000     1531.1883  6221343   73.78%
CPX0000      142   144     1603.1119  4268     5840.0000     1531.1883  6235813   73.78%
CPX0000      144   146     1603.1119  4223     5840.0000     1531.1883  6247199   73.78%
CPX0000      146   148     1603.1119  4205     5840.0000     1531.1883  6267750   73.78%
CPX0000      147   149     1603.1119  4265     5840.0000     1531.1883  6278030   73.78%
CPX0000  Elapsed time = 41887.20 sec. (9308393.54 ticks, tree = 17.50 MB
CPX0000      148   150     1603.1119  4158     5840.0000     1531.1883  6306018   73.78%
CPX0000      149   151     1605.0955  4176     5840.0000     1531.1883  6312513   73.78%
CPX0000      150   152     1609.8262  4267     5840.0000     1531.1883  6325817   73.78%
CPX0000      151   153     1607.5955  4217     5840.0000     1531.1883  6364455   73.78%
CPX0000      152   154     1605.0955  4155     5840.0000     1531.1883  6376596   73.78%
CPX0000      153   155     1605.0955  4152     5840.0000     1531.1883  6390440   73.78%
CPX0000      155   157     1616.2858  4138     5840.0000     1531.1883  6418046   73.78%
CPX0000      157   159     1605.4369  4258     5840.0000     1531.1883  6446284   73.78%
CPX0000      160   162     1606.6420  4192     5840.0000     1531.1883  6461177   73.78%
CPX0000      163   165     1608.7934  4218     5840.0000     1531.1883  6477234   73.78%
CPX0000  Elapsed time = 42281.01 sec. (9399008.94 ticks, tree = 19.00 MB
CPX0000      165   167     1606.6717  4238     5840.0000     1531.1883  6510376   73.78%
CPX0000      166   168     1607.0707  4204     5840.0000     1531.1883  6548530   73.78%
CPX0000      167   169     1607.0707  4129     5840.0000     1531.1883  6586141   73.78%
CPX0000      169   171     1607.0707  4140     5840.0000     1531.1883  6615779   73.78%
CPX0000      170   172     1613.9972  4273     5840.0000     1531.1883  6662313   73.78%
CPX0000      171   173     1607.0707  4119     5840.0000     1531.1883  6684063   73.78%
CPX0000      172   174     1607.0712  4131     5840.0000     1531.1883  6690175   73.78%
CPX0000      173   175     1619.3832  4074     5840.0000     1531.1883  6698681   73.78%
CPX0000      174   176     1607.0712  4311     5840.0000     1531.1883  6717137   73.78%
CPX0000      175   177     1610.2165  4479     5840.0000     1531.1883  6739471   73.78%
CPX0000  Elapsed time = 42886.09 sec. (9529635.72 ticks, tree = 20.40 MB
CPX0000      178   180     1607.0712  4158     5840.0000     1531.1883  6756041   73.78%
CPX0000      180   182     1607.0712  4127     5840.0000     1531.1883  6764726   73.78%
CPX0000      182   184     1622.0712  4030     5840.0000     1531.1883  6796042   73.78%
CPX0000      184   186     1622.0712  4189     5840.0000     1531.1883  6822877   73.78%
CPX0000      185   187     1607.1123  4131     5840.0000     1531.1883  6836141   73.78%
CPX0000      189   191     1615.9061  4234     5840.0000     1531.1883  6867806   73.78%
CPX0000      191   193     1607.1123  4138     5840.0000     1531.1883  6885700   73.78%
CPX0000      192   194     1607.1123  4114     5840.0000     1531.1883  6906150   73.78%
CPX0000      194   196     1607.1123  4123     5840.0000     1531.1883  6929163   73.78%
CPX0000      195   197     1610.4749  4161     5840.0000     1531.1883  6965900   73.78%
CPX0000  Elapsed time = 43313.20 sec. (9621175.34 ticks, tree = 21.39 MB
CPX0000      196   198     1612.7422  4127     5840.0000     1531.1883  7001764   73.78%
CPX0000      197   199     1608.1954  4183     5840.0000     1531.1883  7012092   73.78%
CPX0000      198   200     1612.7422  4172     5840.0000     1531.1883  7015718   73.78%
CPX0000      199   201     1612.7422  4127     5840.0000     1531.1883  7022853   73.78%
CPX0000      200   202     1612.7422  4218     5840.0000     1531.1883  7043353   73.78%
CPX0000      201   203     1612.7422  4134     5840.0000     1531.1883  7051218   73.78%
CPX0000      202   204     1612.7422  4181     5840.0000     1531.1883  7062480   73.78%
CPX0000      203   205     1616.2101  4128     5840.0000     1531.1883  7084305   73.78%
CPX0000      205   207     1616.2101  4111     5840.0000     1531.1883  7091264   73.78%
CPX0000      206   208     1616.2101  4143     5840.0000     1531.1883  7097332   73.78%
CPX0000  Elapsed time = 43630.15 sec. (9697045.91 ticks, tree = 24.34 MB
CPX0000      209   211     1619.5659  4134     5840.0000     1531.1883  7108569   73.78%
CPX0000      210   212     1616.2101  4089     5840.0000     1531.1883  7113469   73.78%
CPX0000      212   214     1616.2101  4161     5840.0000     1531.1883  7123463   73.78%
CPX0000      213   215     1616.2101  4133     5840.0000     1531.1883  7128320   73.78%
CPX0000      214   216     1623.7101  4125     5840.0000     1531.1883  7133002   73.78%
CPX0000      215   217     1616.2101  4133     5840.0000     1531.1883  7138830   73.78%
CPX0000      217   219     1616.2101  4147     5840.0000     1531.1883  7148941   73.78%
CPX0000      218   220     1616.2101  4109     5840.0000     1531.1883  7154607   73.78%
CPX0000      220   222     1623.7101  4137     5840.0000     1531.1883  7165097   73.78%
CPX0000      221   223     1616.2101  4140     5840.0000     1531.1883  7170173   73.78%
CPX0000  Elapsed time = 43967.68 sec. (9779274.82 ticks, tree = 25.81 MB
CPX0000      223   225     1616.2101  4134     5840.0000     1531.1883  7172895   73.78%
CPX0000      224   226     1623.7101  4131     5840.0000     1531.1883  7178190   73.78%
CPX0000      226   228     1616.2101  4137     5840.0000     1531.1883  7184428   73.78%
CPX0000      228   230     1616.2101  4157     5840.0000     1531.1883  7196387   73.78%
CPX0000      229   231     1621.2101  4130     5840.0000     1531.1883  7205522   73.78%
CPX0000      230   232     1616.2101  4148     5840.0000     1531.1883  7210328   73.78%
CPX0000      231   233     1620.1350  4149     5840.0000     1531.1883  7220118   73.78%
CPX0000      232   234     1619.8542  4193     5840.0000     1531.1883  7235797   73.78%
CPX0000      234   236     1620.7857  4189     5840.0000     1531.1883  7237124   73.78%
CPX0000      235   237     1620.9071  4167     5840.0000     1531.1883  7242753   73.78%
CPX0000  Elapsed time = 44291.15 sec. (9863032.74 ticks, tree = 29.25 MB
CPX0000      237   239     1620.9071  4195     5840.0000     1531.1883  7245823   73.78%
CPX0000      238   240     1620.9591  4365     5840.0000     1531.1883  7264960   73.78%
CPX0000      239   241     1627.2131  4179     5840.0000     1531.1883  7274952   73.78%
CPX0000      240   242     1625.9231  4187     5840.0000     1531.1883  7318473   73.78%
CPX0000      241   243     1625.9231  4080     5840.0000     1531.1883  7328632   73.78%
CPX0000      243   245     1632.3385  4133     5840.0000     1531.1883  7348136   73.78%
CPX0000      244   246     1632.3483  4136     5840.0000     1531.1883  7373171   73.78%
CPX0000      245   247     1628.9048  4098     5840.0000     1531.1883  7395415   73.78%
CPX0000      247   249     1628.9048  4105     5840.0000     1531.1883  7412334   73.78%
CPX0000      248   250     1628.9048  4073     5840.0000     1531.1883  7431144   73.78%
CPX0000  Elapsed time = 45003.89 sec. (10038024.37 ticks, tree = 32.46 MB
CPX0000      251   253     1634.7917  4020     5840.0000     1531.1883  7468624   73.78%
CPX0000      253   255     1633.7631  4063     5840.0000     1531.1883  7503782   73.78%
CPX0000      254   256     1635.4784  4245     5840.0000     1531.1883  7543766   73.78%
CPX0000      255   257     1633.7631  4075     5840.0000     1531.1883  7550886   73.78%
CPX0000      256   258     1634.4519  4095     5840.0000     1531.1883  7583407   73.78%
CPX0000      257   259     1646.0684  4115     5840.0000     1531.1883  7594808   73.78%
CPX0000      258   260     1636.8613  4026     5840.0000     1531.1883  7602304   73.78%
CPX0000      259   261     1639.1516  4169     5840.0000     1531.1883  7631043   73.78%
CPX0000      260   262     1638.0594  4007     5840.0000     1531.1883  7638637   73.78%
CPX0000      261   263     1638.0594  4023     5840.0000     1531.1883  7643699   73.78%
CPX0000  Elapsed time = 46379.35 sec. (10327439.37 ticks, tree = 33.29 MB
CPX0000      262   264     1638.0965  4102     5840.0000     1531.1883  7667646   73.78%
CPX0000      263   265     1638.0594  4046     5840.0000     1531.1883  7672630   73.78%
CPX0000      264   266     1649.4103  4049     5840.0000     1531.1883  7683596   73.78%
CPX0000      265   267     1648.0336  4075     5840.0000     1531.1883  7689543   73.78%
CPX0000      266   268     1641.4139  4106     5840.0000     1531.1883  7700104   73.78%
CPX0000      267   269     1641.4139  4016     5840.0000     1531.1883  7714409   73.78%
CPX0000      270   272     1641.4140  4043     5840.0000     1531.1883  7746151   73.78%
CPX0000      271   273     1646.3925  4004     5840.0000     1531.1883  7758049   73.78%
CPX0000      272   274     1650.0607  3948     5840.0000     1531.1883  7790189   73.78%
CPX0000      274   276     1650.0607  3970     5840.0000     1531.1883  7819721   73.78%
CPX0000  Elapsed time = 46736.37 sec. (10406679.77 ticks, tree = 34.74 MB
CPX0000      275   277     1650.7836  4063     5840.0000     1531.1883  7856705   73.78%
CPX0000      276   278     1654.6107  3866     5840.0000     1531.1883  7865849   73.78%
CPX0000      277   279     1682.1107  3864     5840.0000     1531.1883  7888622   73.78%
CPX0000      279   281     1659.6107  3906     5840.0000     1531.1883  7896840   73.78%
CPX0000      280   282     1659.6314  4001     5840.0000     1531.1883  7904957   73.78%
CPX0000      281   283     1660.2370  4021     5840.0000     1531.1883  7917240   73.78%
CPX0000      282   284     1659.6314  4051     5840.0000     1531.1883  7940535   73.78%
CPX0000      283   285     1660.5948  3996     5840.0000     1531.1883  7952242   73.78%
CPX0000      285   287     1660.6290  3968     5840.0000     1531.1883  7972899   73.78%
CPX0000      288   290     1660.6290  3968     5840.0000     1531.1883  7994847   73.78%
CPX0000  Elapsed time = 47127.74 sec. (10491252.66 ticks, tree = 35.02 MB
CPX0000      289   291     1660.6316  3949     5840.0000     1531.1883  8010183   73.78%
CPX0000      291   293     1670.8131  3915     5840.0000     1531.1883  8026168   73.78%
CPX0000      292   294     1680.6772  3944     5840.0000     1531.1883  8035985   73.78%
CPX0000      293   295     1685.7669  3896     5840.0000     1531.1883  8050071   73.78%
CPX0000      294   296     1700.5865  3911     5840.0000     1531.1883  8060695   73.78%
CPX0000      295   297     1689.0644  3937     5840.0000     1531.1883  8136633   73.78%
CPX0000      296   298     1689.0644  4184     5840.0000     1531.1883  8171017   73.78%
CPX0000      297   299     1695.0644  3910     5840.0000     1531.1883  8171815   73.78%
CPX0000      298   300     1695.0644  3952     5840.0000     1531.1883  8206259   73.78%
CPX0000      299   301     1704.6224  3967     5840.0000     1531.1883  8214045   73.78%
CPX0000  Elapsed time = 47664.92 sec. (10607682.63 ticks, tree = 38.00 MB
CPX0000      301   303     1695.0644  3854     5840.0000     1531.1883  8239103   73.78%
CPX0000      302   304     1695.6651  3847     5840.0000     1531.1883  8257222   73.78%
CPX0000      304   306     1695.8497  3894     5840.0000     1531.1883  8275022   73.78%
CPX0000      306   308     1695.8497  3876     5840.0000     1531.1883  8299964   73.78%
CPX0000      308   310     1695.8497  3874     5840.0000     1531.1883  8314523   73.78%
CPX0000      315   317     1697.6004  3917     5840.0000     1531.1883  8331238   73.78%
CPX0000      316   318     1695.8499  3896     5840.0000     1531.1883  8345726   73.78%
CPX0000      317   319     1701.6127  4031     5840.0000     1531.1883  8373468   73.78%
CPX0000      318   320     1699.8284  3891     5840.0000     1531.1883  8398417   73.78%
CPX0000      321   323     1700.2244  3915     5840.0000     1531.1883  8416963   73.78%
CPX0000  Elapsed time = 47992.44 sec. (10681954.86 ticks, tree = 40.21 MB
CPX0000      322   324     1700.5184  4014     5840.0000     1531.1883  8443337   73.78%
CPX0000      323   325     1700.0381  3903     5840.0000     1531.1883  8461379   73.78%
CPX0000      325   327     1704.3502  3907     5840.0000     1531.1883  8488607   73.78%
CPX0000      327   329     1701.7268  3904     5840.0000     1531.1883  8507348   73.78%
CPX0000      328   330     1704.3502  3899     5840.0000     1531.1883  8534098   73.78%
CPX0000      330   332     1703.0674  3869     5840.0000     1531.1883  8567161   73.78%
CPX0000      337   339     1703.5792  3892     5840.0000     1531.1883  8579493   73.78%
CPX0000      340   342     1703.5792  3868     5840.0000     1531.1883  8589095   73.78%
CPX0000      343   345     1703.5792  3857     5840.0000     1531.1883  8601241   73.78%
CPX0000      345   347     1703.5792  3841     5840.0000     1531.1883  8619545   73.78%
CPX0000  Elapsed time = 48330.63 sec. (10759701.20 ticks, tree = 41.86 MB
CPX0000      346   348     1719.8209  3851     5840.0000     1531.1883  8648062   73.78%
CPX0000      348   350     1703.5792  3858     5840.0000     1531.1883  8662040   73.78%
CPX0000      349   351     1704.6664  3830     5840.0000     1531.1883  8681776   73.78%
CPX0000      351   353     1704.6664  3819     5840.0000     1531.1883  8694084   73.78%
CPX0000      352   354     1711.3480  3822     5840.0000     1531.1883  8722149   73.78%
CPX0000      359   361     1711.2071  3785     5840.0000     1531.1883  8743764   73.78%
CPX0000      362   364     1712.6072  3832     5840.0000     1531.1883  8766409   73.78%
CPX0000      369   371     1755.0611  3822     5840.0000     1531.1883  8784197   73.78%
CPX0000      374   376     1743.4925  3818     5840.0000     1531.1883  8805075   73.78%
CPX0000      380   382     1736.3114  3769     5840.0000     1531.1883  8822331   73.78%
CPX0000  Elapsed time = 48607.74 sec. (10826263.47 ticks, tree = 42.65 MB
CPX0000      383   385     1738.0037  3794     5840.0000     1531.1883  8841118   73.78%
CPX0000      384   386     1743.4674  3843     5840.0000     1531.1883  8859839   73.78%
CPX0000      385   387     1738.0037  3746     5840.0000     1531.1883  8876732   73.78%
CPX0000      387   389     1742.0037  3778     5840.0000     1531.1883  8893072   73.78%
CPX0000      390   392     1748.6661  3799     5840.0000     1531.1883  8922013   73.78%
CPX0000      391   393     1743.7051  3863     5840.0000     1531.1883  8944942   73.78%
CPX0000      395   397     1748.6661  3797     5840.0000     1531.1883  8968841   73.78%
CPX0000      399   401     1748.6661  3822     5840.0000     1531.1883  8993200   73.78%
CPX0000      401   403     1748.8333  3804     5840.0000     1531.1883  9007561   73.78%
CPX0000      402   404     1749.0022  3835     5840.0000     1531.1883  9018761   73.78%
CPX0000  Elapsed time = 48937.39 sec. (10900371.46 ticks, tree = 43.71 MB
CPX0000      404   406     1748.9454  3792     5840.0000     1531.1883  9033126   73.78%
CPX0000      406   408     1748.9454  3804     5840.0000     1531.1883  9046267   73.78%
CPX0000      407   409     1748.9454  3815     5840.0000     1531.1883  9058851   73.78%
CPX0000      409   411     1748.9454  3875     5840.0000     1531.1883  9075149   73.78%
CPX0000      413   415     1749.0389  3773     5840.0000     1531.1883  9085537   73.78%
CPX0000      418   420     1753.2139  3718     5840.0000     1531.1883  9098583   73.78%
CPX0000      421   423     1764.4996  3682     5840.0000     1531.1883  9110231   73.78%
CPX0000      422   424     1767.1945  3732     5840.0000     1531.1883  9142586   73.78%
CPX0000      424   426     1764.5208  3688     5840.0000     1531.1883  9157259   73.78%
CPX0000      426   428     1764.5208  3716     5840.0000     1531.1883  9171573   73.78%
CPX0000  Elapsed time = 49172.57 sec. (10957302.05 ticks, tree = 44.80 MB
CPX0000      428   430     1768.5208  3706     5840.0000     1531.1883  9182163   73.78%
CPX0000      430   432     1793.5208  3710     5840.0000     1531.1883  9192974   73.78%
CPX0000      432   434     1808.5208  3648     5840.0000     1531.1883  9205452   73.78%
CPX0000      434   436     1794.4024  3754     5840.0000     1531.1883  9221831   73.78%
CPX0000      435   437     1797.4536  3663     5840.0000     1531.1883  9244274   73.78%
CPX0000      436   438     1798.5983  3704     5840.0000     1531.1883  9260527   73.78%
CPX0000      437   439     1805.7519  3752     5840.0000     1531.1883  9285778   73.78%
CPX0000      439   441     1801.6080  3644     5840.0000     1531.1883  9297403   73.78%
CPX0000      440   442     1801.7014  3650     5840.0000     1531.1883  9300121   73.78%
CPX0000      444   446     1803.9585  3585     5840.0000     1531.1883  9315272   73.78%
CPX0000  Elapsed time = 49438.33 sec. (11022454.05 ticks, tree = 46.38 MB
CPX0000      447   449     1814.6953  3615     5840.0000     1531.1883  9340674   73.78%
CPX0000      449   451     1814.6953  3659     5840.0000     1531.1883  9369280   73.78%
CPX0000      451   453     1809.4315  3616     5840.0000     1531.1883  9397060   73.78%
CPX0000      454   456     1811.0725  3627     5840.0000     1531.1883  9415733   73.78%
CPX0000      456   458     1814.9715  3675     5840.0000     1531.1883  9431387   73.78%
CPX0000      458   460     1816.9374  3510     5840.0000     1531.1883  9448245   73.78%
CPX0000      461   463     1816.9374  3481     5840.0000     1531.1883  9465282   73.78%
CPX0000      462   464     1816.9374  3548     5840.0000     1531.1883  9478003   73.78%
CPX0000      463   465     1817.5384  3443     5840.0000     1531.1883  9503465   73.78%
CPX0000      465   467     1820.1265  3398     5840.0000     1531.1883  9516754   73.78%
CPX0000  Elapsed time = 49765.40 sec. (11094802.85 ticks, tree = 48.59 MB
CPX0000      466   468     1822.3755  3469     5840.0000     1531.1883  9533865   73.78%
CPX0000      467   469     1826.7672  3421     5840.0000     1531.1883  9552269   73.78%
CPX0000      469   471     1826.7672  3433     5840.0000     1531.1883  9566753   73.78%
CPX0000      471   473     1828.9394  3483     5840.0000     1531.1883  9577370   73.78%
CPX0000      473   475     1828.9394  3463     5840.0000     1531.1883  9593891   73.78%
CPX0000      477   479     1826.7672  3428     5840.0000     1531.1883  9608632   73.78%
CPX0000      481   483     1827.0311  3443     5840.0000     1531.1883  9620694   73.78%
CPX0000      496   498     1836.2720  3372     5840.0000     1531.1883  9636988   73.78%
CPX0000      505   507     1844.3431  3374     5840.0000     1531.1883  9655966   73.78%
CPX0000  *   511+  511                         5655.0000     1531.1883  9665214   72.92%
CPX0000  *   511+  511                         5555.0000     1531.1883  9665214   72.44%
CPX0000      511   513     1846.2605  3344     5555.0000     1531.1883  9665214   72.44%
CPX0000  Elapsed time = 49959.38 sec. (11142019.77 ticks, tree = 52.58 MB
[1m[30m[ZEN] [0m13:52:39 [1m[34m   5555.00[1m[32m   72.44%
[0mCPX0000  *   512+  512                         5470.0000     1531.1883  9689414   72.01%
CPX0000      512   514     1531.4619  5817     5470.0000     1531.1944  9689414   72.01%
[1m[30m[ZEN] [0m14:00:00 [1m[34m   5470.00[1m[32m   72.01%
[0mCPX0000  *   513+  342                         4150.0000     1666.3625 12347021   59.85%
CPX0000  *   513+  228                         4090.0000     1666.3625 12347021   59.26%
[1m[30m[ZEN] [0m20:32:29 [1m[34m   4090.00[1m[32m   59.26%
[0mCPX0000      513   229     1666.3625  5576     4090.0000     1667.6125 12347021   59.23%
CPX0000      514   230     1671.9879  5530     4090.0000     1674.3982 12404001   59.06%
CPX0000      515   231     1676.3593  5312     4090.0000     1674.7194 12436428   59.05%
CPX0000      516   232     1678.0985  5303     4090.0000     1675.0782 12475864   59.04%
CPX0000      517   233     1681.1000  5217     4090.0000     1675.0782 12535626   59.04%
CPX0000      518   234     1688.8461  4886     4090.0000     1675.0782 12578499   59.04%
CPX0000      519   234     1682.1856  4955     4090.0000     1675.0782 12635979   59.04%
CPX0000      520   234     1698.2868  5256     4090.0000     1675.0782 12708813   59.04%
CPX0000      521   235     1686.2806  5120     4090.0000     1675.0782 12737475   59.04%
CPX0000  Elapsed time = 75853.31 sec. (17277245.81 ticks, tree = 23.69 MB
CPX0000      522   236     1694.3207  5207     4090.0000     1675.0782 12747545   59.04%
CPX0000      523   237     1695.0377  5208     4090.0000     1675.0782 12820962   59.04%
CPX0000      524   237     1698.2367  4958     4090.0000     1675.0782 12859390   59.04%
CPX0000      525   237     1700.3317  5180     4090.0000     1675.0782 12865023   59.04%
CPX0000      526   238     1705.3250  5237     4090.0000     1675.0782 12935455   59.04%
CPX0000      527   238     1704.4656  5143     4090.0000     1675.0782 12979839   59.04%
CPX0000      528   238     1706.6878  5164     4090.0000     1675.0782 12982668   59.04%
CPX0000      529   238     1707.2661  5032     4090.0000     1675.0782 13000493   59.04%
CPX0000      530   239     1722.2434  5137     4090.0000     1675.0782 13003364   59.04%
CPX0000      531   239     1728.5553  5041     4090.0000     1675.0782 13028604   59.04%
CPX0000  Elapsed time = 76906.55 sec. (17502014.41 ticks, tree = 26.14 MB
CPX0000      532   240     1730.2080  5031     4090.0000     1675.0782 13076508   59.04%
CPX0000      533   241     1732.0340  4957     4090.0000     1675.0782 13080005   59.04%
CPX0000      534   241     1734.3240  4921     4090.0000     1675.0782 13106111   59.04%
CPX0000      535   242     1748.4394  5078     4090.0000     1675.0782 13129128   59.04%
CPX0000      536   243     1749.9380  5260     4090.0000     1675.0782 13156844   59.04%
CPX0000      537   243     1757.4038  4970     4090.0000     1675.0782 13178733   59.04%
CPX0000      538   244     1758.8120  5147     4090.0000     1675.0782 13241047   59.04%
CPX0000      539   245     1759.7246  4842     4090.0000     1675.0782 13309857   59.04%
CPX0000      540   246     1765.1966  4961     4090.0000     1675.0782 13319624   59.04%
CPX0000      541   246     1760.7706  4647     4090.0000     1675.0782 13357619   59.04%
CPX0000  Elapsed time = 78252.68 sec. (17800456.80 ticks, tree = 28.18 MB
CPX0000      542   247     1762.6280  5044     4090.0000     1675.0782 13438130   59.04%
CPX0000      543   248     1761.7528  4739     4090.0000     1675.0782 13448209   59.04%
CPX0000      544   248     1795.9782  4682     4090.0000     1675.0782 13457795   59.04%
CPX0000      545   249     1761.9267  4678     4090.0000     1675.0782 13462332   59.04%
CPX0000      546   250     1771.9267  4714     4090.0000     1675.0782 13469024   59.04%
CPX0000      547   251     1779.2990  4709     4090.0000     1675.0782 13482937   59.04%
CPX0000      548   251     1775.6711  4772     4090.0000     1675.0782 13530999   59.04%
CPX0000      549   251     1779.7325  4940     4090.0000     1675.0782 13592265   59.04%
CPX0000      550   251     1784.7385  4654     4090.0000     1675.0782 13619666   59.04%
CPX0000      551   251     1797.3297  4644     4090.0000     1675.0782 13628236   59.04%
CPX0000  Elapsed time = 79338.34 sec. (18021928.94 ticks, tree = 28.43 MB
CPX0000      553   252     1787.3899  4645     4090.0000     1675.0782 13634441   59.04%
CPX0000      554   253     1790.1381  4696     4090.0000     1675.0782 13639494   59.04%
CPX0000      555   253     1791.3848  4646     4090.0000     1675.0782 13644305   59.04%
CPX0000      558   256     1790.1381  4642     4090.0000     1675.0782 13649839   59.04%
CPX0000      559   256     1790.1381  4765     4090.0000     1675.0782 13656707   59.04%
CPX0000      560   256     1800.1381  4659     4090.0000     1675.0782 13660999   59.04%
CPX0000      561   256     1791.3087  4746     4090.0000     1675.0782 13665768   59.04%
CPX0000      562   256     1792.5613  4749     4090.0000     1675.0782 13671878   59.04%
CPX0000      563   256     1797.5652  4616     4090.0000     1675.0782 13684255   59.04%
CPX0000      564   256     1797.6722  4730     4090.0000     1675.0782 13693674   59.04%
CPX0000  Elapsed time = 79941.39 sec. (18167023.28 ticks, tree = 29.03 MB
CPX0000      566   258     1811.7730  4683     4090.0000     1675.0782 13706067   59.04%
CPX0000      567   259     1800.5604  4632     4090.0000     1675.0782 13715791   59.04%
CPX0000      568   260     1800.6144  4698     4090.0000     1675.0782 13723738   59.04%
CPX0000      569   260     1812.4536  4605     4090.0000     1675.0782 13734479   59.04%
CPX0000      570   260     1802.1366  4636     4090.0000     1675.0782 13741572   59.04%
CPX0000      572   261     1803.3995  4632     4090.0000     1675.0782 13756400   59.04%
CPX0000      574   263     1802.9311  4439     4090.0000     1675.0782 13765534   59.04%
CPX0000      575   263     1803.5639  4608     4090.0000     1675.0782 13769818   59.04%
CPX0000      576   263     1814.1582  4530     4090.0000     1675.0782 13787337   59.04%
CPX0000      577   263     1810.2617  4645     4090.0000     1675.0782 13803413   59.04%
CPX0000  Elapsed time = 80347.65 sec. (18267181.93 ticks, tree = 30.40 MB
CPX0000      578   264     1827.5281  4306     4090.0000     1675.0782 13818528   59.04%
CPX0000      579   265     1819.1811  4570     4090.0000     1675.0782 13843072   59.04%
CPX0000      580   266     1821.0469  4427     4090.0000     1675.0782 13885401   59.04%
CPX0000      582   268     1828.0781  4435     4090.0000     1675.0782 13902727   59.04%
CPX0000      583   268     1825.0881  4526     4090.0000     1675.0782 13938111   59.04%
CPX0000      584   269     1830.0765  4471     4090.0000     1675.0782 13946963   59.04%
CPX0000      585   270     1830.0881  4511     4090.0000     1675.0782 13966795   59.04%
CPX0000      586   270     1845.0881  4427     4090.0000     1675.0782 13975769   59.04%
CPX0000      587   270     1840.0881  4455     4090.0000     1675.0782 13989928   59.04%
CPX0000      588   271     1842.3690  4539     4090.0000     1675.0782 14030123   59.04%
CPX0000  Elapsed time = 81153.26 sec. (18438489.61 ticks, tree = 32.63 MB
CPX0000      589   271     1842.5036  4536     4090.0000     1675.0782 14036963   59.04%
CPX0000      590   271     1842.9314  4528     4090.0000     1675.0782 14048605   59.04%
CPX0000      591   271     1871.9619  4622     4090.0000     1675.0782 14080737   59.04%
CPX0000      592   272     1843.6489  4505     4090.0000     1675.0782 14109946   59.04%
CPX0000      593   272     1873.6489  4360     4090.0000     1675.0782 14165050   59.04%
CPX0000      594   273     1861.3006  4334     4090.0000     1675.0782 14215690   59.04%
CPX0000      595   273     1897.3415  4656     4090.0000     1675.0782 14251631   59.04%
CPX0000      596   273     1863.6489  4350     4090.0000     1675.0782 14266315   59.04%
CPX0000      597   273     1863.7515  4333     4090.0000     1675.0782 14279865   59.04%
CPX0000      598   273     1864.0473  4225     4090.0000     1675.0782 14295233   59.04%
CPX0000  Elapsed time = 82299.61 sec. (18705190.73 ticks, tree = 35.46 MB
CPX0000      599   273     1865.8785  4362     4090.0000     1675.0782 14322799   59.04%
CPX0000      600   274     1869.3244  4345     4090.0000     1675.0782 14374099   59.04%
CPX0000      601   274     1864.0473  4339     4090.0000     1675.0782 14432072   59.04%
CPX0000      602   274     1867.0941  4184     4090.0000     1675.0782 14470285   59.04%
CPX0000      603   275     1865.3956  4281     4090.0000     1675.0782 14484547   59.04%
CPX0000      604   275     1868.3441  4220     4090.0000     1675.0782 14500889   59.04%
CPX0000      605   276     1878.3441  4323     4090.0000     1675.0782 14539181   59.04%
CPX0000      606   277     1878.8649  4283     4090.0000     1675.0782 14546129   59.04%
CPX0000      607   278     1879.6111  4244     4090.0000     1675.0782 14565958   59.04%
CPX0000      608   279     1880.3450  4108     4090.0000     1675.0782 14616591   59.04%
CPX0000  Elapsed time = 83270.59 sec. (18912794.95 ticks, tree = 37.00 MB
CPX0000      609   279     1886.3871  4172     4090.0000     1675.0782 14640669   59.04%
CPX0000      610   280     1882.3369  4209     4090.0000     1675.0782 14686678   59.04%
CPX0000      611   280     1882.8834  4135     4090.0000     1675.0782 14694228   59.04%
CPX0000      612   281     1883.1649  4119     4090.0000     1675.0782 14701300   59.04%
CPX0000  *   613+  220                         3900.0000     1675.0782 14721163   57.05%
CPX0000  *   613+  180                         3870.0000     1675.0782 14721163   56.72%
CPX0000  *   613+  153                         3855.0000     1675.0782 14721163   56.55%
CPX0000  *   613+  134                         3820.0000     1675.0782 14721163   56.15%
CPX0000  *   613+  122                         3810.0000     1675.0782 14721163   56.03%
CPX0000  *   613+  114                         3795.0000     1675.0782 14721163   55.86%
CPX0000  *   613+  109                         3785.0000     1675.0782 14721163   55.74%
CPX0000  *   613+  105                         3750.0000     1675.0782 14721163   55.33%
CPX0000  *   613+  102                         3710.0000     1675.0782 14721163   54.85%
CPX0000      613   104     1900.8820  4041     3710.0000     1675.0782 14721163   54.85%
[1m[30m[ZEN] [0m23:12:22 [1m[34m   3710.00[1m[32m   54.85%
[0mCPX0000      614   104     1885.8121  4096     3710.0000     1675.0782 14735020   54.85%
CPX0000      615   104     1887.1393  4009     3710.0000     1675.0782 14740407   54.85%
CPX0000      617   106     1902.5596  3995     3710.0000     1675.0782 14822058   54.85%
CPX0000      618   107     1887.2437  3999     3710.0000     1675.0782 14830520   54.85%
CPX0000      619   108     1902.1931  4003     3710.0000     1675.0782 14845466   54.85%
CPX0000  Elapsed time = 83832.82 sec. (19047534.89 ticks, tree = 19.34 MB
CPX0000      620   109     1896.0894  4008     3710.0000     1675.0782 14863254   54.85%
CPX0000      621   110     1887.2437  4135     3710.0000     1675.0782 14900910   54.85%
CPX0000      622   111     1887.2437  4054     3710.0000     1675.0782 14916118   54.85%
CPX0000      623   112     1898.5643  3958     3710.0000     1675.0782 14931091   54.85%
CPX0000      624   113     1897.2437  4065     3710.0000     1675.0782 14954342   54.85%
CPX0000      626   115     1904.5261  3980     3710.0000     1675.0782 15001727   54.85%
CPX0000      627   116     1917.3991  3995     3710.0000     1675.0782 15009475   54.85%
CPX0000      628   117     1911.3791  4037     3710.0000     1675.0782 15019870   54.85%
CPX0000      629   118     1957.3991  3994     3710.0000     1675.0782 15029142   54.85%
CPX0000      630   119     1917.3991  4041     3710.0000     1675.0782 15035053   54.85%
CPX0000  Elapsed time = 84503.85 sec. (19207742.62 ticks, tree = 22.47 MB
CPX0000      632   121     1931.6366  4005     3710.0000     1675.0782 15045728   54.85%
CPX0000      633   122     1935.0655  3989     3710.0000     1675.0782 15055409   54.85%
CPX0000      634   123     1935.5779  3980     3710.0000     1675.0782 15061508   54.85%
CPX0000      635   124     1938.6965  3958     3710.0000     1675.0782 15081707   54.85%
CPX0000      636   125     1937.0694  4007     3710.0000     1675.0782 15091668   54.85%
CPX0000      638   127     1937.7609  3982     3710.0000     1675.0782 15111582   54.85%
CPX0000      639   128     1947.6739  4182     3710.0000     1675.0782 15159342   54.85%
CPX0000      640   129     1943.1144  4024     3710.0000     1675.0782 15168844   54.85%
CPX0000      641   130     1937.8699  3934     3710.0000     1675.0782 15175410   54.85%
CPX0000      642   131     1939.1935  4020     3710.0000     1675.0782 15190476   54.85%
CPX0000  Elapsed time = 86103.70 sec. (19558240.67 ticks, tree = 24.45 MB
CPX0000      644   133     1952.0151  3960     3710.0000     1675.0782 15200479   54.85%
CPX0000      647   136     1943.7289  4023     3710.0000     1675.0782 15205711   54.85%
CPX0000      649   138     1943.7289  4017     3710.0000     1675.0782 15214281   54.85%
CPX0000      650   139     1958.5331  3925     3710.0000     1675.0782 15220830   54.85%
CPX0000      651   140     1943.9080  3875     3710.0000     1675.0782 15228310   54.85%
CPX0000      652   141     1944.2724  3937     3710.0000     1675.0782 15239826   54.85%
CPX0000      655   144     1950.5727  3829     3710.0000     1675.0782 15249384   54.85%
CPX0000      656   145     1950.5727  3876     3710.0000     1675.0782 15259843   54.85%
CPX0000      657   146     1950.5727  3804     3710.0000     1675.0782 15269981   54.85%
CPX0000      658   147     1950.6179  3761     3710.0000     1675.0782 15277752   54.85%
CPX0000  Elapsed time = 86389.50 sec. (19621929.45 ticks, tree = 25.91 MB
CPX0000
CPX0000  GUB cover cuts applied:  315
CPX0000  Clique cuts applied:  526
CPX0000  Implied bound cuts applied:  6
CPX0000  Mixed integer rounding cuts applied:  29
CPX0000  Zero-half cuts applied:  4692
CPX0000  Lift and project cuts applied:  11
CPX0000  Gomory fractional cuts applied:  11
CPX0000
CPX0000  Root node processing (before b&c):
CPX0000    Real time             = 33720.33 sec. (7542681.17 ticks)
CPX0000  Sequential b&c:
CPX0000    Real time             = 52679.78 sec. (12081793.66 ticks)
CPX0000                            ------------
CPX0000  Total (root+branch&cut) = 86400.11 sec. (19624474.83 ticks)
H2 understaffing: 0
H3 shiftTypeSuccessions: 0
S1 optimalCoverage: 630
S2a consecutiveShift: 180 = (12,0 )
S2b consecutiveWorkingDays: 450 = ( 11,4 )
S3 consecutiveDaysOff: 660 = ( 12,10 )
S4 preferences: 230
S5 completeWeekend: 30
S6 totalAssignments: 1080
S7 totalWorkingWeekeends: 450
 

Cost Solution: 3710

      |M|T|W|T|F|S|S| |M|T|W|T|F|S|S| |M|T|W|T|F|S|S| |M|T|W|T|F|S|S|
-----------------------------------------------------------------------
HN_0  |L|L|-|-|-|-|-| |-|L|L|-|-|-|-| |-|E|E|L|L|-|-| |-|-|-|-|L|L|L|
HN_1  |E|E|-|-|-|-|-| |E|E|E|E|E|-|-| |-|-|-|D|D|E|E| |E|-|-|-|E|E|E|
HN_2  |L|L|L|L|-|-|-| |-|-|D|D|L|L|L| |-|-|-|-|L|L|N| |N|N|-|-|-|-|-|
HN_3  |-|D|D|D|D|D|D| |-|-|-|-|-|-|E| |E|D|D|-|-|-|-| |-|L|L|L|L|-|-|
HN_4  |D|D|-|-|-|N|N| |N|N|N|-|-|-|-| |-|D|D|L|L|-|-| |-|-|N|N|N|N|N|
HN_5  |-|-|E|E|L|L|L| |L|-|-|-|-|-|-| |L|L|L|-|-|-|-| |-|D|D|D|D|-|-|
HN_6  |N|N|N|N|-|-|-| |-|-|N|N|N|N|N| |-|-|E|E|E|-|-| |-|E|E|E|-|-|E|
HN_7  |D|D|D|-|-|E|E| |D|D|-|-|-|-|-| |N|N|N|N|N|-|-| |-|-|-|D|D|D|E|
NU_8  |N|N|N|N|N|-|-| |-|-|-|D|D|D|D| |D|-|-|-|E|E|D| |D|D|-|-|-|-|-|
NU_9  |N|N|N|N|N|-|-| |-|N|N|N|N|-|-| |-|-|-|N|N|N|N| |N|-|-|-|N|N|N|
NU_10 |E|E|E|E|E|-|-| |-|N|N|N|N|-|-| |-|L|L|L|L|-|-| |L|L|L|-|-|-|-|
NU_11 |N|N|-|-|N|N|N| |N|N|-|-|N|N|N| |N|-|-|E|E|L|L| |L|-|-|E|E|N|N|
NU_12 |L|L|L|L|L|-|-| |-|E|E|E|E|-|-| |L|L|L|-|-|-|-| |L|L|L|-|-|-|-|
NU_13 |N|-|-|-|-|-|-| |E|E|E|L|L|-|-| |-|-|-|-|E|E|N| |N|N|N|-|-|-|-|
NU_14 |-|L|L|L|-|-|-| |-|L|L|L|L|-|-| |-|-|-|E|E|E|L| |L|-|-|-|L|L|L|
NU_15 |D|D|D|L|L|-|-| |D|D|D|D|-|-|-| |D|D|D|-|-|L|L| |L|L|L|-|-|-|-|
NU_16 |E|E|D|D|D|-|-| |D|D|D|E|E|-|-| |-|-|L|L|L|-|-| |L|L|L|-|-|-|-|
NU_17 |-|-|-|L|L|L|L| |L|-|-|-|-|-|D| |D|D|D|D|-|-|-| |-|-|L|-|-|-|-|
NU_18 |E|E|D|D|D|-|-| |D|D|D|D|-|-|-| |-|-|N|N|N|N|N| |-|-|D|D|D|-|-|
NU_19 |D|D|-|-|-|-|-| |E|E|E|E|E|-|-| |-|E|E|D|D|-|-| |-|D|D|D|D|-|-|
NU_20 |N|N|N|N|N|-|-| |N|N|N|N|N|-|-| |E|E|E|-|-|D|D| |D|D|-|-|D|D|E|
NU_21 |-|-|-|-|N|N|N| |N|-|-|-|-|-|-| |E|E|D|D|-|-|-| |-|-|L|L|L|L|-|
NU_22 |L|-|-|D|D|L|L| |L|-|-|D|D|D|D| |D|-|-|E|E|E|E| |D|D|D|-|-|L|L|
NU_23 |D|D|D|D|-|-|-| |L|L|L|-|-|E|E| |E|-|-|-|D|D|E| |E|E|-|-|-|-|-|
NU_24 |-|-|N|N|N|N|-| |-|-|-|-|-|D|D| |D|D|D|-|-|-|-| |-|D|D|D|D|-|-|
NU_25 |L|L|L|L|L|-|-| |E|E|E|E|E|-|-| |D|D|L|L|L|-|-| |N|N|N|N|N|-|-|
NU_26 |E|-|E|E|E|-|-| |E|E|D|D|D|-|-| |L|L|L|-|-|E|E| |E|E|-|-|N|N|N|
NU_27 |-|-|E|E|E|-|-| |N|N|N|N|N|-|-| |E|E|E|E|E|-|-| |N|N|N|N|N|-|-|
NU_28 |D|D|D|D|D|-|-| |D|D|L|L|L|-|-| |-|-|-|D|D|D|L| |L|-|-|E|E|E|D|
NU_29 |E|E|E|-|-|-|-| |-|E|E|E|E|-|-| |-|D|D|D|D|-|-| |-|E|E|E|E|-|-|
NU_30 |E|E|E|E|-|-|-| |-|L|L|L|L|-|-| |D|D|-|-|E|E|N| |-|-|-|E|E|E|D|
NU_31 |E|E|-|-|N|N|N| |N|N|-|-|E|E|E| |-|-|L|L|L|-|-| |E|E|E|E|E|-|-|
NU_32 |-|-|-|E|E|D|D| |-|-|-|-|-|-|E| |E|E|E|-|-|-|-| |-|N|N|N|N|-|-|
NU_33 |-|-|N|N|N|N|N| |-|-|D|D|L|L|L| |-|D|D|D|D|-|-| |E|E|E|E|E|-|-|
NU_34 |N|N|N|N|N|-|-| |-|-|-|-|N|N|N| |N|-|-|-|-|-|-| |D|D|D|D|D|-|-|
NU_35 |-|-|E|E|E|-|-| |D|D|D|D|-|-|-| |L|L|L|L|L|-|-| |-|L|L|L|-|-|-|
NU_36 |-|-|-|-|E|E|E| |E|L|L|-|-|-|-| |-|N|N|N|N|N|-| |-|-|-|-|-|-|-|
NU_37 |N|-|-|D|D|E|E| |E|-|-|-|D|D|D| |L|L|-|-|-|-|-| |N|N|N|N|N|-|-|
NU_38 |-|-|-|D|D|D|L| |L|L|-|-|-|-|-| |-|D|D|D|D|-|-| |-|-|L|L|L|L|-|
NU_39 |L|L|-|-|-|-|-| |N|N|N|N|N|-|-| |N|N|N|N|N|-|-| |-|N|N|N|N|-|-|
CT_40 |L|L|L|L|L|-|-| |-|-|E|E|E|L|L| |-|-|-|-|D|D|D| |D|D|-|-|-|-|-|
CT_41 |-|-|-|L|L|L|L| |L|-|-|-|-|-|-| |E|E|E|E|E|-|-| |-|-|-|D|D|-|-|
CT_42 |L|-|-|D|D|E|E| |-|-|E|E|L|L|L| |-|-|E|E|E|-|-| |E|E|D|D|D|-|-|
CT_43 |-|-|-|-|D|D|D| |D|D|-|-|-|-|-| |E|E|D|D|-|-|-| |-|-|N|N|N|N|-|
CT_44 |N|N|N|N|N|-|-| |E|E|L|L|L|-|-| |D|D|D|-|-|D|D| |D|-|-|E|E|E|D|
CT_45 |D|D|L|L|L|-|-| |D|D|D|D|D|-|-| |L|L|L|-|-|D|D| |L|L|-|-|D|D|E|
CT_46 |L|L|L|L|L|-|-| |N|N|N|N|N|-|-| |N|N|N|N|N|-|-| |E|E|E|-|-|N|N|
CT_47 |E|E|D|D|D|-|-| |-|D|D|D|D|-|-| |-|-|L|L|L|-|-| |N|N|N|N|N|-|-|
CT_48 |N|N|N|-|-|-|-| |D|D|E|E|E|-|-| |L|L|L|-|-|-|-| |-|E|E|E|E|-|-|
CT_49 |E|-|-|E|E|E|D| |D|-|-|D|D|D|D| |-|-|D|D|D|-|-| |N|N|N|N|N|-|-|
CT_50 |N|N|N|N|-|-|-| |-|-|N|N|N|N|-| |-|-|D|D|D|-|-| |-|N|N|N|N|-|-|
CT_51 |-|-|-|-|D|D|D| |D|-|-|-|-|-|-| |D|D|D|D|-|-|-| |-|-|L|L|L|L|-|
CT_52 |E|E|E|E|-|-|-| |L|L|L|L|L|-|-| |-|E|E|E|E|-|-| |D|D|D|D|-|-|-|
CT_53 |E|D|D|D|-|-|-| |D|N|N|N|N|-|-| |N|N|N|N|N|-|-| |D|D|D|D|D|-|-|
CT_54 |-|-|E|E|E|-|-| |E|E|L|L|L|-|-| |L|L|L|L|L|-|-| |D|D|-|-|D|D|E|
CT_55 |D|D|D|E|E|-|-| |E|E|E|E|E|-|-| |N|N|N|-|L|L|L| |-|-|L|L|L|L|L|
CT_56 |D|N|N|N|N|-|-| |L|L|L|L|L|-|-| |L|L|L|L|L|-|-| |D|D|L|L|L|-|-|
CT_57 |-|L|L|L|L|-|-| |L|L|L|-|-|-|-| |N|N|N|N|N|-|-| |E|E|E|E|E|-|-|
CT_58 |-|L|L|L|L|-|-| |L|L|L|L|-|-|-| |N|N|N|N|N|-|-| |L|L|L|-|-|-|-|
CT_59 |D|-|-|-|-|N|N| |N|N|N|-|-|-|-| |E|E|N|N|N|-|-| |-|L|L|L|L|-|-|
TR_60 |D|D|D|-|N|N|N| |N|N|-|-|E|E|E| |E|E|-|-|-|L|L| |L|-|-|L|L|L|N|
TR_61 |D|D|-|-|-|-|-| |-|D|D|E|E|-|-| |-|-|-|-|D|D|D| |E|E|-|-|-|-|-|
TR_62 |L|L|L|L|L|-|-| |D|D|D|L|L|-|-| |E|E|E|E|E|-|-| |D|D|E|E|E|-|-|
TR_63 |E|E|E|E|E|-|-| |-|-|-|D|D|D|L| |L|L|-|-|-|-|-| |L|L|L|L|-|-|-|
TR_64 |-|-|D|D|D|-|-| |-|L|L|L|-|-|-| |-|D|D|D|D|-|-| |-|-|E|E|D|D|E|
TR_65 |D|E|L|L|L|-|-| |N|N|N|N|N|-|-| |D|D|D|L|L|-|-| |-|D|D|D|N|N|N|
TR_66 |-|-|-|-|E|E|L| |L|L|-|-|-|-|-| |N|N|N|N|N|-|-| |-|-|-|-|-|-|-|
TR_67 |-|-|-|-|-|-|-| |-|E|E|E|E|-|-| |-|N|N|N|N|-|-| |-|-|-|-|E|E|E|
TR_68 |L|-|-|-|D|D|D| |-|-|-|N|N|N|N| |-|-|E|E|E|-|-| |-|D|D|D|D|-|-|
TR_69 |N|N|N|N|N|-|-| |E|E|E|D|D|-|-| |-|L|L|L|L|-|-| |N|N|N|N|N|-|-|


Hard constraint violations
--------------------------

Minimal coverage constraints: 0
Required skill constraints: 0
Illegal shift type succession constraints: 0
Single assignment per day: 0


Cost per constraint type
------------------------

Total assignment constraints: 1080
Consecutive constraints: 630
Non working days constraints: 660
Preferences: 230
Max working weekend: 450
Complete weekends: 30
Optimal coverage constraints: 630

------------------------

Total cost: 3710
