Argumentos: 
./solver.release -i 13 -t 86400 -a 7 -h 86400 -w Testes/Mvic-i13 -m modeloCom2345.mod -o modeloCom2345.mod 
Seed: 1622416830
hidden-TXT/Sc-n070w4.txt
hidden-TXT/H0-n070w4-0.txt
hidden-TXT/WD-n070w4-4.txt hidden-TXT/WD-n070w4-9.txt hidden-TXT/WD-n070w4-7.txt hidden-TXT/WD-n070w4-6.txt 
Reading model section from modeloCom2345.mod...
367 lines were read
Reading data section from Testes/Mvic-i13/13.dat...
13093 lines were read
Generating obj...
Generating H1turnoDia...
Generating H2coberturaMinima...
Generating H3AsucessaoTurnos...
Generating H3BsucessaoTurnos...
Generating H4qualificacao...
Generating S1coberturaOtima...
Generating S2d...
Generating S2dHist...
Generating S2b...
Generating S2bHist...
Generating aux1S2a...
Generating auxS2a...
Generating aux3S2a...
Generating aux4S2a...
Generating s2aMin2...
Generating s2aHistMin2...
Generating s2aMin3...
Generating s2aHistMin3h1...
Generating s2aHistMin3h2...
Generating s2aMin4...
Generating s2aHistMin4h1...
Generating s2aHistMin4h2...
Generating s2aHistMin4h3...
Generating s2aMin5...
Generating s2aHistMin5h1...
Generating s2aHistMin5h2...
Generating s2aHistMin5h3...
Generating s2aHistMin5h4...
Generating auxS2b...
Generating aux1S2b...
Generating aux3S2b...
Generating aux4S2b...
Generating s2b...
Generating s2bHist...
Generating s2bMin3turnos...
Generating s2bHistMin3h1turnos...
Generating s2bHistMin3h2turnos...
Generating s2bMin4...
Generating s2bHistMin4h1...
Generating s2bHistMin4h2...
Generating s2bHistMin4h3...
Generating s2bMin5...
Generating s2bHistMin5h1...
Generating s2bHistMin5h2...
Generating s2bHistMin5h3...
Generating s2bHistMin5h34...
Generating auxS5...
Generating S6a...
Generating S6b...
Generating auxS7...
Generating S7...
Model has been successfully generated
Writing problem data to `Testes/Mvic-i13/13.lp'...
460202 lines were written
CPX0000  Tried aggregator 2 times.
CPX0000  MIP Presolve eliminated 15703 rows and 31831 columns.
CPX0000  MIP Presolve modified 3789 coefficients.
CPX0000  Aggregator did 155 substitutions.
CPX0000  Reduced MIP has 45316 rows, 52681 columns, and 378588 nonzeros.
CPX0000  Reduced MIP has 52266 binaries, 415 generals, 0 SOSs, and 0 indicators.
CPX0000  Presolve time = 0.76 sec. (398.46 ticks)
CPX0000  Found incumbent of value 1081765.000000 after 1.56 sec. (1009.24 ticks)
[1m[30m[ZEN] [0m00:00:01 [1m[34m1081765.00[1m[32m  100.00%
[0mCPX0000  Probing time = 0.07 sec. (32.60 ticks)
CPX0000  Tried aggregator 2 times.
CPX0000  MIP Presolve eliminated 9 rows and 9 columns.
CPX0000  Aggregator did 1 substitutions.
CPX0000  Reduced MIP has 45306 rows, 52671 columns, and 378568 nonzeros.
CPX0000  Reduced MIP has 52256 binaries, 415 generals, 0 SOSs, and 0 indicators.
CPX0000  Presolve time = 0.44 sec. (268.23 ticks)
CPX0000  Probing time = 0.04 sec. (14.51 ticks)
CPX0000  Clique table members: 11733.
CPX0000  MIP emphasis: balance optimality and feasibility.
CPX0000  MIP search method: dynamic search.
CPX0000  Parallel mode: none, using 1 thread.
CPX0000  Root relaxation solution time = 248.15 sec. (58813.40 ticks)
CPX0000
CPX0000          Nodes                                         Cuts/
CPX0000     Node  Left     Objective  IInf  Best Integer    Best Bound    ItCnt     Gap
CPX0000
CPX0000  *     0+    0                      1081765.0000        0.0000    65065  100.00%
CPX0000        0     0      198.8030  5090  1081765.0000      198.8030    65065   99.98%
CPX0000        0     0      419.2960  5319  1081765.0000    Cuts: 2533    96090   99.96%
CPX0000        0     0      543.2955  5447  1081765.0000    Cuts: 1950   125792   99.95%
CPX0000        0     0      577.1675  5276  1081765.0000    Cuts: 1791   159309   99.95%
CPX0000  *     0+    0                       236480.0000      577.1675   159309   99.76%
[1m[30m[ZEN] [0m00:15:39 [1m[34m 236480.00[1m[32m   99.76%
[0mCPX0000        0     0      589.2108  5644   236480.0000    Cuts: 1516   191002   99.75%
CPX0000        0     0      600.5767  5706   236480.0000    Cuts: 1349   221546   99.75%
CPX0000        0     0      608.9190  5744   236480.0000    Cuts: 1382   252677   99.74%
CPX0000        0     0      618.6109  5918   236480.0000    Cuts: 1479   285784   99.74%
CPX0000        0     0      628.0787  5445   236480.0000    Cuts: 1392   347482   99.73%
CPX0000        0     0      642.4976  5500   236480.0000    Cuts: 1429   394330   99.73%
CPX0000        0     0      660.7968  5726   236480.0000    Cuts: 1381   429862   99.72%
CPX0000        0     0      678.3954  5898   236480.0000    Cuts: 1471   465741   99.71%
CPX0000        0     0      698.7218  5737   236480.0000    Cuts: 1459   500364   99.70%
CPX0000        0     0      726.9119  5953   236480.0000    Cuts: 1450   529542   99.69%
CPX0000        0     0      745.3882  5944   236480.0000    Cuts: 1515   570429   99.68%
CPX0000        0     0      766.9931  5941   236480.0000    Cuts: 1553   608000   99.68%
CPX0000        0     0      782.6472  5724   236480.0000    Cuts: 1398   644212   99.67%
CPX0000        0     0      796.5214  5936   236480.0000    Cuts: 1565   679479   99.66%
CPX0000        0     0      810.1574  5766   236480.0000    Cuts: 1456   708886   99.66%
CPX0000        0     0      824.4680  5963   236480.0000    Cuts: 1531   739785   99.65%
CPX0000        0     0      852.8968  5875   236480.0000    Cuts: 1410   772868   99.64%
CPX0000        0     0      878.5813  6307   236480.0000    Cuts: 1482   802145   99.63%
CPX0000        0     0      894.7516  5998   236480.0000    Cuts: 1547   833210   99.62%
CPX0000        0     0      906.9620  6086   236480.0000    Cuts: 1394   870107   99.62%
CPX0000        0     0      922.6941  6141   236480.0000    Cuts: 1436   898620   99.61%
CPX0000        0     0      927.4443  6145   236480.0000    Cuts: 1404   939562   99.61%
CPX0000        0     0      941.4798  6211   236480.0000    Cuts: 1585   972681   99.60%
CPX0000        0     0      951.5980  6093   236480.0000    Cuts: 1443  1006719   99.60%
CPX0000        0     0      968.4630  6003   236480.0000    Cuts: 1399  1045725   99.59%
CPX0000        0     0      977.7139  6179   236480.0000    Cuts: 1343  1084105   99.59%
CPX0000        0     0      988.5633  6210   236480.0000    Cuts: 1332  1116089   99.58%
CPX0000        0     0     1002.7898  6151   236480.0000    Cuts: 1584  1156063   99.58%
CPX0000        0     0     1015.1342  6073   236480.0000    Cuts: 1426  1195844   99.57%
CPX0000        0     0     1027.9879  6016   236480.0000    Cuts: 1486  1238988   99.57%
CPX0000        0     0     1043.6223  5984   236480.0000    Cuts: 1362  1270549   99.56%
CPX0000        0     0     1054.1199  6222   236480.0000    Cuts: 1437  1343306   99.55%
CPX0000        0     0     1064.8775  6265   236480.0000    Cuts: 1518  1375614   99.55%
CPX0000        0     0     1081.2697  6278   236480.0000    Cuts: 1527  1403146   99.54%
CPX0000        0     0     1094.1445  6055   236480.0000    Cuts: 1507  1430249   99.54%
CPX0000        0     0     1101.2009  6280   236480.0000    Cuts: 1385  1462559   99.53%
CPX0000        0     0     1114.7551  6320   236480.0000    Cuts: 1355  1492720   99.53%
CPX0000        0     0     1123.0213  6389   236480.0000    Cuts: 1325  1521121   99.53%
CPX0000        0     0     1138.6161  6096   236480.0000    Cuts: 1286  1557480   99.52%
CPX0000        0     0     1147.3157  6275   236480.0000    Cuts: 1305  1588158   99.51%
CPX0000        0     0     1154.6541  6324   236480.0000    Cuts: 1258  1628285   99.51%
CPX0000        0     0     1169.3896  6442   236480.0000    Cuts: 1414  1661518   99.51%
CPX0000        0     0     1177.5508  6207   236480.0000    Cuts: 1349  1703697   99.50%
CPX0000        0     0     1185.8223  6104   236480.0000    Cuts: 1240  1770266   99.50%
CPX0000        0     0     1190.1446  6312   236480.0000    Cuts: 1502  1808802   99.50%
CPX0000        0     0     1196.8813  6481   236480.0000    Cuts: 1328  1842890   99.49%
CPX0000        0     0     1204.2062  6564   236480.0000    Cuts: 1415  1878226   99.49%
CPX0000        0     0     1216.2052  6363   236480.0000    Cuts: 1480  1913419   99.49%
CPX0000        0     0     1227.1786  6405   236480.0000    Cuts: 1487  1953714   99.48%
CPX0000        0     0     1232.2032  6475   236480.0000    Cuts: 1370  1982389   99.48%
CPX0000        0     0     1241.1002  6665   236480.0000    Cuts: 1366  2014309   99.48%
CPX0000        0     0     1249.6271  6340   236480.0000    Cuts: 1310  2050279   99.47%
CPX0000        0     0     1257.2798  6012   236480.0000    Cuts: 1443  2109043   99.47%
CPX0000        0     0     1264.2796  6139   236480.0000    Cuts: 1497  2175740   99.47%
CPX0000        0     0     1268.9582  6413   236480.0000    Cuts: 1322  2212016   99.46%
CPX0000        0     0     1282.6651  6345   236480.0000    Cuts: 1465  2246430   99.46%
CPX0000        0     0     1294.0658  6420   236480.0000    Cuts: 1391  2280246   99.45%
CPX0000        0     0     1300.5748  6538   236480.0000    Cuts: 1417  2306009   99.45%
CPX0000        0     0     1306.7132  6392   236480.0000    Cuts: 1347  2348005   99.45%
CPX0000        0     0     1312.7556  6501   236480.0000    Cuts: 1338  2376221   99.44%
CPX0000        0     0     1324.5699  6774   236480.0000    Cuts: 1199  2414541   99.44%
CPX0000        0     0     1341.5327  6518   236480.0000    Cuts: 1516  2439603   99.43%
CPX0000        0     0     1356.6385  6614   236480.0000    Cuts: 1549  2468273   99.43%
CPX0000        0     0     1365.5280  6199   236480.0000    Cuts: 1405  2502798   99.42%
CPX0000        0     0     1373.5751  6477   236480.0000    Cuts: 1538  2530712   99.42%
CPX0000        0     0     1381.6495  6482   236480.0000    Cuts: 1308  2558635   99.42%
CPX0000        0     0     1388.1570  6364   236480.0000    Cuts: 1291  2587412   99.41%
CPX0000        0     0     1394.6704  6272   236480.0000    Cuts: 1238  2618798   99.41%
CPX0000        0     0     1401.6329  6485   236480.0000    Cuts: 1530  2647590   99.41%
CPX0000        0     0     1408.0922  6201   236480.0000    Cuts: 1230  2679601   99.40%
CPX0000        0     0     1413.8691  6031   236480.0000    Cuts: 1156  2718160   99.40%
CPX0000        0     0     1416.5338  6215   236480.0000    Cuts: 1268  2741877   99.40%
CPX0000        0     0     1422.6260  6135   236480.0000    Cuts: 1219  2775251   99.40%
CPX0000        0     0     1426.8445  6486   236480.0000    Cuts: 1485  2804238   99.40%
CPX0000        0     0     1433.4069  6246   236480.0000    Cuts: 1263  2845531   99.39%
CPX0000        0     0     1437.9637  6485   236480.0000    Cuts: 1264  2882012   99.39%
CPX0000        0     0     1442.2932  6137   236480.0000    Cuts: 1276  2918112   99.39%
CPX0000        0     0     1446.2335  6045   236480.0000    Cuts: 1401  3004009   99.39%
CPX0000        0     0     1448.7007  6115   236480.0000    Cuts: 1366  3048040   99.39%
CPX0000        0     0     1452.6544  6059   236480.0000    Cuts: 1292  3083414   99.39%
CPX0000        0     0     1455.4589  6159   236480.0000    Cuts: 1341  3122088   99.38%
CPX0000        0     0     1456.7947  6227   236480.0000    Cuts: 1205  3168062   99.38%
CPX0000        0     0     1460.1244  6215   236480.0000    Cuts: 1251  3201249   99.38%
CPX0000        0     0     1461.7316  6450   236480.0000    Cuts: 1321  3235441   99.38%
CPX0000        0     0     1467.8042  6617   236480.0000    Cuts: 1448  3263169   99.38%
CPX0000        0     0     1473.3956  6290   236480.0000    Cuts: 1292  3324332   99.38%
CPX0000        0     0     1475.7878  6316   236480.0000    Cuts: 1262  3385240   99.38%
CPX0000        0     0     1477.9136  6579   236480.0000    Cuts: 1138  3413116   99.38%
CPX0000        0     0     1481.2424  6248   236480.0000    Cuts: 1126  3439743   99.37%
CPX0000        0     0     1486.9846  6215   236480.0000    Cuts: 1072  3473275   99.37%
CPX0000        0     0     1492.5888  6400   236480.0000    Cuts: 1512  3510051   99.37%
CPX0000        0     0     1496.7160  6195   236480.0000    Cuts: 1332  3539653   99.37%
CPX0000        0     0     1499.3717  6228   236480.0000    Cuts: 1294  3581509   99.37%
CPX0000        0     0     1503.5717  6364   236480.0000    Cuts: 1306  3613919   99.36%
CPX0000        0     0     1506.0625  6445   236480.0000    Cuts: 1315  3646363   99.36%
CPX0000        0     0     1509.0491  6230   236480.0000    Cuts: 1510  3697267   99.36%
CPX0000        0     0     1513.4263  6480   236480.0000    Cuts: 1284  3727832   99.36%
CPX0000        0     0     1515.7539  6028   236480.0000    Cuts: 1309  3759488   99.36%
CPX0000        0     0     1519.6129  5986   236480.0000    Cuts: 1395  3790018   99.36%
CPX0000        0     0     1522.7419  6074   236480.0000    Cuts: 1299  3816420   99.36%
CPX0000        0     0     1523.8740  6201   236480.0000    Cuts: 1191  3846444   99.36%
CPX0000        0     0     1525.6683  6126   236480.0000    Cuts: 1099  3885388   99.35%
CPX0000        0     0     1532.7519  6083   236480.0000    Cuts: 1201  3914883   99.35%
CPX0000        0     0     1534.5899  6304   236480.0000    Cuts: 1183  3948542   99.35%
CPX0000        0     0     1535.2590  6395   236480.0000    Cuts: 1316  3972169   99.35%
CPX0000  Heuristic still looking.
CPX0000  Heuristic still looking.
CPX0000  *     0+    0                        90045.0000     1535.2590  3972169   98.30%
CPX0000  *     0+    0                        57480.0000     1535.2590  3972169   97.33%
CPX0000  *     0+    0                        21280.0000     1535.2590  3972169   92.79%
CPX0000  *     0+    0                         7250.0000     1535.2590  3972169   78.82%
CPX0000  *     0+    0                         6845.0000     1535.2590  3972169   77.57%
[1m[30m[ZEN] [0m08:28:39 [1m[34m   6845.00[1m[32m   77.57%
[0mCPX0000        0     2     1535.2590  6395     6845.0000     1535.2590  3972169   77.57%
CPX0000  Elapsed time = 30519.30 sec. (6725265.41 ticks, tree = 0.00 MB
CPX0000        1     3     1537.2723  5813     6845.0000     1535.2590  4022370   77.57%
CPX0000        2     4     1537.4756  5692     6845.0000     1535.2590  4024301   77.57%
CPX0000        4     6     1537.4756  5732     6845.0000     1535.2590  4049068   77.57%
CPX0000        5     7     1537.5253  5651     6845.0000     1535.2590  4075015   77.57%
CPX0000        6     8     1543.5078  5693     6845.0000     1535.2590  4099565   77.57%
CPX0000        7     9     1538.2942  5985     6845.0000     1535.2590  4127665   77.57%
CPX0000        8    10     1543.5078  5892     6845.0000     1535.2590  4150387   77.57%
CPX0000        9    11     1543.5078  5797     6845.0000     1535.2590  4170553   77.57%
CPX0000       10    12     1543.5400  5702     6845.0000     1535.2590  4196642   77.57%
CPX0000       11    13     1543.5400  5697     6845.0000     1535.2590  4196799   77.57%
CPX0000  Elapsed time = 32473.52 sec. (7125857.58 ticks, tree = 0.21 MB
CPX0000       12    14     1544.8996  5675     6845.0000     1535.2590  4199561   77.57%
CPX0000       13    15     1543.5400  5682     6845.0000     1535.2590  4204417   77.57%
CPX0000       14    16     1543.7029  5604     6845.0000     1535.2590  4210060   77.57%
CPX0000       15    17     1544.9418  5568     6845.0000     1535.2590  4217746   77.57%
CPX0000       16    18     1543.7114  5627     6845.0000     1535.2590  4229782   77.57%
CPX0000       17    19     1544.9418  5309     6845.0000     1535.2590  4239684   77.57%
CPX0000       18    20     1544.9418  5250     6845.0000     1535.2590  4248481   77.57%
CPX0000       19    21     1545.8053  5183     6845.0000     1535.2590  4271056   77.57%
CPX0000       20    22     1548.0825  5257     6845.0000     1535.2590  4310949   77.57%
CPX0000       21    23     1546.5761  5054     6845.0000     1535.2590  4339686   77.57%
CPX0000  Elapsed time = 33039.33 sec. (7234041.05 ticks, tree = 0.40 MB
CPX0000       22    24     1549.4678  5074     6845.0000     1535.2590  4347134   77.57%
CPX0000       23    25     1546.5761  5139     6845.0000     1535.2590  4374687   77.57%
CPX0000       24    26     1546.5761  5117     6845.0000     1535.2590  4376422   77.57%
CPX0000       25    27     1546.5761  5090     6845.0000     1535.2590  4378749   77.57%
CPX0000       26    28     1546.5761  5051     6845.0000     1535.2590  4385009   77.57%
CPX0000       27    29     1546.5761  5151     6845.0000     1535.2590  4392966   77.57%
CPX0000       28    30     1552.9676  5035     6845.0000     1535.2590  4427832   77.57%
CPX0000       29    31     1547.1670  5066     6845.0000     1535.2590  4457000   77.57%
CPX0000       30    32     1547.1670  5031     6845.0000     1535.2590  4459588   77.57%
CPX0000       31    33     1548.8337  4989     6845.0000     1535.2590  4465982   77.57%
CPX0000  Elapsed time = 33536.00 sec. (7335664.28 ticks, tree = 2.17 MB
CPX0000       32    34     1552.8066  5094     6845.0000     1535.2590  4509031   77.57%
CPX0000       33    35     1556.4369  5007     6845.0000     1535.2590  4521203   77.57%
CPX0000       34    36     1556.4369  5052     6845.0000     1535.2590  4532986   77.57%
CPX0000       35    37     1563.9658  5006     6845.0000     1535.2590  4583348   77.57%
CPX0000       36    38     1556.4369  4979     6845.0000     1535.2590  4587158   77.57%
CPX0000       37    39     1564.3428  4962     6845.0000     1535.2590  4596394   77.57%
CPX0000       38    40     1556.4369  5379     6845.0000     1535.2590  4617520   77.57%
CPX0000       39    41     1564.3428  5361     6845.0000     1535.2590  4638023   77.57%
CPX0000       40    42     1565.3233  4963     6845.0000     1535.2590  4678770   77.57%
CPX0000       41    43     1565.3233  5331     6845.0000     1535.2590  4699329   77.57%
CPX0000  Elapsed time = 34468.63 sec. (7527920.66 ticks, tree = 3.50 MB
CPX0000       42    44     1568.6116  4983     6845.0000     1535.2590  4794501   77.57%
CPX0000       43    45     1568.6183  4900     6845.0000     1535.2590  4833683   77.57%
CPX0000       44    46     1568.6183  4841     6845.0000     1535.2590  4836070   77.57%
CPX0000       45    47     1572.7890  4748     6845.0000     1535.2590  4844944   77.57%
CPX0000       46    48     1572.7890  4750     6845.0000     1535.2590  4848891   77.57%
CPX0000       47    49     1573.6607  4749     6845.0000     1535.2590  4861767   77.57%
CPX0000       48    50     1572.7890  4737     6845.0000     1535.2590  4875420   77.57%
CPX0000       49    51     1572.7890  4751     6845.0000     1535.2590  4879197   77.57%
CPX0000       50    52     1581.4269  4738     6845.0000     1535.2590  4921120   77.57%
CPX0000       51    53     1587.2250  5096     6845.0000     1535.2590  4961846   77.57%
CPX0000  Elapsed time = 35590.60 sec. (7749658.21 ticks, tree = 5.43 MB
CPX0000       52    54     1573.7977  4869     6845.0000     1535.2590  5007041   77.57%
CPX0000       53    55     1573.7977  4873     6845.0000     1535.2590  5009162   77.57%
CPX0000       54    56     1573.9526  4857     6845.0000     1535.2590  5011175   77.57%
CPX0000       55    57     1574.5803  4761     6845.0000     1535.2590  5016684   77.57%
CPX0000       57    59     1574.8205  4713     6845.0000     1535.2590  5018959   77.57%
CPX0000       58    60     1574.8205  4741     6845.0000     1535.2590  5026808   77.57%
CPX0000       59    61     1574.8205  4707     6845.0000     1535.2590  5034197   77.57%
CPX0000       61    63     1575.0526  4728     6845.0000     1535.2590  5045192   77.57%
CPX0000       62    64     1575.0526  4753     6845.0000     1535.2590  5054271   77.57%
CPX0000       63    65     1575.1347  4732     6845.0000     1535.2590  5062868   77.57%
CPX0000  Elapsed time = 35916.20 sec. (7815768.59 ticks, tree = 6.83 MB
CPX0000       64    66     1577.4399  4700     6845.0000     1535.2590  5072936   77.57%
CPX0000       65    67     1575.1347  4761     6845.0000     1535.2590  5076882   77.57%
CPX0000       66    68     1577.9929  4836     6845.0000     1535.2590  5085418   77.57%
CPX0000       67    69     1577.3768  4783     6845.0000     1535.2590  5091224   77.57%
CPX0000       68    70     1575.7894  4737     6845.0000     1535.2590  5096076   77.57%
CPX0000       69    71     1576.5132  4830     6845.0000     1535.2590  5107397   77.57%
CPX0000       70    72     1575.8457  4914     6845.0000     1535.2590  5126729   77.57%
CPX0000       71    73     1576.5132  5099     6845.0000     1535.2590  5146388   77.57%
CPX0000       72    74     1576.5132  4835     6845.0000     1535.2590  5151039   77.57%
CPX0000       74    76     1576.9356  4735     6845.0000     1535.2590  5161896   77.57%
CPX0000  Elapsed time = 37247.02 sec. (8098371.91 ticks, tree = 8.22 MB
CPX0000       75    77     1576.9356  4758     6845.0000     1535.2590  5166735   77.57%
CPX0000       76    78     1576.9356  4741     6845.0000     1535.2590  5186452   77.57%
CPX0000       77    79     1580.9230  4693     6845.0000     1535.2590  5204671   77.57%
CPX0000       78    80     1576.9356  5213     6845.0000     1535.2590  5221149   77.57%
CPX0000       79    81     1580.9230  4782     6845.0000     1535.2590  5270602   77.57%
CPX0000       80    82     1580.9230  4696     6845.0000     1535.2590  5286610   77.57%
CPX0000       81    83     1580.9230  4703     6845.0000     1535.2590  5290902   77.57%
CPX0000       82    84     1580.9230  4697     6845.0000     1535.2590  5295706   77.57%
CPX0000       83    85     1580.9230  4758     6845.0000     1535.2590  5299143   77.57%
CPX0000       84    86     1580.9410  4683     6845.0000     1535.2590  5311829   77.57%
CPX0000  Elapsed time = 37745.80 sec. (8201354.41 ticks, tree = 8.42 MB
CPX0000       85    87     1580.9410  4685     6845.0000     1535.2590  5356138   77.57%
CPX0000       86    88     1593.7532  4623     6845.0000     1535.2590  5377457   77.57%
CPX0000       87    89     1580.9410  4527     6845.0000     1535.2590  5383284   77.57%
CPX0000       88    90     1580.9410  4495     6845.0000     1535.2590  5386956   77.57%
CPX0000       89    91     1580.9410  4517     6845.0000     1535.2590  5391621   77.57%
CPX0000       90    92     1593.7532  4519     6845.0000     1535.2590  5405522   77.57%
CPX0000       91    93     1580.9410  4496     6845.0000     1535.2590  5408007   77.57%
CPX0000       92    94     1580.9410  4527     6845.0000     1535.2590  5412527   77.57%
CPX0000       93    95     1580.9410  4506     6845.0000     1535.2590  5416316   77.57%
CPX0000       94    96     1580.9410  4634     6845.0000     1535.2590  5420202   77.57%
CPX0000  Elapsed time = 38214.38 sec. (8293494.78 ticks, tree = 8.60 MB
CPX0000       95    97     1580.9410  4505     6845.0000     1535.2590  5427625   77.57%
CPX0000       96    98     1580.9410  4584     6845.0000     1535.2590  5433450   77.57%
CPX0000       97    99     1580.9410  4524     6845.0000     1535.2590  5436173   77.57%
CPX0000       98   100     1581.2901  4576     6845.0000     1535.2590  5438640   77.57%
CPX0000       99   101     1582.3628  4510     6845.0000     1535.2590  5440667   77.57%
CPX0000      100   102     1582.4942  4496     6845.0000     1535.2590  5441758   77.57%
CPX0000      102   104     1582.6300  4523     6845.0000     1535.2590  5445240   77.57%
CPX0000      104   106     1582.4942  4512     6845.0000     1535.2590  5450433   77.57%
CPX0000      105   107     1595.3063  4454     6845.0000     1535.2590  5467469   77.57%
CPX0000      106   108     1582.4942  4554     6845.0000     1535.2590  5474023   77.57%
CPX0000  Elapsed time = 38562.63 sec. (8369503.88 ticks, tree = 8.84 MB
CPX0000      107   109     1595.4942  4520     6845.0000     1535.2590  5480571   77.57%
CPX0000      109   111     1582.4942  4551     6845.0000     1535.2590  5488262   77.57%
CPX0000      110   112     1582.8414  4593     6845.0000     1535.2590  5496763   77.57%
CPX0000      112   114     1582.5276  4556     6845.0000     1535.2590  5504572   77.57%
CPX0000      113   115     1582.4942  4575     6845.0000     1535.2590  5509551   77.57%
CPX0000      114   116     1582.4942  4492     6845.0000     1535.2590  5514766   77.57%
CPX0000      116   118     1582.5769  4725     6845.0000     1535.2590  5531827   77.57%
CPX0000      120   122     1582.4942  4589     6845.0000     1535.2590  5541341   77.57%
CPX0000      122   124     1582.4942  4582     6845.0000     1535.2590  5551750   77.57%
CPX0000      127   129     1583.2172  4593     6845.0000     1535.2590  5559123   77.57%
CPX0000  Elapsed time = 39055.30 sec. (8479693.64 ticks, tree = 9.26 MB
CPX0000      133   135     1584.7356  4552     6845.0000     1535.2590  5567197   77.57%
CPX0000      137   139     1585.3905  4621     6845.0000     1535.2590  5575034   77.57%
CPX0000      142   144     1587.8386  4575     6845.0000     1535.2590  5583033   77.57%
CPX0000      148   150     1591.5716  4489     6845.0000     1535.2590  5593179   77.57%
CPX0000      150   152     1591.5716  4508     6845.0000     1535.2590  5598142   77.57%
CPX0000      153   155     1591.5716  4514     6845.0000     1535.2590  5603479   77.57%
CPX0000      155   157     1591.5716  4510     6845.0000     1535.2590  5611274   77.57%
CPX0000      158   160     1592.4002  4479     6845.0000     1535.2590  5617448   77.57%
CPX0000      163   165     1594.9160  4461     6845.0000     1535.2590  5625925   77.57%
CPX0000      168   170     1598.4138  4454     6845.0000     1535.2590  5635328   77.57%
CPX0000  Elapsed time = 39230.58 sec. (8524446.23 ticks, tree = 10.12 MB
CPX0000      169   171     1598.3409  4436     6845.0000     1535.2590  5640431   77.57%
CPX0000      171   173     1598.3409  4407     6845.0000     1535.2590  5651381   77.57%
CPX0000      173   175     1598.3417  4494     6845.0000     1535.2590  5661078   77.57%
CPX0000      176   178     1598.3417  4472     6845.0000     1535.2590  5673901   77.57%
CPX0000      177   179     1598.3409  4426     6845.0000     1535.2590  5681184   77.57%
CPX0000      178   180     1598.3409  4404     6845.0000     1535.2590  5688370   77.57%
CPX0000      179   181     1598.3409  4378     6845.0000     1535.2590  5693676   77.57%
CPX0000      180   182     1598.3409  4411     6845.0000     1535.2590  5699598   77.57%
CPX0000      181   183     1611.3409  4422     6845.0000     1535.2590  5704378   77.57%
CPX0000      182   184     1598.3411  4497     6845.0000     1535.2590  5712291   77.57%
CPX0000  Elapsed time = 39553.71 sec. (8592690.05 ticks, tree = 10.39 MB
CPX0000      183   185     1599.6511  4401     6845.0000     1535.2590  5725159   77.57%
CPX0000      186   188     1603.0010  4383     6845.0000     1535.2590  5732869   77.57%
CPX0000      187   189     1603.0010  4336     6845.0000     1535.2590  5738838   77.57%
CPX0000      191   193     1603.7014  4361     6845.0000     1535.2590  5749222   77.57%
CPX0000      192   194     1610.3376  4493     6845.0000     1535.2590  5763551   77.57%
CPX0000      194   196     1603.7014  4305     6845.0000     1535.2590  5772632   77.57%
CPX0000      196   198     1603.7014  4314     6845.0000     1535.2590  5778094   77.57%
CPX0000      200   202     1614.0995  4337     6845.0000     1535.2590  5784648   77.57%
CPX0000      203   205     1614.9774  4353     6845.0000     1535.2590  5791077   77.57%
CPX0000      205   207     1614.9774  4366     6845.0000     1535.2590  5797479   77.57%
CPX0000  Elapsed time = 39845.78 sec. (8660233.67 ticks, tree = 10.86 MB
CPX0000      206   208     1615.9030  4452     6845.0000     1535.2590  5808501   77.57%
CPX0000      208   210     1618.4708  4582     6845.0000     1535.2590  5823496   77.57%
CPX0000      214   216     1617.2324  4378     6845.0000     1535.2590  5831282   77.57%
CPX0000      216   218     1617.9442  4503     6845.0000     1535.2590  5837820   77.57%
CPX0000      217   219     1630.0455  4449     6845.0000     1535.2590  5850477   77.57%
CPX0000      223   225     1618.9912  4465     6845.0000     1535.2590  5857581   77.57%
CPX0000      226   228     1620.5418  4505     6845.0000     1535.2590  5872186   77.57%
CPX0000      228   230     1620.5418  4515     6845.0000     1535.2590  5884170   77.57%
CPX0000      231   233     1620.5046  4413     6845.0000     1535.2590  5893830   77.57%
CPX0000      232   234     1620.5046  4436     6845.0000     1535.2590  5898990   77.57%
CPX0000  Elapsed time = 40227.16 sec. (8744587.49 ticks, tree = 11.43 MB
CPX0000      233   235     1620.5418  4535     6845.0000     1535.2590  5909452   77.57%
CPX0000      235   237     1620.8879  4370     6845.0000     1535.2590  5922541   77.57%
CPX0000      237   239     1620.8879  4340     6845.0000     1535.2590  5929343   77.57%
CPX0000      239   241     1620.8879  4362     6845.0000     1535.2590  5942368   77.57%
CPX0000      240   242     1620.9682  4410     6845.0000     1535.2590  5956618   77.57%
CPX0000      241   243     1620.8879  4388     6845.0000     1535.2590  5961836   77.57%
CPX0000      242   244     1621.9784  4418     6845.0000     1535.2590  5976911   77.57%
CPX0000      243   245     1620.8879  4364     6845.0000     1535.2590  5981727   77.57%
CPX0000      245   247     1620.8879  4351     6845.0000     1535.2590  5994358   77.57%
CPX0000      246   248     1620.8879  4384     6845.0000     1535.2590  6001822   77.57%
CPX0000  Elapsed time = 40652.30 sec. (8837542.98 ticks, tree = 11.72 MB
CPX0000      247   249     1620.8900  4347     6845.0000     1535.2590  6008849   77.57%
CPX0000      250   252     1620.8900  4303     6845.0000     1535.2590  6020132   77.57%
CPX0000      251   253     1620.8900  4327     6845.0000     1535.2590  6028346   77.57%
CPX0000      252   254     1620.8900  4304     6845.0000     1535.2590  6035097   77.57%
CPX0000      255   257     1623.3886  4354     6845.0000     1535.2590  6044280   77.57%
CPX0000      256   258     1623.5469  4304     6845.0000     1535.2590  6059593   77.57%
CPX0000      259   261     1623.6788  4211     6845.0000     1535.2590  6067607   77.57%
CPX0000      260   262     1623.7200  4241     6845.0000     1535.2590  6074577   77.57%
CPX0000      261   263     1623.8004  4235     6845.0000     1535.2590  6082699   77.57%
CPX0000      263   265     1623.8086  4290     6845.0000     1535.2590  6088763   77.57%
CPX0000  Elapsed time = 40994.31 sec. (8911127.96 ticks, tree = 12.08 MB
CPX0000      264   266     1623.8200  4245     6845.0000     1535.2590  6094563   77.57%
CPX0000      267   269     1623.8200  4227     6845.0000     1535.2590  6100288   77.57%
CPX0000      268   270     1624.5754  4188     6845.0000     1535.2590  6107612   77.57%
CPX0000      269   271     1632.8635  4335     6845.0000     1535.2590  6120101   77.57%
CPX0000      270   272     1625.4657  4241     6845.0000     1535.2590  6131296   77.57%
CPX0000      274   276     1625.4657  4219     6845.0000     1535.2590  6143969   77.57%
CPX0000      276   278     1625.4716  4205     6845.0000     1535.2590  6149613   77.57%
CPX0000      278   280     1626.0952  4212     6845.0000     1535.2590  6156527   77.57%
CPX0000      280   282     1627.2284  4176     6845.0000     1535.2590  6166308   77.57%
CPX0000      282   284     1627.2284  4186     6845.0000     1535.2590  6173345   77.57%
CPX0000  Elapsed time = 41327.19 sec. (8982660.65 ticks, tree = 12.51 MB
CPX0000      283   285     1627.2284  4188     6845.0000     1535.2590  6179895   77.57%
CPX0000      284   286     1628.6510  4217     6845.0000     1535.2590  6184936   77.57%
CPX0000      285   287     1627.2284  4185     6845.0000     1535.2590  6190653   77.57%
CPX0000      286   288     1628.8350  4166     6845.0000     1535.2590  6195809   77.57%
CPX0000      290   292     1635.7800  4101     6845.0000     1535.2590  6203180   77.57%
CPX0000      295   297     1641.3043  4120     6845.0000     1535.2590  6211937   77.57%
CPX0000      296   298     1643.7728  4094     6845.0000     1535.2590  6220581   77.57%
CPX0000      297   299     1643.8031  4167     6845.0000     1535.2590  6225847   77.57%
CPX0000      299   301     1643.7728  4099     6845.0000     1535.2590  6233309   77.57%
CPX0000      300   302     1643.7907  4136     6845.0000     1535.2590  6239710   77.57%
CPX0000  Elapsed time = 42509.07 sec. (9216768.98 ticks, tree = 12.87 MB
CPX0000      302   304     1643.7728  4063     6845.0000     1535.2590  6247022   77.57%
CPX0000      303   305     1648.3301  4172     6845.0000     1535.2590  6253586   77.57%
CPX0000      304   306     1664.8784  4022     6845.0000     1535.2590  6268409   77.57%
CPX0000      305   307     1648.3301  4148     6845.0000     1535.2590  6274407   77.57%
CPX0000      307   309     1648.3301  4146     6845.0000     1535.2590  6279996   77.57%
CPX0000      308   310     1648.3301  4127     6845.0000     1535.2590  6285398   77.57%
CPX0000      309   311     1648.4096  4118     6845.0000     1535.2590  6292099   77.57%
CPX0000      311   313     1650.5505  4128     6845.0000     1535.2590  6300769   77.57%
CPX0000      312   314     1648.5480  4093     6845.0000     1535.2590  6307295   77.57%
CPX0000      314   316     1648.5917  4168     6845.0000     1535.2590  6314615   77.57%
CPX0000  Elapsed time = 42823.90 sec. (9279080.08 ticks, tree = 13.17 MB
CPX0000      315   317     1653.4546  4110     6845.0000     1535.2590  6322861   77.57%
CPX0000      318   320     1653.4546  4078     6845.0000     1535.2590  6328009   77.57%
CPX0000      319   321     1655.0028  4154     6845.0000     1535.2590  6335938   77.57%
CPX0000      320   322     1653.4546  4124     6845.0000     1535.2590  6340233   77.57%
CPX0000      321   323     1655.0028  4188     6845.0000     1535.2590  6348289   77.57%
CPX0000      322   324     1653.4546  4126     6845.0000     1535.2590  6353188   77.57%
CPX0000      323   325     1655.0028  4145     6845.0000     1535.2590  6361419   77.57%
CPX0000      327   329     1656.2770  4102     6845.0000     1535.2590  6369378   77.57%
CPX0000      329   331     1663.7730  4094     6845.0000     1535.2590  6385114   77.57%
CPX0000      331   333     1656.2770  4098     6845.0000     1535.2590  6389601   77.57%
CPX0000  Elapsed time = 43363.54 sec. (9398153.28 ticks, tree = 13.54 MB
CPX0000      333   335     1656.2770  4128     6845.0000     1535.2590  6396333   77.57%
CPX0000      334   336     1656.2770  4080     6845.0000     1535.2590  6401764   77.57%
CPX0000      336   338     1665.3873  4032     6845.0000     1535.2590  6413766   77.57%
CPX0000      337   339     1656.2770  4098     6845.0000     1535.2590  6422002   77.57%
CPX0000      338   340     1665.3873  4083     6845.0000     1535.2590  6433390   77.57%
CPX0000      340   342     1662.3302  4127     6845.0000     1535.2590  6442178   77.57%
CPX0000      348   350     1694.1367  4010     6845.0000     1535.2590  6451211   77.57%
CPX0000      357   359     1691.1215  4037     6845.0000     1535.2590  6459814   77.57%
CPX0000      360   362     1729.7096  3981     6845.0000     1535.2590  6461988   77.57%
CPX0000      366   368     1745.2992  4005     6845.0000     1535.2590  6471436   77.57%
CPX0000  Elapsed time = 43834.02 sec. (9507634.82 ticks, tree = 14.30 MB
CPX0000      371   373     1756.6342  3998     6845.0000     1535.2590  6485474   77.57%
CPX0000      373   375     1756.6342  3990     6845.0000     1535.2590  6496744   77.57%
CPX0000      375   377     1747.6548  4005     6845.0000     1535.2590  6507866   77.57%
CPX0000      377   379     1753.5847  4034     6845.0000     1535.2590  6521894   77.57%
CPX0000      378   380     1751.2257  4023     6845.0000     1535.2590  6526838   77.57%
CPX0000      383   385     1751.2447  4179     6845.0000     1535.2590  6535511   77.57%
CPX0000      386   388     1756.0738  3985     6845.0000     1535.2590  6545606   77.57%
CPX0000      388   390     1756.0738  3969     6845.0000     1535.2590  6551479   77.57%
CPX0000      390   392     1756.0738  3988     6845.0000     1535.2590  6559851   77.57%
CPX0000      391   393     1758.7037  3977     6845.0000     1535.2590  6566522   77.57%
CPX0000  Elapsed time = 44192.15 sec. (9584989.84 ticks, tree = 14.87 MB
CPX0000      393   395     1760.2116  4038     6845.0000     1535.2590  6574120   77.57%
CPX0000      394   396     1757.6210  4095     6845.0000     1535.2590  6583609   77.57%
CPX0000      395   397     1760.2116  3993     6845.0000     1535.2590  6588648   77.57%
CPX0000      397   399     1774.7707  4011     6845.0000     1535.2590  6604485   77.57%
CPX0000      398   400     1761.0109  4017     6845.0000     1535.2590  6613446   77.57%
CPX0000      399   401     1775.2935  3894     6845.0000     1535.2590  6627331   77.57%
CPX0000      400   402     1779.9662  3842     6845.0000     1535.2590  6636054   77.57%
CPX0000      401   403     1780.0472  3821     6845.0000     1535.2590  6645602   77.57%
CPX0000      403   405     1780.0472  3808     6845.0000     1535.2590  6654732   77.57%
CPX0000      405   407     1781.6361  3975     6845.0000     1535.2590  6674618   77.57%
CPX0000  Elapsed time = 44785.17 sec. (9709076.61 ticks, tree = 15.18 MB
CPX0000      406   408     1790.6516  3921     6845.0000     1535.2590  6684889   77.57%
CPX0000      407   409     1793.2757  3979     6845.0000     1535.2590  6700600   77.57%
CPX0000      409   411     1790.6616  3980     6845.0000     1535.2590  6709806   77.57%
CPX0000      410   412     1794.3038  3915     6845.0000     1535.2590  6718091   77.57%
CPX0000      411   413     1792.9258  4002     6845.0000     1535.2590  6724162   77.57%
CPX0000      413   415     1803.3195  4048     6845.0000     1535.2590  6733029   77.57%
CPX0000      416   418     1803.3195  4013     6845.0000     1535.2590  6743779   77.57%
CPX0000      418   420     1806.5025  3872     6845.0000     1535.2590  6753963   77.57%
CPX0000      419   421     1822.3278  4003     6845.0000     1535.2590  6759509   77.57%
CPX0000      421   423     1827.3278  3940     6845.0000     1535.2590  6770165   77.57%
CPX0000  Elapsed time = 45132.34 sec. (9780536.34 ticks, tree = 15.51 MB
CPX0000      422   424     1837.3278  3932     6845.0000     1535.2590  6780984   77.57%
CPX0000      425   427     1829.2907  3935     6845.0000     1535.2590  6795894   77.57%
CPX0000      427   429     1827.3278  3924     6845.0000     1535.2590  6803202   77.57%
CPX0000      429   431     1827.3278  3923     6845.0000     1535.2590  6808789   77.57%
CPX0000      440   442     1841.8020  3853     6845.0000     1535.2590  6818228   77.57%
CPX0000      450   452     1882.0846  3818     6845.0000     1535.2590  6826653   77.57%
CPX0000      453   455     1864.1585  3938     6845.0000     1535.2590  6834195   77.57%
CPX0000      455   457     1863.9083  3865     6845.0000     1535.2590  6841534   77.57%
CPX0000      457   459     1863.9083  3814     6845.0000     1535.2590  6847448   77.57%
CPX0000      458   460     1869.4979  3874     6845.0000     1535.2590  6855772   77.57%
CPX0000  Elapsed time = 45493.59 sec. (9858320.10 ticks, tree = 16.36 MB
CPX0000      459   461     1864.0794  3784     6845.0000     1535.2590  6862121   77.57%
CPX0000      461   463     1864.3351  3850     6845.0000     1535.2590  6867868   77.57%
CPX0000      462   464     1875.5583  3744     6845.0000     1535.2590  6879214   77.57%
CPX0000      465   467     1875.5583  3705     6845.0000     1535.2590  6893166   77.57%
CPX0000      467   469     1875.5583  3698     6845.0000     1535.2590  6901545   77.57%
CPX0000      471   473     1898.1801  3778     6845.0000     1535.2590  6912984   77.57%
CPX0000      474   476     1880.7949  3758     6845.0000     1535.2590  6923351   77.57%
CPX0000      476   478     1883.4885  3868     6845.0000     1535.2590  6933693   77.57%
CPX0000      479   481     1876.8140  3692     6845.0000     1535.2590  6939867   77.57%
CPX0000      481   483     1878.0927  3671     6845.0000     1535.2590  6945885   77.57%
CPX0000  Elapsed time = 45806.83 sec. (9924819.91 ticks, tree = 16.86 MB
CPX0000      483   485     1878.0927  3680     6845.0000     1535.2590  6952474   77.57%
CPX0000      484   486     1883.1962  3670     6845.0000     1535.2590  6962474   77.57%
CPX0000      485   487     1878.0927  3572     6845.0000     1535.2590  6970165   77.57%
CPX0000      487   489     1878.0927  3581     6845.0000     1535.2590  6976731   77.57%
CPX0000      489   491     1878.5374  3619     6845.0000     1535.2590  6989184   77.57%
CPX0000      490   492     1879.0332  3547     6845.0000     1535.2590  6997432   77.57%
CPX0000      492   494     1879.0332  3526     6845.0000     1535.2590  7004482   77.57%
CPX0000      493   495     1879.0332  3533     6845.0000     1535.2590  7010328   77.57%
CPX0000      495   497     1879.0332  3531     6845.0000     1535.2590  7020444   77.57%
CPX0000      496   498     1879.1769  3548     6845.0000     1535.2590  7025488   77.57%
CPX0000  Elapsed time = 46061.65 sec. (9982021.23 ticks, tree = 17.20 MB
CPX0000      497   499     1879.4911  3544     6845.0000     1535.2590  7031564   77.57%
CPX0000      499   501     1889.4911  3545     6845.0000     1535.2590  7038803   77.57%
CPX0000      501   503     1879.5047  3570     6845.0000     1535.2590  7048664   77.57%
CPX0000      510   512     1901.9573  3486     6845.0000     1535.2590  7058682   77.57%
CPX0000  *   511+  511                         6485.0000     1535.2590  7064447   76.33%
CPX0000  *   511+  511                         6315.0000     1535.2590  7064447   75.69%
CPX0000      511   513     1905.0442  3457     6315.0000     1535.2590  7064447   75.69%
[1m[30m[ZEN] [0m12:49:46 [1m[34m   6315.00[1m[32m   75.69%
[0mCPX0000  *   512+  512                         5375.0000     1535.2590  7103142   71.44%
CPX0000      512   514     1535.3547  6131     5375.0000     1535.3547  7103142   71.44%
[1m[30m[ZEN] [0m12:59:43 [1m[34m   5375.00[1m[32m   71.44%
[0mCPX0000  *   513+  342                         4185.0000     1650.9650  9441786   60.55%
CPX0000  *   513+  228                         4060.0000     1650.9650  9441786   59.34%
CPX0000  *   513+  152                         3990.0000     1650.9650  9441786   58.62%
CPX0000  *   513+  101                         3970.0000     1650.9650  9441786   58.41%
CPX0000  *   513+   66                         3945.0000     1650.9650  9441786   58.15%
CPX0000  *   513+   44                         3935.0000     1650.9650  9441786   58.04%
CPX0000  *   513+   29                         3910.0000     1650.9650  9441786   57.78%
[1m[30m[ZEN] [0m19:02:21 [1m[34m   3910.00[1m[32m   57.78%
[0mCPX0000      513    30     1650.9650  5887     3910.0000     1652.4982  9441786   57.74%
CPX0000      514    30     1657.4322  5606     3910.0000     1656.3076  9488283   57.64%
CPX0000      515    31     1661.6980  5572     3910.0000     1656.3076  9514510   57.64%
CPX0000      516    31     1665.7743  5613     3910.0000     1656.3076  9547084   57.64%
CPX0000  Elapsed time = 69264.84 sec. (15264105.52 ticks, tree = 0.95 MB
CPX0000      517    31     1664.1980  5531     3910.0000     1656.3076  9567189   57.64%
CPX0000      518    32     1664.1980  5364     3910.0000     1656.3076  9585943   57.64%
CPX0000      520    33     1669.1980  5387     3910.0000     1656.3076  9638480   57.64%
CPX0000      521    34     1675.4875  5226     3910.0000     1656.3076  9653380   57.64%
CPX0000      522    35     1673.4604  5170     3910.0000     1656.3076  9719429   57.64%
CPX0000      523    36     1680.8438  5215     3910.0000     1656.3076  9727880   57.64%
CPX0000      524    36     1683.9501  5172     3910.0000     1656.3076  9756926   57.64%
CPX0000      525    37     1688.5537  5209     3910.0000     1656.3076  9771194   57.64%
CPX0000      526    38     1693.6872  5269     3910.0000     1656.3076  9780608   57.64%
CPX0000      527    38     1697.5404  5191     3910.0000     1656.3076  9803724   57.64%
CPX0000  Elapsed time = 70200.88 sec. (15477970.23 ticks, tree = 1.00 MB
CPX0000      528    39     1718.4114  5269     3910.0000     1656.3076  9884556   57.64%
CPX0000      529    39     1703.0719  5312     3910.0000     1656.3076  9980907   57.64%
CPX0000      530    40     1704.1851  5186     3910.0000     1656.3076  9988141   57.64%
CPX0000      531    40     1717.0571  4922     3910.0000     1656.3076 10006372   57.64%
CPX0000      532    41     1708.3243  5052     3910.0000     1656.3076 10020388   57.64%
CPX0000      533    42     1710.7809  5261     3910.0000     1656.3076 10045393   57.64%
CPX0000      534    42     1731.7808  5308     3910.0000     1656.3076 10164621   57.64%
CPX0000      535    43     1712.0629  5208     3910.0000     1656.3076 10171058   57.64%
CPX0000      536    44     1712.6954  5200     3910.0000     1656.3076 10206915   57.64%
CPX0000      537    45     1723.9522  4991     3910.0000     1656.3076 10231736   57.64%
CPX0000  Elapsed time = 72116.50 sec. (15871324.98 ticks, tree = 4.02 MB
CPX0000      538    46     1712.6954  4974     3910.0000     1656.3076 10264616   57.64%
CPX0000      539    47     1713.6802  5279     3910.0000     1656.3076 10290768   57.64%
CPX0000      540    48     1714.9084  5017     3910.0000     1656.3076 10331031   57.64%
CPX0000      541    48     1715.2986  5393     3910.0000     1656.3076 10383823   57.64%
CPX0000      542    48     1715.0151  5095     3910.0000     1656.3076 10427552   57.64%
CPX0000      543    48     1716.2302  5012     3910.0000     1656.3076 10433902   57.64%
CPX0000      544    48     1725.2339  5123     3910.0000     1656.3076 10468770   57.64%
CPX0000      546    50     1734.2778  4857     3910.0000     1656.3076 10493864   57.64%
CPX0000      547    50     1718.2809  5149     3910.0000     1656.3076 10531869   57.64%
CPX0000      548    50     1721.8981  5078     3910.0000     1656.3076 10547412   57.64%
CPX0000  Elapsed time = 73509.31 sec. (16160788.92 ticks, tree = 5.76 MB
CPX0000      549    51     1723.4725  5083     3910.0000     1656.3076 10571615   57.64%
CPX0000      550    51     1732.6392  5017     3910.0000     1656.3076 10578924   57.64%
CPX0000      551    52     1738.4064  5027     3910.0000     1656.3076 10646799   57.64%
CPX0000      552    53     1734.6290  4997     3910.0000     1656.3076 10656291   57.64%
CPX0000      553    54     1738.6867  5168     3910.0000     1656.3076 10691569   57.64%
CPX0000      554    54     1748.7227  4932     3910.0000     1656.3076 10703234   57.64%
CPX0000      555    54     1763.8070  4976     3910.0000     1656.3076 10718418   57.64%
CPX0000      556    55     1752.7460  5360     3910.0000     1656.3076 10744457   57.64%
CPX0000      557    55     1752.7460  5252     3910.0000     1656.3076 10753436   57.64%
CPX0000      558    56     1753.4878  5107     3910.0000     1656.3076 10761986   57.64%
CPX0000  Elapsed time = 74398.05 sec. (16348535.70 ticks, tree = 5.80 MB
CPX0000      559    57     1759.0276  5103     3910.0000     1656.3076 10771766   57.64%
CPX0000      560    58     1763.4878  5003     3910.0000     1656.3076 10779739   57.64%
CPX0000      561    59     1760.1544  5095     3910.0000     1656.3076 10804658   57.64%
CPX0000      562    59     1763.8330  5046     3910.0000     1656.3076 10815271   57.64%
CPX0000      563    60     1764.8670  4904     3910.0000     1656.3076 10853367   57.64%
CPX0000      565    61     1768.5793  4893     3910.0000     1656.3076 10868910   57.64%
CPX0000      566    62     1765.2042  4853     3910.0000     1656.3076 10876002   57.64%
CPX0000      567    63     1766.4219  4838     3910.0000     1656.3076 10880285   57.64%
CPX0000      568    63     1774.9453  4795     3910.0000     1656.3076 10891059   57.64%
CPX0000      569    63     1778.0238  4976     3910.0000     1656.3076 10908863   57.64%
CPX0000  Elapsed time = 74967.56 sec. (16482966.25 ticks, tree = 5.87 MB
CPX0000      570    64     1776.6166  4771     3910.0000     1656.3076 10911792   57.64%
CPX0000      571    65     1779.4910  4783     3910.0000     1656.3076 10927484   57.64%
CPX0000      572    65     1807.9978  4859     3910.0000     1656.3076 10938455   57.64%
CPX0000      573    66     1791.1160  4801     3910.0000     1656.3076 10974174   57.64%
CPX0000      574    67     1799.4910  4875     3910.0000     1656.3076 10982762   57.64%
CPX0000      575    67     1801.6491  4793     3910.0000     1656.3076 10995248   57.64%
CPX0000      576    67     1806.1136  4813     3910.0000     1656.3076 10998481   57.64%
CPX0000      577    68     1803.2833  4788     3910.0000     1656.3076 11005597   57.64%
CPX0000      578    68     1803.4348  4878     3910.0000     1656.3076 11018183   57.64%
CPX0000      579    69     1806.1788  4898     3910.0000     1656.3076 11033277   57.64%
CPX0000  Elapsed time = 75457.15 sec. (16598545.02 ticks, tree = 9.07 MB
CPX0000      580    70     1828.4104  4969     3910.0000     1656.3076 11073203   57.64%
CPX0000      581    71     1804.1460  4892     3910.0000     1656.3076 11084424   57.64%
CPX0000      582    72     1813.4170  4976     3910.0000     1656.3076 11092158   57.64%
CPX0000      583    72     1804.1460  4910     3910.0000     1656.3076 11094954   57.64%
CPX0000      584    73     1804.3664  4854     3910.0000     1656.3076 11102494   57.64%
CPX0000      585    74     1811.4763  4905     3910.0000     1656.3076 11116973   57.64%
CPX0000      586    75     1805.1224  4947     3910.0000     1656.3076 11124547   57.64%
CPX0000      587    76     1805.4367  4922     3910.0000     1656.3076 11130809   57.64%
CPX0000      588    77     1819.6843  4827     3910.0000     1656.3076 11147547   57.64%
CPX0000      589    78     1805.9904  4942     3910.0000     1656.3076 11168779   57.64%
CPX0000  Elapsed time = 76166.52 sec. (16760606.72 ticks, tree = 10.37 MB
CPX0000      590    79     1812.5443  4954     3910.0000     1656.3076 11192013   57.64%
CPX0000      591    80     1807.5443  5029     3910.0000     1656.3076 11232838   57.64%
CPX0000      592    81     1812.8368  4922     3910.0000     1656.3076 11286682   57.64%
CPX0000      593    82     1809.6612  4873     3910.0000     1656.3076 11308881   57.64%
CPX0000      594    83     1812.0666  4810     3910.0000     1656.3076 11318492   57.64%
CPX0000      595    84     1816.9500  4779     3910.0000     1656.3076 11327222   57.64%
CPX0000      596    85     1828.5086  4843     3910.0000     1656.3076 11342921   57.64%
CPX0000      597    86     1830.8096  4892     3910.0000     1656.3076 11392842   57.64%
CPX0000      598    87     1838.0804  4874     3910.0000     1656.3076 11402543   57.64%
CPX0000      599    88     1839.1874  4655     3910.0000     1656.3076 11410069   57.64%
CPX0000  Elapsed time = 77240.51 sec. (17006246.86 ticks, tree = 10.56 MB
CPX0000      600    89     1847.5855  4736     3910.0000     1656.3076 11417590   57.64%
CPX0000      602    91     1842.5207  4687     3910.0000     1656.3076 11428054   57.64%
CPX0000      603    92     1855.7974  4628     3910.0000     1656.3076 11438233   57.64%
CPX0000      604    93     1856.0109  4699     3910.0000     1656.3076 11449707   57.64%
CPX0000      606    95     1858.5787  4603     3910.0000     1656.3076 11460626   57.64%
CPX0000      607    96     1865.5352  4572     3910.0000     1656.3076 11472173   57.64%
CPX0000      609    98     1858.6320  4590     3910.0000     1656.3076 11476172   57.64%
CPX0000      610    99     1887.3663  4503     3910.0000     1656.3076 11508084   57.64%
CPX0000      611   100     1859.1554  4707     3910.0000     1656.3076 11528109   57.64%
CPX0000      612   101     1859.1554  4541     3910.0000     1656.3076 11538640   57.64%
CPX0000  Elapsed time = 77933.40 sec. (17183910.30 ticks, tree = 10.84 MB
CPX0000  *   613+  100                         3805.0000     1656.3076 11540875   56.47%
CPX0000  *   613+  100                         3735.0000     1656.3076 11540875   55.65%
CPX0000  *   613+  100                         3715.0000     1656.3076 11540875   55.42%
CPX0000  *   613+  100                         3710.0000     1656.3076 11540875   55.36%
CPX0000  *   613+  100                         3705.0000     1656.3076 11540875   55.30%
CPX0000  *   613+  100                         3700.0000     1656.3076 11540875   55.23%
CPX0000  *   613+  100                         3695.0000     1656.3076 11540875   55.17%
CPX0000  *   613+  100                         3590.0000     1656.3076 11540875   53.86%
CPX0000      613   102     1859.1554  4568     3590.0000     1656.3076 11540875   53.86%
[1m[30m[ZEN] [0m21:39:32 [1m[34m   3590.00[1m[32m   53.86%
[0mCPX0000      614   103     1860.8890  4498     3590.0000     1656.3076 11558628   53.86%
CPX0000      615   104     1861.9056  4372     3590.0000     1656.3076 11574669   53.86%
CPX0000      616   105     1861.9056  4368     3590.0000     1656.3076 11588763   53.86%
CPX0000      617   106     1868.1383  4337     3590.0000     1656.3076 11621780   53.86%
CPX0000      618   107     1875.4953  4332     3590.0000     1656.3076 11649132   53.86%
CPX0000      619   108     1871.9102  4226     3590.0000     1656.3076 11702850   53.86%
CPX0000      620   109     1869.0713  4440     3590.0000     1656.3076 11734227   53.86%
CPX0000      621   110     1869.0713  4367     3590.0000     1656.3076 11744165   53.86%
CPX0000      622   111     1869.0713  4320     3590.0000     1656.3076 11753888   53.86%
CPX0000  Elapsed time = 78636.13 sec. (17338665.44 ticks, tree = 11.03 MB
CPX0000      623   112     1869.5992  4289     3590.0000     1656.3076 11764392   53.86%
CPX0000      624   113     1869.8369  4408     3590.0000     1656.3076 11773353   53.86%
CPX0000      625   114     1872.5112  4348     3590.0000     1656.3076 11799844   53.86%
CPX0000      626   115     1873.9019  4433     3590.0000     1656.3076 11845783   53.86%
CPX0000      627   116     1880.5170  4570     3590.0000     1656.3076 11875546   53.86%
CPX0000      629   118     1874.3551  4415     3590.0000     1656.3076 11885520   53.86%
CPX0000      631   120     1875.2261  4292     3590.0000     1656.3076 11892037   53.86%
CPX0000      632   121     1885.2261  4358     3590.0000     1656.3076 11899395   53.86%
CPX0000      633   122     1875.9009  4275     3590.0000     1656.3076 11905936   53.86%
CPX0000      634   123     1883.0054  4211     3590.0000     1656.3076 11915847   53.86%
CPX0000  Elapsed time = 79327.28 sec. (17510921.46 ticks, tree = 12.85 MB
CPX0000      636   125     1886.2197  4300     3590.0000     1656.3076 11933839   53.86%
CPX0000      637   126     1883.0832  4250     3590.0000     1656.3076 11937970   53.86%
CPX0000      638   127     1883.6100  4259     3590.0000     1656.3076 11946073   53.86%
CPX0000      639   128     1886.2652  4206     3590.0000     1656.3076 11966858   53.86%
CPX0000      640   129     1883.9421  4294     3590.0000     1656.3076 11975374   53.86%
CPX0000      641   130     1911.3299  4212     3590.0000     1656.3076 11998432   53.86%
CPX0000      642   131     1885.1260  4218     3590.0000     1656.3076 12005296   53.86%
CPX0000      643   132     1891.4363  4227     3590.0000     1656.3076 12024549   53.86%
CPX0000      644   133     1888.0718  4153     3590.0000     1656.3076 12044786   53.86%
CPX0000      645   134     1891.6425  4195     3590.0000     1656.3076 12054116   53.86%
CPX0000  Elapsed time = 79841.11 sec. (17631969.96 ticks, tree = 13.05 MB
CPX0000      646   135     1894.8883  4143     3590.0000     1656.3076 12077455   53.86%
CPX0000      647   136     1892.9417  4206     3590.0000     1656.3076 12080797   53.86%
CPX0000      648   137     1893.0057  4189     3590.0000     1656.3076 12082575   53.86%
CPX0000      649   138     1915.0653  4093     3590.0000     1656.3076 12110500   53.86%
CPX0000      650   139     1893.0766  4252     3590.0000     1656.3076 12143002   53.86%
CPX0000      651   140     1905.1655  4226     3590.0000     1656.3076 12179515   53.86%
CPX0000      653   142     1905.4449  4207     3590.0000     1656.3076 12202664   53.86%
CPX0000      654   143     1925.1232  3990     3590.0000     1656.3076 12311172   53.86%
CPX0000      655   144     1905.6830  4376     3590.0000     1656.3076 12330476   53.86%
CPX0000      656   145     1912.5098  4162     3590.0000     1656.3076 12350030   53.86%
CPX0000  Elapsed time = 80639.57 sec. (17818599.62 ticks, tree = 14.87 MB
CPX0000      657   146     1905.6830  4353     3590.0000     1656.3076 12356751   53.86%
CPX0000      658   147     1906.1955  4203     3590.0000     1656.3076 12379154   53.86%
CPX0000      659   148     1905.8001  4227     3590.0000     1656.3076 12391487   53.86%
CPX0000      660   149     1908.4262  4153     3590.0000     1656.3076 12397931   53.86%
CPX0000      661   150     1912.2032  4123     3590.0000     1656.3076 12410128   53.86%
CPX0000      662   151     1923.8172  4109     3590.0000     1656.3076 12418192   53.86%
CPX0000      665   154     1934.8276  4094     3590.0000     1656.3076 12429872   53.86%
CPX0000      666   155     1955.5853  4185     3590.0000     1656.3076 12440813   53.86%
CPX0000      667   156     1933.8569  4141     3590.0000     1656.3076 12479343   53.86%
CPX0000      668   157     1940.4736  4172     3590.0000     1656.3076 12492558   53.86%
CPX0000  Elapsed time = 81150.14 sec. (17935249.98 ticks, tree = 15.09 MB
CPX0000      669   158     1950.4736  4189     3590.0000     1656.3076 12500664   53.86%
CPX0000      670   159     1980.6719  4262     3590.0000     1656.3076 12515077   53.86%
CPX0000      671   160     1970.4736  4149     3590.0000     1656.3076 12523154   53.86%
CPX0000      672   161     1970.8997  4165     3590.0000     1656.3076 12537512   53.86%
CPX0000      673   162     1978.8032  4104     3590.0000     1656.3076 12550107   53.86%
CPX0000      674   163     1971.2102  4197     3590.0000     1656.3076 12568177   53.86%
CPX0000      676   165     1971.5310  4141     3590.0000     1656.3076 12575656   53.86%
CPX0000      677   166     1980.2032  4183     3590.0000     1656.3076 12588268   53.86%
CPX0000      679   168     1971.7109  4130     3590.0000     1656.3076 12599169   53.86%
CPX0000      681   170     1973.1735  4132     3590.0000     1656.3076 12605809   53.86%
CPX0000  Elapsed time = 81661.24 sec. (18048121.27 ticks, tree = 15.35 MB
CPX0000      682   171     1974.8818  3983     3590.0000     1656.3076 12611373   53.86%
CPX0000      683   172     1973.1735  4120     3590.0000     1656.3076 12619673   53.86%
CPX0000      684   173     1973.1735  4123     3590.0000     1656.3076 12625651   53.86%
CPX0000      685   174     1975.3597  4104     3590.0000     1656.3076 12643607   53.86%
CPX0000      686   175     1973.8060  4145     3590.0000     1656.3076 12656869   53.86%
CPX0000      687   176     1974.2458  4070     3590.0000     1656.3076 12668133   53.86%
CPX0000      688   177     1974.5006  4069     3590.0000     1656.3076 12676587   53.86%
CPX0000      689   178     1994.2982  4095     3590.0000     1656.3076 12692881   53.86%
CPX0000      691   180     1974.5921  4066     3590.0000     1656.3076 12699982   53.86%
CPX0000      692   181     1991.6524  3934     3590.0000     1656.3076 12715582   53.86%
CPX0000  Elapsed time = 82034.57 sec. (18132761.30 ticks, tree = 15.59 MB
CPX0000      693   182     1979.3398  4081     3590.0000     1656.3076 12729274   53.86%
CPX0000      694   183     1975.0129  4032     3590.0000     1656.3076 12742307   53.86%
CPX0000      696   185     1975.2305  3894     3590.0000     1656.3076 12752119   53.86%
CPX0000      697   186     1975.4309  3903     3590.0000     1656.3076 12760606   53.86%
CPX0000      698   187     1979.1039  4042     3590.0000     1656.3076 12782428   53.86%
CPX0000      699   188     1979.8744  4061     3590.0000     1656.3076 12787955   53.86%
CPX0000      701   190     1980.0536  4053     3590.0000     1656.3076 12790766   53.86%
CPX0000      702   191     1982.0175  4005     3590.0000     1656.3076 12810750   53.86%
CPX0000      703   192     1980.3277  4199     3590.0000     1656.3076 12819999   53.86%
CPX0000      705   194     1985.9659  4227     3590.0000     1656.3076 12825510   53.86%
CPX0000  Elapsed time = 82501.44 sec. (18250285.19 ticks, tree = 19.80 MB
CPX0000      708   197     2055.2914  4240     3590.0000     1656.3076 12837262   53.86%
CPX0000      710   199     1999.2992  4157     3590.0000     1656.3076 12845576   53.86%
CPX0000      712   201     1999.4923  4249     3590.0000     1656.3076 12851447   53.86%
CPX0000  *   713+  200                         3415.0000     1656.3076 12851926   51.50%
CPX0000  *   713+  200                         3400.0000     1656.3076 12851926   51.29%
CPX0000      713   202     1999.4923  4249     3400.0000     1656.3076 12851926   51.29%
[1m[30m[ZEN] [0m22:56:45 [1m[34m   3400.00[1m[32m   51.29%
[0mCPX0000      714   203     1999.4923  4143     3400.0000     1656.3076 12853743   51.29%
CPX0000      715   204     1999.5414  4147     3400.0000     1656.3076 12855665   51.29%
CPX0000      717   206     2019.0110  4034     3400.0000     1656.3076 12862548   51.29%
CPX0000      719   208     1999.8273  4061     3400.0000     1656.3076 12864571   51.29%
CPX0000      720   209     1999.9945  3875     3400.0000     1656.3076 12869921   51.29%
CPX0000      722   211     2000.2851  3843     3400.0000     1656.3076 12872213   51.29%
CPX0000  Elapsed time = 82785.17 sec. (18332582.92 ticks, tree = 27.25 MB
CPX0000      725   214     2000.2851  3896     3400.0000     1656.3076 12875930   51.29%
CPX0000      726   215     2000.2851  3874     3400.0000     1656.3076 12878528   51.29%
CPX0000      729   218     2023.2569  3849     3400.0000     1656.3076 12882099   51.29%
CPX0000      730   219     2067.3139  3915     3400.0000     1656.3076 12884791   51.29%
CPX0000      732   221     2039.8911  3762     3400.0000     1656.3076 12889471   51.29%
CPX0000      733   222     2023.3438  3863     3400.0000     1656.3076 12891397   51.29%
CPX0000      734   223     2023.3620  3852     3400.0000     1656.3076 12892217   51.29%
CPX0000      737   226     2033.5176  3775     3400.0000     1656.3076 12896316   51.29%
CPX0000      738   227     2043.3534  3886     3400.0000     1656.3076 12905386   51.29%
CPX0000      739   228     2033.5176  3782     3400.0000     1656.3076 12907913   51.29%
CPX0000  Elapsed time = 83887.77 sec. (18593222.25 ticks, tree = 39.44 MB
CPX0000      741   230     2055.7420  3873     3400.0000     1656.3076 12917300   51.29%
CPX0000      742   231     2033.6529  3787     3400.0000     1656.3076 12918633   51.29%
CPX0000      743   232     2033.6529  3763     3400.0000     1656.3076 12929554   51.29%
CPX0000      744   233     2033.8196  3952     3400.0000     1656.3076 12948304   51.29%
CPX0000      745   234     2033.8660  3927     3400.0000     1656.3076 12951002   51.29%
CPX0000      746   235     2045.3788  4008     3400.0000     1656.3076 12964895   51.29%
CPX0000      747   236     2033.9690  3857     3400.0000     1656.3076 12966960   51.29%
CPX0000      748   237     2035.0599  3925     3400.0000     1656.3076 12980639   51.29%
CPX0000      749   238     2037.7060  4076     3400.0000     1656.3076 13003616   51.29%
CPX0000      750   239     2055.0856  4033     3400.0000     1656.3076 13015078   51.29%
CPX0000  Elapsed time = 84542.32 sec. (18769909.31 ticks, tree = 46.77 MB
CPX0000      751   240     2037.7134  3969     3400.0000     1656.3076 13018748   51.29%
CPX0000      752   241     2047.7005  3893     3400.0000     1656.3076 13033573   51.29%
CPX0000      753   242     2037.7474  3934     3400.0000     1656.3076 13039803   51.29%
CPX0000      755   244     2038.1305  3882     3400.0000     1656.3076 13048296   51.29%
CPX0000      756   245     2042.8918  3852     3400.0000     1656.3076 13080445   51.29%
CPX0000      757   246     2044.5347  3829     3400.0000     1656.3076 13093074   51.29%
CPX0000      758   247     2049.8328  3819     3400.0000     1656.3076 13113568   51.29%
CPX0000      759   248     2044.5347  3820     3400.0000     1656.3076 13120424   51.29%
CPX0000      760   249     2064.5843  3748     3400.0000     1656.3076 13140859   51.29%
CPX0000      762   251     2069.7515  3807     3400.0000     1656.3076 13160256   51.29%
CPX0000  Elapsed time = 85212.74 sec. (18951445.95 ticks, tree = 50.94 MB
CPX0000      763   252     2044.7377  3737     3400.0000     1656.3076 13169261   51.29%
CPX0000      764   253     2044.8291  3782     3400.0000     1656.3076 13175281   51.29%
CPX0000      767   256     2048.1778  3730     3400.0000     1656.3076 13186496   51.29%
CPX0000      768   257     2044.9486  3769     3400.0000     1656.3076 13203196   51.29%
CPX0000      769   258     2045.2897  3760     3400.0000     1656.3076 13216677   51.29%
CPX0000      770   259     2066.3755  3671     3400.0000     1656.3076 13242267   51.29%
CPX0000      772   261     2055.0247  3641     3400.0000     1656.3076 13252902   51.29%
CPX0000      774   263     2055.0730  3709     3400.0000     1656.3076 13273078   51.29%
CPX0000      777   266     2054.6893  3731     3400.0000     1656.3076 13284846   51.29%
CPX0000      778   267     2055.0030  3769     3400.0000     1656.3076 13294727   51.29%
CPX0000  Elapsed time = 85610.01 sec. (19043377.40 ticks, tree = 51.30 MB
CPX0000      779   268     2056.1969  3748     3400.0000     1656.3076 13302731   51.29%
CPX0000      780   269     2063.7503  3706     3400.0000     1656.3076 13309913   51.29%
CPX0000      782   271     2083.0762  3599     3400.0000     1656.3076 13321326   51.29%
CPX0000      783   272     2066.6775  3687     3400.0000     1656.3076 13327651   51.29%
CPX0000      784   273     2064.6253  3727     3400.0000     1656.3076 13335478   51.29%
CPX0000      786   275     2065.8896  3718     3400.0000     1656.3076 13342359   51.29%
CPX0000      788   277     2066.0462  3745     3400.0000     1656.3076 13349167   51.29%
CPX0000      791   280     2098.3878  3761     3400.0000     1656.3076 13365778   51.29%
CPX0000      793   282     2067.0656  3641     3400.0000     1656.3076 13376895   51.29%
CPX0000      794   283     2067.0656  3747     3400.0000     1656.3076 13383157   51.29%
CPX0000  Elapsed time = 85957.45 sec. (19121158.44 ticks, tree = 51.64 MB
CPX0000      795   284     2076.5121  3844     3400.0000     1656.3076 13400990   51.29%
CPX0000      796   285     2076.8035  3766     3400.0000     1656.3076 13410165   51.29%
CPX0000      797   286     2079.6040  3772     3400.0000     1656.3076 13434107   51.29%
CPX0000      798   287     2077.1544  3736     3400.0000     1656.3076 13443109   51.29%
CPX0000      799   288     2084.6048  3820     3400.0000     1656.3076 13457299   51.29%
CPX0000      800   289     2078.4350  3740     3400.0000     1656.3076 13470372   51.29%
CPX0000      801   290     2085.3006  3705     3400.0000     1656.3076 13479188   51.29%
CPX0000      803   292     2088.4350  3727     3400.0000     1656.3076 13486467   51.29%
CPX0000      807   296     2093.5355  3615     3400.0000     1656.3076 13496750   51.29%
CPX0000      808   297     2102.8184  3733     3400.0000     1656.3076 13516393   51.29%
CPX0000  Elapsed time = 86358.93 sec. (19212511.92 ticks, tree = 51.93 MB
CPX0000      809   298     2093.8833  3610     3400.0000     1656.3076 13524574   51.29%
CPX0000
CPX0000  GUB cover cuts applied:  306
CPX0000  Clique cuts applied:  491
CPX0000  Cover cuts applied:  1
CPX0000  Implied bound cuts applied:  9
CPX0000  Mixed integer rounding cuts applied:  31
CPX0000  Zero-half cuts applied:  4683
CPX0000  Lift and project cuts applied:  3
CPX0000  Gomory fractional cuts applied:  21
CPX0000
CPX0000  Root node processing (before b&c):
CPX0000    Real time             = 30519.20 sec. (6725215.54 ticks)
CPX0000  Sequential b&c:
CPX0000    Real time             = 55880.87 sec. (12496815.09 ticks)
CPX0000                            ------------
CPX0000  Total (root+branch&cut) = 86400.07 sec. (19222030.63 ticks)
H2 understaffing: 0
H3 shiftTypeSuccessions: 0
S1 optimalCoverage: 600
S2a consecutiveShift: 120 = (8,0 )
S2b consecutiveWorkingDays: 240 = ( 5,3 )
S3 consecutiveDaysOff: 600 = ( 19,1 )
S4 preferences: 220
S5 completeWeekend: 60
S6 totalAssignments: 1200
S7 totalWorkingWeekeends: 360
 

Cost Solution: 3400

      |M|T|W|T|F|S|S| |M|T|W|T|F|S|S| |M|T|W|T|F|S|S| |M|T|W|T|F|S|S|
-----------------------------------------------------------------------
HN_0  |L|L|-|-|-|-|-| |D|D|D|D|-|-|E| |E|E|E|-|-|-|-| |N|N|N|N|N|-|-|
HN_1  |D|D|-|-|-|N|N| |N|N|N|-|-|-|-| |L|L|L|L|L|-|-| |-|-|-|D|D|E|E|
HN_2  |D|D|L|L|-|-|-| |-|-|D|D|L|L|L| |-|-|-|-|D|D|D| |-|-|D|D|D|-|-|
HN_3  |-|D|D|D|D|-|-| |-|-|-|-|E|-|-| |-|-|-|-|E|E|E| |E|E|D|D|-|-|-|
HN_4  |L|L|-|-|E|E|E| |-|-|L|L|L|-|-| |-|-|-|E|E|L|L| |-|-|E|E|E|-|-|
HN_5  |N|N|N|N|-|-|-| |-|-|N|N|N|N|N| |-|E|E|D|D|-|-| |-|D|D|L|L|-|-|
HN_6  |E|E|E|E|-|-|-| |E|E|E|E|-|-|-| |-|-|N|N|N|N|N| |-|-|L|L|L|L|N|
HN_7  |E|E|E|-|-|L|L| |L|L|-|-|-|E|E| |D|D|-|-|-|-|-| |L|L|L|L|-|-|-|
NU_8  |-|-|N|N|N|N|N| |-|-|-|-|L|L|L| |L|L|-|-|-|-|-| |N|N|N|N|N|-|-|
NU_9  |E|E|E|E|-|-|-| |-|N|N|N|N|-|-| |N|N|N|N|N|-|-| |-|-|-|E|E|E|L|
NU_10 |-|L|L|L|L|-|-| |N|N|N|N|N|-|-| |D|D|L|L|L|-|-| |-|L|L|L|L|-|-|
NU_11 |N|-|-|E|E|E|E| |-|-|N|N|N|N|N| |-|-|E|E|E|-|-| |N|N|N|N|N|-|-|
NU_12 |N|N|N|N|N|-|-| |-|N|N|N|N|-|-| |L|L|L|-|-|-|-| |L|L|L|-|-|-|-|
NU_13 |N|N|-|-|-|-|-| |D|D|D|D|-|-|-| |-|-|-|D|D|L|L| |L|-|-|-|-|-|-|
NU_14 |E|E|E|E|-|-|-| |-|E|E|E|E|-|-| |-|E|E|E|-|-|-| |-|E|E|L|L|-|-|
NU_15 |N|N|N|N|N|-|-| |D|D|D|D|-|-|-| |-|-|L|L|L|-|-| |L|L|L|-|-|-|-|
NU_16 |D|D|D|-|-|-|-| |D|D|D|E|E|-|-| |-|-|E|E|E|-|-| |-|-|D|D|D|D|N|
NU_17 |-|-|-|-|D|D|L| |L|L|-|-|-|-|-| |-|D|D|D|D|L|L| |-|-|-|-|-|-|-|
NU_18 |L|L|L|L|L|-|-| |L|L|L|-|-|D|D| |E|E|-|-|-|-|-| |D|D|D|D|-|-|-|
NU_19 |E|E|-|-|-|-|-| |L|L|L|L|-|-|-| |N|N|N|N|N|-|-| |-|L|L|L|L|-|-|
NU_20 |N|N|N|N|N|-|-| |E|E|E|E|E|-|-| |N|N|N|N|N|-|-| |E|E|E|E|E|-|-|
NU_21 |-|-|-|E|E|E|E| |E|-|-|-|-|-|-| |N|N|N|N|-|-|-| |N|N|N|N|N|-|-|
NU_22 |L|-|E|E|E|-|-| |N|N|N|N|N|-|-| |D|D|D|D|D|-|-| |D|D|N|N|N|-|-|
NU_23 |E|E|E|-|-|-|-| |-|N|N|N|N|-|-| |-|N|N|N|N|-|-| |-|-|-|E|E|E|E|
NU_24 |-|N|N|N|N|-|-| |-|-|-|D|D|D|D| |D|-|-|-|-|-|-| |E|E|E|E|E|-|-|
NU_25 |E|E|E|L|L|-|-| |E|E|E|E|E|-|-| |D|D|D|D|D|-|-| |E|E|E|E|E|-|-|
NU_26 |E|-|L|L|L|-|-| |E|E|E|E|E|-|-| |L|L|L|-|-|D|D| |D|D|-|-|L|L|L|
NU_27 |-|-|L|L|L|-|-| |D|D|D|D|D|-|-| |N|N|N|-|-|E|E| |D|D|-|-|E|E|L|
NU_28 |-|-|D|D|D|-|-| |E|E|L|L|L|-|-| |-|-|D|D|D|-|-| |N|N|N|N|N|-|-|
NU_29 |L|L|L|-|-|-|-| |E|E|D|D|D|-|-| |-|-|L|L|L|-|-| |N|N|N|N|N|-|-|
NU_30 |D|D|D|D|D|-|-| |-|-|-|L|L|L|L| |L|-|-|-|N|N|N| |N|N|-|-|-|-|-|
NU_31 |-|-|L|L|L|-|-| |E|E|E|E|E|-|-| |D|D|L|L|L|-|-| |L|L|L|-|-|D|D|
NU_32 |-|-|-|-|D|D|D| |L|L|-|-|-|-|-| |E|E|E|E|-|-|-| |-|-|N|N|N|N|-|
NU_33 |L|-|-|L|L|L|L| |L|-|-|-|N|N|N| |N|N|-|-|N|N|N| |N|-|-|-|E|E|L|
NU_34 |N|N|N|N|N|-|-| |-|-|-|-|L|L|L| |L|-|-|-|-|-|-| |D|D|D|E|E|-|-|
NU_35 |-|-|D|D|D|-|-| |L|L|L|-|-|-|-| |E|E|D|D|D|-|-| |-|-|D|D|L|L|N|
NU_36 |-|-|-|-|N|N|N| |N|-|-|-|-|-|E| |E|L|L|-|-|-|-| |-|D|D|E|E|-|-|
NU_37 |N|-|-|E|E|L|L| |-|-|L|L|L|-|-| |L|L|L|-|-|E|E| |D|D|-|-|-|-|-|
NU_38 |-|-|-|-|N|N|N| |N|N|-|-|-|-|-| |-|N|N|N|N|-|-| |-|-|-|-|D|D|D|
NU_39 |L|L|-|-|-|-|-| |E|E|E|E|-|-|-| |D|D|E|E|E|-|-| |N|N|N|N|N|-|-|
CT_40 |-|L|L|L|L|-|-| |D|D|D|D|D|-|-| |-|-|-|D|D|D|D| |-|-|-|-|L|L|L|
CT_41 |-|-|-|E|E|N|N| |N|N|-|-|-|-|-| |D|D|D|D|D|-|-| |-|-|-|-|N|N|N|
CT_42 |-|-|L|L|L|-|-| |D|D|D|D|D|-|-| |D|D|E|E|N|N|N| |-|-|D|D|D|E|E|
CT_43 |-|-|-|D|D|D|D| |-|-|-|-|-|-|D| |D|L|L|-|-|-|-| |-|D|D|D|D|-|-|
CT_44 |D|D|D|D|D|-|-| |L|L|L|L|L|-|-| |N|N|N|N|N|-|-| |E|E|E|E|E|-|-|
CT_45 |D|D|D|D|D|-|-| |N|N|N|N|N|-|-| |L|L|L|-|-|L|L| |L|-|-|D|D|D|D|
CT_46 |D|D|D|D|D|-|-| |D|D|E|E|E|-|-| |D|D|D|E|E|-|-| |E|E|E|-|-|D|D|
CT_47 |E|E|E|E|E|-|-| |-|-|E|E|E|D|D| |-|-|-|-|E|E|E| |E|E|-|-|-|-|-|
CT_48 |N|N|N|-|-|-|-| |E|E|E|E|E|-|-| |-|E|E|E|E|-|-| |E|E|E|-|-|-|-|
CT_49 |E|-|-|E|E|E|D| |D|-|-|D|D|D|E| |-|-|D|D|D|-|-| |E|E|D|D|D|-|-|
CT_50 |D|D|D|D|-|-|-| |-|-|N|N|N|N|-| |-|-|-|-|L|L|L| |L|L|-|-|-|-|-|
CT_51 |-|-|-|D|D|D|D| |D|-|-|-|-|-|-| |E|E|L|L|L|-|-| |-|-|-|N|N|N|N|
CT_52 |E|E|E|E|-|-|-| |L|L|L|-|-|-|-| |N|N|N|N|N|-|-| |-|-|L|L|L|-|-|
CT_53 |L|L|-|-|L|L|L| |-|-|L|L|L|-|-| |E|E|E|E|E|-|-| |D|D|D|D|D|-|-|
CT_54 |L|L|-|-|N|N|N| |N|N|-|-|D|D|D| |-|-|E|E|E|-|-| |D|D|L|L|L|-|-|
CT_55 |N|N|N|N|N|-|-| |N|N|N|N|N|-|-| |-|D|D|D|D|D|-| |-|-|D|D|D|E|E|
CT_56 |N|N|N|N|N|-|-| |D|D|L|L|L|-|-| |L|L|L|L|L|-|-| |L|L|L|L|L|-|-|
CT_57 |-|L|L|L|L|-|-| |D|D|L|L|L|-|-| |-|-|N|N|N|N|N| |-|-|-|-|N|N|N|
CT_58 |D|D|D|D|-|-|-| |L|L|L|-|-|E|E| |E|E|-|-|-|-|-| |L|L|L|-|-|D|D|
CT_59 |D|-|-|-|E|E|E| |L|L|-|-|-|-|-| |D|D|D|L|L|-|-| |D|D|L|L|L|-|-|
TR_60 |N|N|N|N|N|-|-| |D|D|D|D|-|-|-| |L|L|L|-|N|N|N| |N|N|-|-|D|D|D|
TR_61 |D|D|-|-|-|-|-| |-|N|N|N|N|-|-| |-|-|-|D|D|D|E| |E|-|-|-|-|-|-|
TR_62 |L|L|L|-|-|N|N| |N|N|-|-|D|D|L| |L|-|-|D|N|N|N| |N|-|-|N|N|N|N|
TR_63 |D|E|E|E|-|-|-| |-|-|L|L|N|N|N| |N|-|-|-|-|-|-| |E|E|D|D|D|-|-|
TR_64 |-|-|E|E|E|-|-| |-|D|D|E|E|-|-| |D|D|D|-|-|E|E| |L|L|-|-|-|-|-|
TR_65 |D|D|D|L|L|-|-| |E|E|E|D|D|-|-| |-|D|D|L|L|L|-| |-|-|E|E|E|L|L|
TR_66 |-|-|L|L|N|N|N| |N|-|-|-|-|-|-| |N|N|N|N|-|-|-| |-|D|D|L|L|-|-|
TR_67 |-|-|-|-|L|L|L| |L|L|-|-|-|-|-| |-|D|D|-|-|-|-| |-|N|N|N|N|-|-|
TR_68 |L|-|-|-|D|D|D| |-|-|-|E|E|E|E| |-|-|E|E|E|-|-| |-|L|L|L|L|-|-|
TR_69 |E|E|D|D|D|-|-| |-|E|E|L|L|-|-| |E|E|E|E|E|-|-| |D|D|E|E|E|-|-|


Hard constraint violations
--------------------------

Minimal coverage constraints: 0
Required skill constraints: 0
Illegal shift type succession constraints: 0
Single assignment per day: 0


Cost per constraint type
------------------------

Total assignment constraints: 1200
Consecutive constraints: 360
Non working days constraints: 600
Preferences: 220
Max working weekend: 360
Complete weekends: 60
Optimal coverage constraints: 600

------------------------

Total cost: 3400
