Argumentos: 
./solver.release -i 14 -t 86400 -a 7 -h 86400 -w Testes/Mvic-i14 -m modeloCom2345.mod -o modeloCom2345.mod 
Seed: 1622416830
hidden-TXT/Sc-n070w4.txt
hidden-TXT/H0-n070w4-0.txt
hidden-TXT/WD-n070w4-8.txt hidden-TXT/WD-n070w4-6.txt hidden-TXT/WD-n070w4-0.txt hidden-TXT/WD-n070w4-8.txt 
Reading model section from modeloCom2345.mod...
367 lines were read
Reading data section from Testes/Mvic-i14/14.dat...
13093 lines were read
Generating obj...
Generating H1turnoDia...
Generating H2coberturaMinima...
Generating H3AsucessaoTurnos...
Generating H3BsucessaoTurnos...
Generating H4qualificacao...
Generating S1coberturaOtima...
Generating S2d...
Generating S2dHist...
Generating S2b...
Generating S2bHist...
Generating aux1S2a...
Generating auxS2a...
Generating aux3S2a...
Generating aux4S2a...
Generating s2aMin2...
Generating s2aHistMin2...
Generating s2aMin3...
Generating s2aHistMin3h1...
Generating s2aHistMin3h2...
Generating s2aMin4...
Generating s2aHistMin4h1...
Generating s2aHistMin4h2...
Generating s2aHistMin4h3...
Generating s2aMin5...
Generating s2aHistMin5h1...
Generating s2aHistMin5h2...
Generating s2aHistMin5h3...
Generating s2aHistMin5h4...
Generating auxS2b...
Generating aux1S2b...
Generating aux3S2b...
Generating aux4S2b...
Generating s2b...
Generating s2bHist...
Generating s2bMin3turnos...
Generating s2bHistMin3h1turnos...
Generating s2bHistMin3h2turnos...
Generating s2bMin4...
Generating s2bHistMin4h1...
Generating s2bHistMin4h2...
Generating s2bHistMin4h3...
Generating s2bMin5...
Generating s2bHistMin5h1...
Generating s2bHistMin5h2...
Generating s2bHistMin5h3...
Generating s2bHistMin5h34...
Generating auxS5...
Generating S6a...
Generating S6b...
Generating auxS7...
Generating S7...
Model has been successfully generated
Writing problem data to `Testes/Mvic-i14/14.lp'...
460200 lines were written
CPX0000  Tried aggregator 2 times.
CPX0000  MIP Presolve eliminated 15696 rows and 31807 columns.
CPX0000  MIP Presolve modified 3790 coefficients.
CPX0000  Aggregator did 155 substitutions.
CPX0000  Reduced MIP has 45323 rows, 52705 columns, and 379013 nonzeros.
CPX0000  Reduced MIP has 52285 binaries, 420 generals, 0 SOSs, and 0 indicators.
CPX0000  Presolve time = 0.76 sec. (398.70 ticks)
CPX0000  Found incumbent of value 1082455.000000 after 1.54 sec. (1002.41 ticks)
[1m[30m[ZEN] [0m00:00:01 [1m[34m1082455.00[1m[32m  100.00%
[0mCPX0000  Probing time = 0.08 sec. (37.09 ticks)
CPX0000  Tried aggregator 2 times.
CPX0000  MIP Presolve eliminated 13 rows and 13 columns.
CPX0000  Aggregator did 1 substitutions.
CPX0000  Reduced MIP has 45309 rows, 52691 columns, and 378985 nonzeros.
CPX0000  Reduced MIP has 52271 binaries, 420 generals, 0 SOSs, and 0 indicators.
CPX0000  Presolve time = 0.41 sec. (268.46 ticks)
CPX0000  Probing time = 0.04 sec. (14.51 ticks)
CPX0000  Clique table members: 11812.
CPX0000  MIP emphasis: balance optimality and feasibility.
CPX0000  MIP search method: dynamic search.
CPX0000  Parallel mode: none, using 1 thread.
CPX0000  Root relaxation solution time = 219.28 sec. (48968.68 ticks)
CPX0000
CPX0000          Nodes                                         Cuts/
CPX0000     Node  Left     Objective  IInf  Best Integer    Best Bound    ItCnt     Gap
CPX0000
CPX0000  *     0+    0                      1082455.0000        0.0000    55366  100.00%
CPX0000        0     0      321.2167  5361  1082455.0000      321.2167    55366   99.97%
CPX0000        0     0      505.9985  5158  1082455.0000    Cuts: 2362    91691   99.95%
CPX0000        0     0      663.0870  5256  1082455.0000    Cuts: 1957   122427   99.94%
CPX0000        0     0      715.5173  5258  1082455.0000    Cuts: 1903   151411   99.93%
CPX0000  *     0+    0                       233715.0000      715.5173   151411   99.69%
[1m[30m[ZEN] [0m00:15:10 [1m[34m 233715.00[1m[32m   99.69%
[0mCPX0000        0     0      734.4262  5381   233715.0000    Cuts: 1631   183891   99.69%
CPX0000        0     0      761.7461  5290   233715.0000    Cuts: 1504   227670   99.67%
CPX0000        0     0      778.8248  5041   233715.0000    Cuts: 1500   274712   99.67%
CPX0000        0     0      793.0781  5457   233715.0000    Cuts: 1482   314788   99.66%
CPX0000        0     0      812.2578  5260   233715.0000    Cuts: 1518   374110   99.65%
CPX0000        0     0      828.4170  5639   233715.0000    Cuts: 1419   410613   99.65%
CPX0000        0     0      840.0049  5712   233715.0000    Cuts: 1495   453002   99.64%
CPX0000        0     0      863.0607  5749   233715.0000    Cuts: 1535   491781   99.63%
CPX0000        0     0      883.8054  5782   233715.0000    Cuts: 1539   524186   99.62%
CPX0000        0     0      906.6294  5823   233715.0000    Cuts: 1342   565399   99.61%
CPX0000        0     0      924.3904  5705   233715.0000    Cuts: 1497   596366   99.60%
CPX0000        0     0      944.9618  5799   233715.0000    Cuts: 1444   632358   99.60%
CPX0000        0     0      963.9547  5959   233715.0000    Cuts: 1461   659309   99.59%
CPX0000        0     0      992.8067  5539   233715.0000    Cuts: 1390   692905   99.58%
CPX0000        0     0     1014.1451  5659   233715.0000    Cuts: 1427   722932   99.57%
CPX0000        0     0     1027.5707  5728   233715.0000    Cuts: 1421   758040   99.56%
CPX0000        0     0     1044.2229  5942   233715.0000    Cuts: 1404   785472   99.55%
CPX0000        0     0     1056.3460  5715   233715.0000    Cuts: 1495   817195   99.55%
CPX0000        0     0     1069.3056  5729   233715.0000    Cuts: 1379   850045   99.54%
CPX0000        0     0     1083.9212  5916   233715.0000    Cuts: 1412   883380   99.54%
CPX0000        0     0     1098.3704  5895   233715.0000    Cuts: 1288   917222   99.53%
CPX0000        0     0     1110.3224  5798   233715.0000    Cuts: 1449   949196   99.52%
CPX0000        0     0     1123.9558  5755   233715.0000    Cuts: 1331   977279   99.52%
CPX0000        0     0     1135.8577  5737   233715.0000    Cuts: 1280  1004299   99.51%
CPX0000        0     0     1146.5200  5620   233715.0000    Cuts: 1213  1043165   99.51%
CPX0000        0     0     1159.3172  5842   233715.0000    Cuts: 1280  1075689   99.50%
CPX0000        0     0     1168.9353  6231   233715.0000    Cuts: 1339  1101810   99.50%
CPX0000        0     0     1173.6665  6051   233715.0000    Cuts: 1238  1134312   99.50%
CPX0000        0     0     1193.0052  5873   233715.0000    Cuts: 1375  1164961   99.49%
CPX0000        0     0     1204.3284  6027   233715.0000    Cuts: 1302  1193182   99.48%
CPX0000        0     0     1212.8762  6063   233715.0000    Cuts: 1327  1222229   99.48%
CPX0000        0     0     1218.6460  6109   233715.0000    Cuts: 1213  1250838   99.48%
CPX0000        0     0     1226.5621  6234   233715.0000    Cuts: 1240  1283276   99.48%
CPX0000        0     0     1238.9503  5871   233715.0000    Cuts: 1283  1314842   99.47%
CPX0000        0     0     1248.6179  6297   233715.0000    Cuts: 1356  1349647   99.47%
CPX0000        0     0     1259.7173  6124   233715.0000    Cuts: 1289  1378630   99.46%
CPX0000        0     0     1270.9729  6041   233715.0000    Cuts: 1289  1411484   99.46%
CPX0000        0     0     1282.8077  6117   233715.0000    Cuts: 1256  1442855   99.45%
CPX0000        0     0     1291.6846  6191   233715.0000    Cuts: 1405  1473721   99.45%
CPX0000        0     0     1299.0523  6005   233715.0000    Cuts: 1269  1504876   99.44%
CPX0000        0     0     1308.3129  5978   233715.0000    Cuts: 1376  1528668   99.44%
CPX0000        0     0     1319.8845  6189   233715.0000    Cuts: 1326  1558551   99.44%
CPX0000        0     0     1322.9291  6293   233715.0000    Cuts: 1229  1585581   99.43%
CPX0000        0     0     1329.4749  6115   233715.0000    Cuts: 1279  1618233   99.43%
CPX0000        0     0     1334.1835  6080   233715.0000    Cuts: 1338  1651325   99.43%
CPX0000        0     0     1348.3199  6126   233715.0000    Cuts: 1253  1690961   99.42%
CPX0000        0     0     1355.7983  6519   233715.0000    Cuts: 1468  1724553   99.42%
CPX0000        0     0     1364.5543  6068   233715.0000    Cuts: 1518  1771258   99.42%
CPX0000        0     0     1371.8254  6258   233715.0000    Cuts: 1373  1806141   99.41%
CPX0000        0     0     1376.6967  6536   233715.0000    Cuts: 1340  1833027   99.41%
CPX0000        0     0     1386.8991  6293   233715.0000    Cuts: 1253  1871299   99.41%
CPX0000        0     0     1399.7272  6432   233715.0000    Cuts: 1477  1907761   99.40%
CPX0000        0     0     1412.2812  6132   233715.0000    Cuts: 1322  1947943   99.40%
CPX0000        0     0     1421.8971  6193   233715.0000    Cuts: 1363  1978845   99.39%
CPX0000        0     0     1430.6709  5786   233715.0000    Cuts: 1516  2041621   99.39%
CPX0000        0     0     1439.0917  6024   233715.0000    Cuts: 1384  2076402   99.38%
CPX0000        0     0     1443.4289  6379   233715.0000    Cuts: 1177  2109366   99.38%
CPX0000        0     0     1455.2102  6043   233715.0000    Cuts: 1197  2155133   99.38%
CPX0000        0     0     1459.7500  6363   233715.0000    Cuts: 1256  2184685   99.38%
CPX0000        0     0     1467.4478  6383   233715.0000    Cuts: 1162  2211240   99.37%
CPX0000        0     0     1475.9654  6297   233715.0000    Cuts: 1260  2244666   99.37%
CPX0000        0     0     1488.7905  6241   233715.0000    Cuts: 1432  2275086   99.36%
CPX0000        0     0     1493.8304  6423   233715.0000    Cuts: 1285  2303464   99.36%
CPX0000        0     0     1500.9413  6180   233715.0000    Cuts: 1348  2343623   99.36%
CPX0000        0     0     1506.6951  6134   233715.0000    Cuts: 1228  2382845   99.36%
CPX0000        0     0     1510.1806  6073   233715.0000    Cuts: 1207  2415943   99.35%
CPX0000        0     0     1513.2720  6169   233715.0000    Cuts: 1220  2440923   99.35%
CPX0000        0     0     1522.6991  6331   233715.0000    Cuts: 1385  2468679   99.35%
CPX0000        0     0     1526.9035  6464   233715.0000    Cuts: 1344  2506103   99.35%
CPX0000        0     0     1530.8235  6411   233715.0000    Cuts: 1273  2549074   99.35%
CPX0000        0     0     1534.1668  6204   233715.0000    Cuts: 1301  2583828   99.34%
CPX0000        0     0     1538.2751  6156   233715.0000    Cuts: 1284  2613073   99.34%
CPX0000        0     0     1546.8959  6451   233715.0000    Cuts: 1260  2634076   99.34%
CPX0000        0     0     1551.0736  6243   233715.0000    Cuts: 1216  2678328   99.34%
CPX0000        0     0     1557.7772  6412   233715.0000    Cuts: 1464  2707230   99.33%
CPX0000        0     0     1565.5812  6371   233715.0000    Cuts: 1278  2744708   99.33%
CPX0000        0     0     1568.9744  6702   233715.0000    Cuts: 1299  2774880   99.33%
CPX0000        0     0     1574.4136  6335   233715.0000    Cuts: 1159  2828437   99.33%
CPX0000        0     0     1581.1034  6104   233715.0000    Cuts: 1395  2871149   99.32%
CPX0000        0     0     1583.3904  6252   233715.0000    Cuts: 1326  2905159   99.32%
CPX0000        0     0     1591.6166  5947   233715.0000    Cuts: 1477  2936097   99.32%
CPX0000        0     0     1592.9795  6188   233715.0000    Cuts: 1283  2961647   99.32%
CPX0000        0     0     1595.1533  5918   233715.0000    Cuts: 1188  3002619   99.32%
CPX0000        0     0     1598.7048  5964   233715.0000    Cuts: 1356  3045615   99.32%
CPX0000        0     0     1602.9647  6332   233715.0000    Cuts: 1346  3074389   99.31%
CPX0000        0     0     1606.0643  6138   233715.0000    Cuts: 1410  3122622   99.31%
CPX0000        0     0     1610.5309  6316   233715.0000    Cuts: 1307  3157228   99.31%
CPX0000        0     0     1613.1204  6401   233715.0000    Cuts: 1425  3188467   99.31%
CPX0000        0     0     1621.3400  6214   233715.0000    Cuts: 1379  3222780   99.31%
CPX0000        0     0     1624.9859  6114   233715.0000    Cuts: 1449  3267451   99.30%
CPX0000        0     0     1629.0582  6083   233715.0000    Cuts: 1122  3296892   99.30%
CPX0000        0     0     1632.7852  5915   233715.0000    Cuts: 1231  3328070   99.30%
CPX0000        0     0     1640.4825  6123   233715.0000    Cuts: 1246  3364132   99.30%
CPX0000        0     0     1644.5418  6201   233715.0000    Cuts: 1259  3393168   99.30%
CPX0000        0     0     1648.5093  6112   233715.0000    Cuts: 1276  3423872   99.29%
CPX0000        0     0     1654.8906  6138   233715.0000    Cuts: 1152  3453972   99.29%
CPX0000        0     0     1656.3597  6010   233715.0000    Cuts: 1365  3495246   99.29%
CPX0000        0     0     1658.3191  6084   233715.0000    Cuts: 1291  3554538   99.29%
CPX0000        0     0     1661.7027  6112   233715.0000    Cuts: 1191  3583693   99.29%
CPX0000        0     0     1665.3008  6138   233715.0000    Cuts: 1356  3608563   99.29%
CPX0000        0     0     1668.0602  6181   233715.0000    Cuts: 1312  3651094   99.29%
CPX0000        0     0     1668.7972  6482   233715.0000    Cuts: 1246  3675772   99.29%
CPX0000        0     0     1670.6111  6385   233715.0000    Cuts: 1254  3704731   99.29%
CPX0000        0     0     1673.0366  6397   233715.0000    Cuts: 1210  3730662   99.28%
CPX0000        0     0     1674.5111  6175   233715.0000    Cuts: 1206  3762786   99.28%
CPX0000        0     0     1676.2047  5942   233715.0000    Cuts: 1233  3813140   99.28%
CPX0000        0     0     1679.3882  6192   233715.0000    Cuts: 1538  3846910   99.28%
CPX0000        0     0     1681.9714  6276   233715.0000    Cuts: 1112  3885620   99.28%
CPX0000        0     0     1685.8015  6197   233715.0000    Cuts: 1358  3925142   99.28%
CPX0000        0     0     1691.4021  5806   233715.0000    Cuts: 1245  3969592   99.28%
CPX0000        0     0     1695.5023  6122   233715.0000    Cuts: 1408  4001887   99.27%
CPX0000        0     0     1697.4824  6012   233715.0000    Cuts: 1234  4037758   99.27%
CPX0000        0     0     1699.6448  5999   233715.0000    Cuts: 1266  4067298   99.27%
CPX0000        0     0     1702.7638  6125   233715.0000    Cuts: 1120  4101475   99.27%
CPX0000        0     0     1705.3215  6072   233715.0000    Cuts: 1233  4133580   99.27%
CPX0000        0     0     1706.9696  5854   233715.0000    Cuts: 1291  4166189   99.27%
CPX0000        0     0     1710.0858  6030   233715.0000    Cuts: 1335  4200361   99.27%
CPX0000        0     0     1713.3913  6073   233715.0000    Cuts: 1275  4236788   99.27%
CPX0000        0     0     1715.2164  6109   233715.0000    Cuts: 1308  4267139   99.27%
CPX0000  Heuristic still looking.
CPX0000  Heuristic still looking.
CPX0000  *     0+    0                        71490.0000     1715.2164  4267139   97.60%
CPX0000  *     0+    0                        49075.0000     1715.2164  4267139   96.50%
CPX0000  *     0+    0                        13125.0000     1715.2164  4267139   86.93%
CPX0000  *     0+    0                         6970.0000     1715.2164  4267139   75.39%
CPX0000  *     0+    0                         6770.0000     1715.2164  4267139   74.66%
CPX0000  *     0+    0                         6745.0000     1715.2164  4267139   74.57%
CPX0000  *     0+    0                         6725.0000     1715.2164  4267139   74.49%
[1m[30m[ZEN] [0m09:13:00 [1m[34m   6725.00[1m[32m   74.49%
[0mCPX0000        0     2     1715.2164  6109     6725.0000     1715.2169  4267139   74.49%
CPX0000  Elapsed time = 33180.30 sec. (7266837.10 ticks, tree = 0.00 MB
CPX0000        1     3     1717.5116  5889     6725.0000     1715.2322  4269446   74.49%
CPX0000        2     4     1721.3169  5979     6725.0000     1717.5116  4273074   74.46%
CPX0000        3     5     1717.6124  5871     6725.0000     1717.5116  4273653   74.46%
CPX0000        4     6     1717.6124  5457     6725.0000     1717.5116  4298768   74.46%
CPX0000        5     7     1717.6124  5137     6725.0000     1717.5116  4361677   74.46%
CPX0000        6     8     1717.6124  5311     6725.0000     1717.5116  4419790   74.46%
CPX0000        7     9     1717.6124  5294     6725.0000     1717.5116  4475739   74.46%
CPX0000        8    10     1717.6124  5252     6725.0000     1717.5116  4529199   74.46%
CPX0000        9    11     1717.6124  5279     6725.0000     1717.5116  4583945   74.46%
CPX0000       10    12     1719.6319  5113     6725.0000     1717.5116  4639036   74.46%
CPX0000  Elapsed time = 36013.23 sec. (7806002.96 ticks, tree = 0.77 MB
CPX0000       11    13     1719.6319  5287     6725.0000     1717.5116  4663549   74.46%
CPX0000       12    14     1719.6521  5050     6725.0000     1717.5116  4667913   74.46%
CPX0000       13    15     1719.6521  5046     6725.0000     1717.5116  4671933   74.46%
CPX0000       14    16     1727.9877  4907     6725.0000     1717.5116  4706473   74.46%
CPX0000       15    17     1727.1153  5014     6725.0000     1717.5116  4712444   74.46%
CPX0000       17    19     1727.9877  4898     6725.0000     1717.5116  4715874   74.46%
CPX0000       18    20     1727.9877  4873     6725.0000     1717.5116  4724139   74.46%
CPX0000       19    21     1727.9877  4865     6725.0000     1717.5116  4748277   74.46%
CPX0000       20    22     1727.9877  4862     6725.0000     1717.5116  4748463   74.46%
CPX0000       22    24     1728.1796  4821     6725.0000     1717.5116  4753102   74.46%
CPX0000  Elapsed time = 37066.91 sec. (8034308.20 ticks, tree = 1.79 MB
CPX0000       23    25     1728.2141  4814     6725.0000     1717.5116  4756586   74.46%
CPX0000       24    26     1728.2795  4865     6725.0000     1717.5116  4761072   74.46%
CPX0000       25    27     1729.1072  4789     6725.0000     1717.5116  4769515   74.46%
CPX0000       27    29     1729.1072  4743     6725.0000     1717.5116  4776466   74.46%
CPX0000       29    31     1729.1950  4716     6725.0000     1717.5116  4782328   74.46%
CPX0000       30    32     1729.1950  4703     6725.0000     1717.5116  4786918   74.46%
CPX0000       31    33     1729.1950  4692     6725.0000     1717.5116  4790310   74.46%
CPX0000       32    34     1729.1950  4692     6725.0000     1717.5116  4791770   74.46%
CPX0000       33    35     1729.3645  4694     6725.0000     1717.5116  4799175   74.46%
CPX0000       34    36     1730.8389  4703     6725.0000     1717.5116  4828950   74.46%
CPX0000  Elapsed time = 37198.41 sec. (8067097.56 ticks, tree = 2.02 MB
CPX0000       35    37     1729.3645  4739     6725.0000     1717.5116  4838329   74.46%
CPX0000       36    38     1731.8213  4697     6725.0000     1717.5116  4868665   74.46%
CPX0000       37    39     1740.7183  4824     6725.0000     1717.5116  4918625   74.46%
CPX0000       38    40     1731.8213  4821     6725.0000     1717.5116  4959754   74.46%
CPX0000       40    42     1731.8751  4795     6725.0000     1717.5116  4964900   74.46%
CPX0000       42    44     1731.8751  4801     6725.0000     1717.5116  4966566   74.46%
CPX0000       43    45     1733.6380  4793     6725.0000     1717.5116  4972794   74.46%
CPX0000       44    46     1731.9609  4750     6725.0000     1717.5116  4986079   74.46%
CPX0000       45    47     1731.9609  4754     6725.0000     1717.5116  4989197   74.46%
CPX0000       46    48     1731.9609  4727     6725.0000     1717.5116  4991590   74.46%
CPX0000  Elapsed time = 38081.86 sec. (8246111.36 ticks, tree = 2.24 MB
CPX0000       47    49     1731.9609  4760     6725.0000     1717.5116  4997730   74.46%
CPX0000       48    50     1736.7094  4700     6725.0000     1717.5116  5022256   74.46%
CPX0000       49    51     1731.9609  4716     6725.0000     1717.5116  5029824   74.46%
CPX0000       50    52     1731.9609  4734     6725.0000     1717.5116  5034357   74.46%
CPX0000       51    53     1733.6952  4721     6725.0000     1717.5116  5045796   74.46%
CPX0000       52    54     1741.4145  4710     6725.0000     1717.5116  5083976   74.46%
CPX0000       53    55     1740.5799  4612     6725.0000     1717.5116  5103507   74.46%
CPX0000       54    56     1742.0117  4647     6725.0000     1717.5116  5112414   74.46%
CPX0000       55    57     1741.1726  4519     6725.0000     1717.5116  5129696   74.46%
CPX0000       56    58     1741.8997  4556     6725.0000     1717.5116  5134849   74.46%
CPX0000  Elapsed time = 38499.76 sec. (8330021.39 ticks, tree = 3.21 MB
CPX0000       57    59     1746.7189  4594     6725.0000     1717.5116  5146673   74.46%
CPX0000       58    60     1744.6458  4566     6725.0000     1717.5116  5159534   74.46%
CPX0000       59    61     1747.2912  4573     6725.0000     1717.5116  5180712   74.46%
CPX0000       60    62     1744.6458  4599     6725.0000     1717.5116  5195052   74.46%
CPX0000       61    63     1746.5739  5007     6725.0000     1717.5116  5216682   74.46%
CPX0000       62    64     1750.2549  4558     6725.0000     1717.5116  5221979   74.46%
CPX0000       63    65     1746.5739  4572     6725.0000     1717.5116  5230933   74.46%
CPX0000       64    66     1746.5739  4590     6725.0000     1717.5116  5234953   74.46%
CPX0000       65    67     1746.5739  4585     6725.0000     1717.5116  5237638   74.46%
CPX0000       68    70     1746.5856  4571     6725.0000     1717.5116  5240891   74.46%
CPX0000  Elapsed time = 38830.83 sec. (8405367.96 ticks, tree = 3.46 MB
CPX0000       69    71     1748.4254  4619     6725.0000     1717.5116  5250555   74.46%
CPX0000       70    72     1746.9644  4589     6725.0000     1717.5116  5254702   74.46%
CPX0000       71    73     1746.9644  4570     6725.0000     1717.5116  5259087   74.46%
CPX0000       72    74     1746.9644  4521     6725.0000     1717.5116  5270372   74.46%
CPX0000       73    75     1746.9644  4547     6725.0000     1717.5116  5276847   74.46%
CPX0000       74    76     1746.9644  4531     6725.0000     1717.5116  5296262   74.46%
CPX0000       76    78     1746.9644  4527     6725.0000     1717.5116  5306685   74.46%
CPX0000       77    79     1746.9644  4525     6725.0000     1717.5116  5322376   74.46%
CPX0000       78    80     1746.9644  4526     6725.0000     1717.5116  5328277   74.46%
CPX0000       79    81     1746.9644  4505     6725.0000     1717.5116  5338948   74.46%
CPX0000  Elapsed time = 39870.63 sec. (8604415.64 ticks, tree = 3.67 MB
CPX0000       80    82     1746.9644  4503     6725.0000     1717.5116  5339059   74.46%
CPX0000       81    83     1746.9644  4491     6725.0000     1717.5116  5346873   74.46%
CPX0000       83    85     1746.9644  4467     6725.0000     1717.5116  5349743   74.46%
CPX0000       84    86     1755.3294  4418     6725.0000     1717.5116  5354557   74.46%
CPX0000       85    87     1756.2409  4474     6725.0000     1717.5116  5381357   74.46%
CPX0000       88    90     1755.3668  4397     6725.0000     1717.5116  5385004   74.46%
CPX0000       90    92     1755.8883  4333     6725.0000     1717.5116  5392287   74.46%
CPX0000       91    93     1755.8883  4357     6725.0000     1717.5116  5396063   74.46%
CPX0000       92    94     1757.6116  4371     6725.0000     1717.5116  5405298   74.46%
CPX0000       94    96     1755.8883  4381     6725.0000     1717.5116  5408363   74.46%
CPX0000  Elapsed time = 40139.63 sec. (8658994.87 ticks, tree = 3.96 MB
CPX0000       97    99     1759.9603  4389     6725.0000     1717.5116  5425754   74.46%
CPX0000       98   100     1755.8883  4387     6725.0000     1717.5116  5430583   74.46%
CPX0000       99   101     1759.9603  4405     6725.0000     1717.5116  5448164   74.46%
CPX0000      100   102     1755.8883  4383     6725.0000     1717.5116  5450539   74.46%
CPX0000      102   104     1757.5500  4334     6725.0000     1717.5116  5468167   74.46%
CPX0000      103   105     1757.6277  4309     6725.0000     1717.5116  5475348   74.46%
CPX0000      106   108     1757.6277  4333     6725.0000     1717.5116  5487996   74.46%
CPX0000      107   109     1757.6277  4331     6725.0000     1717.5116  5491504   74.46%
CPX0000      108   110     1757.6277  4284     6725.0000     1717.5116  5500417   74.46%
CPX0000      110   112     1765.1277  4298     6725.0000     1717.5116  5518361   74.46%
CPX0000  Elapsed time = 40539.61 sec. (8737840.71 ticks, tree = 4.28 MB
CPX0000      111   113     1757.6277  4284     6725.0000     1717.5116  5529350   74.46%
CPX0000      113   115     1757.6277  4271     6725.0000     1717.5116  5532323   74.46%
CPX0000      115   117     1757.6277  4291     6725.0000     1717.5116  5542619   74.46%
CPX0000      116   118     1757.6277  4292     6725.0000     1717.5116  5556224   74.46%
CPX0000      117   119     1757.6277  4269     6725.0000     1717.5116  5563436   74.46%
CPX0000      119   121     1761.3561  4229     6725.0000     1717.5116  5576322   74.46%
CPX0000      122   124     1757.6277  4260     6725.0000     1717.5116  5589085   74.46%
CPX0000      123   125     1757.6277  4288     6725.0000     1717.5116  5594446   74.46%
CPX0000      124   126     1757.6277  4238     6725.0000     1717.5116  5611863   74.46%
CPX0000      126   128     1757.6277  4186     6725.0000     1717.5116  5621548   74.46%
CPX0000  Elapsed time = 40755.58 sec. (8780258.02 ticks, tree = 4.59 MB
CPX0000      130   132     1757.6277  4171     6725.0000     1717.5116  5635120   74.46%
CPX0000      132   134     1760.5721  4224     6725.0000     1717.5116  5681505   74.46%
CPX0000      134   136     1761.3561  4199     6725.0000     1717.5116  5698507   74.46%
CPX0000      136   138     1757.6277  4207     6725.0000     1717.5116  5710159   74.46%
CPX0000      137   139     1761.5847  4256     6725.0000     1717.5116  5726126   74.46%
CPX0000      138   140     1761.3561  4594     6725.0000     1717.5116  5746327   74.46%
CPX0000      140   142     1761.5847  4273     6725.0000     1717.5116  5758743   74.46%
CPX0000      145   147     1761.5847  4262     6725.0000     1717.5116  5769009   74.46%
CPX0000      146   148     1770.8201  4232     6725.0000     1717.5116  5796108   74.46%
CPX0000      150   152     1761.5847  4218     6725.0000     1717.5116  5807023   74.46%
CPX0000  Elapsed time = 41242.78 sec. (8882276.97 ticks, tree = 5.07 MB
CPX0000      153   155     1762.4134  4202     6725.0000     1717.5116  5821015   74.46%
CPX0000      154   156     1770.8201  4143     6725.0000     1717.5116  5840314   74.46%
CPX0000      156   158     1770.8201  4140     6725.0000     1717.5116  5850274   74.46%
CPX0000      158   160     1770.8201  4129     6725.0000     1717.5116  5867680   74.46%
CPX0000      161   163     1770.8201  4143     6725.0000     1717.5116  5878810   74.46%
CPX0000      163   165     1770.8201  4123     6725.0000     1717.5116  5888426   74.46%
CPX0000      165   167     1770.8201  4126     6725.0000     1717.5116  5910589   74.46%
CPX0000      169   171     1777.3530  4172     6725.0000     1717.5116  5930603   74.46%
CPX0000      170   172     1778.4802  4074     6725.0000     1717.5116  5944517   74.46%
CPX0000      171   173     1778.4802  4082     6725.0000     1717.5116  5957117   74.46%
CPX0000  Elapsed time = 41534.26 sec. (8943753.78 ticks, tree = 5.47 MB
CPX0000      172   174     1778.4802  4276     6725.0000     1717.5116  5967647   74.46%
CPX0000      173   175     1778.4802  4194     6725.0000     1717.5116  5986926   74.46%
CPX0000      175   177     1778.4802  4189     6725.0000     1717.5116  6008133   74.46%
CPX0000      176   178     1782.3882  4100     6725.0000     1717.5116  6024635   74.46%
CPX0000      178   180     1782.5250  4125     6725.0000     1717.5116  6031188   74.46%
CPX0000      180   182     1783.0494  4146     6725.0000     1717.5116  6035157   74.46%
CPX0000      184   186     1784.9675  4146     6725.0000     1717.5116  6045047   74.46%
CPX0000      187   189     1787.9728  4087     6725.0000     1717.5116  6055898   74.46%
CPX0000      191   193     1785.9227  4074     6725.0000     1717.5116  6063347   74.46%
CPX0000      194   196     1786.9349  4013     6725.0000     1717.5116  6069621   74.46%
CPX0000  Elapsed time = 41865.39 sec. (9021146.28 ticks, tree = 7.53 MB
CPX0000      195   197     1786.9349  4095     6725.0000     1717.5116  6074608   74.46%
CPX0000      196   198     1786.9349  4117     6725.0000     1717.5116  6086445   74.46%
CPX0000      199   201     1788.1355  4097     6725.0000     1717.5116  6094723   74.46%
CPX0000      200   202     1788.1355  4058     6725.0000     1717.5116  6100162   74.46%
CPX0000      202   204     1788.9460  4078     6725.0000     1717.5116  6108713   74.46%
CPX0000      203   205     1792.6497  4055     6725.0000     1717.5116  6118843   74.46%
CPX0000      204   206     1789.1241  4128     6725.0000     1717.5116  6123950   74.46%
CPX0000      205   207     1788.9460  4048     6725.0000     1717.5116  6134942   74.46%
CPX0000      206   208     1788.9460  4095     6725.0000     1717.5116  6142468   74.46%
CPX0000      207   209     1791.4418  4263     6725.0000     1717.5116  6162305   74.46%
CPX0000  Elapsed time = 42243.63 sec. (9103336.13 ticks, tree = 8.95 MB
CPX0000      210   212     1788.9460  4078     6725.0000     1717.5116  6176458   74.46%
CPX0000      213   215     1788.9460  4012     6725.0000     1717.5116  6189133   74.46%
CPX0000      215   217     1794.8620  4021     6725.0000     1717.5116  6200628   74.46%
CPX0000      216   218     1791.4418  4031     6725.0000     1717.5116  6227059   74.46%
CPX0000      218   220     1793.1616  4030     6725.0000     1717.5116  6254643   74.46%
CPX0000      221   223     1793.1616  4015     6725.0000     1717.5116  6266369   74.46%
CPX0000      222   224     1804.9032  3835     6725.0000     1717.5116  6301852   74.46%
CPX0000      225   227     1804.9032  3877     6725.0000     1717.5116  6309267   74.46%
CPX0000      227   229     1816.7739  3837     6725.0000     1717.5116  6325238   74.46%
CPX0000      229   231     1807.9856  3945     6725.0000     1717.5116  6347121   74.46%
CPX0000  Elapsed time = 42616.43 sec. (9178400.72 ticks, tree = 9.38 MB
CPX0000      232   234     1805.3641  3947     6725.0000     1717.5116  6359633   74.46%
CPX0000      233   235     1812.8227  3887     6725.0000     1717.5116  6383122   74.46%
CPX0000      235   237     1807.8359  3880     6725.0000     1717.5116  6408263   74.46%
CPX0000      237   239     1807.8869  3854     6725.0000     1717.5116  6414226   74.46%
CPX0000      240   242     1807.8869  3837     6725.0000     1717.5116  6421471   74.46%
CPX0000      241   243     1811.1640  3873     6725.0000     1717.5116  6430819   74.46%
CPX0000      243   245     1815.6352  3921     6725.0000     1717.5116  6451861   74.46%
CPX0000      245   247     1817.9370  3777     6725.0000     1717.5116  6474588   74.46%
CPX0000      246   248     1817.9370  3823     6725.0000     1717.5116  6507142   74.46%
CPX0000      247   249     1817.9370  3836     6725.0000     1717.5116  6521062   74.46%
CPX0000  Elapsed time = 43057.82 sec. (9273366.84 ticks, tree = 9.77 MB
CPX0000      249   251     1817.9370  3775     6725.0000     1717.5116  6533581   74.46%
CPX0000      252   254     1818.9895  3807     6725.0000     1717.5116  6557036   74.46%
CPX0000      253   255     1825.6989  3763     6725.0000     1717.5116  6574637   74.46%
CPX0000      254   256     1818.9895  3815     6725.0000     1717.5116  6587408   74.46%
CPX0000      256   258     1818.9895  3762     6725.0000     1717.5116  6598790   74.46%
CPX0000      258   260     1821.7785  3790     6725.0000     1717.5116  6627704   74.46%
CPX0000      260   262     1819.9096  3855     6725.0000     1717.5116  6662108   74.46%
CPX0000      263   265     1818.9945  3872     6725.0000     1717.5116  6673909   74.46%
CPX0000      264   266     1819.1544  3792     6725.0000     1717.5116  6691622   74.46%
CPX0000      265   267     1819.9096  3854     6725.0000     1717.5116  6714529   74.46%
CPX0000  Elapsed time = 43508.28 sec. (9361517.44 ticks, tree = 10.15 MB
CPX0000      266   268     1819.1544  3901     6725.0000     1717.5116  6729548   74.46%
CPX0000      268   270     1819.1544  3821     6725.0000     1717.5116  6742167   74.46%
CPX0000      271   273     1819.7931  3795     6725.0000     1717.5116  6758886   74.46%
CPX0000      274   276     1822.4257  3826     6725.0000     1717.5116  6795159   74.46%
CPX0000      275   277     1820.6425  3849     6725.0000     1717.5116  6817207   74.46%
CPX0000      276   278     1819.9212  3842     6725.0000     1717.5116  6822592   74.46%
CPX0000      277   279     1820.3220  3820     6725.0000     1717.5116  6825815   74.46%
CPX0000      278   280     1821.2697  3766     6725.0000     1717.5116  6838789   74.46%
CPX0000      283   285     1821.4157  3756     6725.0000     1717.5116  6858211   74.46%
CPX0000      287   289     1821.7816  3802     6725.0000     1717.5116  6870298   74.46%
CPX0000  Elapsed time = 43832.92 sec. (9428830.94 ticks, tree = 11.40 MB
CPX0000      289   291     1821.6550  3739     6725.0000     1717.5116  6881937   74.46%
CPX0000      293   295     1821.8494  3743     6725.0000     1717.5116  6900924   74.46%
CPX0000      294   296     1828.2378  3790     6725.0000     1717.5116  6926178   74.46%
CPX0000      296   298     1824.9975  3734     6725.0000     1717.5116  6945659   74.46%
CPX0000      297   299     1823.4330  3734     6725.0000     1717.5116  6969947   74.46%
CPX0000      299   301     1833.4100  3758     6725.0000     1717.5116  6982277   74.46%
CPX0000      302   304     1833.9761  3771     6725.0000     1717.5116  6998192   74.46%
CPX0000      305   307     1845.5567  3631     6725.0000     1717.5116  7028965   74.46%
CPX0000      306   308     1838.5369  3795     6725.0000     1717.5116  7048623   74.46%
CPX0000      309   311     1857.1986  3663     6725.0000     1717.5116  7072597   74.46%
CPX0000  Elapsed time = 44188.24 sec. (9498675.26 ticks, tree = 11.86 MB
CPX0000      312   314     1859.0913  3581     6725.0000     1717.5116  7095891   74.46%
CPX0000      317   319     1863.5907  3493     6725.0000     1717.5116  7115715   74.46%
CPX0000      319   321     1866.1651  3545     6725.0000     1717.5116  7133486   74.46%
CPX0000      320   322     1866.2092  3469     6725.0000     1717.5116  7139466   74.46%
CPX0000      323   325     1871.0690  3470     6725.0000     1717.5116  7160714   74.46%
CPX0000      325   327     1871.7310  3443     6725.0000     1717.5116  7181626   74.46%
CPX0000      327   329     1881.8861  3415     6725.0000     1717.5116  7199655   74.46%
CPX0000      332   334     1873.9749  3507     6725.0000     1717.5116  7222364   74.46%
CPX0000      335   337     1873.7689  3462     6725.0000     1717.5116  7245013   74.46%
CPX0000      339   341     1873.9243  3523     6725.0000     1717.5116  7263901   74.46%
CPX0000  Elapsed time = 44408.24 sec. (9561972.26 ticks, tree = 12.47 MB
CPX0000      343   345     1877.0171  3532     6725.0000     1717.5116  7281685   74.46%
CPX0000      346   348     1877.7327  3521     6725.0000     1717.5116  7311637   74.46%
CPX0000      349   351     1879.6371  3439     6725.0000     1717.5116  7328647   74.46%
CPX0000      353   355     1880.6484  3455     6725.0000     1717.5116  7346012   74.46%
CPX0000      356   358     1881.5515  3475     6725.0000     1717.5116  7369101   74.46%
CPX0000      361   363     1890.3932  3414     6725.0000     1717.5116  7389051   74.46%
CPX0000      365   367     1893.5400  3441     6725.0000     1717.5116  7412911   74.46%
CPX0000      368   370     1902.7844  3438     6725.0000     1717.5116  7438074   74.46%
CPX0000      372   374     1900.2801  3401     6725.0000     1717.5116  7462251   74.46%
CPX0000      375   377     1922.5059  3286     6725.0000     1717.5116  7480623   74.46%
CPX0000  Elapsed time = 44541.34 sec. (9611912.90 ticks, tree = 13.24 MB
CPX0000      377   379     1927.3136  3280     6725.0000     1717.5116  7504689   74.46%
CPX0000      380   382     1928.0812  3334     6725.0000     1717.5116  7522847   74.46%
CPX0000      384   386     1927.6859  3327     6725.0000     1717.5116  7544951   74.46%
CPX0000      387   389     1932.7318  3281     6725.0000     1717.5116  7568817   74.46%
CPX0000      389   391     1954.9839  3303     6725.0000     1717.5116  7588068   74.46%
CPX0000      396   398     1944.9097  3356     6725.0000     1717.5116  7604460   74.46%
CPX0000      400   402     1954.0761  3337     6725.0000     1717.5116  7613777   74.46%
CPX0000      408   410     1977.1265  3304     6725.0000     1717.5116  7630701   74.46%
CPX0000      418   420     1990.0445  3265     6725.0000     1717.5116  7648053   74.46%
CPX0000      426   428     2009.7458  3196     6725.0000     1717.5116  7666877   74.46%
CPX0000  Elapsed time = 44776.68 sec. (9678936.35 ticks, tree = 14.33 MB
CPX0000      433   435     2001.4041  3222     6725.0000     1717.5116  7697228   74.46%
CPX0000      434   436     2006.5205  3113     6725.0000     1717.5116  7717379   74.46%
CPX0000      437   439     2007.7948  3059     6725.0000     1717.5116  7746331   74.46%
CPX0000      439   441     2029.1180  3084     6725.0000     1717.5116  7768111   74.46%
CPX0000      440   442     2008.0121  3109     6725.0000     1717.5116  7776188   74.46%
CPX0000      441   443     2029.1180  3016     6725.0000     1717.5116  7795559   74.46%
CPX0000      444   446     2032.4049  3076     6725.0000     1717.5116  7827073   74.46%
CPX0000      447   449     2011.0918  3200     6725.0000     1717.5116  7849789   74.46%
CPX0000      448   450     2008.4350  3149     6725.0000     1717.5116  7865977   74.46%
CPX0000      450   452     2008.4350  3114     6725.0000     1717.5116  7880922   74.46%
CPX0000  Elapsed time = 45151.86 sec. (9759053.71 ticks, tree = 14.88 MB
CPX0000      452   454     2013.4762  3123     6725.0000     1717.5116  7901217   74.46%
CPX0000      454   456     2013.4762  3150     6725.0000     1717.5116  7915827   74.46%
CPX0000      456   458     2011.1434  3141     6725.0000     1717.5116  7941376   74.46%
CPX0000      459   461     2011.1434  3148     6725.0000     1717.5116  7964954   74.46%
CPX0000      471   473     2037.5425  3198     6725.0000     1717.5116  7981708   74.46%
CPX0000  *   479+  320                         5060.0000     1730.3474  8216417   65.80%
CPX0000  *   479+  213                         4980.0000     1730.3474  8216417   65.25%
CPX0000  *   479+  141                         4970.0000     1730.3474  8216417   65.18%
CPX0000  *   479+   93                         4885.0000     1730.3474  8216417   64.58%
CPX0000  *   479+   61                         4870.0000     1730.3474  8216417   64.47%
CPX0000  *   479+   40                         4860.0000     1730.3474  8216417   64.40%
CPX0000  *   479+   26                         4300.0000     1881.6055 10300549   56.24%
CPX0000  *   479+   17                         3795.0000     1881.6055 10300549   50.42%
CPX0000  *   479+   10                         3740.0000     1881.6055 10300549   49.69%
CPX0000  *   479+    6                         3735.0000     1881.6055 10300549   49.62%
[1m[30m[ZEN] [0m18:28:36 [1m[34m   3735.00[1m[32m   49.62%
[0mCPX0000      479     7     1881.6055  5716     3735.0000     1882.4865 10300549   49.60%
CPX0000      480     8     1887.5615  5388     3735.0000     1888.9627 10370211   49.43%
CPX0000      481     9     1890.7629  5269     3735.0000     1890.5615 10399262   49.38%
CPX0000      482     9     1895.3355  5280     3735.0000     1890.5615 10419698   49.38%
CPX0000      483    10     1896.0656  4684     3735.0000     1890.5615 10454930   49.38%
CPX0000  Elapsed time = 67504.05 sec. (14893342.66 ticks, tree = 0.21 MB
CPX0000      484    11     1901.1806  4738     3735.0000     1890.5615 10504444   49.38%
CPX0000      485    12     1904.6134  4859     3735.0000     1890.5615 10547841   49.38%
CPX0000      486    12     1909.0346  4530     3735.0000     1890.5615 10559514   49.38%
CPX0000      487    13     1904.1497  4673     3735.0000     1890.5615 10569175   49.38%
CPX0000      488    14     1908.2732  4827     3735.0000     1890.5615 10600663   49.38%
CPX0000      489    15     1908.2732  4538     3735.0000     1890.5615 10629986   49.38%
CPX0000      490    16     1912.4161  4446     3735.0000     1890.5615 10658014   49.38%
CPX0000      491    16     1916.3209  4799     3735.0000     1890.5615 10688042   49.38%
CPX0000      492    17     1916.5718  4797     3735.0000     1890.5615 10733540   49.38%
CPX0000      493    17     1919.0077  4607     3735.0000     1890.5615 10740182   49.38%
CPX0000  Elapsed time = 68498.67 sec. (15116963.83 ticks, tree = 0.28 MB
CPX0000      494    17     1929.5077  4613     3735.0000     1890.5615 10773401   49.38%
CPX0000      495    18     1935.3881  4413     3735.0000     1890.5615 10780027   49.38%
CPX0000      496    19     1923.2366  4327     3735.0000     1890.5615 10796233   49.38%
CPX0000      497    20     1926.2366  4311     3735.0000     1890.5615 10797407   49.38%
CPX0000      499    22     1961.2366  4267     3735.0000     1890.5615 10807655   49.38%
CPX0000      500    23     1962.0937  4368     3735.0000     1890.5615 10833249   49.38%
CPX0000      501    24     1965.3976  4252     3735.0000     1890.5615 10848370   49.38%
CPX0000      502    25     1975.2143  4193     3735.0000     1890.5615 10856298   49.38%
CPX0000      503    26     1967.8328  4199     3735.0000     1890.5615 10890588   49.38%
CPX0000      504    27     1967.8328  4137     3735.0000     1890.5615 10906993   49.38%
CPX0000  Elapsed time = 68844.49 sec. (15196922.76 ticks, tree = 0.46 MB
CPX0000      505    28     1967.8328  4160     3735.0000     1890.5615 10912533   49.38%
CPX0000      506    29     1968.2732  4114     3735.0000     1890.5615 10914197   49.38%
CPX0000      507    30     1968.9804  4058     3735.0000     1890.5615 10921405   49.38%
CPX0000      508    31     1973.9023  4004     3735.0000     1890.5615 10956834   49.38%
CPX0000      509    32     1972.8976  4234     3735.0000     1890.5615 10983232   49.38%
CPX0000      510    33     1974.5980  4126     3735.0000     1890.5615 11002166   49.38%
CPX0000      511    34     1975.0980  4071     3735.0000     1890.5615 11034777   49.38%
CPX0000      512    35     1975.5877  3976     3735.0000     1890.5615 11040470   49.38%
CPX0000      513    36     1975.8123  3919     3735.0000     1890.5615 11053683   49.38%
CPX0000      514    37     1977.4789  3948     3735.0000     1890.5615 11076427   49.38%
CPX0000  Elapsed time = 69527.06 sec. (15345815.38 ticks, tree = 2.04 MB
CPX0000      515    38     1978.0648  3940     3735.0000     1890.5615 11083016   49.38%
CPX0000      516    39     1991.9158  3925     3735.0000     1890.5615 11103065   49.38%
CPX0000      518    41     1998.0912  3807     3735.0000     1890.5615 11198624   49.38%
CPX0000      519    42     1979.8807  3846     3735.0000     1890.5615 11221756   49.38%
CPX0000      520    43     1980.1484  3952     3735.0000     1890.5615 11239251   49.38%
CPX0000      521    44     1983.2437  3791     3735.0000     1890.5615 11260076   49.38%
CPX0000      522    45     1986.5929  4188     3735.0000     1890.5615 11305496   49.38%
CPX0000      523    46     1983.5946  3804     3735.0000     1890.5615 11310330   49.38%
CPX0000      524    47     1985.2613  3827     3735.0000     1890.5615 11319852   49.38%
CPX0000      525    48     1988.1502  3805     3735.0000     1890.5615 11342763   49.38%
CPX0000  Elapsed time = 70021.27 sec. (15460974.30 ticks, tree = 6.34 MB
CPX0000      526    49     1989.5946  3795     3735.0000     1890.5615 11349450   49.38%
CPX0000      528    51     1998.8327  3769     3735.0000     1890.5615 11357705   49.38%
CPX0000      529    52     1997.4901  3817     3735.0000     1890.5615 11370584   49.38%
CPX0000      531    54     2005.4994  3740     3735.0000     1890.5615 11402361   49.38%
CPX0000      532    55     2005.8908  3718     3735.0000     1890.5615 11410146   49.38%
CPX0000      533    56     2006.3728  4099     3735.0000     1890.5615 11431270   49.38%
CPX0000      534    57     2006.6971  3980     3735.0000     1890.5615 11437531   49.38%
CPX0000      535    58     2011.0660  3856     3735.0000     1890.5615 11453515   49.38%
CPX0000      537    60     2008.3638  3929     3735.0000     1890.5615 11470479   49.38%
CPX0000      539    62     2014.1214  3911     3735.0000     1890.5615 11492249   49.38%
CPX0000  Elapsed time = 70434.12 sec. (15557204.28 ticks, tree = 8.35 MB
CPX0000      541    64     2011.6971  3894     3735.0000     1890.5615 11503431   49.38%
CPX0000      543    66     2014.1435  3789     3735.0000     1890.5615 11522023   49.38%
CPX0000      544    67     2014.1435  3843     3735.0000     1890.5615 11552201   49.38%
CPX0000      546    69     2017.4769  3730     3735.0000     1890.5615 11575481   49.38%
CPX0000      548    71     2017.6540  3677     3735.0000     1890.5615 11598781   49.38%
CPX0000      549    72     2018.2952  3659     3735.0000     1890.5615 11610398   49.38%
CPX0000      551    74     2018.2952  3645     3735.0000     1890.5615 11630939   49.38%
CPX0000      552    75     2019.0644  3694     3735.0000     1890.5615 11647150   49.38%
CPX0000      553    76     2019.0644  3688     3735.0000     1890.5615 11678964   49.38%
CPX0000      554    77     2019.0644  3695     3735.0000     1890.5615 11693009   49.38%
CPX0000  Elapsed time = 70780.71 sec. (15635284.16 ticks, tree = 11.56 MB
CPX0000      556    79     2024.0644  3704     3735.0000     1890.5615 11710367   49.38%
CPX0000      557    80     2028.4212  3851     3735.0000     1890.5615 11741486   49.38%
CPX0000      558    81     2031.1771  3831     3735.0000     1890.5615 11762493   49.38%
CPX0000      559    82     2036.5438  3759     3735.0000     1890.5615 11779734   49.38%
CPX0000      560    83     2036.8803  3804     3735.0000     1890.5615 11786320   49.38%
CPX0000      561    84     2039.0644  3578     3735.0000     1890.5615 11819721   49.38%
CPX0000      562    85     2040.2952  3580     3735.0000     1890.5615 11842600   49.38%
CPX0000      564    87     2051.1524  3551     3735.0000     1890.5615 11868733   49.38%
CPX0000      565    88     2041.1524  3595     3735.0000     1890.5615 11885127   49.38%
CPX0000      566    89     2053.2952  3550     3735.0000     1890.5615 11901936   49.38%
CPX0000  Elapsed time = 71076.63 sec. (15705500.19 ticks, tree = 13.93 MB
CPX0000      567    90     2065.7952  3542     3735.0000     1890.5615 11930584   49.38%
CPX0000      569    92     2061.6285  3492     3735.0000     1890.5615 11963329   49.38%
CPX0000      570    93     2058.2952  3581     3735.0000     1890.5615 11984878   49.38%
CPX0000      572    95     2070.6811  3684     3735.0000     1890.5615 12000143   49.38%
CPX0000      573    96     2062.1470  3620     3735.0000     1890.5615 12036207   49.38%
CPX0000      575    98     2072.3114  3540     3735.0000     1890.5615 12068038   49.38%
CPX0000      576    99     2082.3114  3649     3735.0000     1890.5615 12078921   49.38%
CPX0000      577   100     2072.3114  3590     3735.0000     1890.5615 12131832   49.38%
CPX0000      579   102     2072.8810  3569     3735.0000     1890.5615 12137835   49.38%
CPX0000      580   103     2077.9897  3576     3735.0000     1890.5615 12144657   49.38%
CPX0000  Elapsed time = 71906.23 sec. (15888062.72 ticks, tree = 17.12 MB
CPX0000      582   105     2096.4470  3692     3735.0000     1890.5615 12156496   49.38%
CPX0000      584   107     2074.8496  3602     3735.0000     1890.5615 12162386   49.38%
CPX0000      586   109     2096.3895  3558     3735.0000     1890.5615 12172826   49.38%
CPX0000      587   110     2094.0084  3638     3735.0000     1890.5615 12185343   49.38%
CPX0000      589   112     2097.9946  3553     3735.0000     1890.5615 12193908   49.38%
CPX0000      590   113     2098.8178  3586     3735.0000     1890.5615 12202359   49.38%
CPX0000      593   116     2105.5963  3657     3735.0000     1890.5615 12214191   49.38%
CPX0000      596   119     2127.3079  3582     3735.0000     1890.5615 12220459   49.38%
CPX0000      597   120     2114.8079  3641     3735.0000     1890.5615 12230333   49.38%
CPX0000      599   122     2115.6413  3640     3735.0000     1890.5615 12236686   49.38%
CPX0000  Elapsed time = 72201.74 sec. (15956399.85 ticks, tree = 18.08 MB
CPX0000      602   125     2137.3079  3580     3735.0000     1890.5615 12242840   49.38%
CPX0000      604   127     2127.3079  3625     3735.0000     1890.5615 12249704   49.38%
CPX0000      606   129     2154.3079  3927     3735.0000     1890.5615 12268860   49.38%
CPX0000      607   130     2131.8079  3654     3735.0000     1890.5615 12272557   49.38%
CPX0000      609   132     2136.8079  3647     3735.0000     1890.5615 12280473   49.38%
CPX0000      611   134     2152.6669  3621     3735.0000     1890.5615 12290203   49.38%
CPX0000      613   136     2234.3282  3656     3735.0000     1890.5615 12296691   49.38%
CPX0000      616   139     2150.3005  3552     3735.0000     1890.5615 12303969   49.38%
CPX0000      617   140     2150.3005  3574     3735.0000     1890.5615 12310699   49.38%
CPX0000      618   141     2152.2290  3594     3735.0000     1890.5615 12317285   49.38%
CPX0000  Elapsed time = 72472.76 sec. (16021349.03 ticks, tree = 20.18 MB
CPX0000      619   142     2150.4880  3554     3735.0000     1890.5615 12324875   49.38%
CPX0000      621   144     2151.2572  3548     3735.0000     1890.5615 12331412   49.38%
CPX0000      623   146     2161.2572  3539     3735.0000     1890.5615 12338860   49.38%
CPX0000      626   149     2181.2572  3482     3735.0000     1890.5615 12347510   49.38%
CPX0000      629   152     2196.2572  3486     3735.0000     1890.5615 12354984   49.38%
CPX0000      631   154     2194.0738  3562     3735.0000     1890.5615 12362786   49.38%
CPX0000      634   157     2184.9671  3365     3735.0000     1890.5615 12371042   49.38%
CPX0000      637   160     2208.3005  3523     3735.0000     1890.5615 12380814   49.38%
CPX0000      640   163     2218.3005  3519     3735.0000     1890.5615 12390595   49.38%
CPX0000      643   166     2188.3005  3533     3735.0000     1890.5615 12397101   49.38%
CPX0000  Elapsed time = 72687.09 sec. (16074400.48 ticks, tree = 22.42 MB
CPX0000      645   168     2188.3092  3536     3735.0000     1890.5615 12403935   49.38%
CPX0000      648   171     2191.6569  3478     3735.0000     1890.5615 12410589   49.38%
CPX0000      649   172     2191.6590  3564     3735.0000     1890.5615 12420946   49.38%
CPX0000      651   174     2200.8236  3431     3735.0000     1890.5615 12428343   49.38%
CPX0000      654   177     2203.0313  3450     3735.0000     1890.5615 12437040   49.38%
CPX0000      658   181     2202.5498  3446     3735.0000     1890.5615 12446350   49.38%
CPX0000      659   182     2204.3623  3479     3735.0000     1890.5615 12448923   49.38%
CPX0000      663   186     2207.5498  3421     3735.0000     1890.5615 12456237   49.38%
CPX0000      665   188     2219.6926  3489     3735.0000     1890.5615 12463794   49.38%
CPX0000      670   193     2224.8305  3547     3735.0000     1890.5615 12471743   49.38%
CPX0000  Elapsed time = 72886.79 sec. (16129096.34 ticks, tree = 24.73 MB
CPX0000      678   201     2217.5498  3473     3735.0000     1890.5615 12478878   49.38%
CPX0000      686   209     2218.9387  3479     3735.0000     1890.5615 12484076   49.38%
CPX0000      692   215     2224.2164  3496     3735.0000     1890.5615 12489759   49.38%
CPX0000      694   217     2330.0498  3469     3735.0000     1890.5615 12497599   49.38%
CPX0000      698   221     2286.5974  3475     3735.0000     1890.5615 12503451   49.38%
CPX0000      699   222     2274.2480  3498     3735.0000     1890.5615 12505772   49.38%
CPX0000      705   228     2279.4215  3412     3735.0000     1890.5615 12513573   49.38%
CPX0000      707   230     2276.5974  3404     3735.0000     1890.5615 12521691   49.38%
CPX0000      711   234     2281.5974  3366     3735.0000     1890.5615 12527693   49.38%
CPX0000      716   239     2296.5974  3361     3735.0000     1890.5615 12535805   49.38%
CPX0000  Elapsed time = 73056.23 sec. (16178055.46 ticks, tree = 28.56 MB
CPX0000      719   242     2296.5974  3340     3735.0000     1890.5615 12542511   49.38%
CPX0000      724   247     2311.5974  3301     3735.0000     1890.5615 12552036   49.38%
CPX0000      727   250     2338.2641  3269     3735.0000     1890.5615 12560953   49.38%
CPX0000      730   253     2341.5974  3231     3735.0000     1890.5615 12571636   49.38%
CPX0000      732   255     2345.4781  3448     3735.0000     1890.5615 12579025   49.38%
CPX0000      735   258     2385.7906  3368     3735.0000     1890.5615 12587922   49.38%
CPX0000      738   261     2350.5764  3454     3735.0000     1890.5615 12594990   49.38%
CPX0000      739   262     2361.6240  3499     3735.0000     1890.5615 12599598   49.38%
CPX0000      741   264     2358.2906  3362     3735.0000     1890.5615 12610177   49.38%
CPX0000      746   269     2368.9156  3342     3735.0000     1890.5615 12620529   49.38%
CPX0000  Elapsed time = 73286.57 sec. (16236014.27 ticks, tree = 32.70 MB
CPX0000      750   273     2428.2906  3306     3735.0000     1890.5615 12627730   49.38%
CPX0000      752   275     2388.2906  3284     3735.0000     1890.5615 12636228   49.38%
CPX0000      755   278     2390.8549  3190     3735.0000     1890.5615 12643059   49.38%
CPX0000      758   281     2394.8464  3164     3735.0000     1890.5615 12653602   49.38%
CPX0000      760   283     2397.9247  3129     3735.0000     1890.5615 12663181   49.38%
CPX0000      763   286     2393.9349  3151     3735.0000     1890.5615 12672776   49.38%
CPX0000      765   288     2396.4017  3039     3735.0000     1890.5615 12682218   49.38%
CPX0000      767   290     2439.5843  3047     3735.0000     1890.5615 12693733   49.38%
CPX0000      770   293     2398.6448  2978     3735.0000     1890.5615 12702028   49.38%
CPX0000      773   296     2400.3819  3037     3735.0000     1890.5615 12713086   49.38%
CPX0000  Elapsed time = 73444.50 sec. (16285805.75 ticks, tree = 33.25 MB
CPX0000      776   299     2406.4186  3052     3735.0000     1890.5615 12723919   49.38%
CPX0000      778   301     2414.9414  3019     3735.0000     1890.5615 12731478   49.38%
CPX0000      782   305     2430.8730  2947     3735.0000     1890.5615 12740577   49.38%
CPX0000      789   312     2424.2175  3028     3735.0000     1890.5615 12747682   49.38%
CPX0000      793   316     2429.3439  2943     3735.0000     1890.5615 12758288   49.38%
CPX0000      799   322     2449.1703  2931     3735.0000     1890.5615 12768680   49.38%
CPX0000      803   326     2448.9981  2992     3735.0000     1890.5615 12779796   49.38%
CPX0000      808   331     2476.5720  2935     3735.0000     1890.5615 12790153   49.38%
CPX0000      813   336     2426.1901  2974     3735.0000     1890.5615 12797223   49.38%
CPX0000      817   340     2461.7179  2901     3735.0000     1890.5615 12804992   49.38%
CPX0000  Elapsed time = 73597.82 sec. (16335604.76 ticks, tree = 36.53 MB
CPX0000      822   345     2440.9441  2929     3735.0000     1890.5615 12814241   49.38%
CPX0000      828   351     2437.8102  2770     3735.0000     1890.5615 12823794   49.38%
CPX0000      832   355     2445.1722  2794     3735.0000     1890.5615 12836434   49.38%
CPX0000      838   361     2447.9520  2934     3735.0000     1890.5615 12848717   49.38%
CPX0000      842   365     2446.5215  2804     3735.0000     1890.5615 12855944   49.38%
CPX0000      846   369     2440.1378  2868     3735.0000     1890.5615 12864504   49.38%
CPX0000      851   374     2444.6173  2825     3735.0000     1890.5615 12872251   49.38%
CPX0000      858   381     2444.8306  2761     3735.0000     1890.5615 12881492   49.38%
CPX0000      862   385     2444.9185  2739     3735.0000     1890.5615 12889372   49.38%
CPX0000      868   391     2445.0146  2725     3735.0000     1890.5615 12897503   49.38%
CPX0000  Elapsed time = 73744.63 sec. (16383101.50 ticks, tree = 38.80 MB
CPX0000      871   394     2448.7646  2755     3735.0000     1890.5615 12905592   49.38%
CPX0000      876   399     2457.0070  2743     3735.0000     1890.5615 12917474   49.38%
CPX0000      880   403     2471.9275  2798     3735.0000     1890.5615 12928165   49.38%
CPX0000      885   408     2465.9122  2730     3735.0000     1890.5615 12939352   49.38%
CPX0000      888   411     2489.1823  2737     3735.0000     1890.5615 12949192   49.38%
CPX0000      893   416     2466.9265  2729     3735.0000     1890.5615 12960719   49.38%
CPX0000      898   421     2459.3289  2683     3735.0000     1890.5615 12970283   49.38%
CPX0000      900   423     2459.5915  2714     3735.0000     1890.5615 12975059   49.38%
CPX0000      907   430     2463.0503  2709     3735.0000     1890.5615 12984772   49.38%
CPX0000      911   434     2506.9497  2693     3735.0000     1890.5615 12993416   49.38%
CPX0000  Elapsed time = 73880.24 sec. (16429371.75 ticks, tree = 43.20 MB
CPX0000      916   439     2466.1742  2703     3735.0000     1890.5615 13002876   49.38%
CPX0000      922   445     2481.8696  2679     3735.0000     1890.5615 13010880   49.38%
CPX0000      932   455     2474.1469  2710     3735.0000     1890.5615 13019285   49.38%
CPX0000      937   460     2486.0462  2651     3735.0000     1890.5615 13029197   49.38%
CPX0000      941   464     2479.2025  2638     3735.0000     1890.5615 13037838   49.38%
CPX0000      949   472     2550.3104  2656     3735.0000     1890.5615 13048425   49.38%
CPX0000      955   478     2491.1501  2650     3735.0000     1890.5615 13057326   49.38%
CPX0000      959   482     2501.7385  2681     3735.0000     1890.5615 13064811   49.38%
CPX0000      965   488     2514.4790  2562     3735.0000     1890.5615 13075328   49.38%
CPX0000      974   497     2524.1612  2628     3735.0000     1890.5615 13086340   49.38%
CPX0000  Elapsed time = 74018.36 sec. (16478155.06 ticks, tree = 47.51 MB
CPX0000      986   509     2602.8680  2640     3735.0000     1890.5615 13096350   49.38%
CPX0000      991   514     2532.6404  2569     3735.0000     1890.5615 13105181   49.38%
CPX0000      998   521     2506.6915  2725     3735.0000     1890.5615 13118972   49.38%
CPX0000      999   522     2506.6915  2615     3735.0000     1890.5615 13120402   49.38%
CPX0000     1009   532     2522.2072  2546     3735.0000     1890.5615 13129142   49.38%
CPX0000     1019   542     2531.5616  2502     3735.0000     1890.5615 13134980   49.38%
CPX0000     1028   551     2546.0980  2463     3735.0000     1890.5615 13145779   49.38%
CPX0000     1036   559     2538.5941  2583     3735.0000     1890.5615 13158032   49.38%
CPX0000     1039   562     2559.0136  2494     3735.0000     1890.5615 13162140   49.38%
CPX0000     1044   567     2549.3800  2546     3735.0000     1890.5615 13170629   49.38%
CPX0000  Elapsed time = 74189.17 sec. (16533990.17 ticks, tree = 52.57 MB
CPX0000     1054   577     2568.7063  2466     3735.0000     1890.5615 13180333   49.38%
CPX0000     1057   580     2549.8416  2455     3735.0000     1890.5615 13187626   49.38%
CPX0000     1062   585     2560.8823  2310     3735.0000     1890.5615 13196569   49.38%
CPX0000     1074   597     2559.6081  2360     3735.0000     1890.5615 13206175   49.38%
CPX0000     1079   602     2564.3499  2387     3735.0000     1890.5615 13216412   49.38%
CPX0000     1084   607     2570.4212  2399     3735.0000     1890.5615 13228005   49.38%
CPX0000     1097   620     2586.8632  2350     3735.0000     1890.5615 13238117   49.38%
CPX0000     1109   632     2641.0098  2249     3735.0000     1890.5615 13247605   49.38%
CPX0000     1125   646     2626.7733  2298     3735.0000     1890.5615 13257378   49.38%
CPX0000     1145   666     2635.3427  2301     3735.0000     1890.5615 13265331   49.38%
CPX0000  Elapsed time = 74335.17 sec. (16580972.29 ticks, tree = 62.38 MB
CPX0000     1159   680     2650.7326  2351     3735.0000     1890.5615 13275310   49.38%
CPX0000     1164   685     2650.5985  2255     3735.0000     1890.5615 13283270   49.38%
CPX0000     1170   691     2662.7554  2234     3735.0000     1890.5615 13291322   49.38%
CPX0000     1189   710     2748.0423  2136     3735.0000     1890.5615 13303610   49.38%
CPX0000     1199   720     2777.1099  2181     3735.0000     1890.5615 13307896   49.38%
CPX0000     1224   745     2912.8813  2120     3735.0000     1890.5615 13317923   49.38%
CPX0000     1241   762     2918.0995  2166     3735.0000     1890.5615 13331569   49.38%
CPX0000     1243   764     2918.0995  2163     3735.0000     1890.5615 13341658   49.38%
CPX0000     1257   778     2960.6066  2172     3735.0000     1890.5615 13347071   49.38%
CPX0000     1275   796     3005.3920  2100     3735.0000     1890.5615 13352567   49.38%
CPX0000  Elapsed time = 74482.10 sec. (16626752.84 ticks, tree = 79.60 MB
CPX0000     1286   807     2954.5772  2088     3735.0000     1890.5615 13360596   49.38%
CPX0000     1294   815     2956.9351  2111     3735.0000     1890.5615 13363526   49.38%
CPX0000     1296   817     2956.9351  2109     3735.0000     1890.5615 13366567   49.38%
CPX0000     1306   827     2973.0579  2111     3735.0000     1890.5615 13367795   49.38%
CPX0000     1311   832     2962.1875  2102     3735.0000     1890.5615 13368393   49.38%
CPX0000     1319   840     2962.4722  2093     3735.0000     1890.5615 13371379   49.38%
CPX0000     1324   845     2985.3472  2077     3735.0000     1890.5615 13372499   49.38%
CPX0000     1333   854     3029.3254  2142     3735.0000     1890.5615 13374097   49.38%
CPX0000     1341   862     3159.4575  1992     3735.0000     1890.5615 13375588   49.38%
CPX0000     1349   870     3059.3488  2088     3735.0000     1890.5615 13376656   49.38%
CPX0000  Elapsed time = 74625.70 sec. (16671458.08 ticks, tree = 131.70 MB
CPX0000     1353   874     3005.1946  2150     3735.0000     1890.5615 13377283   49.38%
CPX0000     1360   881     3006.3859  2112     3735.0000     1890.5615 13378043   49.38%
CPX0000     1370   891     3029.6691  2100     3735.0000     1890.5615 13379095   49.38%
CPX0000     1375   896     3043.7454  2099     3735.0000     1890.5615 13379990   49.38%
CPX0000     1383   904     3035.8314  2083     3735.0000     1890.5615 13380759   49.38%
CPX0000     1388   907     3088.9744  1992     3735.0000     1890.5615 13386798   49.38%
CPX0000     1395   912     3106.2711  1961     3735.0000     1890.5615 13388752   49.38%
CPX0000     1399   916     3103.2655  1979     3735.0000     1890.5615 13389471   49.38%
CPX0000     1405   922     3227.8726  1936     3735.0000     1890.5615 13390185   49.38%
CPX0000     1412   929     3128.5119  2007     3735.0000     1890.5615 13391114   49.38%
CPX0000  Elapsed time = 74758.55 sec. (16715735.87 ticks, tree = 177.99 MB
CPX0000     1423   940     3120.6638  2094     3735.0000     1890.5615 13396137   49.38%
CPX0000     1425   942     3212.3304  2053     3735.0000     1890.5615 13401229   49.38%
CPX0000     1427   944     3145.6638  2072     3735.0000     1890.5615 13402605   49.38%
CPX0000     1431   948     3130.6638  2077     3735.0000     1890.5615 13403097   49.38%
CPX0000     1436   953     3163.4551  2092     3735.0000     1890.5615 13403711   49.38%
CPX0000     1439   956     3140.3125  2048     3735.0000     1890.5615 13403774   49.38%
CPX0000     1444   961     3140.8561  2109     3735.0000     1890.5615 13403880   49.38%
CPX0000     1449   966     3246.9444  2101     3735.0000     1890.5615 13404240   49.38%
CPX0000     1456   973     3250.9375  2071     3735.0000     1890.5615 13404541   49.38%
CPX0000     1460   977     3335.6250  2052     3735.0000     1890.5615 13404777   49.38%
CPX0000  Elapsed time = 74937.92 sec. (16768780.23 ticks, tree = 215.55 MB
CPX0000     1462   979     3334.7917  2043     3735.0000     1890.5615 13404859   49.38%
CPX0000     1464   981     3353.3333  2045     3735.0000     1890.5615 13405006   49.38%
CPX0000     1467   984     3301.6875  2059     3735.0000     1890.5615 13405061   49.38%
CPX0000     1474   991     3327.6042  2057     3735.0000     1890.5615 13405225   49.38%
CPX0000  *  1479+  994                         3570.0000     1890.5615 13405358   47.04%
[1m[30m[ZEN] [0m20:50:08 [1m[34m   3570.00[1m[32m   47.04%
[0mCPX0000     1480   997     3328.8542  2046     3570.0000     1890.5615 13405362   47.04%
CPX0000     1486  1003     3363.9062  2060     3570.0000     1890.5615 13405596   47.04%
CPX0000     1491  1008     3496.8750  2061     3570.0000     1890.5615 13405870   47.04%
CPX0000     1496  1009     3502.5000  2005     3570.0000     1890.5615 13406094   47.04%
CPX0000     1503  1010    infeasible           3570.0000     1890.5615 13406236   47.04%
CPX0000     1504  1011     1892.5615  5336     3570.0000     1895.0890 13409553   46.92%
CPX0000  Elapsed time = 75144.02 sec. (16827101.53 ticks, tree = 242.76 MB
CPX0000     1505  1012     1897.1366  4986     3570.0000     1897.1391 13416061   46.86%
CPX0000     1506  1013     1897.6635  4952     3570.0000     1897.1391 13424649   46.86%
CPX0000     1509  1016     1898.4565  4869     3570.0000     1897.1391 13432473   46.86%
CPX0000     1510  1017     1904.2016  4723     3570.0000     1897.1391 13439600   46.86%
CPX0000     1511  1018     1900.5068  4745     3570.0000     1897.1391 13445290   46.86%
CPX0000     1512  1019     1910.7862  4680     3570.0000     1897.1391 13454867   46.86%
CPX0000     1513  1020     1916.1200  4399     3570.0000     1897.1391 13464617   46.86%
CPX0000     1514  1021     1919.6203  4602     3570.0000     1897.1391 13475014   46.86%
CPX0000     1515  1022     1918.5394  4260     3570.0000     1897.1391 13483073   46.86%
CPX0000     1516  1023     1925.9307  4351     3570.0000     1897.1391 13490897   46.86%
CPX0000  Elapsed time = 75550.34 sec. (16924840.58 ticks, tree = 246.52 MB
CPX0000     1517  1024     1931.5218  4235     3570.0000     1897.1391 13501117   46.86%
CPX0000     1519  1026     1969.3171  4514     3570.0000     1897.1391 13540468   46.86%
CPX0000     1520  1027     1951.5218  4218     3570.0000     1897.1391 13546439   46.86%
CPX0000     1522  1029     1957.7197  4195     3570.0000     1897.1391 13557936   46.86%
CPX0000     1523  1030     1994.2352  4396     3570.0000     1897.1391 13588136   46.86%
CPX0000     1524  1031     1956.6067  4265     3570.0000     1897.1391 13600569   46.86%
CPX0000     1525  1032     1994.9067  4512     3570.0000     1897.1391 13622443   46.86%
CPX0000     1526  1033     1995.4817  4164     3570.0000     1897.1391 13638358   46.86%
CPX0000     1527  1034     1995.5159  4304     3570.0000     1897.1391 13648489   46.86%
CPX0000     1528  1035     2000.3325  4029     3570.0000     1897.1391 13654546   46.86%
CPX0000  Elapsed time = 76350.46 sec. (17109887.49 ticks, tree = 249.86 MB
CPX0000     1529  1036     1997.0516  3990     3570.0000     1897.1391 13667638   46.86%
CPX0000     1530  1037     2004.8521  3901     3570.0000     1897.1391 13678689   46.86%
CPX0000     1531  1038     2010.3325  4043     3570.0000     1897.1391 13683382   46.86%
CPX0000     1532  1039     2005.4817  3905     3570.0000     1897.1391 13691147   46.86%
CPX0000     1535  1042     2011.1739  3884     3570.0000     1897.1391 13702326   46.86%
CPX0000     1536  1043     2012.7030  3946     3570.0000     1897.1391 13718165   46.86%
CPX0000     1537  1044     2015.9358  3978     3570.0000     1897.1391 13728226   46.86%
CPX0000     1538  1045     2015.7893  3973     3570.0000     1897.1391 13738001   46.86%
CPX0000     1539  1046     2018.6357  3927     3570.0000     1897.1391 13744092   46.86%
CPX0000     1540  1047     2035.6000  3984     3570.0000     1897.1391 13750311   46.86%
CPX0000  Elapsed time = 76677.81 sec. (17197945.56 ticks, tree = 252.85 MB
CPX0000     1541  1048     2024.8857  3955     3570.0000     1897.1391 13756823   46.86%
CPX0000     1544  1051     2023.2190  3967     3570.0000     1897.1391 13765844   46.86%
CPX0000     1546  1053     2023.2190  3959     3570.0000     1897.1391 13774874   46.86%
CPX0000     1547  1054     2023.2190  3899     3570.0000     1897.1391 13781160   46.86%
CPX0000     1548  1055     2030.8857  3859     3570.0000     1897.1391 13786405   46.86%
CPX0000     1549  1056     2031.1357  3948     3570.0000     1897.1391 13792555   46.86%
CPX0000     1550  1057     2038.6357  3798     3570.0000     1897.1391 13799717   46.86%
CPX0000     1552  1059     2042.2425  3870     3570.0000     1897.1391 13807733   46.86%
CPX0000     1554  1061     2078.1379  3816     3570.0000     1897.1391 13814397   46.86%
CPX0000     1557  1064     2047.5917  3846     3570.0000     1897.1391 13817713   46.86%
CPX0000  Elapsed time = 76951.38 sec. (17265915.35 ticks, tree = 257.27 MB
CPX0000     1559  1066     2047.5917  3837     3570.0000     1897.1391 13825994   46.86%
CPX0000     1560  1067     2047.5917  3798     3570.0000     1897.1391 13832468   46.86%
CPX0000     1562  1069     2069.5272  3830     3570.0000     1897.1391 13842197   46.86%
CPX0000     1563  1070     2070.2899  3940     3570.0000     1897.1391 13848711   46.86%
CPX0000     1564  1071     2085.1154  3868     3570.0000     1897.1391 13854203   46.86%
CPX0000     1566  1073     2078.5817  3921     3570.0000     1897.1391 13861682   46.86%
CPX0000     1568  1075     2077.0013  4023     3570.0000     1897.1391 13873535   46.86%
CPX0000     1569  1076     2074.1535  3866     3570.0000     1897.1391 13879010   46.86%
CPX0000     1571  1078     2087.4649  3825     3570.0000     1897.1391 13891507   46.86%
CPX0000     1575  1082     2086.1070  3927     3570.0000     1897.1391 13903867   46.86%
CPX0000  Elapsed time = 77218.40 sec. (17336993.46 ticks, tree = 258.41 MB
CPX0000     1577  1084     2094.2320  3921     3570.0000     1897.1391 13916557   46.86%
CPX0000     1579  1086     2094.7737  3851     3570.0000     1897.1391 13929280   46.86%
CPX0000     1581  1088     2112.7737  3835     3570.0000     1897.1391 13938937   46.86%
CPX0000     1582  1089     2109.4404  3819     3570.0000     1897.1391 13945573   46.86%
CPX0000     1583  1090     2107.7737  3827     3570.0000     1897.1391 13949512   46.86%
CPX0000     1585  1092     2143.6284  3742     3570.0000     1897.1391 13962716   46.86%
CPX0000     1587  1094     2118.6284  3828     3570.0000     1897.1391 13973848   46.86%
CPX0000     1588  1095     2123.0209  4122     3570.0000     1897.1391 13993267   46.86%
CPX0000     1591  1098     2119.7882  3757     3570.0000     1897.1391 14003888   46.86%
CPX0000     1595  1102     2122.5654  3617     3570.0000     1897.1391 14016306   46.86%
CPX0000  Elapsed time = 77564.81 sec. (17431573.45 ticks, tree = 259.97 MB
CPX0000     1596  1103     2132.5654  3588     3570.0000     1897.1391 14027025   46.86%
CPX0000     1597  1104     2122.9781  3595     3570.0000     1897.1391 14033435   46.86%
CPX0000     1598  1105     2122.5948  3650     3570.0000     1897.1391 14040738   46.86%
CPX0000     1599  1106     2154.5948  3609     3570.0000     1897.1391 14046702   46.86%
CPX0000     1603  1110     2166.3448  3606     3570.0000     1897.1391 14058551   46.86%
CPX0000     1604  1111     2176.8782  3604     3570.0000     1897.1391 14080527   46.86%
CPX0000     1605  1112     2167.1469  3618     3570.0000     1897.1391 14084479   46.86%
CPX0000     1606  1113     2172.1882  3865     3570.0000     1897.1391 14103490   46.86%
CPX0000     1608  1115     2174.3275  3663     3570.0000     1897.1391 14111938   46.86%
CPX0000     1609  1116     2167.6608  3628     3570.0000     1897.1391 14116950   46.86%
CPX0000  Elapsed time = 77958.63 sec. (17536768.39 ticks, tree = 264.54 MB
CPX0000     1611  1118     2167.8209  3644     3570.0000     1897.1391 14123625   46.86%
CPX0000     1613  1120     2171.3459  3653     3570.0000     1897.1391 14134429   46.86%
CPX0000     1616  1123     2180.8588  3624     3570.0000     1897.1391 14142586   46.86%
CPX0000     1618  1125     2179.0429  3494     3570.0000     1897.1391 14149425   46.86%
CPX0000     1620  1127     2193.3429  3502     3570.0000     1897.1391 14155630   46.86%
CPX0000     1622  1129     2194.0572  3500     3570.0000     1897.1391 14162764   46.86%
CPX0000     1624  1131     2194.0572  3477     3570.0000     1897.1391 14169321   46.86%
CPX0000     1626  1133     2199.1920  3456     3570.0000     1897.1391 14173937   46.86%
CPX0000     1628  1135     2199.6920  3461     3570.0000     1897.1391 14181386   46.86%
CPX0000     1630  1137     2210.7209  3419     3570.0000     1897.1391 14189303   46.86%
CPX0000  Elapsed time = 78141.61 sec. (17590620.85 ticks, tree = 270.39 MB
CPX0000     1632  1139     2204.9079  3488     3570.0000     1897.1391 14193016   46.86%
CPX0000     1637  1144     2233.5745  3467     3570.0000     1897.1391 14200417   46.86%
CPX0000     1640  1147     2233.8914  3462     3570.0000     1897.1391 14206866   46.86%
CPX0000     1643  1150     2234.1461  3423     3570.0000     1897.1391 14215991   46.86%
CPX0000     1644  1151     2235.9382  3488     3570.0000     1897.1391 14222909   46.86%
CPX0000     1645  1152     2235.3826  3325     3570.0000     1897.1391 14226701   46.86%
CPX0000     1647  1154     2252.0493  3360     3570.0000     1897.1391 14235568   46.86%
CPX0000     1651  1158     2246.0500  3309     3570.0000     1897.1391 14243683   46.86%
CPX0000     1654  1161     2246.5500  3313     3570.0000     1897.1391 14251427   46.86%
CPX0000     1656  1163     2246.9127  3341     3570.0000     1897.1391 14258410   46.86%
CPX0000  Elapsed time = 78357.23 sec. (17648188.52 ticks, tree = 273.22 MB
CPX0000     1659  1166     2254.9705  3335     3570.0000     1897.1391 14267595   46.86%
CPX0000     1664  1171     2252.0214  3323     3570.0000     1897.1391 14278893   46.86%
CPX0000     1666  1173     2252.3263  3271     3570.0000     1897.1391 14286589   46.86%
CPX0000     1668  1175     2287.3263  3268     3570.0000     1897.1391 14293401   46.86%
CPX0000     1670  1177     2269.1233  3235     3570.0000     1897.1391 14305867   46.86%
CPX0000     1675  1182     2275.7064  3209     3570.0000     1897.1391 14315787   46.86%
CPX0000     1676  1183     2269.2787  3193     3570.0000     1897.1391 14323850   46.86%
CPX0000     1678  1185     2279.0012  3287     3570.0000     1897.1391 14338202   46.86%
CPX0000  *  1679+ 1184                         3565.0000     1897.1391 14346071   46.78%
CPX0000     1679  1186     2282.2155  3190     3565.0000     1897.1391 14346071   46.78%
[1m[30m[ZEN] [0m21:49:33 [1m[34m   3565.00[1m[32m   46.78%
[0mCPX0000     1680  1187     2286.3822  3258     3565.0000     1897.1391 14352723   46.78%
CPX0000  Elapsed time = 78590.47 sec. (17705737.56 ticks, tree = 275.45 MB
CPX0000     1681  1188     2294.7155  3118     3565.0000     1897.1391 14365846   46.78%
CPX0000     1683  1190     2288.7155  3163     3565.0000     1897.1391 14372553   46.78%
CPX0000     1686  1193     2301.3822  3235     3565.0000     1897.1391 14381803   46.78%
CPX0000     1687  1194     2319.7155  3151     3565.0000     1897.1391 14390093   46.78%
CPX0000     1692  1197     2334.7155  3189     3565.0000     1897.1391 14397592   46.78%
CPX0000     1695  1200     2315.4956  3291     3565.0000     1897.1391 14407574   46.78%
CPX0000     1696  1201     2322.6854  3277     3565.0000     1897.1391 14421462   46.78%
CPX0000     1698  1203     2316.1445  3270     3565.0000     1897.1391 14430563   46.78%
CPX0000     1701  1206     2321.1445  3230     3565.0000     1897.1391 14437063   46.78%
CPX0000     1703  1208     2321.1445  3165     3565.0000     1897.1391 14444174   46.78%
CPX0000  Elapsed time = 78806.79 sec. (17768830.32 ticks, tree = 279.80 MB
CPX0000     1705  1210     2333.3015  3183     3565.0000     1897.1391 14452248   46.78%
CPX0000     1709  1214     2335.2200  3148     3565.0000     1897.1391 14464499   46.78%
CPX0000     1711  1216     2340.4400  3142     3565.0000     1897.1391 14474542   46.78%
CPX0000     1718  1223     2323.7059  3200     3565.0000     1897.1391 14482498   46.78%
CPX0000     1719  1224     2323.7059  3231     3565.0000     1897.1391 14490933   46.78%
CPX0000     1722  1227     2325.3777  3262     3565.0000     1897.1391 14498683   46.78%
CPX0000     1723  1228     2328.7110  3237     3565.0000     1897.1391 14507007   46.78%
CPX0000     1725  1230     2328.7558  3182     3565.0000     1897.1391 14517170   46.78%
CPX0000     1726  1231     2334.1161  3239     3565.0000     1897.1391 14525769   46.78%
CPX0000     1727  1232     2328.9646  3253     3565.0000     1897.1391 14534447   46.78%
CPX0000  Elapsed time = 78994.80 sec. (17819923.07 ticks, tree = 283.20 MB
CPX0000     1728  1233     2332.2979  3324     3565.0000     1897.1391 14544151   46.78%
CPX0000     1729  1234     2342.2979  3255     3565.0000     1897.1391 14552620   46.78%
CPX0000     1731  1236     2332.2979  3084     3565.0000     1897.1391 14561017   46.78%
CPX0000     1733  1238     2334.7979  3089     3565.0000     1897.1391 14568442   46.78%
CPX0000     1736  1241     2341.6531  3155     3565.0000     1897.1391 14577022   46.78%
CPX0000     1738  1243     2341.5082  2993     3565.0000     1897.1391 14587768   46.78%
CPX0000     1740  1245     2343.8607  3116     3565.0000     1897.1391 14599676   46.78%
CPX0000     1742  1247     2348.9167  3101     3565.0000     1897.1391 14612494   46.78%
CPX0000     1747  1252     2349.4254  3089     3565.0000     1897.1391 14621667   46.78%
CPX0000     1753  1258     2360.6306  2929     3565.0000     1897.1391 14630465   46.78%
CPX0000  Elapsed time = 79157.59 sec. (17870649.03 ticks, tree = 286.64 MB
CPX0000     1757  1262     2352.3093  2972     3565.0000     1897.1391 14640013   46.78%
CPX0000     1759  1264     2352.3093  2954     3565.0000     1897.1391 14648061   46.78%
CPX0000     1761  1266     2352.3093  2941     3565.0000     1897.1391 14655761   46.78%
CPX0000     1766  1271     2361.3093  3004     3565.0000     1897.1391 14663367   46.78%
CPX0000     1768  1273     2372.3093  2952     3565.0000     1897.1391 14673799   46.78%
CPX0000     1771  1276     2378.0871  2910     3565.0000     1897.1391 14681656   46.78%
CPX0000     1775  1280     2374.4858  2946     3565.0000     1897.1391 14690458   46.78%
CPX0000  *  1779+ 1277                         3485.0000     1897.1391 14704537   45.56%
CPX0000  *  1779+ 1274                         3400.0000     1897.1391 14704537   44.20%
CPX0000  *  1779+ 1245                         3315.0000     1897.1391 14704537   42.77%
CPX0000  *  1779+ 1244                         3310.0000     1897.1391 14704537   42.68%
CPX0000  *  1779+ 1243                         3305.0000     1897.1391 14704537   42.60%
CPX0000  *  1779+ 1242                         3300.0000     1897.1391 14704537   42.51%
CPX0000     1779  1244     2375.0776  2961     3300.0000     1897.1391 14704537   42.51%
[1m[30m[ZEN] [0m22:11:04 [1m[34m   3300.00[1m[32m   42.51%
[0mCPX0000     1782  1247     2376.8408  2941     3300.0000     1897.1391 14713500   42.51%
CPX0000     1783  1248     2380.5801  2945     3300.0000     1897.1391 14724477   42.51%
CPX0000  Elapsed time = 79888.38 sec. (18057558.38 ticks, tree = 256.57 MB
CPX0000     1787  1252     2384.2459  2860     3300.0000     1897.1391 14734196   42.51%
CPX0000     1792  1257     2379.3935  2947     3300.0000     1897.1391 14744800   42.51%
CPX0000     1795  1260     2379.9284  3044     3300.0000     1897.1391 14752240   42.51%
CPX0000     1802  1267     2389.6319  2795     3300.0000     1897.1391 14766802   42.51%
CPX0000     1804  1269     2397.5266  2892     3300.0000     1897.1391 14777524   42.51%
CPX0000     1807  1272     2403.0266  2797     3300.0000     1897.1391 14787106   42.51%
CPX0000     1812  1277     2414.6020  2841     3300.0000     1897.1391 14798378   42.51%
CPX0000     1816  1281     2411.1005  2767     3300.0000     1897.1391 14807351   42.51%
CPX0000     1818  1283     2411.1222  2789     3300.0000     1897.1391 14814092   42.51%
CPX0000     1821  1286     2411.5962  2793     3300.0000     1897.1391 14821401   42.51%
CPX0000  Elapsed time = 80096.44 sec. (18110414.65 ticks, tree = 260.84 MB
CPX0000     1823  1288     2417.8462  2856     3300.0000     1897.1391 14830708   42.51%
CPX0000     1826  1291     2421.5962  2758     3300.0000     1897.1391 14838325   42.51%
CPX0000     1829  1294     2426.5962  2833     3300.0000     1897.1391 14844482   42.51%
CPX0000     1833  1298     2471.5209  2763     3300.0000     1897.1391 14854274   42.51%
CPX0000     1839  1304     2433.7663  2767     3300.0000     1897.1391 14863479   42.51%
CPX0000     1844  1309     2435.9284  2819     3300.0000     1897.1391 14873487   42.51%
CPX0000     1850  1315     2449.6957  2839     3300.0000     1897.1391 14885610   42.51%
CPX0000     1853  1318     2437.8957  2738     3300.0000     1897.1391 14895510   42.51%
CPX0000     1861  1326     2438.1198  2748     3300.0000     1897.1391 14905071   42.51%
CPX0000     1863  1328     2443.1198  2742     3300.0000     1897.1391 14912297   42.51%
CPX0000  Elapsed time = 80235.47 sec. (18154363.47 ticks, tree = 264.08 MB
CPX0000     1866  1331     2562.7817  2674     3300.0000     1897.1391 14920032   42.51%
CPX0000     1871  1336     2441.2663  2671     3300.0000     1897.1391 14929084   42.51%
CPX0000  *  1879+ 1335                         3240.0000     1897.1391 14938856   41.45%
CPX0000  *  1879+ 1323                         3180.0000     1897.1391 14938856   40.34%
CPX0000  *  1879+ 1319                         3170.0000     1897.1391 14938856   40.15%
CPX0000     1879  1321     2441.8772  2681     3170.0000     1897.1391 14938856   40.15%
[1m[30m[ZEN] [0m22:18:12 [1m[34m   3170.00[1m[32m   40.15%
[0mCPX0000     1885  1327     2463.1003  2689     3170.0000     1897.1391 14948431   40.15%
CPX0000     1888  1330     2442.0131  2758     3170.0000     1897.1391 14960095   40.15%
CPX0000     1890  1332     2442.0131  2724     3170.0000     1897.1391 14967519   40.15%
CPX0000     1894  1336     2447.6243  2828     3170.0000     1897.1391 14976813   40.15%
CPX0000     1908  1350     2475.4311  2841     3170.0000     1897.1391 14986852   40.15%
CPX0000     1919  1361     2454.2670  2893     3170.0000     1897.1391 14994716   40.15%
CPX0000     1929  1371     2480.0475  2850     3170.0000     1897.1391 15003637   40.15%
CPX0000  Elapsed time = 80441.52 sec. (18230537.70 ticks, tree = 250.55 MB
CPX0000     1937  1379     2491.1429  2856     3170.0000     1897.1391 15013421   40.15%
CPX0000     1946  1388     2487.4011  2822     3170.0000     1897.1391 15021951   40.15%
CPX0000     1960  1402     2466.1993  2795     3170.0000     1897.1391 15029209   40.15%
CPX0000     1967  1409     2477.0822  2753     3170.0000     1897.1391 15035916   40.15%
CPX0000     1975  1417     2479.9367  2748     3170.0000     1897.1391 15044696   40.15%
CPX0000  *  1979+ 1374                         3105.0000     1897.1391 15049486   38.90%
CPX0000     1979  1376     2488.6751  2818     3105.0000     1897.1391 15049486   38.90%
[1m[30m[ZEN] [0m22:21:46 [1m[34m   3105.00[1m[32m   38.90%
[0mCPX0000     1996  1393     2491.5619  2747     3105.0000     1897.1391 15057904   38.90%
CPX0000     2009  1406     2526.5260  2687     3105.0000     1897.1391 15066436   38.90%
CPX0000     2026  1423     2513.4439  2685     3105.0000     1897.1391 15075115   38.90%
CPX0000     2029  1426     2507.4439  2671     3105.0000     1897.1391 15088578   38.90%
CPX0000  Elapsed time = 80584.03 sec. (18276803.76 ticks, tree = 224.35 MB
CPX0000     2036  1433     2507.9962  2650     3105.0000     1897.1391 15097344   38.90%
CPX0000     2042  1439     2513.3353  2640     3105.0000     1897.1391 15107037   38.90%
CPX0000     2051  1448     2533.1690  2646     3105.0000     1897.1391 15114995   38.90%
CPX0000     2067  1464     2522.5685  2609     3105.0000     1897.1391 15124894   38.90%
CPX0000     2069  1466     2522.5685  2649     3105.0000     1897.1391 15136160   38.90%
CPX0000     2073  1470     2532.1703  2591     3105.0000     1897.1391 15143977   38.90%
CPX0000  *  2079+ 1473                         3095.0000     1897.1391 15149077   38.70%
[1m[30m[ZEN] [0m22:25:05 [1m[34m   3095.00[1m[32m   38.70%
[0mCPX0000     2082  1478     2540.1517  2557     3095.0000     1897.1391 15152986   38.70%
CPX0000     2097  1493     2539.2387  2526     3095.0000     1897.1391 15161595   38.70%
CPX0000     2099  1495     2545.8559  2730     3095.0000     1897.1391 15178733   38.70%
CPX0000     2101  1497     2545.8559  2733     3095.0000     1897.1391 15180666   38.70%
CPX0000  Elapsed time = 80813.84 sec. (18341859.05 ticks, tree = 229.79 MB
CPX0000     2105  1501     2545.8656  2650     3095.0000     1897.1391 15187832   38.70%
CPX0000     2117  1513     2549.7384  2622     3095.0000     1897.1391 15194413   38.70%
CPX0000     2128  1524     2614.2439  2542     3095.0000     1897.1391 15202962   38.70%
CPX0000     2146  1542     2634.2759  2501     3095.0000     1897.1391 15211635   38.70%
CPX0000     2155  1551     2709.2511  2510     3095.0000     1897.1391 15225798   38.70%
CPX0000     2164  1560     2671.0067  2437     3095.0000     1897.1391 15237913   38.70%
CPX0000     2171  1567     2780.0168  2455     3095.0000     1897.1391 15248455   38.70%
CPX0000     2176  1572     2717.3405  2448     3095.0000     1897.1391 15263242   38.70%
CPX0000  *  2179+ 1533                         3030.0000     1897.1391 15264808   37.39%
[1m[30m[ZEN] [0m22:28:40 [1m[34m   3030.00[1m[32m   37.39%
[0mCPX0000     2182  1538     2727.6064  2454     3030.0000     1897.1391 15267188   37.39%
CPX0000     2189  1545     2743.2933  2367     3030.0000     1897.1391 15282118   37.39%
CPX0000  Elapsed time = 80934.18 sec. (18385418.04 ticks, tree = 208.50 MB
CPX0000     2202  1558     2761.8455  2419     3030.0000     1897.1391 15292625   37.39%
CPX0000     2226  1582     2846.3567  2433     3030.0000     1897.1391 15301282   37.39%
CPX0000     2241  1597     2806.1350  2407     3030.0000     1897.1391 15310568   37.39%
CPX0000     2258  1612     2880.1786  2387     3030.0000     1897.1391 15318599   37.39%
CPX0000     2268  1622     2848.5595  2180     3030.0000     1897.1391 15328273   37.39%
CPX0000  *  2279+ 1630                         3025.0000     1897.1391 15332263   37.28%
CPX0000     2279  1632     2896.3095  2181     3025.0000     1897.1391 15332263   37.28%
[1m[30m[ZEN] [0m22:30:24 [1m[34m   3025.00[1m[32m   37.28%
[0mCPX0000     2305  1653     1897.1501  4940     3025.0000     1897.1406 15340030   37.28%
CPX0000     2306  1654     1900.2032  5358     3025.0000     1897.1559 15375235   37.28%
CPX0000     2307  1655     1897.7986  5402     3025.0000     1897.1708 15438518   37.28%
CPX0000     2308  1656     1902.1186  5434     3025.0000     1897.4227 15486831   37.28%
CPX0000  Elapsed time = 82697.56 sec. (18818578.68 ticks, tree = 220.65 MB
CPX0000     2309  1657     1910.3260  5163     3025.0000     1897.6675 15547999   37.27%
CPX0000     2310  1658     1905.8392  5283     3025.0000     1897.8425 15611797   37.26%
CPX0000     2311  1659     1900.8749  4845     3025.0000     1898.1346 15634278   37.25%
CPX0000     2312  1660     1904.3753  5406     3025.0000     1898.1413 15719037   37.25%
CPX0000     2313  1661     1903.6077  4898     3025.0000     1898.5272 15737511   37.24%
CPX0000     2314  1662     1911.5874  4647     3025.0000     1898.5272 15746219   37.24%
CPX0000     2315  1663     1916.4022  4649     3025.0000     1898.5272 15748471   37.24%
CPX0000     2316  1664     1924.1800  4617     3025.0000     1898.5272 15755427   37.24%
CPX0000     2317  1665     1921.7360  4849     3025.0000     1898.5272 15777363   37.24%
CPX0000     2318  1666     1917.5543  4662     3025.0000     1898.5272 15781721   37.24%
CPX0000  Elapsed time = 85374.51 sec. (19486986.64 ticks, tree = 228.13 MB
CPX0000     2319  1667     1922.5437  4907     3025.0000     1898.5272 15785223   37.24%
CPX0000     2320  1668     1922.9034  4828     3025.0000     1898.5272 15787961   37.24%
CPX0000     2321  1669     1924.8521  4825     3025.0000     1898.5272 15791716   37.24%
CPX0000     2323  1671     1927.2834  4306     3025.0000     1898.5272 15801723   37.24%
CPX0000     2324  1672     1934.6683  4500     3025.0000     1898.5272 15811004   37.24%
CPX0000     2325  1673     1931.6387  4273     3025.0000     1898.5272 15817370   37.24%
CPX0000     2326  1674     1932.5260  4382     3025.0000     1898.5272 15827328   37.24%
CPX0000     2327  1675     1932.0509  4278     3025.0000     1898.5272 15828801   37.24%
CPX0000     2329  1677     1935.3632  4309     3025.0000     1898.5272 15842452   37.24%
CPX0000     2330  1678     1936.6507  4228     3025.0000     1898.5272 15851275   37.24%
CPX0000  Elapsed time = 85868.03 sec. (19622402.28 ticks, tree = 235.69 MB
CPX0000     2332  1680     1937.0599  4268     3025.0000     1898.5272 15857278   37.24%
CPX0000     2333  1681     1943.2121  4175     3025.0000     1898.5272 15865673   37.24%
CPX0000     2335  1683     1937.5526  4241     3025.0000     1898.5272 15871456   37.24%
CPX0000     2336  1684     1937.7113  4217     3025.0000     1898.5272 15877349   37.24%
CPX0000     2337  1685     1955.2098  4272     3025.0000     1898.5272 15882788   37.24%
CPX0000     2338  1686     1942.9396  4213     3025.0000     1898.5272 15890717   37.24%
CPX0000     2339  1687     1968.1860  4206     3025.0000     1898.5272 15894962   37.24%
CPX0000     2340  1688     1968.5431  4245     3025.0000     1898.5272 15900129   37.24%
CPX0000     2341  1689     1973.1860  4141     3025.0000     1898.5272 15905702   37.24%
CPX0000     2342  1690     1973.1860  4102     3025.0000     1898.5272 15908820   37.24%
CPX0000  Elapsed time = 86096.05 sec. (19677055.31 ticks, tree = 236.51 MB
CPX0000     2343  1691     1981.1860  4140     3025.0000     1898.5272 15914595   37.24%
CPX0000     2344  1692     1981.2589  4271     3025.0000     1898.5272 15922815   37.24%
CPX0000     2347  1695     1982.8616  4228     3025.0000     1898.5272 15930367   37.24%
CPX0000     2349  1697     2001.4553  4065     3025.0000     1898.5272 15940690   37.24%
CPX0000     2350  1698     2001.4553  4109     3025.0000     1898.5272 15948638   37.24%
CPX0000     2352  1700     2048.4791  4038     3025.0000     1898.5272 15959444   37.24%
CPX0000     2354  1702     2050.9941  3983     3025.0000     1898.5272 15968734   37.24%
CPX0000     2355  1703     2057.6607  3899     3025.0000     1898.5272 15974438   37.24%
CPX0000     2356  1704     2057.6607  3960     3025.0000     1898.5272 15979719   37.24%
CPX0000     2358  1706     2062.3274  4044     3025.0000     1898.5272 15988618   37.24%
CPX0000  Elapsed time = 86322.67 sec. (19735953.57 ticks, tree = 236.80 MB
CPX0000     2360  1708     2083.4385  3953     3025.0000     1898.5272 15995338   37.24%
CPX0000     2361  1709     2088.9941  3957     3025.0000     1898.5272 16000510   37.24%
CPX0000     2362  1710     2086.7718  3899     3025.0000     1898.5272 16006379   37.24%
CPX0000     2363  1711     2096.7718  3967     3025.0000     1898.5272 16011090   37.24%
CPX0000
CPX0000  GUB cover cuts applied:  300
CPX0000  Clique cuts applied:  444
CPX0000  Cover cuts applied:  3
CPX0000  Implied bound cuts applied:  4
CPX0000  Mixed integer rounding cuts applied:  37
CPX0000  Zero-half cuts applied:  5378
CPX0000  Lift and project cuts applied:  22
CPX0000  Gomory fractional cuts applied:  14
CPX0000
CPX0000  Root node processing (before b&c):
CPX0000    Real time             = 33180.22 sec. (7266791.90 ticks)
CPX0000  Sequential b&c:
CPX0000    Real time             = 53219.85 sec. (12489560.49 ticks)
CPX0000                            ------------
CPX0000  Total (root+branch&cut) = 86400.07 sec. (19756352.39 ticks)
H2 understaffing: 0
H3 shiftTypeSuccessions: 0
S1 optimalCoverage: 630
S2a consecutiveShift: 225 = (14,1 )
S2b consecutiveWorkingDays: 180 = ( 5,1 )
S3 consecutiveDaysOff: 270 = ( 8,1 )
S4 preferences: 160
S5 completeWeekend: 0
S6 totalAssignments: 1260
S7 totalWorkingWeekeends: 300
 

Cost Solution: 3025

      |M|T|W|T|F|S|S| |M|T|W|T|F|S|S| |M|T|W|T|F|S|S| |M|T|W|T|F|S|S|
-----------------------------------------------------------------------
HN_0  |L|L|L|-|-|-|-| |-|-|N|N|N|N|N| |N|-|-|-|-|-|-| |N|N|N|N|-|-|-|
HN_1  |E|E|-|-|-|E|E| |E|-|-|-|E|E|E| |-|-|-|E|E|D|D| |D|-|-|E|E|E|E|
HN_2  |E|E|N|N|N|-|-| |-|E|E|L|L|-|-| |-|-|-|D|D|D|E| |E|-|-|-|-|L|L|
HN_3  |-|D|D|D|D|-|-| |-|-|-|-|L|L|N| |N|N|-|-|-|-|-| |-|E|E|L|L|-|-|
HN_4  |D|D|-|-|L|L|L| |-|-|L|L|L|-|-| |N|N|N|N|-|-|-| |-|D|D|D|D|-|-|
HN_5  |-|-|N|N|N|N|N| |-|-|-|-|-|-|-| |E|E|E|-|-|-|-| |-|E|E|E|E|-|-|
HN_6  |N|N|N|N|N|-|-| |-|D|D|D|D|-|-| |-|-|L|L|L|L|L| |-|-|N|N|N|-|-|
HN_7  |D|D|E|E|E|-|-| |L|L|L|-|-|E|E| |D|D|-|-|N|N|N| |N|-|-|L|L|L|N|
NU_8  |D|D|L|L|-|-|-| |D|D|L|L|L|-|-| |N|N|N|N|-|-|-| |-|E|E|E|-|-|-|
NU_9  |L|L|L|L|-|-|-| |-|D|D|D|-|-|-| |D|D|D|-|-|-|-| |N|N|N|N|N|-|-|
NU_10 |-|-|D|D|D|-|-| |E|E|E|D|D|-|-| |-|-|-|D|D|D|D| |-|-|-|-|D|D|E|
NU_11 |N|N|-|-|L|L|L| |-|-|L|L|L|-|-| |N|N|N|N|N|-|-| |L|L|L|-|-|E|E|
NU_12 |E|E|D|D|-|-|-| |L|L|L|-|-|D|D| |D|D|-|-|D|D|D| |D|D|-|-|-|-|-|
NU_13 |N|-|-|-|-|-|-| |D|D|D|E|E|-|-| |-|-|-|L|L|L|L| |L|-|-|-|-|-|-|
NU_14 |L|L|L|L|-|-|-| |N|N|N|N|N|-|-| |-|-|-|D|D|E|E| |-|-|-|-|-|D|D|
NU_15 |E|E|E|E|-|-|-| |D|D|D|D|-|-|-| |L|L|L|-|-|-|-| |L|L|L|L|-|-|-|
NU_16 |D|D|E|E|-|-|-| |-|-|L|L|L|-|-| |E|E|E|E|-|-|-| |D|D|E|E|-|-|-|
NU_17 |-|-|-|-|D|D|N| |N|N|N|-|-|-|-| |-|E|E|E|E|-|-| |-|-|-|-|D|D|D|
NU_18 |D|D|D|-|-|-|-| |-|D|D|D|D|-|-| |N|N|N|N|N|-|-| |D|D|L|L|-|-|-|
NU_19 |L|L|-|-|-|-|-| |L|L|L|L|L|-|-| |-|-|-|L|L|L|L| |L|-|-|-|L|L|L|
NU_20 |N|N|N|N|N|-|-| |E|E|E|E|E|-|-| |E|E|E|E|E|-|-| |N|N|N|N|N|-|-|
NU_21 |-|-|-|N|N|N|N| |N|-|-|-|-|-|-| |E|E|E|L|L|-|-| |-|-|-|D|D|D|L|
NU_22 |L|-|-|E|E|E|E| |E|-|-|E|E|E|E| |-|-|D|D|D|-|-| |D|D|D|D|D|-|-|
NU_23 |-|D|D|L|L|-|-| |-|-|-|E|E|D|D| |-|-|-|N|N|N|N| |-|-|L|L|L|-|-|
NU_24 |-|E|E|E|E|-|-| |-|-|-|D|D|L|L| |L|L|-|-|-|-|-| |D|D|D|D|-|-|-|
NU_25 |D|D|D|L|L|-|-| |L|L|L|L|L|-|-| |D|D|D|E|E|-|-| |E|E|E|E|E|-|-|
NU_26 |E|-|-|N|N|N|N| |N|-|-|N|N|N|N| |-|N|N|N|N|-|-| |L|L|L|L|L|-|-|
NU_27 |-|-|D|D|D|D|D| |-|-|D|D|D|-|-| |N|N|N|N|N|-|-| |L|L|L|-|-|L|L|
NU_28 |-|-|L|L|L|-|-| |L|L|L|L|L|-|-| |L|L|L|L|L|-|-| |-|-|-|N|N|N|N|
NU_29 |N|N|N|N|-|-|-| |-|N|N|N|N|-|-| |-|-|-|N|N|N|N| |-|-|D|D|D|-|-|
NU_30 |E|E|E|E|-|-|-| |E|E|E|-|-|-|-| |-|L|L|L|L|-|-| |N|N|N|N|N|-|-|
NU_31 |-|-|L|L|L|-|-| |L|L|L|-|-|L|L| |L|L|-|-|L|L|L| |-|D|D|L|L|-|-|
NU_32 |-|-|-|E|E|L|L| |-|-|-|-|-|E|E| |D|D|-|-|-|-|-| |L|L|L|L|-|-|-|
NU_33 |L|-|-|N|N|N|N| |-|-|N|N|N|N|N| |-|-|L|L|L|-|-| |D|D|D|D|D|-|-|
NU_34 |L|L|L|L|-|-|-| |-|-|-|E|E|E|L| |L|L|-|-|-|-|-| |N|N|N|N|N|-|-|
NU_35 |-|-|D|D|D|-|-| |D|D|D|E|E|-|-| |-|-|-|D|D|D|E| |E|-|-|-|D|D|N|
NU_36 |-|-|-|E|E|D|D| |L|L|-|-|-|-|-| |D|D|E|E|-|-|-| |-|-|-|L|L|N|N|
NU_37 |N|-|-|-|E|E|E| |E|E|-|-|-|D|D| |D|D|-|-|-|-|-| |E|E|E|E|E|-|-|
NU_38 |-|-|-|-|D|D|D| |D|E|E|-|-|-|-| |-|-|D|D|E|E|E| |E|-|-|-|-|-|-|
NU_39 |L|L|-|-|-|-|-| |N|N|N|N|N|-|-| |-|D|D|D|D|-|-| |L|L|L|L|-|-|-|
CT_40 |E|E|E|D|D|-|-| |-|-|-|D|D|D|D| |D|-|-|-|L|L|L| |L|L|-|-|-|-|-|
CT_41 |-|D|D|D|D|-|-| |-|-|-|-|E|E|L| |L|L|-|-|-|-|-| |E|E|E|E|-|-|-|
CT_42 |-|-|L|L|L|-|-| |D|D|D|D|D|-|-| |E|E|D|D|D|-|-| |E|E|D|D|D|-|-|
CT_43 |-|-|-|-|E|E|E| |D|D|-|-|-|-|-| |D|D|D|E|E|-|-| |-|-|-|-|E|E|L|
CT_44 |N|N|N|N|N|-|-| |E|E|E|E|E|-|-| |D|D|D|-|N|N|N| |N|-|-|N|N|N|N|
CT_45 |D|D|E|E|E|-|-| |L|L|L|L|L|-|-| |L|L|L|-|-|N|N| |N|N|-|-|D|D|E|
CT_46 |D|D|L|L|L|-|-| |L|L|L|L|L|-|-| |L|L|L|L|L|-|-| |N|N|N|N|N|-|-|
CT_47 |D|D|E|E|-|-|-| |-|E|E|E|E|-|-| |E|E|E|E|E|-|-| |E|E|L|L|L|-|-|
CT_48 |N|N|N|-|-|-|-| |D|D|D|-|-|-|-| |N|N|N|N|N|-|-| |D|D|E|E|E|-|-|
CT_49 |-|-|D|D|D|-|-| |E|E|-|-|N|N|N| |N|N|-|-|L|L|L| |-|-|E|E|E|-|-|
CT_50 |L|L|L|L|-|-|-| |-|-|D|D|D|D|D| |D|-|-|-|-|-|-| |N|N|N|N|N|-|-|
CT_51 |-|-|-|N|N|N|N| |-|-|-|-|-|-|N| |N|N|N|-|-|-|-| |-|D|D|D|D|-|-|
CT_52 |N|N|N|N|N|-|-| |-|D|D|D|D|-|-| |-|L|L|L|L|-|-| |-|-|-|N|N|N|N|
CT_53 |L|L|L|L|-|-|-| |N|N|N|N|N|-|-| |E|E|E|-|-|D|D| |E|E|-|-|E|E|E|
CT_54 |E|E|-|-|L|L|L| |-|-|D|D|D|D|D| |-|-|E|E|E|-|-| |E|E|L|L|L|-|-|
CT_55 |E|E|E|D|D|-|-| |N|N|N|N|N|-|-| |E|E|D|D|D|-|-| |D|D|D|D|D|-|-|
CT_56 |E|E|E|D|D|-|-| |N|N|N|N|N|-|-| |N|N|N|N|N|-|-| |L|L|L|-|-|D|D|
CT_57 |N|N|N|N|N|-|-| |N|N|N|N|N|-|-| |-|-|-|E|E|E|E| |-|-|N|N|N|-|-|
CT_58 |E|E|E|-|-|-|-| |E|E|E|E|E|-|-| |E|E|E|-|-|-|-| |E|E|E|E|-|-|-|
CT_59 |D|-|-|-|D|D|D| |D|D|-|-|L|L|L| |L|L|-|-|-|-|-| |D|D|D|D|-|-|-|
TR_60 |E|E|E|-|-|L|L| |L|L|-|-|-|L|L| |L|-|N|N|N|-|-| |L|L|L|L|L|-|-|
TR_61 |D|D|-|-|-|-|-| |-|D|D|D|D|-|-| |-|-|-|-|E|E|E| |E|D|D|-|-|-|-|
TR_62 |L|L|L|N|N|-|-| |E|E|E|L|L|-|-| |L|L|L|-|-|D|D| |E|E|-|-|E|E|E|
TR_63 |-|D|L|L|L|-|-| |-|-|-|-|D|D|D| |D|-|-|-|-|-|-| |D|D|L|L|-|-|-|
TR_64 |-|-|L|L|L|-|-| |-|N|N|N|N|-|-| |-|-|N|N|N|N|N| |-|-|-|D|D|D|L|
TR_65 |E|E|D|D|-|-|-| |D|D|D|E|E|-|-| |E|E|L|L|L|-|-| |L|L|L|-|-|L|L|
TR_66 |-|-|-|D|E|-|-| |-|-|-|L|L|N|N| |N|-|-|-|-|-|-| |N|N|N|N|N|-|-|
TR_67 |-|-|-|-|D|D|E| |E|L|-|-|-|-|-| |D|D|E|E|-|-|-| |-|N|N|N|N|-|-|
TR_68 |L|L|-|-|E|E|L| |-|-|E|E|E|-|-| |-|-|D|D|L|L|L| |-|-|-|D|D|-|-|
TR_69 |N|N|N|N|N|-|-| |N|N|N|N|N|-|-| |E|E|E|E|E|-|-| |E|E|E|E|E|-|-|


Hard constraint violations
--------------------------

Minimal coverage constraints: 0
Required skill constraints: 0
Illegal shift type succession constraints: 0
Single assignment per day: 0


Cost per constraint type
------------------------

Total assignment constraints: 1260
Consecutive constraints: 405
Non working days constraints: 270
Preferences: 160
Max working weekend: 300
Complete weekends: 0
Optimal coverage constraints: 630

------------------------

Total cost: 3025
