Argumentos: 
./solver.release -i 15 -t 86400 -a 7 -h 86400 -w Testes/Mvic-i15 -m modeloCom2345.mod -o modeloCom2345.mod 
Seed: 1622416830
hidden-TXT/Sc-n070w4.txt
hidden-TXT/H0-n070w4-0.txt
hidden-TXT/WD-n070w4-9.txt hidden-TXT/WD-n070w4-1.txt hidden-TXT/WD-n070w4-7.txt hidden-TXT/WD-n070w4-5.txt 
Reading model section from modeloCom2345.mod...
367 lines were read
Reading data section from Testes/Mvic-i15/15.dat...
13093 lines were read
Generating obj...
Generating H1turnoDia...
Generating H2coberturaMinima...
Generating H3AsucessaoTurnos...
Generating H3BsucessaoTurnos...
Generating H4qualificacao...
Generating S1coberturaOtima...
Generating S2d...
Generating S2dHist...
Generating S2b...
Generating S2bHist...
Generating aux1S2a...
Generating auxS2a...
Generating aux3S2a...
Generating aux4S2a...
Generating s2aMin2...
Generating s2aHistMin2...
Generating s2aMin3...
Generating s2aHistMin3h1...
Generating s2aHistMin3h2...
Generating s2aMin4...
Generating s2aHistMin4h1...
Generating s2aHistMin4h2...
Generating s2aHistMin4h3...
Generating s2aMin5...
Generating s2aHistMin5h1...
Generating s2aHistMin5h2...
Generating s2aHistMin5h3...
Generating s2aHistMin5h4...
Generating auxS2b...
Generating aux1S2b...
Generating aux3S2b...
Generating aux4S2b...
Generating s2b...
Generating s2bHist...
Generating s2bMin3turnos...
Generating s2bHistMin3h1turnos...
Generating s2bHistMin3h2turnos...
Generating s2bMin4...
Generating s2bHistMin4h1...
Generating s2bHistMin4h2...
Generating s2bHistMin4h3...
Generating s2bMin5...
Generating s2bHistMin5h1...
Generating s2bHistMin5h2...
Generating s2bHistMin5h3...
Generating s2bHistMin5h34...
Generating auxS5...
Generating S6a...
Generating S6b...
Generating auxS7...
Generating S7...
Model has been successfully generated
Writing problem data to `Testes/Mvic-i15/15.lp'...
460180 lines were written
CPX0000  Tried aggregator 2 times.
CPX0000  MIP Presolve eliminated 15688 rows and 31830 columns.
CPX0000  MIP Presolve modified 3787 coefficients.
CPX0000  Aggregator did 155 substitutions.
CPX0000  Reduced MIP has 45331 rows, 52682 columns, and 378774 nonzeros.
CPX0000  Reduced MIP has 52255 binaries, 427 generals, 0 SOSs, and 0 indicators.
CPX0000  Presolve time = 0.73 sec. (398.57 ticks)
CPX0000  Found incumbent of value 1081875.000000 after 1.54 sec. (1011.56 ticks)
[1m[30m[ZEN] [0m00:00:01 [1m[34m1081875.00[1m[32m  100.00%
[0mCPX0000  Probing time = 0.08 sec. (38.88 ticks)
CPX0000  Tried aggregator 1 time.
CPX0000  MIP Presolve eliminated 15 rows and 15 columns.
CPX0000  Reduced MIP has 45316 rows, 52667 columns, and 378744 nonzeros.
CPX0000  Reduced MIP has 52240 binaries, 427 generals, 0 SOSs, and 0 indicators.
CPX0000  Presolve time = 0.25 sec. (158.43 ticks)
CPX0000  Probing time = 0.04 sec. (14.50 ticks)
CPX0000  Clique table members: 11822.
CPX0000  MIP emphasis: balance optimality and feasibility.
CPX0000  MIP search method: dynamic search.
CPX0000  Parallel mode: none, using 1 thread.
CPX0000  Root relaxation solution time = 721.40 sec. (130770.34 ticks)
CPX0000
CPX0000          Nodes                                         Cuts/
CPX0000     Node  Left     Objective  IInf  Best Integer    Best Bound    ItCnt     Gap
CPX0000
CPX0000  *     0+    0                      1081875.0000        0.0000   132750  100.00%
CPX0000        0     0       94.9838  4771  1081875.0000       94.9838   132750   99.99%
CPX0000        0     0      261.2999  5217  1081875.0000    Cuts: 2507   170490   99.98%
CPX0000        0     0      416.0845  5050  1081875.0000    Cuts: 1914   210832   99.96%
CPX0000        0     0      449.1577  5075  1081875.0000    Cuts: 1573   243454   99.96%
CPX0000  *     0+    0                       234085.0000      449.1577   243454   99.81%
[1m[30m[ZEN] [0m00:24:16 [1m[34m 234085.00[1m[32m   99.81%
[0mCPX0000        0     0      466.3481  5300   234085.0000    Cuts: 1425   281546   99.80%
CPX0000        0     0      485.6022  5406   234085.0000    Cuts: 1492   311806   99.79%
CPX0000        0     0      497.5558  5561   234085.0000    Cuts: 1309   359133   99.79%
CPX0000        0     0      510.0967  5552   234085.0000    Cuts: 1523   392320   99.78%
CPX0000        0     0      529.7189  5704   234085.0000    Cuts: 1596   430880   99.77%
CPX0000        0     0      560.6706  5751   234085.0000    Cuts: 1527   465241   99.76%
CPX0000        0     0      574.4747  5798   234085.0000    Cuts: 1488   506662   99.75%
CPX0000        0     0      606.2276  5940   234085.0000    Cuts: 1490   560098   99.74%
CPX0000        0     0      631.2058  5805   234085.0000    Cuts: 1472   591090   99.73%
CPX0000        0     0      650.2993  5862   234085.0000    Cuts: 1475   626932   99.72%
CPX0000        0     0      666.8610  5876   234085.0000    Cuts: 1492   668612   99.72%
CPX0000        0     0      681.7759  6116   234085.0000    Cuts: 1456   718084   99.71%
CPX0000        0     0      698.7777  6030   234085.0000    Cuts: 1512   758361   99.70%
CPX0000        0     0      713.6386  6092   234085.0000    Cuts: 1469   791020   99.70%
CPX0000        0     0      726.8119  5972   234085.0000    Cuts: 1305   835575   99.69%
CPX0000        0     0      739.9832  5852   234085.0000    Cuts: 1317   880362   99.68%
CPX0000        0     0      756.6082  6382   234085.0000    Cuts: 1256   917902   99.68%
CPX0000        0     0      780.3774  6029   234085.0000    Cuts: 1370   951714   99.67%
CPX0000        0     0      790.8157  6215   234085.0000    Cuts: 1530   985631   99.66%
CPX0000        0     0      807.8289  6234   234085.0000    Cuts: 1219  1030176   99.65%
CPX0000        0     0      826.0406  6273   234085.0000    Cuts: 1433  1083152   99.65%
CPX0000        0     0      847.7968  6125   234085.0000    Cuts: 1434  1123321   99.64%
CPX0000        0     0      861.8458  6208   234085.0000    Cuts: 1445  1154997   99.63%
CPX0000        0     0      879.0002  6196   234085.0000    Cuts: 1488  1193752   99.62%
CPX0000        0     0      891.0908  6507   234085.0000    Cuts: 1565  1222461   99.62%
CPX0000        0     0      908.0578  6360   234085.0000    Cuts: 1319  1254403   99.61%
CPX0000        0     0      921.1542  6602   234085.0000    Cuts: 1403  1285273   99.61%
CPX0000        0     0      944.2170  6634   234085.0000    Cuts: 1529  1321020   99.60%
CPX0000        0     0      967.0334  6442   234085.0000    Cuts: 1439  1353234   99.59%
CPX0000        0     0      981.8429  6308   234085.0000    Cuts: 1442  1391749   99.58%
CPX0000        0     0      993.1888  6171   234085.0000    Cuts: 1425  1417897   99.58%
CPX0000        0     0     1009.6324  6472   234085.0000    Cuts: 1527  1444969   99.57%
CPX0000        0     0     1019.8637  6657   234085.0000    Cuts: 1442  1475533   99.56%
CPX0000        0     0     1047.0097  6405   234085.0000    Cuts: 1384  1508734   99.55%
CPX0000        0     0     1062.6443  6434   234085.0000    Cuts: 1453  1540201   99.55%
CPX0000        0     0     1083.2154  6383   234085.0000    Cuts: 1395  1571495   99.54%
CPX0000        0     0     1092.8956  6516   234085.0000    Cuts: 1473  1606864   99.53%
CPX0000        0     0     1101.5388  6505   234085.0000    Cuts: 1387  1636246   99.53%
CPX0000        0     0     1117.8456  6279   234085.0000    Cuts: 1289  1677691   99.52%
CPX0000        0     0     1131.6441  6247   234085.0000    Cuts: 1287  1711151   99.52%
CPX0000        0     0     1139.8875  6396   234085.0000    Cuts: 1449  1740726   99.51%
CPX0000        0     0     1147.5111  6594   234085.0000    Cuts: 1320  1771689   99.51%
CPX0000        0     0     1160.4755  6684   234085.0000    Cuts: 1431  1814275   99.50%
CPX0000        0     0     1167.5035  6805   234085.0000    Cuts: 1557  1843700   99.50%
CPX0000        0     0     1174.6236  6753   234085.0000    Cuts: 1332  1871976   99.50%
CPX0000        0     0     1183.7943  6493   234085.0000    Cuts: 1411  1909532   99.49%
CPX0000        0     0     1193.1240  6875   234085.0000    Cuts: 1355  1947208   99.49%
CPX0000        0     0     1200.4872  6755   234085.0000    Cuts: 1386  1978457   99.49%
CPX0000        0     0     1214.1051  6641   234085.0000    Cuts: 1474  2017020   99.48%
CPX0000        0     0     1224.8735  6376   234085.0000    Cuts: 1451  2063188   99.48%
CPX0000        0     0     1229.6850  6631   234085.0000    Cuts: 1457  2110061   99.47%
CPX0000        0     0     1237.6247  7019   234085.0000    Cuts: 1308  2144029   99.47%
CPX0000        0     0     1243.0925  6665   234085.0000    Cuts: 1512  2183414   99.47%
CPX0000        0     0     1247.6842  6354   234085.0000    Cuts: 1399  2218207   99.47%
CPX0000        0     0     1253.2303  6450   234085.0000    Cuts: 1441  2249998   99.46%
CPX0000        0     0     1258.6896  6500   234085.0000    Cuts: 1235  2293442   99.46%
CPX0000        0     0     1265.5677  6496   234085.0000    Cuts: 1404  2331314   99.46%
CPX0000        0     0     1272.6879  6601   234085.0000    Cuts: 1430  2364428   99.46%
CPX0000        0     0     1282.4408  6211   234085.0000    Cuts: 1353  2397798   99.45%
CPX0000        0     0     1293.9262  6349   234085.0000    Cuts: 1588  2447791   99.45%
CPX0000        0     0     1299.5986  6636   234085.0000    Cuts: 1474  2480572   99.44%
CPX0000        0     0     1303.2526  6464   234085.0000    Cuts: 1439  2516196   99.44%
CPX0000        0     0     1308.9023  6587   234085.0000    Cuts: 1363  2562577   99.44%
CPX0000        0     0     1312.3913  6713   234085.0000    Cuts: 1444  2614272   99.44%
CPX0000        0     0     1314.1763  6713   234085.0000    Cuts: 1600  2650866   99.44%
CPX0000        0     0     1317.8103  6724   234085.0000    Cuts: 1276  2692824   99.44%
CPX0000        0     0     1321.4117  6840   234085.0000    Cuts: 1431  2737760   99.44%
CPX0000        0     0     1325.3279  6693   234085.0000    Cuts: 1427  2769850   99.43%
CPX0000        0     0     1330.1721  6594   234085.0000    Cuts: 1350  2808476   99.43%
CPX0000        0     0     1334.9244  7057   234085.0000    Cuts: 1363  2844158   99.43%
CPX0000        0     0     1338.2292  7047   234085.0000    Cuts: 1530  2880228   99.43%
CPX0000        0     0     1346.8704  6813   234085.0000    Cuts: 1430  2913748   99.42%
CPX0000        0     0     1351.6176  6671   234085.0000    Cuts: 1436  2963060   99.42%
CPX0000        0     0     1356.2119  7025   234085.0000    Cuts: 1357  2992627   99.42%
CPX0000        0     0     1361.5870  7031   234085.0000    Cuts: 1316  3020443   99.42%
CPX0000        0     0     1369.3764  6899   234085.0000    Cuts: 1339  3058241   99.42%
CPX0000        0     0     1375.5810  6626   234085.0000    Cuts: 1313  3091736   99.41%
CPX0000        0     0     1381.3013  6729   234085.0000    Cuts: 1482  3126552   99.41%
CPX0000        0     0     1396.4636  6689   234085.0000    Cuts: 1411  3162896   99.40%
CPX0000        0     0     1400.1212  6684   234085.0000    Cuts: 1417  3191938   99.40%
CPX0000        0     0     1405.1531  6612   234085.0000    Cuts: 1291  3234908   99.40%
CPX0000        0     0     1414.9110  6426   234085.0000    Cuts: 1345  3273003   99.40%
CPX0000        0     0     1423.0954  6470   234085.0000    Cuts: 1280  3307759   99.39%
CPX0000        0     0     1426.6792  6866   234085.0000    Cuts: 1331  3337910   99.39%
CPX0000        0     0     1434.1339  6552   234085.0000    Cuts: 1439  3367324   99.39%
CPX0000        0     0     1439.3484  6593   234085.0000    Cuts: 1466  3398256   99.39%
CPX0000        0     0     1441.9468  6467   234085.0000    Cuts: 1253  3426692   99.38%
CPX0000        0     0     1444.2332  6377   234085.0000    Cuts: 1259  3455672   99.38%
CPX0000        0     0     1447.4335  6501   234085.0000    Cuts: 1345  3491738   99.38%
CPX0000        0     0     1450.5540  6653   234085.0000    Cuts: 1547  3520747   99.38%
CPX0000        0     0     1454.6916  6508   234085.0000    Cuts: 1360  3570050   99.38%
CPX0000        0     0     1459.4012  6720   234085.0000    Cuts: 1338  3602918   99.38%
CPX0000        0     0     1462.8151  6597   234085.0000    Cuts: 1205  3636341   99.38%
CPX0000        0     0     1467.8192  6225   234085.0000    Cuts: 1224  3670853   99.37%
CPX0000        0     0     1470.7181  6643   234085.0000    Cuts: 1245  3699224   99.37%
CPX0000        0     0     1472.8007  6725   234085.0000    Cuts: 1290  3729879   99.37%
CPX0000        0     0     1476.3502  6288   234085.0000    Cuts: 1246  3792689   99.37%
CPX0000        0     0     1481.3725  6452   234085.0000    Cuts: 1159  3826246   99.37%
CPX0000        0     0     1485.5965  6340   234085.0000    Cuts: 1054  3856175   99.37%
CPX0000        0     0     1487.2237  6436   234085.0000    Cuts: 1178  3885412   99.36%
CPX0000        0     0     1489.1454  6514   234085.0000    Cuts: 1117  3913133   99.36%
CPX0000        0     0     1490.1184  6757   234085.0000    Cuts: 1349  3944924   99.36%
CPX0000        0     0     1491.0184  6477   234085.0000    Cuts: 1169  3979544   99.36%
CPX0000        0     0     1495.8771  6605   234085.0000    Cuts: 1451  4013011   99.36%
CPX0000        0     0     1497.9490  6360   234085.0000    Cuts: 1208  4045174   99.36%
CPX0000        0     0     1499.2289  6539   234085.0000    Cuts: 1358  4078808   99.36%
CPX0000  Heuristic still looking.
CPX0000  Heuristic still looking.
CPX0000  Heuristic still looking.
CPX0000  *     0+    0                        65850.0000     1499.2289  4078808   97.72%
CPX0000  *     0+    0                        52360.0000     1499.2289  4078808   97.14%
CPX0000  *     0+    0                        28615.0000     1499.2289  4078808   94.76%
CPX0000  *     0+    0                         6875.0000     1499.2289  4078808   78.19%
[1m[30m[ZEN] [0m08:53:49 [1m[34m   6875.00[1m[32m   78.19%
[0mCPX0000        0     2     1499.2289  6535     6875.0000     1499.2289  4078808   78.19%
CPX0000  Elapsed time = 32029.43 sec. (7524237.49 ticks, tree = 0.00 MB
CPX0000        2     4     1499.4754  6383     6875.0000     1499.2289  4080136   78.19%
CPX0000        3     5     1499.4754  5703     6875.0000     1499.2289  4116643   78.19%
CPX0000        4     6     1499.5766  5706     6875.0000     1499.2289  4117747   78.19%
CPX0000        5     7     1500.5189  5685     6875.0000     1499.2289  4120610   78.19%
CPX0000        6     8     1499.5766  5707     6875.0000     1499.2289  4121193   78.19%
CPX0000        7     9     1500.0440  5651     6875.0000     1499.2289  4122882   78.19%
CPX0000        8    10     1501.1551  5709     6875.0000     1499.2289  4193232   78.19%
CPX0000        9    11     1500.5320  5493     6875.0000     1499.2289  4263989   78.19%
CPX0000       10    12     1500.5320  5650     6875.0000     1499.2289  4292757   78.19%
CPX0000       11    13     1500.5320  5232     6875.0000     1499.2289  4313933   78.19%
CPX0000  Elapsed time = 33946.95 sec. (7944662.04 ticks, tree = 0.21 MB
CPX0000       13    15     1502.7924  5207     6875.0000     1499.2289  4319516   78.19%
CPX0000       14    16     1500.9453  5220     6875.0000     1499.2289  4324529   78.19%
CPX0000       15    17     1500.9453  5208     6875.0000     1499.2289  4339150   78.19%
CPX0000       16    18     1500.9453  5051     6875.0000     1499.2289  4343493   78.19%
CPX0000       17    19     1501.3158  5040     6875.0000     1499.2289  4347222   78.19%
CPX0000       18    20     1501.5720  5054     6875.0000     1499.2289  4352096   78.19%
CPX0000       19    21     1515.7657  5000     6875.0000     1499.2289  4360966   78.19%
CPX0000       20    22     1502.0649  5016     6875.0000     1499.2289  4368358   78.19%
CPX0000       21    23     1502.9032  5065     6875.0000     1499.2289  4370990   78.19%
CPX0000       22    24     1502.7272  4986     6875.0000     1499.2289  4373919   78.19%
CPX0000  Elapsed time = 34081.03 sec. (7977863.46 ticks, tree = 1.99 MB
CPX0000       23    25     1503.3021  4992     6875.0000     1499.2289  4380460   78.19%
CPX0000       24    26     1513.8983  5012     6875.0000     1499.2289  4390142   78.19%
CPX0000       25    27     1503.3021  4987     6875.0000     1499.2289  4391871   78.19%
CPX0000       27    29     1505.1077  5007     6875.0000     1499.2289  4400723   78.19%
CPX0000       28    30     1504.1387  4988     6875.0000     1499.2289  4403661   78.19%
CPX0000       30    32     1506.2781  4941     6875.0000     1499.2289  4413755   78.19%
CPX0000       31    33     1507.2013  4974     6875.0000     1499.2289  4416545   78.19%
CPX0000       32    34     1506.2781  4904     6875.0000     1499.2289  4463358   78.19%
CPX0000       33    35     1506.2781  4829     6875.0000     1499.2289  4468166   78.19%
CPX0000       34    36     1506.2781  4808     6875.0000     1499.2289  4478125   78.19%
CPX0000  Elapsed time = 35301.62 sec. (8245263.65 ticks, tree = 2.22 MB
CPX0000       35    37     1506.2781  4822     6875.0000     1499.2289  4479423   78.19%
CPX0000       36    38     1508.2781  4868     6875.0000     1499.2289  4492887   78.19%
CPX0000       37    39     1506.2781  4857     6875.0000     1499.2289  4497700   78.19%
CPX0000       38    40     1508.2781  5339     6875.0000     1499.2289  4578762   78.19%
CPX0000       39    41     1506.2781  4864     6875.0000     1499.2289  4578872   78.19%
CPX0000       40    42     1512.5281  4750     6875.0000     1499.2289  4587039   78.19%
CPX0000       41    43     1506.2781  4823     6875.0000     1499.2289  4594706   78.19%
CPX0000       42    44     1506.2781  4822     6875.0000     1499.2289  4594707   78.19%
CPX0000       43    45     1506.2781  4777     6875.0000     1499.2289  4608672   78.19%
CPX0000       44    46     1506.3286  4796     6875.0000     1499.2289  4610533   78.19%
CPX0000  Elapsed time = 36171.50 sec. (8433139.48 ticks, tree = 3.97 MB
CPX0000       45    47     1506.3286  4719     6875.0000     1499.2289  4621554   78.19%
CPX0000       46    48     1506.3286  4706     6875.0000     1499.2289  4623919   78.19%
CPX0000       47    49     1506.3286  4767     6875.0000     1499.2289  4628616   78.19%
CPX0000       48    50     1512.1740  4687     6875.0000     1499.2289  4658189   78.19%
CPX0000       49    51     1506.3286  4714     6875.0000     1499.2289  4664306   78.19%
CPX0000       50    52     1506.3286  4774     6875.0000     1499.2289  4667839   78.19%
CPX0000       51    53     1511.9834  4765     6875.0000     1499.2289  4698923   78.19%
CPX0000       52    54     1506.3286  4759     6875.0000     1499.2289  4701004   78.19%
CPX0000       53    55     1506.6184  4753     6875.0000     1499.2289  4705318   78.19%
CPX0000       54    56     1512.1740  4709     6875.0000     1499.2289  4731345   78.19%
CPX0000  Elapsed time = 36677.34 sec. (8537920.06 ticks, tree = 5.75 MB
CPX0000       55    57     1506.6184  4739     6875.0000     1499.2289  4735368   78.19%
CPX0000       56    58     1512.2434  4721     6875.0000     1499.2289  4741140   78.19%
CPX0000       57    59     1507.8684  4734     6875.0000     1499.2289  4747271   78.19%
CPX0000       58    60     1507.8816  4760     6875.0000     1499.2289  4749890   78.19%
CPX0000       59    61     1508.5115  4720     6875.0000     1499.2289  4755090   78.19%
CPX0000       60    62     1508.6017  4727     6875.0000     1499.2289  4757614   78.19%
CPX0000       61    63     1509.0462  4661     6875.0000     1499.2289  4761870   78.19%
CPX0000       62    64     1509.2567  4665     6875.0000     1499.2289  4766451   78.19%
CPX0000       63    65     1509.7672  4603     6875.0000     1499.2289  4771404   78.19%
CPX0000       64    66     1509.7672  4622     6875.0000     1499.2289  4791965   78.19%
CPX0000  Elapsed time = 36899.12 sec. (8584609.65 ticks, tree = 5.92 MB
CPX0000       65    67     1511.0172  4475     6875.0000     1499.2289  4829922   78.19%
CPX0000       66    68     1511.0172  4425     6875.0000     1499.2289  4831676   78.19%
CPX0000       67    69     1511.0172  4435     6875.0000     1499.2289  4837653   78.19%
CPX0000       68    70     1516.6721  4399     6875.0000     1499.2289  4845392   78.19%
CPX0000       69    71     1514.5293  4390     6875.0000     1499.2289  4862634   78.19%
CPX0000       70    72     1517.4127  4427     6875.0000     1499.2289  4868506   78.19%
CPX0000       72    74     1514.5293  4397     6875.0000     1499.2289  4870880   78.19%
CPX0000       73    75     1515.8418  4487     6875.0000     1499.2289  4902445   78.19%
CPX0000       74    76     1514.5293  4403     6875.0000     1499.2289  4905175   78.19%
CPX0000       75    77     1519.6959  4448     6875.0000     1499.2289  4918905   78.19%
CPX0000  Elapsed time = 37246.74 sec. (8658830.17 ticks, tree = 6.15 MB
CPX0000       76    78     1514.5293  4386     6875.0000     1499.2289  4944129   78.19%
CPX0000       77    79     1520.2043  4394     6875.0000     1499.2289  4983973   78.19%
CPX0000       78    80     1515.3154  4362     6875.0000     1499.2289  4989596   78.19%
CPX0000       79    81     1515.3154  4396     6875.0000     1499.2289  4992563   78.19%
CPX0000       80    82     1520.4821  4412     6875.0000     1499.2289  5001649   78.19%
CPX0000       81    83     1516.8154  4445     6875.0000     1499.2289  5036304   78.19%
CPX0000       82    84     1531.3869  4413     6875.0000     1499.2289  5043125   78.19%
CPX0000       83    85     1516.8154  4354     6875.0000     1499.2289  5048474   78.19%
CPX0000       84    86     1522.2916  4395     6875.0000     1499.2289  5053311   78.19%
CPX0000       85    87     1521.9821  4316     6875.0000     1499.2289  5062177   78.19%
CPX0000  Elapsed time = 37628.85 sec. (8740420.73 ticks, tree = 6.35 MB
CPX0000       87    89     1523.9821  4294     6875.0000     1499.2289  5098359   78.19%
CPX0000       88    90     1521.9821  4382     6875.0000     1499.2289  5110292   78.19%
CPX0000       89    91     1523.9821  4452     6875.0000     1499.2289  5155967   78.19%
CPX0000       90    92     1521.9821  4268     6875.0000     1499.2289  5162421   78.19%
CPX0000       92    94     1523.9821  4327     6875.0000     1499.2289  5171809   78.19%
CPX0000       93    95     1521.9821  4684     6875.0000     1499.2289  5193211   78.19%
CPX0000       94    96     1523.9821  4356     6875.0000     1499.2289  5204394   78.19%
CPX0000       96    98     1523.9821  4349     6875.0000     1499.2289  5206674   78.19%
CPX0000       97    99     1523.9821  4386     6875.0000     1499.2289  5213459   78.19%
CPX0000       98   100     1525.6488  4360     6875.0000     1499.2289  5230017   78.19%
CPX0000  Elapsed time = 38109.25 sec. (8836597.16 ticks, tree = 6.60 MB
CPX0000       99   101     1524.2552  4393     6875.0000     1499.2289  5249834   78.19%
CPX0000      100   102     1529.1428  4352     6875.0000     1499.2289  5256000   78.19%
CPX0000      101   103     1524.2552  4338     6875.0000     1499.2289  5273947   78.19%
CPX0000      103   105     1524.2552  4351     6875.0000     1499.2289  5276823   78.19%
CPX0000      104   106     1528.4067  4378     6875.0000     1499.2289  5284742   78.19%
CPX0000      105   107     1528.5017  4333     6875.0000     1499.2289  5291044   78.19%
CPX0000      106   108     1528.4067  4348     6875.0000     1499.2289  5297860   78.19%
CPX0000      107   109     1528.5017  4312     6875.0000     1499.2289  5300808   78.19%
CPX0000      108   110     1528.5017  4345     6875.0000     1499.2289  5303488   78.19%
CPX0000      109   111     1530.1684  4377     6875.0000     1499.2289  5309668   78.19%
CPX0000  Elapsed time = 38529.07 sec. (8925861.30 ticks, tree = 6.81 MB
CPX0000      111   113     1528.5017  4352     6875.0000     1499.2289  5317829   78.19%
CPX0000      113   115     1530.1684  4330     6875.0000     1499.2289  5328009   78.19%
CPX0000      117   119     1531.0017  4247     6875.0000     1499.2289  5362178   78.19%
CPX0000      118   120     1531.0017  4272     6875.0000     1499.2289  5372979   78.19%
CPX0000      119   121     1531.0017  4194     6875.0000     1499.2289  5386339   78.19%
CPX0000      120   122     1531.0017  4271     6875.0000     1499.2289  5394002   78.19%
CPX0000      121   123     1531.0017  4236     6875.0000     1499.2289  5416826   78.19%
CPX0000      122   124     1531.0017  4304     6875.0000     1499.2289  5448129   78.19%
CPX0000      124   126     1538.0851  4299     6875.0000     1499.2289  5461869   78.19%
CPX0000      125   127     1544.3351  4325     6875.0000     1499.2289  5469190   78.19%
CPX0000  Elapsed time = 38886.52 sec. (9005323.60 ticks, tree = 7.12 MB
CPX0000      127   129     1545.3351  4310     6875.0000     1499.2289  5482772   78.19%
CPX0000      128   130     1538.0851  4303     6875.0000     1499.2289  5496177   78.19%
CPX0000      132   134     1538.2921  4303     6875.0000     1499.2289  5513211   78.19%
CPX0000      133   135     1538.2921  4292     6875.0000     1499.2289  5527344   78.19%
CPX0000      136   138     1539.2832  4266     6875.0000     1499.2289  5541555   78.19%
CPX0000      139   141     1539.2832  4347     6875.0000     1499.2289  5559108   78.19%
CPX0000      140   142     1539.2832  4266     6875.0000     1499.2289  5581352   78.19%
CPX0000      141   143     1539.2832  4252     6875.0000     1499.2289  5599827   78.19%
CPX0000      144   146     1539.2832  4242     6875.0000     1499.2289  5622967   78.19%
CPX0000      150   152     1540.2312  4280     6875.0000     1499.2289  5638216   78.19%
CPX0000  Elapsed time = 39221.85 sec. (9066215.04 ticks, tree = 7.62 MB
CPX0000      154   156     1541.9486  4243     6875.0000     1499.2289  5654090   78.19%
CPX0000      160   162     1545.8652  4191     6875.0000     1499.2289  5671248   78.19%
CPX0000      166   168     1560.1121  4175     6875.0000     1499.2289  5689171   78.19%
CPX0000      167   169     1550.1502  4191     6875.0000     1499.2289  5714903   78.19%
CPX0000      168   170     1550.1502  4144     6875.0000     1499.2289  5733739   78.19%
CPX0000      169   171     1550.1502  4144     6875.0000     1499.2289  5749252   78.19%
CPX0000      170   172     1550.1502  4134     6875.0000     1499.2289  5765017   78.19%
CPX0000      172   174     1550.1502  4183     6875.0000     1499.2289  5796511   78.19%
CPX0000      173   175     1550.1502  4150     6875.0000     1499.2289  5814398   78.19%
CPX0000      175   177     1550.1502  4160     6875.0000     1499.2289  5826747   78.19%
CPX0000  Elapsed time = 39531.26 sec. (9140405.00 ticks, tree = 8.10 MB
CPX0000      176   178     1550.1502  4144     6875.0000     1499.2289  5841480   78.19%
CPX0000      179   181     1550.1502  4131     6875.0000     1499.2289  5866760   78.19%
CPX0000      180   182     1550.1502  4121     6875.0000     1499.2289  5883175   78.19%
CPX0000      181   183     1550.1502  4130     6875.0000     1499.2289  5897656   78.19%
CPX0000      182   184     1550.1502  4132     6875.0000     1499.2289  5925179   78.19%
CPX0000      186   188     1550.1502  4107     6875.0000     1499.2289  5959784   78.19%
CPX0000      187   189     1550.1502  4123     6875.0000     1499.2289  5988503   78.19%
CPX0000      189   191     1550.1502  4119     6875.0000     1499.2289  6011663   78.19%
CPX0000      191   193     1550.1502  4126     6875.0000     1499.2289  6039355   78.19%
CPX0000      192   194     1551.0274  4051     6875.0000     1499.2289  6055711   78.19%
CPX0000  Elapsed time = 40050.37 sec. (9251490.38 ticks, tree = 8.46 MB
CPX0000      194   196     1551.0274  4079     6875.0000     1499.2289  6069031   78.19%
CPX0000      196   198     1551.0274  4077     6875.0000     1499.2289  6081145   78.19%
CPX0000      197   199     1552.3643  4046     6875.0000     1499.2289  6109440   78.19%
CPX0000      199   201     1552.3643  4037     6875.0000     1499.2289  6128924   78.19%
CPX0000      200   202     1552.3643  4028     6875.0000     1499.2289  6147285   78.19%
CPX0000      202   204     1552.3643  3975     6875.0000     1499.2289  6163406   78.19%
CPX0000      204   206     1552.3643  3961     6875.0000     1499.2289  6199463   78.19%
CPX0000      205   207     1552.3643  4035     6875.0000     1499.2289  6215569   78.19%
CPX0000      206   208     1552.3643  4017     6875.0000     1499.2289  6254303   78.19%
CPX0000      208   210     1555.1972  4056     6875.0000     1499.2289  6266648   78.19%
CPX0000  Elapsed time = 40538.08 sec. (9366103.12 ticks, tree = 8.79 MB
CPX0000      209   211     1552.3643  4051     6875.0000     1499.2289  6310463   78.19%
CPX0000      210   212     1552.3643  4119     6875.0000     1499.2289  6334344   78.19%
CPX0000      212   214     1552.3643  3982     6875.0000     1499.2289  6342120   78.19%
CPX0000      214   216     1560.1421  3973     6875.0000     1499.2289  6350657   78.19%
CPX0000      216   218     1552.6421  3971     6875.0000     1499.2289  6359258   78.19%
CPX0000      217   219     1552.6421  4070     6875.0000     1499.2289  6368307   78.19%
CPX0000      220   222     1552.6421  3970     6875.0000     1499.2289  6375886   78.19%
CPX0000      221   223     1552.6421  3955     6875.0000     1499.2289  6383189   78.19%
CPX0000      222   224     1552.6421  4015     6875.0000     1499.2289  6388227   78.19%
CPX0000      223   225     1559.8000  4007     6875.0000     1499.2289  6394903   78.19%
CPX0000  Elapsed time = 41007.05 sec. (9476903.76 ticks, tree = 10.66 MB
CPX0000      226   228     1552.6421  4031     6875.0000     1499.2289  6400743   78.19%
CPX0000      228   230     1552.6421  3952     6875.0000     1499.2289  6407623   78.19%
CPX0000      229   231     1557.1136  4030     6875.0000     1499.2289  6419095   78.19%
CPX0000      230   232     1555.2594  4066     6875.0000     1499.2289  6429724   78.19%
CPX0000      232   234     1564.2715  4006     6875.0000     1499.2289  6439491   78.19%
CPX0000      233   235     1557.1136  4023     6875.0000     1499.2289  6463521   78.19%
CPX0000      235   237     1559.1691  4050     6875.0000     1499.2289  6473799   78.19%
CPX0000      237   239     1557.1136  4040     6875.0000     1499.2289  6479959   78.19%
CPX0000      238   240     1557.7802  4073     6875.0000     1499.2289  6488250   78.19%
CPX0000      239   241     1557.1136  4071     6875.0000     1499.2289  6494306   78.19%
CPX0000  Elapsed time = 41304.45 sec. (9544881.42 ticks, tree = 10.97 MB
CPX0000      240   242     1563.1286  4001     6875.0000     1499.2289  6507127   78.19%
CPX0000      241   243     1557.1136  4092     6875.0000     1499.2289  6518932   78.19%
CPX0000      242   244     1557.1136  3981     6875.0000     1499.2289  6541458   78.19%
CPX0000      245   247     1557.5257  3998     6875.0000     1499.2289  6553776   78.19%
CPX0000      248   250     1562.1779  3929     6875.0000     1499.2289  6579139   78.19%
CPX0000      249   251     1558.0112  3941     6875.0000     1499.2289  6597762   78.19%
CPX0000      250   252     1562.2572  3885     6875.0000     1499.2289  6624524   78.19%
CPX0000      252   254     1562.2572  4013     6875.0000     1499.2289  6635950   78.19%
CPX0000      255   257     1564.9845  3870     6875.0000     1499.2289  6655640   78.19%
CPX0000      256   258     1562.2572  3914     6875.0000     1499.2289  6673950   78.19%
CPX0000  Elapsed time = 41640.02 sec. (9620148.53 ticks, tree = 11.32 MB
CPX0000      257   259     1563.7535  3841     6875.0000     1499.2289  6688670   78.19%
CPX0000      262   264     1574.6625  3723     6875.0000     1499.2289  6706830   78.19%
CPX0000      268   270     1585.7314  3651     6875.0000     1499.2289  6726437   78.19%
CPX0000      277   279     1609.2739  3655     6875.0000     1499.2289  6748415   78.19%
CPX0000      280   282     1609.2739  3644     6875.0000     1499.2289  6762409   78.19%
CPX0000      283   285     1620.7629  3717     6875.0000     1499.2289  6797648   78.19%
CPX0000      287   289     1620.7629  3762     6875.0000     1499.2289  6817205   78.19%
CPX0000      292   294     1621.4431  3654     6875.0000     1499.2289  6830521   78.19%
CPX0000      296   298     1624.0066  3921     6875.0000     1499.2289  6861726   78.19%
CPX0000      298   300     1621.9926  3652     6875.0000     1499.2289  6880121   78.19%
CPX0000  Elapsed time = 41893.50 sec. (9688515.69 ticks, tree = 12.20 MB
CPX0000      299   301     1625.6537  3716     6875.0000     1499.2289  6916761   78.19%
CPX0000      300   302     1621.9926  3642     6875.0000     1499.2289  6938006   78.19%
CPX0000      305   307     1621.9926  3641     6875.0000     1499.2289  6956304   78.19%
CPX0000      307   309     1622.5481  3609     6875.0000     1499.2289  6982059   78.19%
CPX0000      308   310     1624.0164  3712     6875.0000     1499.2289  7020780   78.19%
CPX0000      309   311     1622.5481  3792     6875.0000     1499.2289  7049480   78.19%
CPX0000      310   312     1622.5481  3629     6875.0000     1499.2289  7074749   78.19%
CPX0000      312   314     1623.5489  3645     6875.0000     1499.2289  7106643   78.19%
CPX0000      313   315     1628.6870  3570     6875.0000     1499.2289  7121611   78.19%
CPX0000      315   317     1628.6870  3565     6875.0000     1499.2289  7150236   78.19%
CPX0000  Elapsed time = 42287.00 sec. (9783182.62 ticks, tree = 12.58 MB
CPX0000      317   319     1633.9736  3592     6875.0000     1499.2289  7188780   78.19%
CPX0000      320   322     1636.7173  3733     6875.0000     1499.2289  7202615   78.19%
CPX0000      328   330     1642.4783  3556     6875.0000     1499.2289  7220929   78.19%
CPX0000      333   335     1646.6296  3639     6875.0000     1499.2289  7253812   78.19%
CPX0000      335   337     1644.1866  3553     6875.0000     1499.2289  7278711   78.19%
CPX0000      337   339     1644.2613  3639     6875.0000     1499.2289  7310737   78.19%
CPX0000      338   340     1644.2177  3564     6875.0000     1499.2289  7330780   78.19%
CPX0000      344   346     1645.1622  3531     6875.0000     1499.2289  7369492   78.19%
CPX0000      346   348     1648.3201  3521     6875.0000     1499.2289  7397734   78.19%
CPX0000      347   349     1650.5424  3548     6875.0000     1499.2289  7428516   78.19%
CPX0000  Elapsed time = 42716.05 sec. (9888674.54 ticks, tree = 13.26 MB
CPX0000      349   351     1648.5487  3518     6875.0000     1499.2289  7447035   78.19%
CPX0000      351   353     1648.3201  3476     6875.0000     1499.2289  7467320   78.19%
CPX0000      352   354     1648.3201  3505     6875.0000     1499.2289  7480088   78.19%
CPX0000      355   357     1649.5415  3440     6875.0000     1499.2289  7497926   78.19%
CPX0000      359   361     1661.8716  3556     6875.0000     1499.2289  7520922   78.19%
CPX0000      363   365     1665.6152  3292     6875.0000     1499.2289  7554028   78.19%
CPX0000      366   368     1665.6152  3352     6875.0000     1499.2289  7578937   78.19%
CPX0000      367   369     1676.8652  3371     6875.0000     1499.2289  7606947   78.19%
CPX0000      369   371     1665.6152  3368     6875.0000     1499.2289  7624569   78.19%
CPX0000      370   372     1681.5596  3453     6875.0000     1499.2289  7655992   78.19%
CPX0000  Elapsed time = 42979.75 sec. (9954115.42 ticks, tree = 13.75 MB
CPX0000      371   373     1665.8438  3276     6875.0000     1499.2289  7691341   78.19%
CPX0000      372   374     1665.8438  3291     6875.0000     1499.2289  7709570   78.19%
CPX0000      373   375     1667.8077  3411     6875.0000     1499.2289  7753855   78.19%
CPX0000      374   376     1673.9688  3224     6875.0000     1499.2289  7780570   78.19%
CPX0000      377   379     1677.3021  3202     6875.0000     1499.2289  7794228   78.19%
CPX0000      378   380     1675.8021  3227     6875.0000     1499.2289  7818447   78.19%
CPX0000      380   382     1694.6632  3180     6875.0000     1499.2289  7839983   78.19%
CPX0000      381   383     1683.3854  3206     6875.0000     1499.2289  7862651   78.19%
CPX0000      382   384     1683.3854  3184     6875.0000     1499.2289  7876981   78.19%
CPX0000      384   386     1683.4365  3244     6875.0000     1499.2289  7890404   78.19%
CPX0000  Elapsed time = 43257.42 sec. (10023860.30 ticks, tree = 14.03 MB
CPX0000      386   388     1683.3854  3178     6875.0000     1499.2289  7913399   78.19%
CPX0000      388   390     1684.6950  3209     6875.0000     1499.2289  7932742   78.19%
CPX0000      390   392     1683.3854  3156     6875.0000     1499.2289  7949177   78.19%
CPX0000      392   394     1683.3854  3245     6875.0000     1499.2289  7979226   78.19%
CPX0000      397   399     1704.7528  3297     6875.0000     1499.2289  8003683   78.19%
CPX0000      401   403     1710.3796  3264     6875.0000     1499.2289  8024622   78.19%
CPX0000      408   410     1735.5838  3264     6875.0000     1499.2289  8045889   78.19%
CPX0000      412   414     1717.5798  3292     6875.0000     1499.2289  8072189   78.19%
CPX0000      414   416     1722.5798  3238     6875.0000     1499.2289  8101809   78.19%
CPX0000      416   418     1722.5798  3293     6875.0000     1499.2289  8126561   78.19%
CPX0000  Elapsed time = 43482.92 sec. (10090501.90 ticks, tree = 14.75 MB
CPX0000      418   420     1724.7227  3260     6875.0000     1499.2289  8143865   78.19%
CPX0000      426   428     1754.7702  3220     6875.0000     1499.2289  8164350   78.19%
CPX0000      431   433     1765.0772  3225     6875.0000     1499.2289  8201241   78.19%
CPX0000      432   434     1769.0772  3138     6875.0000     1499.2289  8221707   78.19%
CPX0000      434   436     1785.5772  3154     6875.0000     1499.2289  8265138   78.19%
CPX0000      435   437     1769.0772  3153     6875.0000     1499.2289  8278688   78.19%
CPX0000      438   440     1769.0772  3173     6875.0000     1499.2289  8294777   78.19%
CPX0000      440   442     1769.0772  3203     6875.0000     1499.2289  8298885   78.19%
CPX0000      442   444     1769.0772  3136     6875.0000     1499.2289  8317719   78.19%
CPX0000      444   446     1772.9939  3141     6875.0000     1499.2289  8340102   78.19%
CPX0000  Elapsed time = 43735.34 sec. (10156951.72 ticks, tree = 15.36 MB
CPX0000      446   448     1772.9939  3121     6875.0000     1499.2289  8354013   78.19%
CPX0000      448   450     1780.8097  3088     6875.0000     1499.2289  8372815   78.19%
CPX0000      450   452     1781.6133  3108     6875.0000     1499.2289  8401749   78.19%
CPX0000      451   453     1806.4347  3110     6875.0000     1499.2289  8432269   78.19%
CPX0000      453   455     1782.4466  3103     6875.0000     1499.2289  8456165   78.19%
CPX0000      454   456     1781.6133  3057     6875.0000     1499.2289  8490094   78.19%
CPX0000      456   458     1781.6133  3100     6875.0000     1499.2289  8511824   78.19%
CPX0000      458   460     1784.6133  3051     6875.0000     1499.2289  8534674   78.19%
CPX0000      459   461     1784.6133  3066     6875.0000     1499.2289  8552830   78.19%
CPX0000      460   462     1795.1133  3059     6875.0000     1499.2289  8578205   78.19%
CPX0000  Elapsed time = 43998.82 sec. (10224104.89 ticks, tree = 15.71 MB
CPX0000      462   464     1792.6133  3111     6875.0000     1499.2289  8601762   78.19%
CPX0000      465   467     1802.6133  3053     6875.0000     1499.2289  8621557   78.19%
CPX0000      466   468     1807.6133  3035     6875.0000     1499.2289  8636919   78.19%
CPX0000      468   470     1832.9635  3100     6875.0000     1499.2289  8658692   78.19%
CPX0000      469   471     1815.1587  3025     6875.0000     1499.2289  8679738   78.19%
CPX0000      471   473     1823.2813  3015     6875.0000     1499.2289  8731808   78.19%
CPX0000      474   476     1816.4682  2963     6875.0000     1499.2289  8764554   78.19%
CPX0000      475   477     1816.4682  2998     6875.0000     1499.2289  8781460   78.19%
CPX0000      476   478     1823.9682  2994     6875.0000     1499.2289  8818306   78.19%
CPX0000      477   479     1817.2421  3081     6875.0000     1499.2289  8846413   78.19%
CPX0000  Elapsed time = 44262.39 sec. (10293992.29 ticks, tree = 16.06 MB
CPX0000      479   481     1816.4682  3082     6875.0000     1499.2289  8864564   78.19%
CPX0000      480   482     1816.4682  2984     6875.0000     1499.2289  8892570   78.19%
CPX0000      483   485     1817.3105  3131     6875.0000     1499.2289  8933803   78.19%
CPX0000      484   486     1831.7046  3036     6875.0000     1499.2289  8960890   78.19%
CPX0000      486   488     1831.7046  3038     6875.0000     1499.2289  8974381   78.19%
CPX0000      488   490     1831.7046  3016     6875.0000     1499.2289  8988852   78.19%
CPX0000      490   492     1832.1591  3015     6875.0000     1499.2289  9003187   78.19%
CPX0000      491   493     1831.7529  3098     6875.0000     1499.2289  9028919   78.19%
CPX0000      492   494     1834.1877  3003     6875.0000     1499.2289  9046377   78.19%
CPX0000      494   496     1834.1877  3025     6875.0000     1499.2289  9060727   78.19%
CPX0000  Elapsed time = 44484.30 sec. (10354961.86 ticks, tree = 16.46 MB
CPX0000      497   499     1835.2591  3113     6875.0000     1499.2289  9074247   78.19%
CPX0000      498   500     1836.9409  3025     6875.0000     1499.2289  9100386   78.19%
CPX0000      500   502     1836.9409  3000     6875.0000     1499.2289  9125754   78.19%
CPX0000      501   503     1836.9409  2979     6875.0000     1499.2289  9142997   78.19%
CPX0000      503   505     1841.9409  2932     6875.0000     1499.2289  9160581   78.19%
CPX0000      505   507     1860.5960  3049     6875.0000     1499.2289  9196909   78.19%
CPX0000      508   510     1842.8599  2890     6875.0000     1499.2289  9211274   78.19%
CPX0000  *   517+  517                         6335.0000     1499.2289  9227163   76.33%
CPX0000  *   517+  517                         6060.0000     1499.2289  9227163   75.26%
CPX0000  *   517+  517                         6045.0000     1499.2289  9227163   75.20%
CPX0000      517   519     1847.2425  2885     6045.0000     1499.2289  9227163   75.20%
[1m[30m[ZEN] [0m12:24:10 [1m[34m   6045.00[1m[32m   75.20%
[0mCPX0000  *   518+  518                         4415.0000     1499.2289  9263397   66.04%
CPX0000  *   518+  518                         3955.0000     1499.2289  9263397   62.09%
CPX0000      518   520     1500.7867  6339     3955.0000     1499.2678  9263397   62.09%
[1m[30m[ZEN] [0m12:36:29 [1m[34m   3955.00[1m[32m   62.09%
[0mCPX0000  *   519+  346                         3780.0000     1588.7288 11344865   57.97%
CPX0000  *   519+  230                         3730.0000     1588.7288 11344865   57.41%
[1m[30m[ZEN] [0m18:05:33 [1m[34m   3730.00[1m[32m   57.41%
[0mCPX0000      519   231     1588.7288  6359     3730.0000     1591.8478 11344865   57.32%
CPX0000  Elapsed time = 65134.10 sec. (15759979.31 ticks, tree = 7.51 MB
CPX0000      520   232     1593.7214  5865     3730.0000     1592.2214 11409100   57.31%
CPX0000      521   233     1592.8508  6054     3730.0000     1593.8186 11441310   57.27%
CPX0000      522   234     1593.8186  5922     3730.0000     1594.6892 11464212   57.25%
CPX0000      523   235     1606.3186  5602     3730.0000     1594.6892 11499545   57.25%
CPX0000      524   236     1595.0686  5771     3730.0000     1594.6892 11519719   57.25%
CPX0000      525   237     1600.9914  5665     3730.0000     1594.6892 11576798   57.25%
CPX0000      526   237     1607.5392  5615     3730.0000     1594.6892 11622856   57.25%
CPX0000      527   238     1614.2058  5386     3730.0000     1594.6892 11638078   57.25%
CPX0000      528   239     1612.5392  5189     3730.0000     1594.6892 11709261   57.25%
CPX0000      529   240     1617.5392  5448     3730.0000     1594.6892 11748269   57.25%
CPX0000  Elapsed time = 67485.35 sec. (16272887.16 ticks, tree = 9.24 MB
CPX0000      530   241     1622.2788  5081     3730.0000     1594.6892 11789584   57.25%
CPX0000      531   242     1624.1747  5103     3730.0000     1594.6892 11798363   57.25%
CPX0000      532   243     1625.6698  5068     3730.0000     1594.6892 11813542   57.25%
CPX0000      533   243     1625.0367  5271     3730.0000     1594.6892 11827015   57.25%
CPX0000      534   244     1631.7034  5080     3730.0000     1594.6892 11870226   57.25%
CPX0000      535   244     1627.4710  5045     3730.0000     1594.6892 11879067   57.25%
CPX0000      536   245     1626.2210  5464     3730.0000     1594.6892 11922430   57.25%
CPX0000      537   246     1629.9710  4944     3730.0000     1594.6892 11946209   57.25%
CPX0000      539   248     1667.4710  5034     3730.0000     1594.6892 11966614   57.25%
CPX0000      540   248     1653.8043  4958     3730.0000     1594.6892 11975411   57.25%
CPX0000  Elapsed time = 68220.80 sec. (16424610.63 ticks, tree = 9.33 MB
CPX0000      541   248     1637.4710  4966     3730.0000     1594.6892 11980254   57.25%
CPX0000      542   249     1637.4710  4988     3730.0000     1594.6892 11989839   57.25%
CPX0000      543   249     1637.4710  4937     3730.0000     1594.6892 12004993   57.25%
CPX0000      544   249     1642.4710  5373     3730.0000     1594.6892 12031131   57.25%
CPX0000      545   250     1644.6690  5424     3730.0000     1594.6892 12061047   57.25%
CPX0000      546   251     1645.7925  5045     3730.0000     1594.6892 12079770   57.25%
CPX0000      547   251     1646.5617  4993     3730.0000     1594.6892 12101864   57.25%
CPX0000      548   252     1647.3092  4902     3730.0000     1594.6892 12147010   57.25%
CPX0000      549   253     1647.9079  4939     3730.0000     1594.6892 12162051   57.25%
CPX0000      550   253     1647.9079  4936     3730.0000     1594.6892 12176010   57.25%
CPX0000  Elapsed time = 69132.29 sec. (16620697.77 ticks, tree = 10.52 MB
CPX0000      551   254     1647.9079  4873     3730.0000     1594.6892 12220506   57.25%
CPX0000      552   254     1653.4285  5261     3730.0000     1594.6892 12269065   57.25%
CPX0000      553   254     1653.9188  5214     3730.0000     1594.6892 12273783   57.25%
CPX0000      555   255     1660.7692  4906     3730.0000     1594.6892 12289569   57.25%
CPX0000      556   256     1654.5468  5065     3730.0000     1594.6892 12294092   57.25%
CPX0000      557   257     1662.3083  4917     3730.0000     1594.6892 12311472   57.25%
CPX0000      559   259     1654.5468  4992     3730.0000     1594.6892 12349676   57.25%
CPX0000      560   260     1662.8802  5314     3730.0000     1594.6892 12376455   57.25%
CPX0000      561   260     1664.5468  5204     3730.0000     1594.6892 12395733   57.25%
CPX0000      562   261     1665.8715  5051     3730.0000     1594.6892 12426887   57.25%
CPX0000  Elapsed time = 69881.54 sec. (16774701.03 ticks, tree = 10.62 MB
CPX0000      563   261     1666.9120  4721     3730.0000     1594.6892 12486701   57.25%
CPX0000      564   262     1667.1868  4933     3730.0000     1594.6892 12494304   57.25%
CPX0000      565   263     1667.4762  4948     3730.0000     1594.6892 12498851   57.25%
CPX0000      566   263     1678.6582  4925     3730.0000     1594.6892 12503864   57.25%
CPX0000      567   264     1678.6582  4891     3730.0000     1594.6892 12508866   57.25%
CPX0000      568   264     1694.7188  5166     3730.0000     1594.6892 12556821   57.25%
CPX0000      569   265     1678.6582  4974     3730.0000     1594.6892 12603123   57.25%
CPX0000      570   266     1683.1081  4901     3730.0000     1594.6892 12623780   57.25%
CPX0000      571   267     1720.3581  5045     3730.0000     1594.6892 12690998   57.25%
CPX0000      573   269     1685.7748  4819     3730.0000     1594.6892 12698859   57.25%
CPX0000  Elapsed time = 70860.85 sec. (16980254.55 ticks, tree = 11.52 MB
CPX0000      574   270     1694.1081  4722     3730.0000     1594.6892 12704654   57.25%
CPX0000      575   270     1686.1940  4745     3730.0000     1594.6892 12710083   57.25%
CPX0000      576   271     1686.8409  4688     3730.0000     1594.6892 12718341   57.25%
CPX0000      577   271     1697.6742  4705     3730.0000     1594.6892 12722505   57.25%
CPX0000      579   273     1706.0075  4682     3730.0000     1594.6892 12729135   57.25%
CPX0000      580   274     1691.0075  4680     3730.0000     1594.6892 12736459   57.25%
CPX0000      581   274     1693.3930  4654     3730.0000     1594.6892 12758855   57.25%
CPX0000      582   274     1691.5995  4676     3730.0000     1594.6892 12766105   57.25%
CPX0000      583   275     1695.1547  4716     3730.0000     1594.6892 12782702   57.25%
CPX0000      584   275     1695.0597  4752     3730.0000     1594.6892 12830678   57.25%
CPX0000  Elapsed time = 71368.82 sec. (17096252.32 ticks, tree = 11.59 MB
CPX0000      585   276     1696.3509  4676     3730.0000     1594.6892 12837975   57.25%
CPX0000      586   276     1713.0175  4698     3730.0000     1594.6892 12845895   57.25%
CPX0000      587   277     1713.3950  4636     3730.0000     1594.6892 12857892   57.25%
CPX0000      588   277     1718.3950  4560     3730.0000     1594.6892 12890023   57.25%
CPX0000      589   277     1713.3950  4619     3730.0000     1594.6892 12907671   57.25%
CPX0000      590   277     1714.4072  4668     3730.0000     1594.6892 12952736   57.25%
CPX0000      591   278     1714.4072  4576     3730.0000     1594.6892 12968498   57.25%
CPX0000      592   279     1727.1618  4562     3730.0000     1594.6892 12977771   57.25%
CPX0000      593   280     1717.7405  4603     3730.0000     1594.6892 12995961   57.25%
CPX0000      594   281     1718.4072  4591     3730.0000     1594.6892 13016621   57.25%
CPX0000  Elapsed time = 71885.45 sec. (17206193.22 ticks, tree = 11.64 MB
CPX0000      595   282     1724.4072  4645     3730.0000     1594.6892 13026269   57.25%
CPX0000      596   282     1728.6221  4607     3730.0000     1594.6892 13072300   57.25%
CPX0000      597   283     1718.6221  4697     3730.0000     1594.6892 13093562   57.25%
CPX0000      600   285     1718.6221  4612     3730.0000     1594.6892 13100924   57.25%
CPX0000      601   286     1718.6221  4541     3730.0000     1594.6892 13108123   57.25%
CPX0000      602   286     1719.6221  4572     3730.0000     1594.6892 13118909   57.25%
CPX0000      603   286     1754.6221  4545     3730.0000     1594.6892 13152928   57.25%
CPX0000      605   288     1724.6221  4568     3730.0000     1594.6892 13186771   57.25%
CPX0000      606   288     1725.5745  4666     3730.0000     1594.6892 13225144   57.25%
CPX0000      607   289     1735.6132  4518     3730.0000     1594.6892 13244266   57.25%
CPX0000  Elapsed time = 72583.59 sec. (17338874.02 ticks, tree = 11.73 MB
CPX0000      608   290     1726.0544  4620     3730.0000     1594.6892 13284165   57.25%
CPX0000      609   291     1726.2130  4444     3730.0000     1594.6892 13294022   57.25%
CPX0000      610   291     1733.0311  4489     3730.0000     1594.6892 13307227   57.25%
CPX0000      611   292     1726.5958  4563     3730.0000     1594.6892 13338165   57.25%
CPX0000      612   293     1731.6018  4390     3730.0000     1594.6892 13360260   57.25%
CPX0000      613   294     1728.0709  4615     3730.0000     1594.6892 13382740   57.25%
CPX0000      614   294     1733.2625  4512     3730.0000     1594.6892 13401875   57.25%
CPX0000      615   295     1735.9947  4405     3730.0000     1594.6892 13470195   57.25%
CPX0000      616   295     1734.4058  4748     3730.0000     1594.6892 13493538   57.25%
CPX0000      617   295     1734.7786  4640     3730.0000     1594.6892 13509889   57.25%
CPX0000  Elapsed time = 73394.63 sec. (17507902.20 ticks, tree = 14.12 MB
CPX0000      618   296     1734.9771  4653     3730.0000     1594.6892 13527951   57.25%
CPX0000  *   619+  229                         3600.0000     1594.6892 13558697   55.70%
CPX0000  *   619+  185                         3580.0000     1594.6892 13558697   55.46%
CPX0000  *   619+  156                         3370.0000     1594.6892 13558697   52.68%
CPX0000      619   158     1735.1171  4586     3370.0000     1594.6892 13558697   52.68%
[1m[30m[ZEN] [0m20:28:08 [1m[34m   3370.00[1m[32m   52.68%
[0mCPX0000      620   159     1741.4812  4754     3370.0000     1594.6892 13618839   52.68%
CPX0000      621   160     1735.4266  4489     3370.0000     1594.6892 13629624   52.68%
CPX0000      623   161     1735.6714  4351     3370.0000     1594.6892 13636443   52.68%
CPX0000      624   161     1742.4896  4324     3370.0000     1594.6892 13644496   52.68%
CPX0000      625   162     1759.0048  4276     3370.0000     1594.6892 13682335   52.68%
CPX0000      626   162     1749.4214  4638     3370.0000     1594.6892 13717619   52.68%
CPX0000      627   163     1750.6714  4477     3370.0000     1594.6892 13738322   52.68%
CPX0000      628   164     1755.6714  4443     3370.0000     1594.6892 13751714   52.68%
CPX0000  Elapsed time = 74463.69 sec. (17727176.75 ticks, tree = 13.01 MB
CPX0000      629   164     1765.6714  4474     3370.0000     1594.6892 13751732   52.68%
CPX0000      630   164     1760.6714  4413     3370.0000     1594.6892 13764490   52.68%
CPX0000      632   165     1755.7653  4441     3370.0000     1594.6892 13778859   52.68%
CPX0000      633   166     1756.1048  4393     3370.0000     1594.6892 13799879   52.68%
CPX0000      634   166     1764.8548  4335     3370.0000     1594.6892 13841163   52.68%
CPX0000      635   166     1762.7714  4401     3370.0000     1594.6892 13868042   52.68%
CPX0000      636   167     1764.4603  4370     3370.0000     1594.6892 13901198   52.68%
CPX0000      637   168     1763.4730  4070     3370.0000     1594.6892 13928375   52.68%
CPX0000      638   168     1764.4515  4152     3370.0000     1594.6892 13951278   52.68%
CPX0000      639   169     1764.5463  4143     3370.0000     1594.6892 13956879   52.68%
CPX0000  Elapsed time = 74864.94 sec. (17823399.79 ticks, tree = 14.77 MB
CPX0000      640   170     1779.6548  4179     3370.0000     1594.6892 13993573   52.68%
CPX0000      641   171     1779.8253  4185     3370.0000     1594.6892 14017108   52.68%
CPX0000      642   171     1789.8253  4137     3370.0000     1594.6892 14057740   52.68%
CPX0000      643   171     1780.3101  4130     3370.0000     1594.6892 14074779   52.68%
CPX0000      644   172     1780.7509  4198     3370.0000     1594.6892 14088133   52.68%
CPX0000      646   172     1781.1862  4228     3370.0000     1594.6892 14119443   52.68%
CPX0000      647   173     1793.7408  4383     3370.0000     1594.6892 14179092   52.68%
CPX0000      649   173     1800.5980  4151     3370.0000     1594.6892 14218356   52.68%
CPX0000      650   174     1784.9938  4222     3370.0000     1594.6892 14238394   52.68%
CPX0000      651   174     1807.4938  4168     3370.0000     1594.6892 14266378   52.68%
CPX0000  Elapsed time = 75444.75 sec. (17945992.42 ticks, tree = 19.46 MB
CPX0000      652   174     1819.9938  4161     3370.0000     1594.6892 14279479   52.68%
CPX0000      653   175     1814.9938  4112     3370.0000     1594.6892 14299516   52.68%
CPX0000      654   175     1833.3271  4142     3370.0000     1594.6892 14317798   52.68%
CPX0000      656   175     1825.0771  4135     3370.0000     1594.6892 14336879   52.68%
CPX0000      657   176     1825.3357  4145     3370.0000     1594.6892 14352800   52.68%
CPX0000      658   176     1836.1760  4072     3370.0000     1594.6892 14385705   52.68%
CPX0000      659   176     1825.5729  4208     3370.0000     1594.6892 14400650   52.68%
CPX0000      660   177     1842.1539  4144     3370.0000     1594.6892 14426331   52.68%
CPX0000      662   178     1825.7253  4206     3370.0000     1594.6892 14443343   52.68%
CPX0000      664   179     1842.1539  4047     3370.0000     1594.6892 14482790   52.68%
CPX0000  Elapsed time = 75771.12 sec. (18009816.38 ticks, tree = 20.04 MB
CPX0000      665   180     1825.9396  4204     3370.0000     1594.6892 14514958   52.68%
CPX0000      667   181     1836.7799  4177     3370.0000     1594.6892 14551454   52.68%
CPX0000      669   182     1826.5164  4202     3370.0000     1594.6892 14587135   52.68%
CPX0000      670   182     1826.5230  4189     3370.0000     1594.6892 14604939   52.68%
CPX0000      672   182     1831.5164  4179     3370.0000     1594.6892 14624122   52.68%
CPX0000      674   182     1846.5164  4170     3370.0000     1594.6892 14656160   52.68%
CPX0000      675   183     1836.5164  4174     3370.0000     1594.6892 14678445   52.68%
CPX0000      676   183     1866.5164  4140     3370.0000     1594.6892 14715888   52.68%
CPX0000      677   184     1853.1830  4189     3370.0000     1594.6892 14729380   52.68%
CPX0000      679   184     1856.5237  4138     3370.0000     1594.6892 14746020   52.68%
CPX0000  Elapsed time = 76177.23 sec. (18089407.62 ticks, tree = 20.60 MB
CPX0000      681   184     1856.7306  4114     3370.0000     1594.6892 14762551   52.68%
CPX0000      682   185     1874.3973  4159     3370.0000     1594.6892 14796719   52.68%
CPX0000      683   186     1878.0640  4141     3370.0000     1594.6892 14829459   52.68%
CPX0000      684   186     1856.7306  4111     3370.0000     1594.6892 14852410   52.68%
CPX0000      685   187     1862.1718  4087     3370.0000     1594.6892 14874916   52.68%
CPX0000      686   188     1866.1718  4069     3370.0000     1594.6892 14888964   52.68%
CPX0000      687   188     1870.1718  4017     3370.0000     1594.6892 14912695   52.68%
CPX0000      688   189     1880.1718  3962     3370.0000     1594.6892 14939642   52.68%
CPX0000      689   189     1871.8385  3992     3370.0000     1594.6892 14966120   52.68%
CPX0000      690   190     1871.8385  3907     3370.0000     1594.6892 14980785   52.68%
CPX0000  Elapsed time = 76490.00 sec. (18157498.11 ticks, tree = 21.80 MB
CPX0000      691   191     1874.5051  3952     3370.0000     1594.6892 15009220   52.68%
CPX0000      692   192     1877.8385  3992     3370.0000     1594.6892 15034926   52.68%
CPX0000      693   193     1878.1152  4066     3370.0000     1594.6892 15079490   52.68%
CPX0000      694   193     1887.8385  3989     3370.0000     1594.6892 15110529   52.68%
CPX0000      695   194     1887.8385  4026     3370.0000     1594.6892 15138928   52.68%
CPX0000      696   195     1888.6321  3907     3370.0000     1594.6892 15158571   52.68%
CPX0000      697   196     1908.6321  4008     3370.0000     1594.6892 15190463   52.68%
CPX0000      698   197     1893.6321  3938     3370.0000     1594.6892 15206547   52.68%
CPX0000      699   198     1893.9655  4025     3370.0000     1594.6892 15227934   52.68%
CPX0000      701   199     1899.0133  3858     3370.0000     1594.6892 15267047   52.68%
CPX0000  Elapsed time = 76849.41 sec. (18244430.25 ticks, tree = 23.12 MB
CPX0000      702   199     1902.6583  3939     3370.0000     1594.6892 15300145   52.68%
CPX0000      703   200     1899.4090  3923     3370.0000     1594.6892 15338768   52.68%
CPX0000      704   201     1934.3250  3786     3370.0000     1594.6892 15373717   52.68%
CPX0000      705   202     1924.7810  3874     3370.0000     1594.6892 15412461   52.68%
CPX0000      706   203     1910.8936  3800     3370.0000     1594.6892 15447908   52.68%
CPX0000      708   204     1913.5407  3779     3370.0000     1594.6892 15470713   52.68%
CPX0000      709   205     1931.4492  3859     3370.0000     1594.6892 15526541   52.68%
CPX0000      710   205     1922.5603  3781     3370.0000     1594.6892 15559421   52.68%
CPX0000      711   206     1944.6191  3756     3370.0000     1594.6892 15577104   52.68%
CPX0000      712   206     1929.6191  3751     3370.0000     1594.6892 15609150   52.68%
CPX0000  Elapsed time = 77183.18 sec. (18326890.27 ticks, tree = 24.40 MB
CPX0000      714   207     1930.9525  3788     3370.0000     1594.6892 15626783   52.68%
CPX0000      715   207     1930.9525  3738     3370.0000     1594.6892 15651601   52.68%
CPX0000      716   208     1935.9525  3729     3370.0000     1594.6892 15671410   52.68%
CPX0000      717   209     1950.9525  3725     3370.0000     1594.6892 15691566   52.68%
CPX0000      719   211     1942.9525  3773     3370.0000     1594.6892 15729127   52.68%
CPX0000      720   211     1952.9525  3709     3370.0000     1594.6892 15766408   52.68%
CPX0000      721   211     1942.9525  3712     3370.0000     1594.6892 15794457   52.68%
CPX0000      722   211     1954.9525  3716     3370.0000     1594.6892 15822021   52.68%
CPX0000      723   212     1962.9525  3723     3370.0000     1594.6892 15845672   52.68%
CPX0000      725   213     1972.9525  3646     3370.0000     1594.6892 15881042   52.68%
CPX0000  Elapsed time = 77465.95 sec. (18411353.43 ticks, tree = 24.45 MB
CPX0000      727   214     1987.9525  3676     3370.0000     1594.6892 15917035   52.68%
CPX0000      728   215     1988.4775  3730     3370.0000     1594.6892 15971563   52.68%
CPX0000      729   215     1991.4908  3829     3370.0000     1594.6892 16010374   52.68%
CPX0000      731   216     1989.9971  3739     3370.0000     1594.6892 16046085   52.68%
CPX0000      732   216     2035.5209  3802     3370.0000     1594.6892 16103389   52.68%
CPX0000      733   217     1993.5103  3727     3370.0000     1594.6892 16117859   52.68%
CPX0000      735   218     2004.3437  3881     3370.0000     1594.6892 16157884   52.68%
CPX0000      736   219     1997.3066  3644     3370.0000     1594.6892 16182573   52.68%
CPX0000      737   220     1998.1400  3660     3370.0000     1594.6892 16200606   52.68%
CPX0000      739   222     2002.1400  3666     3370.0000     1594.6892 16258334   52.68%
CPX0000  Elapsed time = 77870.15 sec. (18515442.08 ticks, tree = 26.92 MB
CPX0000      740   223     2004.6400  3548     3370.0000     1594.6892 16282826   52.68%
CPX0000      741   224     1999.6400  3606     3370.0000     1594.6892 16301202   52.68%
CPX0000      742   225     2042.1400  3622     3370.0000     1594.6892 16350852   52.68%
CPX0000      743   226     2012.1400  3643     3370.0000     1594.6892 16377963   52.68%
CPX0000      744   227     2012.1400  3622     3370.0000     1594.6892 16406168   52.68%
CPX0000      745   228     2012.1400  3614     3370.0000     1594.6892 16434965   52.68%
CPX0000      746   229     2042.1400  3584     3370.0000     1594.6892 16474803   52.68%
CPX0000      747   230     2027.1400  3653     3370.0000     1594.6892 16510619   52.68%
CPX0000      748   231     2042.1400  3695     3370.0000     1594.6892 16540611   52.68%
CPX0000      749   232     2047.1400  3621     3370.0000     1594.6892 16562402   52.68%
CPX0000  Elapsed time = 78122.49 sec. (18584488.88 ticks, tree = 27.13 MB
CPX0000      750   233     2062.1400  3637     3370.0000     1594.6892 16612637   52.68%
CPX0000      751   234     2052.1400  3639     3370.0000     1594.6892 16641170   52.68%
CPX0000      752   235     2053.3900  3644     3370.0000     1594.6892 16674742   52.68%
CPX0000      753   236     2053.3900  3646     3370.0000     1594.6892 16691150   52.68%
CPX0000      754   237     2055.6018  3595     3370.0000     1594.6892 16736363   52.68%
CPX0000      755   238     2055.8059  3547     3370.0000     1594.6892 16759263   52.68%
CPX0000      756   239     2055.8059  3466     3370.0000     1594.6892 16782959   52.68%
CPX0000      758   241     2115.8059  3448     3370.0000     1594.6892 16821959   52.68%
CPX0000      759   242     2070.8059  3608     3370.0000     1594.6892 16841191   52.68%
CPX0000      761   244     2072.1830  3526     3370.0000     1594.6892 16868565   52.68%
CPX0000  Elapsed time = 78393.86 sec. (18652227.14 ticks, tree = 27.94 MB
CPX0000      762   245     2076.7550  3596     3370.0000     1594.6892 16889056   52.68%
CPX0000      763   246     2076.5219  3550     3370.0000     1594.6892 16931333   52.68%
CPX0000      765   248     2077.1262  3500     3370.0000     1594.6892 16960383   52.68%
CPX0000      767   250     2087.1262  3549     3370.0000     1594.6892 16986560   52.68%
CPX0000      769   252     2096.3585  3492     3370.0000     1594.6892 17006250   52.68%
CPX0000      771   254     2097.1161  3517     3370.0000     1594.6892 17041969   52.68%
CPX0000      773   256     2100.2589  3523     3370.0000     1594.6892 17073872   52.68%
CPX0000      774   257     2109.2589  3478     3370.0000     1594.6892 17098620   52.68%
CPX0000      776   259     2114.2589  3487     3370.0000     1594.6892 17128328   52.68%
CPX0000      778   261     2146.7589  3579     3370.0000     1594.6892 17174125   52.68%
CPX0000  Elapsed time = 78665.03 sec. (18718966.41 ticks, tree = 28.90 MB
CPX0000      779   262     2134.2589  3508     3370.0000     1594.6892 17232425   52.68%
CPX0000      780   263     2128.2968  3799     3370.0000     1594.6892 17317002   52.68%
CPX0000      782   265     2128.8802  3787     3370.0000     1594.6892 17331632   52.68%
CPX0000      784   267     2129.1579  3776     3370.0000     1594.6892 17346052   52.68%
CPX0000      786   269     2129.2968  3746     3370.0000     1594.6892 17360082   52.68%
CPX0000      788   271     2129.2968  3739     3370.0000     1594.6892 17375651   52.68%
CPX0000      790   273     2135.5468  3609     3370.0000     1594.6892 17404895   52.68%
CPX0000      792   275     2142.2135  3580     3370.0000     1594.6892 17422434   52.68%
CPX0000      794   277     2185.5468  3468     3370.0000     1594.6892 17445066   52.68%
CPX0000      795   278     2190.5468  3454     3370.0000     1594.6892 17468305   52.68%
CPX0000  Elapsed time = 79055.11 sec. (18814914.72 ticks, tree = 31.57 MB
CPX0000      796   279     2213.8802  3490     3370.0000     1594.6892 17487774   52.68%
CPX0000      797   280     2263.8802  3793     3370.0000     1594.6892 17532454   52.68%
CPX0000      799   282     2240.5468  3396     3370.0000     1594.6892 17558172   52.68%
CPX0000      800   283     2248.5468  3498     3370.0000     1594.6892 17575532   52.68%
CPX0000      802   285     2240.5468  3425     3370.0000     1594.6892 17598505   52.68%
CPX0000      803   286     2240.5468  3426     3370.0000     1594.6892 17616003   52.68%
CPX0000      804   287     2240.5468  3369     3370.0000     1594.6892 17639393   52.68%
CPX0000      806   289     2240.5468  3502     3370.0000     1594.6892 17686325   52.68%
CPX0000      808   291     2240.5468  3469     3370.0000     1594.6892 17722945   52.68%
CPX0000      809   292     2240.5468  3524     3370.0000     1594.6892 17752287   52.68%
CPX0000  Elapsed time = 79325.08 sec. (18885935.99 ticks, tree = 32.45 MB
CPX0000      811   294     2240.5468  3381     3370.0000     1594.6892 17790029   52.68%
CPX0000      812   295     2240.5468  3481     3370.0000     1594.6892 17817429   52.68%
CPX0000      814   297     2240.5468  3392     3370.0000     1594.6892 17842687   52.68%
CPX0000      816   299     2243.8802  3392     3370.0000     1594.6892 17910678   52.68%
CPX0000      817   300     2330.5468  3374     3370.0000     1594.6892 17956403   52.68%
CPX0000      818   301     2260.5468  3402     3370.0000     1594.6892 17984567   52.68%
CPX0000  *   819+  300                         3350.0000     1594.6892 18042519   52.40%
CPX0000  *   819+  300                         3315.0000     1594.6892 18042519   51.89%
CPX0000      819   302     2250.5468  3451     3315.0000     1594.6892 18042519   51.89%
[1m[30m[ZEN] [0m22:06:45 [1m[34m   3315.00[1m[32m   51.89%
[0mCPX0000      820   303     2250.5468  3384     3315.0000     1594.6892 18062372   51.89%
CPX0000      822   305     2255.5468  3378     3315.0000     1594.6892 18086192   51.89%
CPX0000      823   306     2290.5468  3331     3315.0000     1594.6892 18103772   51.89%
CPX0000  Elapsed time = 79666.27 sec. (18970200.62 ticks, tree = 34.49 MB
CPX0000      824   307     2310.5468  3388     3315.0000     1594.6892 18132889   51.89%
CPX0000      825   308     2295.5468  3324     3315.0000     1594.6892 18154654   51.89%
CPX0000      826   309     2295.5468  3404     3315.0000     1594.6892 18176343   51.89%
CPX0000      827   310     2296.6579  3404     3315.0000     1594.6892 18234540   51.89%
CPX0000      828   311     2297.5468  3360     3315.0000     1594.6892 18256200   51.89%
CPX0000      829   312     2305.5468  3330     3315.0000     1594.6892 18277983   51.89%
CPX0000      830   313     2310.5468  3415     3315.0000     1594.6892 18323177   51.89%
CPX0000      832   315     2365.5468  4159     3315.0000     1594.6892 18431310   51.89%
CPX0000      833   316     2315.5468  3525     3315.0000     1594.6892 18521382   51.89%
CPX0000      835   318     2315.5468  3406     3315.0000     1594.6892 18559851   51.89%
CPX0000  Elapsed time = 80184.95 sec. (19076658.55 ticks, tree = 34.77 MB
CPX0000      836   319     2318.8802  3419     3315.0000     1594.6892 18579121   51.89%
CPX0000      837   320     2335.5468  3400     3315.0000     1594.6892 18604335   51.89%
CPX0000      839   322     2335.5468  3362     3315.0000     1594.6892 18653177   51.89%
CPX0000      840   323     2335.5468  3335     3315.0000     1594.6892 18671318   51.89%
CPX0000      842   325     2335.5468  3349     3315.0000     1594.6892 18702939   51.89%
CPX0000      844   327     2337.5468  3566     3315.0000     1594.6892 18745859   51.89%
CPX0000      845   328     2335.5468  3390     3315.0000     1594.6892 18796373   51.89%
CPX0000      846   329     2335.5468  3400     3315.0000     1594.6892 18812183   51.89%
CPX0000      847   330     2335.5468  3354     3315.0000     1594.6892 18839821   51.89%
CPX0000      848   331     2335.5468  3480     3315.0000     1594.6892 18879602   51.89%
CPX0000  Elapsed time = 80472.35 sec. (19151415.42 ticks, tree = 35.03 MB
CPX0000      849   332     2344.4357  3612     3315.0000     1594.6892 18932644   51.89%
CPX0000      851   334     2335.5468  3411     3315.0000     1594.6892 18959664   51.89%
CPX0000      853   336     2335.5468  3393     3315.0000     1594.6892 18993603   51.89%
CPX0000      855   338     2335.5468  3545     3315.0000     1594.6892 19038359   51.89%
CPX0000      856   339     2335.5468  3463     3315.0000     1594.6892 19082642   51.89%
CPX0000      857   340     2335.5574  3487     3315.0000     1594.6892 19117715   51.89%
CPX0000      858   341     2338.0468  3404     3315.0000     1594.6892 19154721   51.89%
CPX0000      859   342     2350.5907  3462     3315.0000     1594.6892 19185398   51.89%
CPX0000      861   344     2338.8802  3354     3315.0000     1594.6892 19217497   51.89%
CPX0000      863   346     2347.9468  3364     3315.0000     1594.6892 19243414   51.89%
CPX0000  Elapsed time = 80836.98 sec. (19240338.17 ticks, tree = 38.27 MB
CPX0000      865   348     2339.5468  3292     3315.0000     1594.6892 19267263   51.89%
CPX0000      866   349     2339.5468  3276     3315.0000     1594.6892 19288232   51.89%
CPX0000      868   351     2339.5468  3294     3315.0000     1594.6892 19312491   51.89%
CPX0000      869   352     2348.3275  3076     3315.0000     1594.6892 19331466   51.89%
CPX0000      871   354     2341.0355  3219     3315.0000     1594.6892 19344300   51.89%
CPX0000      873   356     2341.0638  3192     3315.0000     1594.6892 19360674   51.89%
CPX0000      876   359     2346.1110  3110     3315.0000     1594.6892 19378728   51.89%
CPX0000      878   361     2344.8151  3053     3315.0000     1594.6892 19405509   51.89%
CPX0000      881   364     2344.8295  3030     3315.0000     1594.6892 19418313   51.89%
CPX0000      883   366     2344.8295  3027     3315.0000     1594.6892 19450505   51.89%
CPX0000  Elapsed time = 81037.17 sec. (19297389.66 ticks, tree = 41.64 MB
CPX0000      884   367     2344.8295  3010     3315.0000     1594.6892 19484070   51.89%
CPX0000      885   368     2344.8295  3029     3315.0000     1594.6892 19502851   51.89%
CPX0000      887   370     2355.8295  2997     3315.0000     1594.6892 19544487   51.89%
CPX0000      889   372     2345.3354  2991     3315.0000     1594.6892 19567600   51.89%
CPX0000      891   374     2345.3559  2968     3315.0000     1594.6892 19580032   51.89%
CPX0000      892   375     2357.9395  2976     3315.0000     1594.6892 19599036   51.89%
CPX0000      895   378     2347.7435  2947     3315.0000     1594.6892 19620954   51.89%
CPX0000      897   380     2345.7777  2980     3315.0000     1594.6892 19634629   51.89%
CPX0000      898   381     2359.7174  2859     3315.0000     1594.6892 19656378   51.89%
CPX0000      901   384     2358.4048  2999     3315.0000     1594.6892 19680644   51.89%
CPX0000  Elapsed time = 81239.59 sec. (19356859.05 ticks, tree = 42.62 MB
CPX0000      903   386     2346.4683  2997     3315.0000     1594.6892 19693084   51.89%
CPX0000      905   388     2365.6554  2938     3315.0000     1594.6892 19714386   51.89%
CPX0000      907   390     2353.1719  2959     3315.0000     1594.6892 19735130   51.89%
CPX0000      910   393     2415.0839  2876     3315.0000     1594.6892 19758896   51.89%
CPX0000      913   396     2379.3840  2895     3315.0000     1594.6892 19778228   51.89%
CPX0000      915   398     2365.9961  2896     3315.0000     1594.6892 19801567   51.89%
CPX0000      917   400     2373.3954  2982     3315.0000     1594.6892 19823476   51.89%
CPX0000  *   919+  400                         3085.0000     1594.6892 19852250   48.31%
CPX0000  *   919+  400                         3000.0000     1594.6892 19852250   46.84%
CPX0000  *   919+  400                         2985.0000     1594.6892 19852250   46.58%
CPX0000      919   402     2347.8389  2983     2985.0000     1594.6892 19852250   46.58%
[1m[30m[ZEN] [0m22:37:32 [1m[34m   2985.00[1m[32m   46.58%
[0mCPX0000      921   404     2351.0468  2970     2985.0000     1594.6892 19875301   46.58%
CPX0000      924   407     2365.6107  2866     2985.0000     1594.6892 19899074   46.58%
CPX0000  Elapsed time = 81493.25 sec. (19432886.76 ticks, tree = 43.71 MB
CPX0000      927   410     2351.3605  2983     2985.0000     1594.6892 19913785   46.58%
CPX0000      929   412     2355.0635  2825     2985.0000     1594.6892 19931536   46.58%
CPX0000      931   414     2351.3674  2930     2985.0000     1594.6892 19962160   46.58%
CPX0000      935   418     2356.7195  2835     2985.0000     1594.6892 19983282   46.58%
CPX0000      939   422     2355.1266  2841     2985.0000     1594.6892 20007287   46.58%
CPX0000      942   425     2363.1256  2798     2985.0000     1594.6892 20035247   46.58%
CPX0000      946   429     2351.4819  2813     2985.0000     1594.6892 20055607   46.58%
CPX0000      947   430     2351.4819  2962     2985.0000     1594.6892 20089471   46.58%
CPX0000      948   431     2351.4819  2808     2985.0000     1594.6892 20113663   46.58%
CPX0000      949   432     2351.4819  2822     2985.0000     1594.6892 20156672   46.58%
CPX0000  Elapsed time = 81734.34 sec. (19496161.20 ticks, tree = 46.57 MB
CPX0000      950   433     2366.4819  2811     2985.0000     1594.6892 20188057   46.58%
CPX0000      952   435     2351.4819  2818     2985.0000     1594.6892 20215142   46.58%
CPX0000      953   436     2351.4819  2815     2985.0000     1594.6892 20238553   46.58%
CPX0000      955   438     2353.4819  2993     2985.0000     1594.6892 20289979   46.58%
CPX0000      957   440     2370.8657  2790     2985.0000     1594.6892 20307249   46.58%
CPX0000      959   442     2355.8075  2716     2985.0000     1594.6892 20326547   46.58%
CPX0000      962   445     2354.5989  2733     2985.0000     1594.6892 20339298   46.58%
CPX0000      965   448     2356.9017  2665     2985.0000     1594.6892 20362167   46.58%
CPX0000      968   451     2357.1492  2647     2985.0000     1594.6892 20377607   46.58%
CPX0000      970   453     2363.8424  2605     2985.0000     1594.6892 20401109   46.58%
CPX0000  Elapsed time = 82042.42 sec. (19574433.94 ticks, tree = 51.11 MB
CPX0000      973   456     2361.9124  2613     2985.0000     1594.6892 20421740   46.58%
CPX0000      976   459     2362.2422  2624     2985.0000     1594.6892 20440501   46.58%
CPX0000      977   460     2447.1744  2675     2985.0000     1594.6892 20455789   46.58%
CPX0000      980   463     2365.6121  2643     2985.0000     1594.6892 20470783   46.58%
CPX0000      982   465     2394.7721  2611     2985.0000     1594.6892 20487769   46.58%
CPX0000      985   468     2366.7885  2622     2985.0000     1594.6892 20502985   46.58%
CPX0000      987   470     2389.9441  2613     2985.0000     1594.6892 20535005   46.58%
CPX0000      988   471     2391.6107  2591     2985.0000     1594.6892 20568525   46.58%
CPX0000      989   472     2398.6107  2607     2985.0000     1594.6892 20586972   46.58%
CPX0000      990   473     2406.6107  2554     2985.0000     1594.6892 20661216   46.58%
CPX0000  Elapsed time = 82239.92 sec. (19633477.82 ticks, tree = 53.33 MB
CPX0000      992   475     2426.6107  2700     2985.0000     1594.6892 20693337   46.58%
CPX0000      993   476     2421.6107  2542     2985.0000     1594.6892 20744451   46.58%
CPX0000      995   478     2423.2349  2533     2985.0000     1594.6892 20765491   46.58%
CPX0000      998   481     2427.6905  2493     2985.0000     1594.6892 20783569   46.58%
CPX0000     1000   483     2426.1918  2607     2985.0000     1594.6892 20805106   46.58%
CPX0000     1003   486     2427.5736  2543     2985.0000     1594.6892 20820324   46.58%
CPX0000     1005   488     2442.9096  2605     2985.0000     1594.6892 20837658   46.58%
CPX0000     1009   492     2434.1281  2569     2985.0000     1594.6892 20856652   46.58%
CPX0000     1013   496     2433.9818  2601     2985.0000     1594.6892 20873716   46.58%
CPX0000     1016   499     2439.7881  2589     2985.0000     1594.6892 20885568   46.58%
CPX0000  Elapsed time = 82428.83 sec. (19692256.55 ticks, tree = 57.99 MB
CPX0000     1018   501     2502.7442  2524     2985.0000     1594.6892 20902469   46.58%
CPX0000     1020   503     2441.8922  2580     2985.0000     1594.6892 20916489   46.58%
CPX0000     1024   507     2443.1637  2601     2985.0000     1594.6892 20929782   46.58%
CPX0000     1027   510     2466.3804  2559     2985.0000     1594.6892 20950442   46.58%
CPX0000     1030   513     2474.1694  2495     2985.0000     1594.6892 20968086   46.58%
CPX0000     1033   516     2481.3296  2516     2985.0000     1594.6892 20986177   46.58%
CPX0000     1036   519     2491.4971  2500     2985.0000     1594.6892 21006002   46.58%
CPX0000     1039   522     2546.3807  2458     2985.0000     1594.6892 21028100   46.58%
CPX0000     1041   524     2629.9835  2511     2985.0000     1594.6892 21044951   46.58%
CPX0000     1046   529     2515.1569  2505     2985.0000     1594.6892 21062461   46.58%
CPX0000  Elapsed time = 82602.54 sec. (19747491.02 ticks, tree = 61.02 MB
CPX0000     1048   531     2525.8280  2551     2985.0000     1594.6892 21078104   46.58%
CPX0000     1052   535     2608.5611  2504     2985.0000     1594.6892 21097763   46.58%
CPX0000     1054   537     2582.0182  2520     2985.0000     1594.6892 21115438   46.58%
CPX0000     1059   542     2613.9354  2466     2985.0000     1594.6892 21129132   46.58%
CPX0000     1065   548     2637.1622  2422     2985.0000     1594.6892 21150951   46.58%
CPX0000     1070   553     2724.1094  2445     2985.0000     1594.6892 21170539   46.58%
CPX0000     1073   556     2717.2181  2461     2985.0000     1594.6892 21191882   46.58%
CPX0000     1075   558     2741.1537  2475     2985.0000     1594.6892 21210562   46.58%
CPX0000     1078   561     2738.9198  2378     2985.0000     1594.6892 21240675   46.58%
CPX0000     1080   563     2718.5430  2368     2985.0000     1594.6892 21257913   46.58%
CPX0000  Elapsed time = 82746.11 sec. (19798355.18 ticks, tree = 64.71 MB
CPX0000     1081   564     2724.5933  2386     2985.0000     1594.6892 21277733   46.58%
CPX0000     1084   567     2738.4245  2479     2985.0000     1594.6892 21299248   46.58%
CPX0000     1086   569     2807.7807  2431     2985.0000     1594.6892 21324196   46.58%
CPX0000     1087   570     2727.1834  2354     2985.0000     1594.6892 21343953   46.58%
CPX0000     1091   574     2739.9664  2356     2985.0000     1594.6892 21362744   46.58%
CPX0000     1094   577     2729.2590  2363     2985.0000     1594.6892 21384235   46.58%
CPX0000     1095   578     2729.2590  2357     2985.0000     1594.6892 21406473   46.58%
CPX0000     1097   580     2764.2590  2318     2985.0000     1594.6892 21438446   46.58%
CPX0000     1099   582     2742.8874  2328     2985.0000     1594.6892 21459966   46.58%
CPX0000     1103   586     2746.6663  2350     2985.0000     1594.6892 21476704   46.58%
CPX0000  Elapsed time = 82911.86 sec. (19849260.36 ticks, tree = 66.98 MB
CPX0000     1107   590     2771.3982  2353     2985.0000     1594.6892 21493212   46.58%
CPX0000     1111   594     2766.6550  2360     2985.0000     1594.6892 21506114   46.58%
CPX0000     1116   599     2764.2553  2312     2985.0000     1594.6892 21521017   46.58%
CPX0000  *  1119+  600                         2955.0000     1594.6892 21526547   46.03%
CPX0000     1119   602     2758.4447  2325     2955.0000     1594.6892 21526547   46.03%
[1m[30m[ZEN] [0m23:03:16 [1m[34m   2955.00[1m[32m   46.03%
[0mCPX0000     1123   606     2808.1478  2354     2955.0000     1594.6892 21549267   46.03%
CPX0000     1126   609     2788.9820  2296     2955.0000     1594.6892 21568893   46.03%
CPX0000     1130   613     2858.4690  2257     2955.0000     1594.6892 21582478   46.03%
CPX0000     1133   616     2849.7926  2316     2955.0000     1594.6892 21602214   46.03%
CPX0000     1138   619     2874.0937  2241     2955.0000     1594.6892 21623217   46.03%
CPX0000     1143   622        cutoff           2955.0000     1594.6892 21641636   46.03%
CPX0000  Elapsed time = 83081.09 sec. (19906590.83 ticks, tree = 70.76 MB
CPX0000     1147   624     2915.6574  2274     2955.0000     1594.6892 21657395   46.03%
CPX0000     1150   627     2918.1904  2258     2955.0000     1594.6892 21670291   46.03%
CPX0000     1153   626     1594.6892  5599     2955.0000     1598.0225 21701131   45.92%
CPX0000     1154   627     1601.3558  5426     2955.0000     1599.6892 21744614   45.87%
CPX0000     1155   628     1599.6892  5425     2955.0000     1600.0686 21798498   45.85%
CPX0000     1156   629     1604.2908  5443     2955.0000     1600.0686 21837023   45.85%
CPX0000     1157   630     1604.6892  5363     2955.0000     1600.0686 21871995   45.85%
CPX0000     1158   631     1605.9392  5345     2955.0000     1600.0686 21881395   45.85%
CPX0000     1159   632     1605.9999  5265     2955.0000     1600.0686 21887739   45.85%
CPX0000     1160   633     1610.2838  5157     2955.0000     1600.0686 21907867   45.85%
CPX0000  Elapsed time = 84695.43 sec. (20239257.03 ticks, tree = 72.17 MB
CPX0000     1161   634     1607.5999  5287     2955.0000     1600.0686 21936975   45.85%
CPX0000     1162   635     1616.3078  5278     2955.0000     1600.0686 21979691   45.85%
CPX0000     1163   636     1612.5999  5208     2955.0000     1600.0686 22031608   45.85%
CPX0000     1164   637     1612.3396  5298     2955.0000     1600.0686 22079621   45.85%
CPX0000     1165   638     1612.8749  5235     2955.0000     1600.0686 22113331   45.85%
CPX0000     1167   640     1613.9726  5248     2955.0000     1600.0686 22129298   45.85%
CPX0000     1168   641     1615.8685  5183     2955.0000     1600.0686 22161376   45.85%
CPX0000     1169   642     1617.3636  5194     2955.0000     1600.0686 22191241   45.85%
CPX0000     1170   643     1620.8685  5138     2955.0000     1600.0686 22207592   45.85%
CPX0000     1171   644     1620.8685  5148     2955.0000     1600.0686 22241731   45.85%
CPX0000  Elapsed time = 85337.32 sec. (20368791.08 ticks, tree = 74.70 MB
CPX0000     1172   645     1620.8685  5089     2955.0000     1600.0686 22278467   45.85%
CPX0000     1173   646     1620.8685  5119     2955.0000     1600.0686 22315517   45.85%
CPX0000     1175   648     1622.8103  5013     2955.0000     1600.0686 22333705   45.85%
CPX0000     1176   649     1629.4770  4861     2955.0000     1600.0686 22394773   45.85%
CPX0000     1177   650     1625.2445  5041     2955.0000     1600.0686 22422465   45.85%
CPX0000     1178   651     1623.9945  5041     2955.0000     1600.0686 22455926   45.85%
CPX0000     1179   652     1623.9945  5003     2955.0000     1600.0686 22491256   45.85%
CPX0000     1180   653     1623.9945  5017     2955.0000     1600.0686 22527651   45.85%
CPX0000     1181   654     1623.9945  5090     2955.0000     1600.0686 22584748   45.85%
CPX0000     1182   655     1624.7637  4988     2955.0000     1600.0686 22599063   45.85%
CPX0000  Elapsed time = 86095.63 sec. (20503582.77 ticks, tree = 76.64 MB
CPX0000     1183   656     1625.5135  5036     2955.0000     1600.0686 22647868   45.85%
CPX0000     1184   657     1626.1099  4965     2955.0000     1600.0686 22660428   45.85%
CPX0000     1185   658     1665.4758  4915     2955.0000     1600.0686 22678603   45.85%
CPX0000     1187   660     1631.1201  4891     2955.0000     1600.0686 22726214   45.85%
CPX0000
CPX0000  GUB cover cuts applied:  302
CPX0000  Clique cuts applied:  522
CPX0000  Cover cuts applied:  1
CPX0000  Implied bound cuts applied:  4
CPX0000  Mixed integer rounding cuts applied:  25
CPX0000  Zero-half cuts applied:  4675
CPX0000  Lift and project cuts applied:  15
CPX0000  Gomory fractional cuts applied:  20
CPX0000
CPX0000  Root node processing (before b&c):
CPX0000    Real time             = 32029.35 sec. (7524185.63 ticks)
CPX0000  Sequential b&c:
CPX0000    Real time             = 54370.76 sec. (13039213.01 ticks)
CPX0000                            ------------
CPX0000  Total (root+branch&cut) = 86400.11 sec. (20563398.64 ticks)
H2 understaffing: 0
H3 shiftTypeSuccessions: 0
S1 optimalCoverage: 570
S2a consecutiveShift: 165 = (11,0 )
S2b consecutiveWorkingDays: 90 = ( 2,1 )
S3 consecutiveDaysOff: 420 = ( 8,6 )
S4 preferences: 190
S5 completeWeekend: 60
S6 totalAssignments: 980
S7 totalWorkingWeekeends: 480
 

Cost Solution: 2955

      |M|T|W|T|F|S|S| |M|T|W|T|F|S|S| |M|T|W|T|F|S|S| |M|T|W|T|F|S|S|
-----------------------------------------------------------------------
HN_0  |L|-|-|-|-|-|E| |E|E|L|L|L|-|-| |-|-|-|-|-|-|-| |L|L|L|L|L|-|-|
HN_1  |L|L|L|-|-|-|-| |E|E|E|-|-|E|E| |D|D|-|-|E|E|E| |E|E|-|-|-|-|-|
HN_2  |-|N|N|N|N|-|-| |D|D|D|D|D|-|-| |-|-|-|D|D|D|D| |D|-|-|-|D|D|L|
HN_3  |-|-|-|D|D|L|L| |L|-|-|-|-|-|-| |E|E|E|E|E|-|-| |-|-|-|-|N|N|N|
HN_4  |L|L|-|-|N|N|N| |N|N|-|-|-|-|-| |-|L|L|L|L|-|-| |-|N|N|N|N|-|-|
HN_5  |-|E|E|L|L|-|-| |-|-|-|-|E|E|N| |N|N|N|-|-|-|-| |-|D|D|D|D|-|-|
HN_6  |D|D|D|E|E|-|-| |-|-|-|E|E|L|L| |-|-|-|D|D|L|L| |-|-|E|E|E|-|-|
HN_7  |L|L|L|-|-|-|-| |L|L|N|N|N|-|-| |-|-|-|N|N|N|N| |N|-|-|-|-|E|E|
NU_8  |D|D|D|D|-|-|-| |N|N|N|N|-|-|-| |-|N|N|N|N|-|-| |E|E|E|E|E|-|-|
NU_9  |E|E|E|E|-|-|-| |-|E|E|E|E|-|-| |-|-|D|D|D|-|-| |-|-|-|D|D|L|L|
NU_10 |-|N|N|N|N|-|-| |E|E|E|E|E|-|-| |D|D|D|D|D|-|-| |-|-|E|E|E|-|-|
NU_11 |N|N|-|-|E|E|E| |-|-|L|L|L|-|-| |D|D|L|L|L|-|-| |-|E|E|E|N|N|N|
NU_12 |D|D|D|D|-|-|-| |D|D|L|L|-|-|-| |-|D|D|D|D|-|-| |-|-|L|L|L|-|-|
NU_13 |N|N|-|-|-|-|-| |D|D|D|D|D|-|-| |-|-|-|-|D|D|E| |E|-|-|-|-|-|-|
NU_14 |E|E|D|D|-|-|-| |D|D|D|-|-|-|-| |L|L|L|-|-|-|-| |D|D|D|D|D|-|-|
NU_15 |N|N|N|N|N|-|-| |-|-|-|E|E|E|L| |L|-|-|-|E|E|E| |D|D|-|-|-|-|-|
NU_16 |D|D|D|D|D|-|-| |-|-|-|D|D|E|E| |E|-|-|-|N|N|N| |N|N|-|-|-|-|-|
NU_17 |-|-|-|-|N|N|N| |N|-|-|-|-|-|-| |D|D|D|-|-|-|-| |-|E|E|E|E|-|-|
NU_18 |L|L|L|L|L|-|-| |-|-|L|L|L|-|-| |-|-|-|N|N|N|N| |N|-|-|E|E|E|D|
NU_19 |D|D|D|-|-|-|-| |L|L|L|L|L|-|-| |N|N|N|N|N|-|-| |D|D|D|-|-|-|-|
NU_20 |E|E|E|D|D|-|-| |D|D|D|D|D|-|-| |N|N|N|N|N|-|-| |-|-|N|N|N|N|N|
NU_21 |-|-|-|E|E|E|D| |D|D|-|-|-|-|-| |D|D|D|-|-|-|-| |-|D|D|D|D|-|-|
NU_22 |-|-|L|L|L|-|-| |N|N|N|N|N|-|-| |L|L|L|L|L|-|-| |L|L|L|-|D|D|E|
NU_23 |D|D|E|E|E|-|-| |N|N|N|-|-|-|-| |N|N|N|N|N|-|-| |-|-|-|E|E|E|E|
NU_24 |-|-|-|L|L|N|N| |N|N|-|-|-|-|-| |N|N|N|N|-|-|-| |D|D|L|L|L|-|-|
NU_25 |E|E|L|L|L|-|-| |L|L|L|L|L|-|-| |N|N|N|N|N|-|-| |N|N|N|N|N|-|-|
NU_26 |E|-|-|E|E|D|D| |D|-|-|D|D|D|D| |-|-|E|E|E|-|-| |L|L|L|L|L|-|-|
NU_27 |D|-|E|E|E|-|-| |N|N|N|N|N|-|-| |E|E|E|E|E|-|-| |N|N|N|N|N|-|-|
NU_28 |E|E|L|L|-|-|-| |-|-|E|E|N|N|N| |-|-|E|E|E|-|-| |-|-|-|D|D|E|E|
NU_29 |N|N|N|N|-|-|-| |-|E|E|E|E|-|-| |-|-|D|D|D|-|-| |-|N|N|N|N|-|-|
NU_30 |L|L|L|-|-|-|-| |D|D|D|-|-|-|-| |E|E|L|L|L|-|-| |-|-|-|E|E|E|D|
NU_31 |D|D|-|-|E|E|E| |E|-|-|D|D|E|E| |-|-|L|L|L|-|-| |E|E|E|D|D|-|-|
NU_32 |-|-|-|D|D|D|E| |E|-|-|-|-|-|L| |L|L|L|-|-|-|-| |-|E|E|D|D|-|-|
NU_33 |-|N|N|N|N|-|-| |E|E|E|E|E|-|-| |E|E|D|D|-|L|L| |L|L|-|-|L|L|L|
NU_34 |N|N|N|N|N|-|-| |-|-|-|-|D|D|D| |D|-|-|-|-|-|-| |E|E|E|E|-|-|-|
NU_35 |-|-|E|E|E|-|-| |D|D|E|E|-|-|-| |-|D|D|D|D|-|-| |L|L|L|L|L|-|-|
NU_36 |-|-|-|D|D|D|D| |E|E|-|-|-|-|-| |D|D|E|E|L|L|-| |-|-|-|-|D|D|D|
NU_37 |N|-|-|-|L|L|L| |L|L|-|-|-|-|-| |E|E|E|E|E|-|-| |-|N|N|N|N|-|-|
NU_38 |-|-|-|-|L|L|L| |L|L|-|-|-|-|-| |-|E|E|E|D|D|D| |-|-|-|-|-|-|E|
NU_39 |L|L|-|-|-|-|-| |D|D|D|D|D|-|-| |-|E|E|E|E|-|-| |-|-|-|L|L|L|L|
CT_40 |E|E|E|E|-|-|-| |L|L|L|L|L|-|-| |L|L|L|-|-|-|-| |L|L|L|-|-|-|-|
CT_41 |-|-|N|N|N|N|-| |-|-|-|-|L|L|L| |L|-|-|-|-|-|-| |E|E|E|E|E|-|-|
CT_42 |-|-|L|L|L|-|-| |L|L|L|L|L|-|-| |D|D|D|D|D|-|-| |D|D|D|-|-|L|L|
CT_43 |-|-|D|D|L|L|-| |-|-|-|-|E|E|D| |D|-|-|-|-|-|N| |N|N|N|-|-|-|-|
CT_44 |D|D|D|D|D|-|-| |L|L|L|L|L|-|-| |L|L|L|-|-|N|N| |N|N|N|-|-|N|N|
CT_45 |N|N|N|N|N|-|-| |D|D|E|E|E|-|-| |-|-|N|N|N|N|N| |-|-|N|N|N|N|N|
CT_46 |L|L|L|L|L|-|-| |D|D|D|L|L|-|-| |L|L|L|-|-|E|E| |E|-|-|D|D|E|E|
CT_47 |-|L|L|L|-|-|-| |E|E|D|D|D|-|-| |-|L|L|L|L|-|-| |E|E|E|E|-|-|-|
CT_48 |N|N|N|-|-|-|-| |N|N|N|N|N|-|-| |-|N|N|N|N|-|-| |L|L|L|-|-|-|-|
CT_49 |-|-|D|D|D|-|-| |N|N|N|N|N|-|-| |N|N|N|N|N|-|-| |E|E|L|L|L|-|-|
CT_50 |E|E|E|E|-|-|-| |-|-|N|N|N|N|-| |-|-|-|-|L|L|L| |L|-|-|-|-|-|-|
CT_51 |-|-|-|-|L|L|L| |L|-|-|-|-|-|L| |L|L|L|-|-|-|-| |-|D|D|L|L|-|-|
CT_52 |L|L|L|-|-|-|-| |E|E|E|E|-|-|-| |D|D|L|L|-|-|-| |-|N|N|N|N|-|-|
CT_53 |D|D|-|-|N|N|N| |-|-|L|L|L|-|-| |N|N|N|N|N|-|-| |D|D|D|L|L|-|-|
CT_54 |D|D|-|-|D|D|D| |L|L|-|-|D|D|E| |E|E|-|-|E|E|E| |D|D|-|-|N|N|N|
CT_55 |E|E|E|E|E|-|-| |E|E|E|E|E|-|-| |E|E|E|E|E|-|-| |L|L|L|-|-|L|L|
CT_56 |N|N|N|N|N|-|-| |N|N|N|N|N|-|-| |-|E|E|E|L|L|-| |-|-|E|E|D|D|D|
CT_57 |E|E|E|E|E|-|-| |-|-|N|N|N|N|N| |-|-|-|-|D|D|L| |L|L|-|-|-|-|-|
CT_58 |L|L|L|-|-|-|-| |-|D|D|D|D|-|-| |D|D|D|D|D|-|-| |D|D|D|-|-|-|-|
CT_59 |D|-|-|-|-|D|D| |D|D|-|-|D|D|D| |D|D|-|-|-|-|-| |D|D|L|L|L|-|-|
TR_60 |E|E|E|E|E|-|-| |E|E|E|D|D|-|-| |D|D|E|E|E|-|-| |L|L|N|N|N|-|-|
TR_61 |D|D|-|-|-|-|-| |N|N|N|N|-|-|-| |-|-|D|D|N|N|N| |N|-|-|-|-|-|-|
TR_62 |D|D|D|E|E|-|-| |E|E|N|N|N|-|-| |E|E|E|E|E|-|-| |E|E|E|D|D|-|-|
TR_63 |-|E|E|L|L|-|-| |-|-|-|E|E|E|L| |L|-|-|-|-|-|-| |D|D|L|L|-|-|-|
TR_64 |-|-|L|L|N|N|N| |-|-|-|L|L|L|-| |-|-|-|N|N|N|N| |-|-|L|L|L|-|-|
TR_65 |-|N|N|N|N|-|-| |D|D|D|E|E|-|-| |N|N|N|-|-|E|E| |E|E|-|-|D|D|E|
TR_66 |-|-|D|D|D|E|E| |-|-|-|-|-|D|D| |D|D|-|-|-|-|-| |-|D|D|D|D|-|-|
TR_67 |-|-|-|D|D|D|L| |L|L|-|-|-|-|-| |-|D|D|L|L|-|-| |-|-|-|-|E|E|E|
TR_68 |L|L|-|-|-|-|-| |D|L|L|L|L|-|-| |-|-|-|D|D|L|L| |L|-|-|N|N|N|N|
TR_69 |N|N|N|N|N|-|-| |E|E|D|D|D|-|-| |L|L|L|-|D|D|E| |E|-|-|E|E|L|L|


Hard constraint violations
--------------------------

Minimal coverage constraints: 0
Required skill constraints: 0
Illegal shift type succession constraints: 0
Single assignment per day: 0


Cost per constraint type
------------------------

Total assignment constraints: 980
Consecutive constraints: 255
Non working days constraints: 420
Preferences: 190
Max working weekend: 480
Complete weekends: 60
Optimal coverage constraints: 570

------------------------

Total cost: 2955
