Argumentos: 
./solver.release -i 20 -t 86400 -a 7 -h 86400 -w Testes/Mvic-i20 -m modeloCom2345.mod -o modeloCom2345.mod 
Seed: 1622416830
hidden-TXT/Sc-n070w4.txt
hidden-TXT/H0-n070w4-2.txt
hidden-TXT/WD-n070w4-9.txt hidden-TXT/WD-n070w4-5.txt hidden-TXT/WD-n070w4-6.txt hidden-TXT/WD-n070w4-5.txt 
Reading model section from modeloCom2345.mod...
367 lines were read
Reading data section from Testes/Mvic-i20/20.dat...
13093 lines were read
Generating obj...
Generating H1turnoDia...
Generating H2coberturaMinima...
Generating H3AsucessaoTurnos...
Generating H3BsucessaoTurnos...
Generating H4qualificacao...
Generating S1coberturaOtima...
Generating S2d...
Generating S2dHist...
Generating S2b...
Generating S2bHist...
Generating aux1S2a...
Generating auxS2a...
Generating aux3S2a...
Generating aux4S2a...
Generating s2aMin2...
Generating s2aHistMin2...
Generating s2aMin3...
Generating s2aHistMin3h1...
Generating s2aHistMin3h2...
Generating s2aMin4...
Generating s2aHistMin4h1...
Generating s2aHistMin4h2...
Generating s2aHistMin4h3...
Generating s2aMin5...
Generating s2aHistMin5h1...
Generating s2aHistMin5h2...
Generating s2aHistMin5h3...
Generating s2aHistMin5h4...
Generating auxS2b...
Generating aux1S2b...
Generating aux3S2b...
Generating aux4S2b...
Generating s2b...
Generating s2bHist...
Generating s2bMin3turnos...
Generating s2bHistMin3h1turnos...
Generating s2bHistMin3h2turnos...
Generating s2bMin4...
Generating s2bHistMin4h1...
Generating s2bHistMin4h2...
Generating s2bHistMin4h3...
Generating s2bMin5...
Generating s2bHistMin5h1...
Generating s2bHistMin5h2...
Generating s2bHistMin5h3...
Generating s2bHistMin5h34...
Generating auxS5...
Generating S6a...
Generating S6b...
Generating auxS7...
Generating S7...
Model has been successfully generated
Writing problem data to `Testes/Mvic-i20/20.lp'...
460154 lines were written
CPX0000  Tried aggregator 2 times.
CPX0000  MIP Presolve eliminated 15671 rows and 31803 columns.
CPX0000  MIP Presolve modified 3787 coefficients.
CPX0000  Aggregator did 154 substitutions.
CPX0000  Reduced MIP has 45336 rows, 52702 columns, and 378918 nonzeros.
CPX0000  Reduced MIP has 52276 binaries, 426 generals, 0 SOSs, and 0 indicators.
CPX0000  Presolve time = 0.79 sec. (402.40 ticks)
CPX0000  Found incumbent of value 1082680.000000 after 1.58 sec. (1004.95 ticks)
[1m[30m[ZEN] [0m00:00:01 [1m[34m1082680.00[1m[32m  100.00%
[0mCPX0000  Probing time = 0.08 sec. (38.91 ticks)
CPX0000  Tried aggregator 2 times.
CPX0000  MIP Presolve eliminated 15 rows and 15 columns.
CPX0000  Aggregator did 1 substitutions.
CPX0000  Reduced MIP has 45320 rows, 52686 columns, and 378886 nonzeros.
CPX0000  Reduced MIP has 52260 binaries, 426 generals, 0 SOSs, and 0 indicators.
CPX0000  Presolve time = 0.44 sec. (268.33 ticks)
[1m[30m[ZEN] [0m00:00:02 [1m[34m1082665.00[1m[32m  100.00%
[0mCPX0000  Probing time = 0.04 sec. (15.00 ticks)
CPX0000  Clique table members: 11819.
CPX0000  MIP emphasis: balance optimality and feasibility.
CPX0000  MIP search method: dynamic search.
CPX0000  Parallel mode: none, using 1 thread.
CPX0000  Root relaxation solution time = 284.59 sec. (57269.79 ticks)
CPX0000
CPX0000          Nodes                                         Cuts/
CPX0000     Node  Left     Objective  IInf  Best Integer    Best Bound    ItCnt     Gap
CPX0000
CPX0000  *     0+    0                      1082665.0000        0.0000    64987  100.00%
CPX0000        0     0      306.5174  5208  1082665.0000      306.5174    64987   99.97%
CPX0000        0     0      548.6037  5498  1082665.0000    Cuts: 2642    95854   99.95%
CPX0000        0     0      690.5575  5575  1082665.0000    Cuts: 2076   130144   99.94%
CPX0000        0     0      735.4303  5489  1082665.0000    Cuts: 1739   170125   99.93%
CPX0000  *     0+    0                       224190.0000      735.4303   170125   99.67%
[1m[30m[ZEN] [0m00:17:29 [1m[34m 224190.00[1m[32m   99.67%
[0mCPX0000        0     0      754.2184  5860   224190.0000    Cuts: 1500   202071   99.66%
CPX0000        0     0      770.8616  5979   224190.0000    Cuts: 1625   236070   99.66%
CPX0000        0     0      785.6011  5871   224190.0000    Cuts: 1604   269551   99.65%
CPX0000        0     0      799.2572  5802   224190.0000    Cuts: 1563   306290   99.64%
CPX0000        0     0      809.6476  5667   224190.0000    Cuts: 1412   344404   99.64%
CPX0000        0     0      828.2931  5976   224190.0000    Cuts: 1373   377383   99.63%
CPX0000        0     0      844.7009  5711   224190.0000    Cuts: 1573   412730   99.62%
CPX0000        0     0      869.8957  5994   224190.0000    Cuts: 1421   446637   99.61%
CPX0000        0     0      891.1870  5941   224190.0000    Cuts: 1570   478665   99.60%
CPX0000        0     0      922.6017  6019   224190.0000    Cuts: 1469   541217   99.59%
CPX0000        0     0      941.9833  6097   224190.0000    Cuts: 1640   571599   99.58%
CPX0000        0     0      950.0175  6375   224190.0000    Cuts: 1467   601927   99.58%
CPX0000        0     0      963.1815  5964   224190.0000    Cuts: 1557   712362   99.57%
CPX0000        0     0      987.8626  6340   224190.0000    Cuts: 1524   757147   99.56%
CPX0000        0     0     1009.7578  6386   224190.0000    Cuts: 1408   790379   99.55%
CPX0000        0     0     1029.3687  6297   224190.0000    Cuts: 1530   820705   99.54%
CPX0000        0     0     1044.9398  6250   224190.0000    Cuts: 1509   848624   99.53%
CPX0000        0     0     1060.6129  6109   224190.0000    Cuts: 1370   902427   99.53%
CPX0000        0     0     1079.5909  6285   224190.0000    Cuts: 1405   950077   99.52%
CPX0000        0     0     1092.4335  6187   224190.0000    Cuts: 1461   986356   99.51%
CPX0000        0     0     1104.1470  6296   224190.0000    Cuts: 1314  1014933   99.51%
CPX0000        0     0     1118.2514  6561   224190.0000    Cuts: 1338  1041625   99.50%
CPX0000        0     0     1129.3196  6645   224190.0000    Cuts: 1342  1085602   99.50%
CPX0000        0     0     1146.7656  6398   224190.0000    Cuts: 1292  1121111   99.49%
CPX0000        0     0     1166.5050  6350   224190.0000    Cuts: 1516  1161973   99.48%
CPX0000        0     0     1183.1801  6564   224190.0000    Cuts: 1399  1192288   99.47%
CPX0000        0     0     1208.7319  6294   224190.0000    Cuts: 1443  1230334   99.46%
CPX0000        0     0     1227.0080  6528   224190.0000    Cuts: 1365  1261436   99.45%
CPX0000        0     0     1243.4953  6597   224190.0000    Cuts: 1479  1290537   99.45%
CPX0000        0     0     1257.3071  6549   224190.0000    Cuts: 1517  1312939   99.44%
CPX0000        0     0     1271.7360  6461   224190.0000    Cuts: 1498  1345172   99.43%
CPX0000        0     0     1284.0645  6386   224190.0000    Cuts: 1485  1376994   99.43%
CPX0000        0     0     1296.7429  6474   224190.0000    Cuts: 1473  1411754   99.42%
CPX0000        0     0     1308.1623  6377   224190.0000    Cuts: 1518  1448910   99.42%
CPX0000        0     0     1321.3208  6460   224190.0000    Cuts: 1500  1485956   99.41%
CPX0000        0     0     1331.7170  6476   224190.0000    Cuts: 1565  1518834   99.41%
CPX0000        0     0     1338.9385  6434   224190.0000    Cuts: 1285  1553672   99.40%
CPX0000        0     0     1351.1607  6503   224190.0000    Cuts: 1379  1584540   99.40%
CPX0000        0     0     1367.3956  6580   224190.0000    Cuts: 1466  1614343   99.39%
CPX0000        0     0     1386.3990  6421   224190.0000    Cuts: 1272  1649482   99.38%
CPX0000        0     0     1398.3488  6458   224190.0000    Cuts: 1391  1682028   99.38%
CPX0000        0     0     1410.9073  6410   224190.0000    Cuts: 1304  1709039   99.37%
CPX0000        0     0     1419.1249  6494   224190.0000    Cuts: 1284  1737594   99.37%
CPX0000        0     0     1427.4698  6608   224190.0000    Cuts: 1350  1772326   99.36%
CPX0000        0     0     1445.2420  6505   224190.0000    Cuts: 1456  1803736   99.36%
CPX0000        0     0     1452.9234  6505   224190.0000    Cuts: 1329  1845372   99.35%
CPX0000        0     0     1459.2929  6876   224190.0000    Cuts: 1428  1872684   99.35%
CPX0000        0     0     1466.2551  6622   224190.0000    Cuts: 1312  1906231   99.35%
CPX0000        0     0     1475.0874  6846   224190.0000    Cuts: 1442  1936874   99.34%
CPX0000        0     0     1480.6465  6712   224190.0000    Cuts: 1289  1960893   99.34%
CPX0000        0     0     1485.2266  6444   224190.0000    Cuts: 1238  1997108   99.34%
CPX0000        0     0     1488.4623  6470   224190.0000    Cuts: 1262  2030072   99.34%
CPX0000        0     0     1494.2199  6167   224190.0000    Cuts: 1213  2062809   99.33%
CPX0000        0     0     1499.4648  6341   224190.0000    Cuts: 1190  2089013   99.33%
CPX0000        0     0     1505.9922  5857   224190.0000    Cuts: 1119  2129062   99.33%
CPX0000        0     0     1511.3977  6255   224190.0000    Cuts: 1319  2162358   99.33%
CPX0000        0     0     1524.7929  6149   224190.0000    Cuts: 1204  2198889   99.32%
CPX0000        0     0     1530.2893  6277   224190.0000    Cuts: 1201  2225926   99.32%
CPX0000        0     0     1537.4410  6421   224190.0000    Cuts: 1261  2258690   99.31%
CPX0000        0     0     1540.7932  6564   224190.0000    Cuts: 1289  2293562   99.31%
CPX0000        0     0     1544.8010  6286   224190.0000    Cuts: 1277  2327617   99.31%
CPX0000        0     0     1549.3704  6436   224190.0000    Cuts: 1115  2359409   99.31%
CPX0000        0     0     1552.6700  6663   224190.0000    Cuts: 1269  2392302   99.31%
CPX0000        0     0     1559.1004  6448   224190.0000    Cuts: 1171  2418478   99.30%
CPX0000        0     0     1563.7086  6254   224190.0000    Cuts: 1176  2461677   99.30%
CPX0000        0     0     1571.8905  6228   224190.0000    Cuts: 1258  2497410   99.30%
CPX0000        0     0     1578.1993  6510   224190.0000    Cuts: 1172  2521155   99.30%
CPX0000        0     0     1581.8647  6536   224190.0000    Cuts: 1094  2552862   99.29%
CPX0000        0     0     1585.1173  6401   224190.0000    Cuts: 1142  2584333   99.29%
CPX0000        0     0     1590.4348  6534   224190.0000    Cuts: 1190  2615251   99.29%
CPX0000        0     0     1593.5041  6250   224190.0000    Cuts: 1184  2646450   99.29%
CPX0000        0     0     1596.5626  6070   224190.0000    Cuts: 1033  2674036   99.29%
CPX0000        0     0     1599.8535  6028   224190.0000    Cuts: 1009  2708259   99.29%
CPX0000        0     0     1603.9909  6260   224190.0000    Cuts: 1282  2739215   99.28%
CPX0000        0     0     1608.7208  6355   224190.0000    Cuts: 1241  2769132   99.28%
CPX0000        0     0     1612.6451  6012   224190.0000    Cuts: 1211  2805651   99.28%
CPX0000        0     0     1617.5239  6346   224190.0000    Cuts: 1220  2840167   99.28%
CPX0000        0     0     1621.0624  6231   224190.0000    Cuts: 1132  2882027   99.28%
CPX0000        0     0     1623.3783  6145   224190.0000    Cuts: 1075  2921477   99.28%
CPX0000        0     0     1626.2674  6118   224190.0000     Cuts: 909  2951513   99.27%
CPX0000        0     0     1635.0758  6244   224190.0000     Cuts: 908  2980748   99.27%
CPX0000        0     0     1637.3544  6457   224190.0000    Cuts: 1210  3004751   99.27%
CPX0000        0     0     1640.2150  6326   224190.0000     Cuts: 992  3034067   99.27%
CPX0000        0     0     1645.0989  6297   224190.0000    Cuts: 1104  3064008   99.27%
CPX0000        0     0     1649.2577  5926   224190.0000    Cuts: 1026  3099552   99.26%
CPX0000        0     0     1651.8299  6185   224190.0000     Cuts: 995  3127018   99.26%
CPX0000        0     0     1657.5784  6155   224190.0000     Cuts: 921  3160345   99.26%
CPX0000        0     0     1660.1400  6118   224190.0000    Cuts: 1177  3193613   99.26%
CPX0000        0     0     1663.4122  6268   224190.0000    Cuts: 1070  3227556   99.26%
CPX0000        0     0     1667.2537  6240   224190.0000     Cuts: 966  3260662   99.26%
CPX0000        0     0     1669.7317  6159   224190.0000     Cuts: 965  3305019   99.26%
CPX0000        0     0     1671.1222  6147   224190.0000    Cuts: 1126  3344395   99.25%
CPX0000        0     0     1674.1477  6395   224190.0000    Cuts: 1032  3380442   99.25%
CPX0000        0     0     1677.0456  6328   224190.0000    Cuts: 1145  3412935   99.25%
CPX0000        0     0     1678.7177  6208   224190.0000    Cuts: 1135  3442876   99.25%
CPX0000        0     0     1681.5786  6275   224190.0000    Cuts: 1057  3479460   99.25%
CPX0000        0     0     1684.7711  6156   224190.0000    Cuts: 1093  3518970   99.25%
CPX0000        0     0     1687.2901  6050   224190.0000    Cuts: 1080  3561589   99.25%
CPX0000        0     0     1689.3010  6072   224190.0000    Cuts: 1027  3596434   99.25%
CPX0000        0     0     1690.7244  6192   224190.0000    Cuts: 1095  3627149   99.25%
CPX0000  Heuristic still looking.
CPX0000  Heuristic still looking.
CPX0000  Heuristic still looking.
CPX0000  *     0+    0                        67485.0000     1690.7244  3627149   97.49%
CPX0000  *     0+    0                        46700.0000     1690.7244  3627149   96.38%
CPX0000  *     0+    0                         7080.0000     1690.7244  3627149   76.12%
[1m[30m[ZEN] [0m07:56:08 [1m[34m   7080.00[1m[32m   76.12%
[0mCPX0000        0     2     1690.7244  6192     7080.0000     1690.7244  3627149   76.12%
CPX0000  Elapsed time = 28568.92 sec. (6263225.25 ticks, tree = 0.00 MB
CPX0000        1     3     1691.1624  6051     7080.0000     1690.7244  3628512   76.12%
CPX0000        2     4     1691.6616  6052     7080.0000     1690.7244  3630473   76.12%
CPX0000        4     6     1691.5374  6031     7080.0000     1690.7244  3631427   76.12%
CPX0000        5     7     1691.2432  6033     7080.0000     1690.7244  3632683   76.12%
CPX0000        6     8     1691.2432  6039     7080.0000     1690.7244  3633843   76.12%
CPX0000        7     9     1697.1618  5978     7080.0000     1690.7244  3635771   76.12%
CPX0000        8    10     1691.2432  6038     7080.0000     1690.7244  3636154   76.12%
CPX0000        9    11     1691.4103  6069     7080.0000     1690.7244  3636898   76.12%
CPX0000       10    12     1691.8452  5988     7080.0000     1690.7244  3638233   76.12%
CPX0000       11    13     1691.8452  5642     7080.0000     1690.7244  3662878   76.12%
CPX0000  Elapsed time = 29122.87 sec. (6373624.71 ticks, tree = 1.37 MB
CPX0000       13    15     1698.4524  5631     7080.0000     1690.7244  3665811   76.12%
CPX0000       15    17     1699.2638  5647     7080.0000     1690.7244  3668841   76.12%
CPX0000       20    22     1694.7977  5580     7080.0000     1690.7244  3670671   76.12%
CPX0000       21    23     1694.7977  5345     7080.0000     1690.7244  3719902   76.12%
CPX0000       25    27     1695.0809  5368     7080.0000     1690.7244  3721943   76.12%
CPX0000       29    31     1695.3097  5294     7080.0000     1690.7244  3723592   76.12%
CPX0000       32    34     1695.4825  5277     7080.0000     1690.7244  3725156   76.12%
CPX0000       35    37     1695.6405  5257     7080.0000     1690.7244  3750532   76.12%
CPX0000       36    38     1695.6405  5323     7080.0000     1690.7244  3778201   76.12%
CPX0000       37    39     1695.6405  5413     7080.0000     1690.7244  3809618   76.12%
CPX0000  Elapsed time = 30039.25 sec. (6566171.55 ticks, tree = 1.87 MB
CPX0000       38    40     1699.1994  5064     7080.0000     1690.7244  3863337   76.12%
CPX0000       39    41     1699.1994  5039     7080.0000     1690.7244  3866623   76.12%
CPX0000       40    42     1699.1994  5195     7080.0000     1690.7244  3907892   76.12%
CPX0000       41    43     1699.1994  5204     7080.0000     1690.7244  3940867   76.12%
CPX0000       42    44     1699.1994  5306     7080.0000     1690.7244  3969563   76.12%
CPX0000       43    45     1700.1469  5286     7080.0000     1690.7244  4003376   76.12%
CPX0000       44    46     1699.1994  5380     7080.0000     1690.7244  4045816   76.12%
CPX0000       45    47     1699.1994  5335     7080.0000     1690.7244  4087387   76.12%
CPX0000       46    48     1699.1994  5315     7080.0000     1690.7244  4128299   76.12%
CPX0000       47    49     1699.3110  5218     7080.0000     1690.7244  4158293   76.12%
CPX0000  Elapsed time = 32340.19 sec. (7054268.09 ticks, tree = 2.06 MB
CPX0000       48    50     1699.3110  5329     7080.0000     1690.7244  4211692   76.12%
CPX0000       49    51     1699.5752  5149     7080.0000     1690.7244  4234583   76.12%
CPX0000       50    52     1699.7759  5149     7080.0000     1690.7244  4235195   76.12%
CPX0000       51    53     1700.3436  5144     7080.0000     1690.7244  4236179   76.12%
CPX0000       52    54     1702.0238  5147     7080.0000     1690.7244  4265857   76.12%
CPX0000       53    55     1703.0295  5269     7080.0000     1690.7244  4290568   76.12%
CPX0000       54    56     1702.0238  5076     7080.0000     1690.7244  4315101   76.12%
CPX0000       55    57     1702.0238  5113     7080.0000     1690.7244  4340227   76.12%
CPX0000       56    58     1702.0238  4991     7080.0000     1690.7244  4383805   76.12%
CPX0000       57    59     1702.0238  4972     7080.0000     1690.7244  4389714   76.12%
CPX0000  Elapsed time = 34046.60 sec. (7400010.11 ticks, tree = 3.83 MB
CPX0000       58    60     1702.0238  4885     7080.0000     1690.7244  4393829   76.12%
CPX0000       59    61     1702.0238  4808     7080.0000     1690.7244  4399502   76.12%
CPX0000       60    62     1702.0238  4803     7080.0000     1690.7244  4403877   76.12%
CPX0000       61    63     1703.3085  5091     7080.0000     1690.7244  4448234   76.12%
CPX0000       62    64     1705.1563  5220     7080.0000     1690.7244  4470643   76.12%
CPX0000       63    65     1703.3085  5076     7080.0000     1690.7244  4519580   76.12%
CPX0000       65    67     1703.8937  5015     7080.0000     1690.7244  4578083   76.12%
CPX0000       66    68     1703.8937  5110     7080.0000     1690.7244  4637018   76.12%
CPX0000       67    69     1729.2465  5039     7080.0000     1690.7244  4671176   76.12%
CPX0000       68    70     1704.5589  5025     7080.0000     1690.7244  4699860   76.12%
CPX0000  Elapsed time = 35866.81 sec. (7767096.68 ticks, tree = 4.04 MB
CPX0000       69    71     1704.5589  5065     7080.0000     1690.7244  4749152   76.12%
CPX0000       70    72     1704.5589  4987     7080.0000     1690.7244  4768217   76.12%
CPX0000       73    75     1706.4055  4918     7080.0000     1690.7244  4791732   76.12%
CPX0000       74    76     1717.0310  5026     7080.0000     1690.7244  4824915   76.12%
CPX0000       75    77     1706.4055  4947     7080.0000     1690.7244  4847678   76.12%
CPX0000       76    78     1708.2205  4944     7080.0000     1690.7244  4871159   76.12%
CPX0000       77    79     1706.4055  4981     7080.0000     1690.7244  4891775   76.12%
CPX0000       78    80     1706.4055  4911     7080.0000     1690.7244  4913579   76.12%
CPX0000       79    81     1706.4055  4892     7080.0000     1690.7244  4960740   76.12%
CPX0000       80    82     1706.4055  4922     7080.0000     1690.7244  4983106   76.12%
CPX0000  Elapsed time = 38064.83 sec. (8227641.60 ticks, tree = 5.41 MB
CPX0000       81    83     1710.5729  5043     7080.0000     1690.7244  5004803   76.12%
CPX0000       83    85     1708.4124  4968     7080.0000     1690.7244  5008869   76.12%
CPX0000       84    86     1707.6697  4971     7080.0000     1690.7244  5010933   76.12%
CPX0000       85    87     1709.4096  4908     7080.0000     1690.7244  5012740   76.12%
CPX0000       86    88     1709.4227  4940     7080.0000     1690.7244  5014717   76.12%
CPX0000       88    90     1709.4317  4834     7080.0000     1690.7244  5022535   76.12%
CPX0000       89    91     1720.5239  4972     7080.0000     1690.7244  5069846   76.12%
CPX0000       90    92     1714.9799  4912     7080.0000     1690.7244  5089606   76.12%
CPX0000       91    93     1716.9616  4931     7080.0000     1690.7244  5108958   76.12%
CPX0000       92    94     1715.0225  4892     7080.0000     1690.7244  5134989   76.12%
CPX0000  Elapsed time = 39044.72 sec. (8458003.50 ticks, tree = 5.67 MB
CPX0000       93    95     1718.5169  4912     7080.0000     1690.7244  5187692   76.12%
CPX0000       94    96     1719.1075  5086     7080.0000     1690.7244  5211011   76.12%
CPX0000       95    97     1718.5169  4986     7080.0000     1690.7244  5233139   76.12%
CPX0000       96    98     1718.5169  4945     7080.0000     1690.7244  5253125   76.12%
CPX0000       98   100     1718.5169  4876     7080.0000     1690.7244  5275997   76.12%
CPX0000       99   101     1718.5169  4818     7080.0000     1690.7244  5282893   76.12%
CPX0000      103   105     1718.8819  4812     7080.0000     1690.7244  5290137   76.12%
CPX0000      105   107     1718.8920  4817     7080.0000     1690.7244  5293646   76.12%
CPX0000      107   109     1718.8920  4726     7080.0000     1690.7244  5307562   76.12%
CPX0000      109   111     1718.8920  4710     7080.0000     1690.7244  5313429   76.12%
CPX0000  Elapsed time = 40013.93 sec. (8670801.11 ticks, tree = 7.16 MB
CPX0000      110   112     1718.8920  4703     7080.0000     1690.7244  5316400   76.12%
CPX0000      111   113     1718.8920  4660     7080.0000     1690.7244  5329861   76.12%
CPX0000      113   115     1718.8920  4610     7080.0000     1690.7244  5343884   76.12%
CPX0000      114   116     1727.4685  4636     7080.0000     1690.7244  5381909   76.12%
CPX0000      115   117     1720.8728  4570     7080.0000     1690.7244  5418068   76.12%
CPX0000      116   118     1720.8728  4479     7080.0000     1690.7244  5433079   76.12%
CPX0000      117   119     1720.8728  4508     7080.0000     1690.7244  5444144   76.12%
CPX0000      118   120     1727.1817  4430     7080.0000     1690.7244  5489353   76.12%
CPX0000      119   121     1720.8728  4496     7080.0000     1690.7244  5505219   76.12%
CPX0000      120   122     1720.8728  4483     7080.0000     1690.7244  5531653   76.12%
CPX0000  Elapsed time = 40533.25 sec. (8787646.32 ticks, tree = 7.38 MB
CPX0000      121   123     1720.8728  4478     7080.0000     1690.7244  5545042   76.12%
CPX0000      122   124     1721.4669  4634     7080.0000     1690.7244  5571561   76.12%
CPX0000      123   125     1736.7902  4440     7080.0000     1690.7244  5613009   76.12%
CPX0000      124   126     1721.4669  4566     7080.0000     1690.7244  5631081   76.12%
CPX0000      127   129     1722.9140  4454     7080.0000     1690.7244  5660311   76.12%
CPX0000      129   131     1722.9140  4460     7080.0000     1690.7244  5678311   76.12%
CPX0000      130   132     1722.9140  4488     7080.0000     1690.7244  5695215   76.12%
CPX0000      131   133     1722.9140  4451     7080.0000     1690.7244  5711485   76.12%
CPX0000      132   134     1722.9140  4459     7080.0000     1690.7244  5727201   76.12%
CPX0000      133   135     1722.9140  4428     7080.0000     1690.7244  5747911   76.12%
CPX0000  Elapsed time = 41248.66 sec. (8937219.35 ticks, tree = 7.64 MB
CPX0000      134   136     1722.9140  4413     7080.0000     1690.7244  5758843   76.12%
CPX0000      137   139     1722.9140  4348     7080.0000     1690.7244  5778497   76.12%
CPX0000      140   142     1728.9050  4393     7080.0000     1690.7244  5811327   76.12%
CPX0000      141   143     1724.4468  4410     7080.0000     1690.7244  5849253   76.12%
CPX0000      144   146     1730.6825  4382     7080.0000     1690.7244  5892484   76.12%
CPX0000      145   147     1730.6825  4388     7080.0000     1690.7244  5914215   76.12%
CPX0000      146   148     1731.7637  4382     7080.0000     1690.7244  5951805   76.12%
CPX0000      147   149     1730.6825  4387     7080.0000     1690.7244  5971196   76.12%
CPX0000      148   150     1730.7814  4387     7080.0000     1690.7244  5983789   76.12%
CPX0000      149   151     1730.8260  4366     7080.0000     1690.7244  5997839   76.12%
CPX0000  Elapsed time = 43232.94 sec. (9308216.90 ticks, tree = 7.96 MB
CPX0000      150   152     1730.8260  4305     7080.0000     1690.7244  6014758   76.12%
CPX0000      151   153     1730.8260  4363     7080.0000     1690.7244  6027987   76.12%
CPX0000      153   155     1730.8260  4363     7080.0000     1690.7244  6045817   76.12%
CPX0000      154   156     1735.4642  4311     7080.0000     1690.7244  6071164   76.12%
CPX0000      155   157     1730.8260  4386     7080.0000     1690.7244  6082557   76.12%
CPX0000      156   158     1737.7283  4289     7080.0000     1690.7244  6112907   76.12%
CPX0000      157   159     1737.7283  4236     7080.0000     1690.7244  6132286   76.12%
CPX0000      158   160     1737.7283  4340     7080.0000     1690.7244  6150989   76.12%
CPX0000      159   161     1737.7283  4250     7080.0000     1690.7244  6199769   76.12%
CPX0000      160   162     1738.0271  4223     7080.0000     1690.7244  6216073   76.12%
CPX0000  Elapsed time = 43762.79 sec. (9408273.57 ticks, tree = 8.18 MB
CPX0000      162   164     1738.0292  4366     7080.0000     1690.7244  6249958   76.12%
CPX0000      165   167     1738.0271  4299     7080.0000     1690.7244  6263240   76.12%
CPX0000      167   169     1738.0271  4244     7080.0000     1690.7244  6282650   76.12%
CPX0000      172   174     1740.3656  4217     7080.0000     1690.7244  6321164   76.12%
CPX0000      173   175     1743.5717  4225     7080.0000     1690.7244  6340476   76.12%
CPX0000      174   176     1740.3656  4262     7080.0000     1690.7244  6360042   76.12%
CPX0000      175   177     1740.3656  4237     7080.0000     1690.7244  6387751   76.12%
CPX0000      178   180     1740.3656  4221     7080.0000     1690.7244  6404605   76.12%
CPX0000      179   181     1740.3656  4192     7080.0000     1690.7244  6415440   76.12%
CPX0000      182   184     1740.3656  4194     7080.0000     1690.7244  6431039   76.12%
CPX0000  Elapsed time = 44222.10 sec. (9493219.94 ticks, tree = 8.60 MB
CPX0000      183   185     1740.3656  4173     7080.0000     1690.7244  6460291   76.12%
CPX0000      187   189     1740.3656  4168     7080.0000     1690.7244  6471031   76.12%
CPX0000      188   190     1740.3656  4193     7080.0000     1690.7244  6494461   76.12%
CPX0000      191   193     1749.1475  4192     7080.0000     1690.7244  6517501   76.12%
CPX0000      192   194     1740.3656  4136     7080.0000     1690.7244  6530934   76.12%
CPX0000      193   195     1740.3656  4147     7080.0000     1690.7244  6547858   76.12%
CPX0000      194   196     1740.3656  4096     7080.0000     1690.7244  6564240   76.12%
CPX0000      195   197     1740.3656  4131     7080.0000     1690.7244  6591858   76.12%
CPX0000      196   198     1740.3656  4133     7080.0000     1690.7244  6612810   76.12%
CPX0000      200   202     1743.3031  4097     7080.0000     1690.7244  6627813   76.12%
CPX0000  Elapsed time = 46277.69 sec. (9866493.67 ticks, tree = 8.99 MB
CPX0000      207   209     1764.8133  4043     7080.0000     1690.7244  6649421   76.12%
CPX0000      208   210     1745.1798  4046     7080.0000     1690.7244  6678185   76.12%
CPX0000      209   211     1745.1884  4318     7080.0000     1690.7244  6713581   76.12%
CPX0000      210   212     1745.3735  4177     7080.0000     1690.7244  6749176   76.12%
CPX0000      211   213     1745.3735  4194     7080.0000     1690.7244  6762602   76.12%
CPX0000      212   214     1760.3139  4214     7080.0000     1690.7244  6809757   76.12%
CPX0000      213   215     1746.9625  4119     7080.0000     1690.7244  6843524   76.12%
CPX0000      214   216     1750.6249  4102     7080.0000     1690.7244  6873500   76.12%
CPX0000      215   217     1747.1379  4188     7080.0000     1690.7244  6884574   76.12%
CPX0000      216   218     1750.6249  4089     7080.0000     1690.7244  6896285   76.12%
CPX0000  Elapsed time = 46840.83 sec. (9967978.12 ticks, tree = 9.32 MB
CPX0000      217   219     1750.6249  4037     7080.0000     1690.7244  6922360   76.12%
CPX0000      218   220     1751.3418  4070     7080.0000     1690.7244  6956495   76.12%
CPX0000      219   221     1766.4047  4077     7080.0000     1690.7244  6995321   76.12%
CPX0000      220   222     1751.3418  4037     7080.0000     1690.7244  7015856   76.12%
CPX0000      222   224     1751.3418  4047     7080.0000     1690.7244  7044704   76.12%
CPX0000      223   225     1761.3418  4120     7080.0000     1690.7244  7081216   76.12%
CPX0000      224   226     1751.3418  3991     7080.0000     1690.7244  7094324   76.12%
CPX0000      225   227     1751.3418  4048     7080.0000     1690.7244  7107120   76.12%
CPX0000      226   228     1751.3418  4028     7080.0000     1690.7244  7117056   76.12%
CPX0000      230   232     1751.3418  4046     7080.0000     1690.7244  7148176   76.12%
CPX0000  Elapsed time = 47437.90 sec. (10076114.39 ticks, tree = 9.58 MB
CPX0000      231   233     1751.4333  3993     7080.0000     1690.7244  7169033   76.12%
CPX0000      233   235     1768.9651  4064     7080.0000     1690.7244  7198901   76.12%
CPX0000      235   237     1751.4333  4007     7080.0000     1690.7244  7210968   76.12%
CPX0000      240   242     1760.8732  3938     7080.0000     1690.7244  7228327   76.12%
CPX0000      244   246     1765.9080  3930     7080.0000     1690.7244  7246489   76.12%
CPX0000      252   254     1778.7976  3950     7080.0000     1690.7244  7267670   76.12%
CPX0000      258   260     1777.0623  4002     7080.0000     1690.7244  7312192   76.12%
CPX0000      260   262     1771.4948  3926     7080.0000     1690.7244  7328573   76.12%
CPX0000      262   264     1775.1994  3937     7080.0000     1690.7244  7354828   76.12%
CPX0000      263   265     1771.4948  3926     7080.0000     1690.7244  7366145   76.12%
CPX0000  Elapsed time = 47921.31 sec. (10173773.47 ticks, tree = 10.29 MB
CPX0000      264   266     1771.9564  3916     7080.0000     1690.7244  7381984   76.12%
CPX0000      269   271     1772.0146  3843     7080.0000     1690.7244  7411055   76.12%
CPX0000      270   272     1777.5387  3861     7080.0000     1690.7244  7432958   76.12%
CPX0000      271   273     1777.5601  3744     7080.0000     1690.7244  7464817   76.12%
CPX0000      272   274     1779.0097  3743     7080.0000     1690.7244  7493104   76.12%
CPX0000      273   275     1781.1550  3789     7080.0000     1690.7244  7521782   76.12%
CPX0000      274   276     1779.6042  3865     7080.0000     1690.7244  7543785   76.12%
CPX0000      275   277     1784.7515  3772     7080.0000     1690.7244  7577846   76.12%
CPX0000      277   279     1786.8221  3825     7080.0000     1690.7244  7614894   76.12%
CPX0000      278   280     1785.9435  3769     7080.0000     1690.7244  7652706   76.12%
CPX0000  Elapsed time = 48381.67 sec. (10276290.13 ticks, tree = 10.60 MB
CPX0000      281   283     1785.9435  3793     7080.0000     1690.7244  7669240   76.12%
CPX0000      283   285     1798.3639  3793     7080.0000     1690.7244  7684598   76.12%
CPX0000      287   289     1790.3755  3754     7080.0000     1690.7244  7726277   76.12%
CPX0000      288   290     1788.3434  3676     7080.0000     1690.7244  7745008   76.12%
CPX0000      289   291     1788.3434  3664     7080.0000     1690.7244  7767273   76.12%
CPX0000      291   293     1788.5570  3627     7080.0000     1690.7244  7800517   76.12%
CPX0000      292   294     1790.3073  3654     7080.0000     1690.7244  7845405   76.12%
CPX0000      293   295     1792.9532  3622     7080.0000     1690.7244  7869215   76.12%
CPX0000      296   298     1792.9532  3678     7080.0000     1690.7244  7891273   76.12%
CPX0000      297   299     1792.9532  3635     7080.0000     1690.7244  7914023   76.12%
CPX0000  Elapsed time = 48753.22 sec. (10360843.80 ticks, tree = 10.98 MB
CPX0000      298   300     1792.9532  3665     7080.0000     1690.7244  7939299   76.12%
CPX0000      299   301     1792.9532  3711     7080.0000     1690.7244  7957348   76.12%
CPX0000      300   302     1792.9532  3627     7080.0000     1690.7244  7983768   76.12%
CPX0000      302   304     1802.0646  3650     7080.0000     1690.7244  8032175   76.12%
CPX0000      303   305     1792.9532  3655     7080.0000     1690.7244  8044528   76.12%
CPX0000      304   306     1794.6822  3659     7080.0000     1690.7244  8077378   76.12%
CPX0000      305   307     1792.9532  3632     7080.0000     1690.7244  8093431   76.12%
CPX0000      306   308     1792.9532  3630     7080.0000     1690.7244  8121534   76.12%
CPX0000      307   309     1792.9532  3622     7080.0000     1690.7244  8135248   76.12%
CPX0000      308   310     1792.9532  3610     7080.0000     1690.7244  8158711   76.12%
CPX0000  Elapsed time = 49177.95 sec. (10460316.94 ticks, tree = 11.23 MB
CPX0000      310   312     1793.2267  3612     7080.0000     1690.7244  8204343   76.12%
CPX0000      311   313     1793.2267  3607     7080.0000     1690.7244  8220660   76.12%
CPX0000      312   314     1793.2267  3585     7080.0000     1690.7244  8237109   76.12%
CPX0000      313   315     1793.2267  3618     7080.0000     1690.7244  8253315   76.12%
CPX0000      314   316     1793.5611  3621     7080.0000     1690.7244  8281929   76.12%
CPX0000      315   317     1793.4034  3677     7080.0000     1690.7244  8314786   76.12%
CPX0000      316   318     1793.4115  3725     7080.0000     1690.7244  8342659   76.12%
CPX0000      317   319     1793.4034  3713     7080.0000     1690.7244  8375527   76.12%
CPX0000      318   320     1793.7596  3733     7080.0000     1690.7244  8408146   76.12%
CPX0000      321   323     1793.4034  3687     7080.0000     1690.7244  8422150   76.12%
CPX0000  Elapsed time = 49481.83 sec. (10537007.88 ticks, tree = 11.51 MB
CPX0000      322   324     1793.4034  3636     7080.0000     1690.7244  8437862   76.12%
CPX0000      323   325     1793.4034  3627     7080.0000     1690.7244  8460683   76.12%
CPX0000      325   327     1793.4034  3633     7080.0000     1690.7244  8488649   76.12%
CPX0000      326   328     1804.0299  3642     7080.0000     1690.7244  8526603   76.12%
CPX0000      328   330     1793.4034  3669     7080.0000     1690.7244  8547748   76.12%
CPX0000      329   331     1793.4034  3679     7080.0000     1690.7244  8565716   76.12%
CPX0000      330   332     1804.0299  3618     7080.0000     1690.7244  8601114   76.12%
CPX0000      332   334     1793.4034  3669     7080.0000     1690.7244  8617085   76.12%
CPX0000      335   337     1793.4034  3640     7080.0000     1690.7244  8656467   76.12%
CPX0000      337   339     1799.0073  3675     7080.0000     1690.7244  8702826   76.12%
CPX0000  Elapsed time = 49896.40 sec. (10624151.64 ticks, tree = 11.85 MB
CPX0000      340   342     1793.4034  3655     7080.0000     1690.7244  8734312   76.12%
CPX0000      341   343     1793.4034  3701     7080.0000     1690.7244  8754304   76.12%
CPX0000      342   344     1793.4034  3683     7080.0000     1690.7244  8774871   76.12%
CPX0000      343   345     1793.4034  3694     7080.0000     1690.7244  8789373   76.12%
CPX0000      344   346     1793.4042  3666     7080.0000     1690.7244  8815657   76.12%
CPX0000      345   347     1793.4042  3663     7080.0000     1690.7244  8829816   76.12%
CPX0000      347   349     1793.4042  3665     7080.0000     1690.7244  8843421   76.12%
CPX0000      349   351     1793.4042  3738     7080.0000     1690.7244  8883512   76.12%
CPX0000      350   352     1793.4042  3675     7080.0000     1690.7244  8899212   76.12%
CPX0000      351   353     1795.5557  3661     7080.0000     1690.7244  8934575   76.12%
CPX0000  Elapsed time = 50219.43 sec. (10696155.63 ticks, tree = 12.15 MB
CPX0000      352   354     1793.4042  3655     7080.0000     1690.7244  8957721   76.12%
CPX0000      353   355     1793.4042  3647     7080.0000     1690.7244  8988242   76.12%
CPX0000      354   356     1793.4042  3611     7080.0000     1690.7244  9004632   76.12%
CPX0000      356   358     1793.4042  3631     7080.0000     1690.7244  9026112   76.12%
CPX0000      360   362     1798.0243  3597     7080.0000     1690.7244  9032515   76.12%
CPX0000      364   366     1806.1396  3572     7080.0000     1690.7244  9058469   76.12%
CPX0000      366   368     1811.7435  3589     7080.0000     1690.7244  9084699   76.12%
CPX0000      367   369     1806.1396  3603     7080.0000     1690.7244  9100210   76.12%
CPX0000      368   370     1811.7435  3617     7080.0000     1690.7244  9118281   76.12%
CPX0000      370   372     1808.6128  3585     7080.0000     1690.7244  9131156   76.12%
CPX0000  Elapsed time = 50560.34 sec. (10772874.88 ticks, tree = 12.53 MB
CPX0000      371   373     1814.8778  3656     7080.0000     1690.7244  9167837   76.12%
CPX0000      374   376     1808.6128  3587     7080.0000     1690.7244  9180908   76.12%
CPX0000      377   379     1808.6128  3591     7080.0000     1690.7244  9218375   76.12%
CPX0000      381   383     1809.5523  3639     7080.0000     1690.7244  9251347   76.12%
CPX0000      382   384     1818.6754  3611     7080.0000     1690.7244  9273617   76.12%
CPX0000      390   392     1809.5523  3624     7080.0000     1690.7244  9286291   76.12%
CPX0000      391   393     1833.5705  3634     7080.0000     1690.7244  9311407   76.12%
CPX0000      392   394     1810.9383  3667     7080.0000     1690.7244  9333477   76.12%
CPX0000      394   396     1810.9383  3646     7080.0000     1690.7244  9346353   76.12%
CPX0000      397   399     1810.9383  3629     7080.0000     1690.7244  9371307   76.12%
CPX0000  Elapsed time = 50911.63 sec. (10848048.03 ticks, tree = 13.13 MB
CPX0000      399   401     1810.9383  3607     7080.0000     1690.7244  9399348   76.12%
CPX0000      402   404     1810.9383  3599     7080.0000     1690.7244  9416567   76.12%
CPX0000      403   405     1810.9383  3603     7080.0000     1690.7244  9445426   76.12%
CPX0000      404   406     1814.0184  3619     7080.0000     1690.7244  9492463   76.12%
CPX0000      405   407     1810.9383  3557     7080.0000     1690.7244  9512007   76.12%
CPX0000      406   408     1810.9383  3577     7080.0000     1690.7244  9527122   76.12%
CPX0000      407   409     1811.3079  3587     7080.0000     1690.7244  9552287   76.12%
CPX0000      409   411     1810.9383  3595     7080.0000     1690.7244  9572364   76.12%
CPX0000      410   412     1810.9383  3601     7080.0000     1690.7244  9627817   76.12%
CPX0000      411   413     1810.9383  3605     7080.0000     1690.7244  9666353   76.12%
CPX0000  Elapsed time = 51319.53 sec. (10938693.01 ticks, tree = 13.42 MB
CPX0000      412   414     1812.6673  3688     7080.0000     1690.7244  9689254   76.12%
CPX0000      413   415     1810.9383  3634     7080.0000     1690.7244  9711377   76.12%
CPX0000      414   416     1811.3079  3567     7080.0000     1690.7244  9732237   76.12%
CPX0000      420   422     1830.4814  3640     7080.0000     1690.7244  9782160   76.12%
CPX0000      421   423     1830.4814  3478     7080.0000     1690.7244  9805043   76.12%
CPX0000      422   424     1834.5445  3526     7080.0000     1690.7244  9828458   76.12%
CPX0000      423   425     1835.4814  3520     7080.0000     1690.7244  9844883   76.12%
CPX0000      425   427     1850.7876  3539     7080.0000     1690.7244  9869869   76.12%
CPX0000      427   429     1850.7876  3525     7080.0000     1690.7244  9899715   76.12%
CPX0000      428   430     1841.7314  3593     7080.0000     1690.7244  9911673   76.12%
CPX0000  Elapsed time = 51663.54 sec. (11015944.21 ticks, tree = 13.78 MB
CPX0000      429   431     1850.7876  3518     7080.0000     1690.7244  9942231   76.12%
CPX0000      431   433     1866.7400  3534     7080.0000     1690.7244  9959833   76.12%
CPX0000      432   434     1863.1288  3517     7080.0000     1690.7244  9977741   76.12%
CPX0000      433   435     1899.2400  3542     7080.0000     1690.7244 10010625   76.12%
CPX0000      434   436     1867.5733  3439     7080.0000     1690.7244 10033323   76.12%
CPX0000      435   437     1867.5733  3481     7080.0000     1690.7244 10055841   76.12%
CPX0000      436   438     1867.5733  3406     7080.0000     1690.7244 10082991   76.12%
CPX0000      439   441     1867.5733  3447     7080.0000     1690.7244 10098356   76.12%
CPX0000      440   442     1867.5733  3413     7080.0000     1690.7244 10116507   76.12%
CPX0000      443   445     1867.6157  3413     7080.0000     1690.7244 10148454   76.12%
CPX0000  Elapsed time = 51980.07 sec. (11089753.26 ticks, tree = 14.13 MB
CPX0000      446   448     1867.6157  3389     7080.0000     1690.7244 10186156   76.12%
CPX0000      448   450     1867.6157  3526     7080.0000     1690.7244 10216410   76.12%
CPX0000      449   451     1867.6157  3446     7080.0000     1690.7244 10235637   76.12%
CPX0000      450   452     1867.6157  3432     7080.0000     1690.7244 10261250   76.12%
CPX0000      451   453     1867.6157  3435     7080.0000     1690.7244 10276951   76.12%
CPX0000      452   454     1867.6157  3390     7080.0000     1690.7244 10295823   76.12%
CPX0000      456   458     1867.6157  3377     7080.0000     1690.7244 10312397   76.12%
CPX0000      457   459     1867.6157  3414     7080.0000     1690.7244 10335170   76.12%
CPX0000      458   460     1867.8689  3525     7080.0000     1690.7244 10380549   76.12%
CPX0000      459   461     1867.6157  3349     7080.0000     1690.7244 10406183   76.12%
CPX0000  Elapsed time = 52357.27 sec. (11166609.29 ticks, tree = 14.49 MB
CPX0000      461   463     1867.6157  3381     7080.0000     1690.7244 10425421   76.12%
CPX0000      462   464     1869.3446  3420     7080.0000     1690.7244 10452376   76.12%
CPX0000      464   466     1867.6157  3447     7080.0000     1690.7244 10487152   76.12%
CPX0000      465   467     1870.9937  3528     7080.0000     1690.7244 10513434   76.12%
CPX0000      469   471     1867.6489  3488     7080.0000     1690.7244 10553615   76.12%
CPX0000      470   472     1868.8485  3510     7080.0000     1690.7244 10570184   76.12%
CPX0000      471   473     1867.6489  3476     7080.0000     1690.7244 10602142   76.12%
CPX0000      474   476     1868.5995  3444     7080.0000     1690.7244 10645388   76.12%
CPX0000      475   477     1868.5995  3448     7080.0000     1690.7244 10665874   76.12%
CPX0000      476   478     1868.5995  3454     7080.0000     1690.7244 10704773   76.12%
CPX0000  Elapsed time = 52800.80 sec. (11261142.16 ticks, tree = 14.86 MB
CPX0000      479   481     1869.9926  3536     7080.0000     1690.7244 10723458   76.12%
CPX0000      480   482     1879.0676  3505     7080.0000     1690.7244 10761316   76.12%
CPX0000      482   484     1870.4323  3496     7080.0000     1690.7244 10777347   76.12%
CPX0000      483   485     1870.4323  3550     7080.0000     1690.7244 10832045   76.12%
CPX0000      486   488     1870.4323  3456     7080.0000     1690.7244 10862816   76.12%
CPX0000      487   489     1894.8030  3520     7080.0000     1690.7244 10908899   76.12%
CPX0000      488   490     1870.4323  3454     7080.0000     1690.7244 10929749   76.12%
CPX0000      490   492     1872.1613  3495     7080.0000     1690.7244 10955273   76.12%
CPX0000      491   493     1871.6823  3480     7080.0000     1690.7244 10978626   76.12%
CPX0000      492   494     1872.1613  3450     7080.0000     1690.7244 11001359   76.12%
CPX0000  Elapsed time = 53424.55 sec. (11390871.28 ticks, tree = 15.22 MB
CPX0000      495   497     1881.2363  3475     7080.0000     1690.7244 11022026   76.12%
CPX0000      497   499     1877.1989  3442     7080.0000     1690.7244 11050817   76.12%
CPX0000      498   500     1897.2904  3443     7080.0000     1690.7244 11109348   76.12%
CPX0000  *   500+  500                         5970.0000     1690.7244 11133934   71.68%
CPX0000  *   500+  500                         5755.0000     1690.7244 11133934   70.62%
CPX0000  *   500+  500                         5690.0000     1690.7244 11133934   70.29%
CPX0000      500   502     1877.8204  3491     5690.0000     1690.7244 11133934   70.29%
[1m[30m[ZEN] [0m14:54:05 [1m[34m   5690.00[1m[32m   70.29%
[0mCPX0000  *   501+  501                         4170.0000     1690.7244 11172377   59.46%
CPX0000      501   503     1691.6058  5905     4170.0000     1691.2432 11172377   59.44%
[1m[30m[ZEN] [0m15:04:47 [1m[34m   4170.00[1m[32m   59.44%
[0mCPX0000  *   502+  334                         3950.0000     1797.7255 12936990   54.49%
CPX0000  *   502+  222                         3845.0000     1797.7255 12936990   53.25%
[1m[30m[ZEN] [0m19:37:33 [1m[34m   3845.00[1m[32m   53.25%
[0mCPX0000      502   223     1797.7255  6042     3845.0000     1799.8693 12936990   53.19%
CPX0000      503   224     1801.3395  5810     3845.0000     1803.0382 12984951   53.11%
CPX0000      504   225     1806.4979  5827     3845.0000     1804.6408 13036292   53.07%
CPX0000      505   226     1813.0385  5945     3845.0000     1808.1646 13065197   52.97%
CPX0000      506   226     1808.1646  5865     3845.0000     1809.8312 13096211   52.93%
CPX0000  Elapsed time = 71767.31 sec. (15839811.30 ticks, tree = 6.82 MB
CPX0000      507   227     1809.8312  5531     3845.0000     1809.8698 13119569   52.93%
CPX0000      508   228     1821.5417  5456     3845.0000     1809.8698 13179907   52.93%
CPX0000      509   228     1812.1056  5716     3845.0000     1809.8698 13253022   52.93%
CPX0000      510   229     1815.2715  5526     3845.0000     1809.8698 13263498   52.93%
CPX0000      511   229     1818.0169  5619     3845.0000     1809.8698 13316262   52.93%
CPX0000      512   229     1820.2717  5493     3845.0000     1809.8698 13353683   52.93%
CPX0000      513   230     1819.5843  5407     3845.0000     1809.8698 13370774   52.93%
CPX0000      514   231     1827.5921  5488     3845.0000     1809.8698 13442179   52.93%
CPX0000      515   232     1836.6119  5673     3845.0000     1809.8698 13494351   52.93%
CPX0000      516   232     1834.4941  5464     3845.0000     1809.8698 13507366   52.93%
CPX0000  Elapsed time = 73292.70 sec. (16161424.33 ticks, tree = 8.06 MB
CPX0000      517   233     1839.9199  5404     3845.0000     1809.8698 13529104   52.93%
CPX0000      518   233     1854.9199  5597     3845.0000     1809.8698 13542491   52.93%
CPX0000      519   233     1845.8616  5258     3845.0000     1809.8698 13567396   52.93%
CPX0000      520   234     1847.2021  5501     3845.0000     1809.8698 13600793   52.93%
CPX0000      521   235     1849.0064  5312     3845.0000     1809.8698 13740189   52.93%
CPX0000      522   236     1852.2404  5204     3845.0000     1809.8698 13800260   52.93%
CPX0000      523   236     1849.0064  5200     3845.0000     1809.8698 13843483   52.93%
CPX0000      524   236     1864.0064  5283     3845.0000     1809.8698 13864118   52.93%
CPX0000      526   237     1869.2064  5275     3845.0000     1809.8698 13892196   52.93%
CPX0000      527   238     1864.9033  5191     3845.0000     1809.8698 13946443   52.93%
CPX0000  Elapsed time = 75440.14 sec. (16616273.15 ticks, tree = 9.86 MB
CPX0000      528   239     1866.1367  5263     3845.0000     1809.8698 13995357   52.93%
CPX0000      529   240     1866.5215  4973     3845.0000     1809.8698 14039545   52.93%
CPX0000      530   240     1871.5215  4949     3845.0000     1809.8698 14058060   52.93%
CPX0000      531   241     1875.2715  4999     3845.0000     1809.8698 14121815   52.93%
CPX0000      532   242     1873.5215  5209     3845.0000     1809.8698 14144497   52.93%
CPX0000      533   243     1885.7090  4954     3845.0000     1809.8698 14163678   52.93%
CPX0000      534   243     1882.2677  5031     3845.0000     1809.8698 14237878   52.93%
CPX0000      535   244     1882.3917  5055     3845.0000     1809.8698 14255506   52.93%
CPX0000      536   244     1883.1276  5106     3845.0000     1809.8698 14302778   52.93%
CPX0000      537   244     1894.5235  5145     3845.0000     1809.8698 14327657   52.93%
CPX0000  Elapsed time = 76803.53 sec. (16892369.54 ticks, tree = 9.93 MB
CPX0000      538   245     1888.1276  5250     3845.0000     1809.8698 14345725   52.93%
CPX0000      539   245     1891.8521  4998     3845.0000     1809.8698 14385080   52.93%
CPX0000      540   246     1888.3849  5213     3845.0000     1809.8698 14403953   52.93%
CPX0000      541   247     1888.5215  5066     3845.0000     1809.8698 14417416   52.93%
CPX0000      542   247     1890.3965  4998     3845.0000     1809.8698 14467220   52.93%
CPX0000      543   247     1903.0385  4932     3845.0000     1809.8698 14518357   52.93%
CPX0000      544   247     1896.3985  5105     3845.0000     1809.8698 14548118   52.93%
CPX0000      545   248     1906.3985  5016     3845.0000     1809.8698 14566092   52.93%
CPX0000      546   248     1908.1672  4981     3845.0000     1809.8698 14646295   52.93%
CPX0000      547   249     1906.4029  4975     3845.0000     1809.8698 14655872   52.93%
CPX0000  Elapsed time = 78286.50 sec. (17210253.36 ticks, tree = 10.55 MB
CPX0000      548   250     1906.8028  5004     3845.0000     1809.8698 14675910   52.93%
CPX0000      549   250     1917.5074  4855     3845.0000     1809.8698 14723704   52.93%
CPX0000      550   251     1922.5074  4905     3845.0000     1809.8698 14731054   52.93%
CPX0000      551   251     1922.5074  4809     3845.0000     1809.8698 14744859   52.93%
CPX0000      552   252     1930.0121  4823     3845.0000     1809.8698 14758056   52.93%
CPX0000      553   253     1930.8408  5098     3845.0000     1809.8698 14777128   52.93%
CPX0000      554   254     1932.5074  5010     3845.0000     1809.8698 14786200   52.93%
CPX0000      555   255     1947.5074  4971     3845.0000     1809.8698 14803955   52.93%
CPX0000      556   255     1937.5074  4982     3845.0000     1809.8698 14824116   52.93%
CPX0000      557   255     1937.5804  4890     3845.0000     1809.8698 14849474   52.93%
CPX0000  Elapsed time = 78937.40 sec. (17356301.16 ticks, tree = 10.62 MB
CPX0000      558   255     1942.1573  5088     3845.0000     1809.8698 14891042   52.93%
CPX0000      559   256     1940.8803  5052     3845.0000     1809.8698 15033338   52.93%
CPX0000      560   257     1943.9544  4868     3845.0000     1809.8698 15070086   52.93%
CPX0000      561   258     1959.3724  4932     3845.0000     1809.8698 15117486   52.93%
CPX0000      562   259     1944.9830  4880     3845.0000     1809.8698 15129481   52.93%
CPX0000      563   260     1952.1161  4891     3845.0000     1809.8698 15146613   52.93%
CPX0000      564   261     1954.1467  4924     3845.0000     1809.8698 15158366   52.93%
CPX0000      565   261     1964.0946  4797     3845.0000     1809.8698 15223664   52.93%
CPX0000      566   262     1954.2659  5021     3845.0000     1809.8698 15261279   52.93%
CPX0000      567   263     1959.1543  4909     3845.0000     1809.8698 15288312   52.93%
CPX0000  Elapsed time = 80695.75 sec. (17716971.97 ticks, tree = 11.33 MB
CPX0000      568   264     1968.6777  5058     3845.0000     1809.8698 15304652   52.93%
CPX0000      569   265     1969.6732  4863     3845.0000     1809.8698 15322351   52.93%
CPX0000      570   266     1979.9462  5016     3845.0000     1809.8698 15430728   52.93%
CPX0000      571   267     1971.1315  4828     3845.0000     1809.8698 15450379   52.93%
CPX0000      572   267     1969.6732  4823     3845.0000     1809.8698 15456816   52.93%
CPX0000      573   268     1993.9364  4769     3845.0000     1809.8698 15473283   52.93%
CPX0000      574   269     2000.6200  4860     3845.0000     1809.8698 15491020   52.93%
CPX0000      575   270     1995.6200  4983     3845.0000     1809.8698 15513612   52.93%
CPX0000      576   271     2004.7525  5047     3845.0000     1809.8698 15539325   52.93%
CPX0000      577   272     2004.7866  4730     3845.0000     1809.8698 15552764   52.93%
CPX0000  Elapsed time = 81866.35 sec. (17979415.66 ticks, tree = 14.98 MB
CPX0000      578   273     2004.7866  4700     3845.0000     1809.8698 15565174   52.93%
CPX0000      579   273     2007.2880  4693     3845.0000     1809.8698 15581464   52.93%
CPX0000      580   273     2004.7924  4621     3845.0000     1809.8698 15595068   52.93%
CPX0000      581   274     2013.5614  4619     3845.0000     1809.8698 15609751   52.93%
CPX0000      582   275     2009.7866  4645     3845.0000     1809.8698 15624168   52.93%
CPX0000      584   276     2009.7866  4626     3845.0000     1809.8698 15640047   52.93%
CPX0000      585   277     2009.7866  4653     3845.0000     1809.8698 15649035   52.93%
CPX0000      586   277     2009.7866  4611     3845.0000     1809.8698 15666858   52.93%
CPX0000      587   278     2019.7866  4615     3845.0000     1809.8698 15682980   52.93%
CPX0000      588   278     2024.5783  4816     3845.0000     1809.8698 15722404   52.93%
CPX0000  Elapsed time = 82681.63 sec. (18160421.12 ticks, tree = 17.37 MB
CPX0000      589   279     2020.1485  4730     3845.0000     1809.8698 15745052   52.93%
CPX0000      590   280     2033.5237  4620     3845.0000     1809.8698 15755377   52.93%
CPX0000      591   281     2030.4569  4664     3845.0000     1809.8698 15776483   52.93%
CPX0000      592   282     2034.0125  4584     3845.0000     1809.8698 15788473   52.93%
CPX0000      593   282     2042.1236  4631     3845.0000     1809.8698 15794854   52.93%
CPX0000      594   283     2051.1236  4613     3845.0000     1809.8698 15799799   52.93%
CPX0000      595   284     2047.1236  4643     3845.0000     1809.8698 15803705   52.93%
CPX0000      597   285     2060.1485  4767     3845.0000     1809.8698 15824101   52.93%
CPX0000      598   286     2048.4569  4625     3845.0000     1809.8698 15830317   52.93%
CPX0000      599   287     2053.2100  4580     3845.0000     1809.8698 15843781   52.93%
CPX0000  Elapsed time = 83776.74 sec. (18390590.83 ticks, tree = 18.68 MB
CPX0000      600   287     2071.1780  4617     3845.0000     1809.8698 15860000   52.93%
CPX0000      601   288     2053.3550  4561     3845.0000     1809.8698 15867952   52.93%
CPX0000  *   602+  224                         3835.0000     1809.8698 15877682   52.81%
CPX0000  *   602+  182                         3775.0000     1809.8698 15877682   52.06%
CPX0000      602   183     2054.8133  4576     3775.0000     1809.8698 15877682   52.06%
[1m[30m[ZEN] [0m23:19:31 [1m[34m   3775.00[1m[32m   52.06%
[0mCPX0000      603   183     2064.8133  4530     3775.0000     1809.8698 15890437   52.06%
CPX0000      604   184     2054.9667  4593     3775.0000     1809.8698 15903343   52.06%
CPX0000      605   184     2055.0148  4591     3775.0000     1809.8698 15909083   52.06%
CPX0000      606   185     2058.2959  4595     3775.0000     1809.8698 15924180   52.06%
CPX0000      607   185     2057.2555  4677     3775.0000     1809.8698 15934047   52.06%
CPX0000      608   185     2066.6144  4596     3775.0000     1809.8698 15954659   52.06%
CPX0000      609   185     2057.4800  4721     3775.0000     1809.8698 15965371   52.06%
CPX0000  Elapsed time = 84292.83 sec. (18524629.88 ticks, tree = 17.19 MB
CPX0000      611   187     2069.1466  4584     3775.0000     1809.8698 15980481   52.06%
CPX0000      612   187     2072.4800  4608     3775.0000     1809.8698 15999265   52.06%
CPX0000      613   188     2072.4800  4640     3775.0000     1809.8698 16015937   52.06%
CPX0000      614   188     2074.1466  4588     3775.0000     1809.8698 16025555   52.06%
CPX0000      615   189     2094.1466  4633     3775.0000     1809.8698 16035677   52.06%
CPX0000      616   189     2092.3624  4675     3775.0000     1809.8698 16082268   52.06%
CPX0000      617   190     2095.9648  4559     3775.0000     1809.8698 16096071   52.06%
CPX0000      618   191     2094.1466  4421     3775.0000     1809.8698 16119695   52.06%
CPX0000      619   192     2104.1466  4517     3775.0000     1809.8698 16130327   52.06%
CPX0000      620   193     2095.0609  4568     3775.0000     1809.8698 16153530   52.06%
CPX0000  Elapsed time = 85117.90 sec. (18698203.49 ticks, tree = 18.45 MB
CPX0000      621   193     2109.2932  4569     3775.0000     1809.8698 16177838   52.06%
CPX0000      622   194     2120.1140  4618     3775.0000     1809.8698 16208146   52.06%
CPX0000      623   195     2114.1466  4663     3775.0000     1809.8698 16228954   52.06%
CPX0000      624   195     2114.1466  4676     3775.0000     1809.8698 16235287   52.06%
CPX0000      625   196     2119.8266  4639     3775.0000     1809.8698 16241902   52.06%
CPX0000      626   197     2125.8322  4588     3775.0000     1809.8698 16259853   52.06%
CPX0000      627   198     2127.0822  4648     3775.0000     1809.8698 16281009   52.06%
CPX0000      628   198     2127.0822  4620     3775.0000     1809.8698 16293297   52.06%
CPX0000      629   198     2129.6800  4559     3775.0000     1809.8698 16310636   52.06%
CPX0000      630   199     2129.6748  4516     3775.0000     1809.8698 16321371   52.06%
CPX0000  Elapsed time = 85771.91 sec. (18842577.50 ticks, tree = 19.71 MB
CPX0000      631   200     2148.9484  4635     3775.0000     1809.8698 16339913   52.06%
CPX0000      632   200     2131.6245  4569     3775.0000     1809.8698 16353311   52.06%
CPX0000      633   201     2135.6800  4590     3775.0000     1809.8698 16361885   52.06%
CPX0000      634   202     2158.4684  4568     3775.0000     1809.8698 16398772   52.06%
CPX0000      636   202     2144.6800  4587     3775.0000     1809.8698 16410067   52.06%
CPX0000      637   202     2164.6800  4636     3775.0000     1809.8698 16427175   52.06%
CPX0000
CPX0000  GUB cover cuts applied:  348
CPX0000  Clique cuts applied:  510
CPX0000  Implied bound cuts applied:  7
CPX0000  Mixed integer rounding cuts applied:  24
CPX0000  Zero-half cuts applied:  4626
CPX0000  Lift and project cuts applied:  11
CPX0000  Gomory fractional cuts applied:  16
CPX0000
CPX0000  Root node processing (before b&c):
CPX0000    Real time             = 28568.82 sec. (6263168.30 ticks)
CPX0000  Sequential b&c:
CPX0000    Real time             = 57831.27 sec. (12713942.72 ticks)
CPX0000                            ------------
CPX0000  Total (root+branch&cut) = 86400.09 sec. (18977111.02 ticks)
H2 understaffing: 0
H3 shiftTypeSuccessions: 0
S1 optimalCoverage: 840
S2a consecutiveShift: 255 = (17,0 )
S2b consecutiveWorkingDays: 180 = ( 4,2 )
S3 consecutiveDaysOff: 750 = ( 18,7 )
S4 preferences: 330
S5 completeWeekend: 30
S6 totalAssignments: 1060
S7 totalWorkingWeekeends: 330
 

Cost Solution: 3775

      |M|T|W|T|F|S|S| |M|T|W|T|F|S|S| |M|T|W|T|F|S|S| |M|T|W|T|F|S|S|
-----------------------------------------------------------------------
HN_0  |-|N|N|N|N|-|-| |-|-|-|-|-|-|-| |N|N|N|N|N|-|-| |-|-|-|-|-|L|L|
HN_1  |L|L|L|-|-|-|-| |D|D|D|E|E|-|-| |-|-|-|E|E|E|N| |-|-|D|D|D|-|-|
HN_2  |L|-|-|-|L|L|L| |L|L|-|-|D|D|L| |L|L|-|-|-|-|-| |L|L|L|L|L|-|-|
HN_3  |-|-|-|-|-|-|E| |E|L|L|-|-|-|-| |-|D|D|L|L|-|-| |-|-|-|-|E|E|D|
HN_4  |D|D|D|D|D|-|-| |-|-|N|N|N|N|N| |-|-|L|L|L|-|-| |-|-|-|E|E|N|N|
HN_5  |-|-|-|E|E|N|N| |N|N|-|-|-|-|-| |-|D|-|-|-|-|-| |E|D|E|E|-|-|-|
HN_6  |D|D|E|E|-|-|-| |L|L|L|-|-|E|E| |E|E|E|-|-|-|N| |N|N|N|-|-|-|-|
HN_7  |E|E|-|-|-|-|-| |E|E|E|E|E|-|-| |-|-|D|D|L|L|L| |-|-|-|-|D|D|L|
NU_8  |D|D|E|E|-|-|-| |-|D|D|E|E|-|-| |-|-|-|E|E|D|D| |D|-|-|-|D|D|E|
NU_9  |N|N|N|N|N|-|-| |-|-|-|L|L|L|L| |L|-|-|-|D|D|D| |D|D|-|-|-|-|-|
NU_10 |-|N|N|N|N|-|-| |-|-|-|L|L|L|L| |-|-|L|L|L|-|-| |-|-|-|E|E|E|L|
NU_11 |E|E|-|-|E|E|E| |E|E|-|-|N|N|N| |N|-|-|L|L|-|-| |N|N|N|N|N|-|-|
NU_12 |D|D|D|D|-|-|-| |-|-|D|D|D|-|-| |L|L|L|-|-|D|D| |D|-|-|-|N|N|N|
NU_13 |-|-|-|-|L|L|L| |L|-|-|-|-|-|-| |D|D|D|D|D|-|-| |E|E|E|E|-|-|-|
NU_14 |D|D|D|D|-|-|-| |L|L|L|-|-|-|-| |-|D|D|D|D|-|-| |-|D|D|D|D|-|-|
NU_15 |E|E|D|D|-|-|-| |L|L|L|L|L|-|-| |-|D|D|D|-|-|-| |E|E|L|L|-|-|-|
NU_16 |D|-|-|-|-|N|N| |N|N|-|-|L|L|L| |-|-|L|L|L|-|-| |-|N|N|N|N|-|-|
NU_17 |-|-|N|N|N|N|-| |-|-|-|-|N|N|N| |N|-|-|-|-|-|-| |L|L|N|N|N|N|-|
NU_18 |N|N|-|-|-|-|-| |N|N|N|N|-|-|-| |D|D|E|E|E|-|-| |-|-|-|E|E|E|E|
NU_19 |L|L|L|L|L|-|-| |D|D|D|-|-|E|E| |D|D|D|-|-|-|-| |E|E|E|-|-|-|-|
NU_20 |N|N|N|N|N|-|-| |N|N|N|N|N|-|-| |N|N|N|N|N|-|-| |L|L|L|-|-|L|L|
NU_21 |N|N|N|N|N|-|-| |-|-|-|-|D|D|D| |D|D|-|-|-|-|-| |D|D|E|E|-|-|-|
NU_22 |E|E|L|L|L|-|-| |D|D|D|D|D|-|-| |N|N|N|N|N|-|-| |N|N|N|N|N|-|-|
NU_23 |L|L|L|L|-|-|-| |-|-|E|E|D|D|D| |-|-|-|-|D|D|D| |-|-|D|D|D|-|-|
NU_24 |L|-|-|-|-|-|-| |N|N|N|N|-|-|-| |-|-|-|D|D|N|N| |N|N|-|-|-|-|-|
NU_25 |D|-|D|D|D|-|-| |D|D|L|L|L|-|-| |D|D|D|E|E|-|-| |L|L|L|L|L|-|-|
NU_26 |E|E|L|L|L|-|-| |E|E|E|E|E|-|-| |N|N|N|N|N|-|-| |E|E|E|D|D|-|-|
NU_27 |-|-|E|E|E|-|-| |E|E|E|D|D|-|-| |E|E|E|E|E|-|-| |D|D|D|D|D|-|-|
NU_28 |L|L|L|-|-|-|-| |-|E|E|E|-|-|-| |L|L|L|-|-|E|E| |E|-|-|-|L|L|L|
NU_29 |-|-|E|E|E|-|-| |-|-|E|E|E|D|D| |-|-|D|D|D|-|-| |-|-|-|L|L|L|L|
NU_30 |L|L|-|-|-|-|-| |N|N|N|N|N|-|-| |-|N|N|N|N|-|-| |N|N|N|N|N|-|-|
NU_31 |N|-|E|E|E|-|-| |D|D|D|D|D|-|-| |E|E|E|-|-|E|E| |E|E|-|-|L|L|N|
NU_32 |D|D|L|L|L|-|-| |-|-|-|-|N|N|N| |N|-|-|-|-|-|-| |D|D|E|E|-|-|-|
NU_33 |N|N|N|-|-|D|D| |D|D|-|-|L|L|L| |-|-|D|D|D|-|-| |N|N|N|N|N|-|-|
NU_34 |-|-|-|-|L|L|L| |L|L|-|-|-|-|-| |E|E|D|D|E|E|-| |-|-|-|-|E|E|D|
NU_35 |-|-|E|E|E|-|-| |-|N|N|N|N|-|-| |-|-|-|L|L|L|L| |L|-|-|-|D|D|D|
NU_36 |-|-|-|D|D|D|D| |-|-|-|-|-|-|D| |D|L|L|-|-|-|-| |-|E|E|E|E|-|-|
NU_37 |E|E|E|E|E|-|-| |-|-|-|E|E|E|E| |E|-|-|-|E|E|L| |L|L|-|-|-|-|-|
NU_38 |-|-|-|D|D|D|D| |-|-|-|-|-|-|E| |E|E|E|-|-|-|-| |-|N|N|N|N|-|-|
NU_39 |-|L|L|L|L|-|-| |L|L|L|L|-|-|-| |L|L|L|L|L|-|-| |L|L|L|L|L|-|-|
CT_40 |N|N|N|N|N|-|-| |-|-|-|E|E|E|D| |D|-|-|-|E|E|L| |L|L|-|-|-|-|-|
CT_41 |-|-|-|D|D|D|D| |D|D|-|-|-|-|-| |-|D|D|E|E|-|-| |-|N|N|N|N|-|-|
CT_42 |N|N|N|N|N|-|-| |D|D|L|L|L|-|-| |N|N|N|N|-|L|N| |N|N|N|-|-|N|N|
CT_43 |-|-|N|N|N|N|-| |-|-|-|D|D|E|E| |D|D|-|-|-|-|-| |E|E|E|E|-|-|-|
CT_44 |E|L|L|-|-|L|L| |L|N|N|N|N|-|-| |L|L|L|L|L|-|-| |E|E|L|L|L|-|-|
CT_45 |-|-|L|L|L|-|-| |D|D|D|D|D|-|-| |N|N|N|N|N|-|-| |D|D|D|D|D|-|-|
CT_46 |-|-|D|D|D|-|-| |E|E|E|E|-|E|E| |E|-|-|D|D|D|D| |-|-|L|L|L|-|-|
CT_47 |L|L|L|-|-|-|-| |E|E|E|E|-|-|-| |-|-|N|N|N|N|N| |-|-|-|-|N|N|N|
CT_48 |L|L|L|L|L|-|-| |D|D|L|L|-|-|-| |L|L|L|-|-|-|-| |D|D|D|-|-|-|-|
CT_49 |D|D|D|L|L|-|-| |E|E|E|D|D|-|-| |N|N|N|N|N|-|-| |E|E|E|E|E|-|-|
CT_50 |N|N|N|N|N|-|-| |-|-|-|-|L|L|L| |L|-|-|-|-|-|-| |D|D|L|L|L|-|-|
CT_51 |-|-|-|E|E|D|D| |-|-|-|-|-|-|D| |D|L|L|-|-|-|-| |-|D|D|E|E|-|-|
CT_52 |D|D|D|D|-|-|-| |L|L|L|L|L|-|-| |-|-|D|D|D|E|E| |-|-|-|-|D|D|D|
CT_53 |L|L|-|-|E|E|E| |-|-|L|L|L|-|-| |D|D|L|L|L|-|-| |L|L|L|-|-|E|E|
CT_54 |D|D|E|E|E|-|-| |L|L|L|L|L|-|-| |E|E|E|E|E|-|-| |D|D|D|D|D|-|-|
CT_55 |E|E|-|-|N|N|N| |N|-|-|N|N|N|N| |-|-|E|E|E|-|-| |L|L|L|L|L|-|-|
CT_56 |D|D|D|D|D|-|-| |-|-|N|N|N|N|N| |-|-|D|D|L|L|L| |-|-|E|E|E|E|E|
CT_57 |E|E|E|-|-|-|-| |-|D|D|D|D|-|-| |L|L|L|L|L|-|-| |-|D|D|L|L|-|-|
CT_58 |-|E|E|E|-|-|-| |-|N|N|N|N|-|-| |-|-|N|N|N|N|N| |-|-|-|-|N|N|N|
CT_59 |E|E|-|-|-|-|-| |E|E|E|E|E|-|-| |E|E|E|D|D|-|-| |-|-|D|D|D|-|-|
TR_60 |E|E|-|-|N|N|N| |N|-|-|N|N|N|N| |-|-|E|E|E|-|-| |E|E|N|N|N|-|-|
TR_61 |-|D|D|D|D|D|-| |-|-|-|-|-|-|-| |E|E|D|D|D|-|-| |-|-|-|-|N|N|N|
TR_62 |-|-|D|D|D|-|-| |L|L|L|L|-|L|L| |L|N|-|-|D|D|D| |-|-|L|L|L|-|-|
TR_63 |-|N|N|N|N|-|-| |-|-|-|-|E|E|E| |D|D|D|-|-|-|-| |-|D|D|E|E|-|-|
TR_64 |-|-|E|E|E|-|-| |E|E|E|D|D|-|-| |-|-|-|L|L|L|L| |L|-|-|-|L|L|L|
TR_65 |N|N|N|N|N|-|-| |D|D|D|E|E|-|-| |D|D|E|E|E|-|-| |L|L|L|-|E|E|E|
TR_66 |L|L|L|L|-|-|-| |-|-|-|D|D|D|E| |E|L|-|-|-|-|-| |D|D|L|L|-|-|-|
TR_67 |-|-|-|-|E|E|L| |L|L|-|-|-|-|-| |-|L|L|L|L|-|-| |-|N|N|N|N|-|-|
TR_68 |-|E|E|E|-|-|-| |D|D|N|N|N|-|-| |-|-|-|N|N|N|N| |N|-|-|D|D|D|E|
TR_69 |D|D|D|L|L|-|-| |E|E|L|L|L|-|-| |N|N|N|N|N|-|-| |E|E|E|D|D|-|-|


Hard constraint violations
--------------------------

Minimal coverage constraints: 0
Required skill constraints: 0
Illegal shift type succession constraints: 0
Single assignment per day: 0


Cost per constraint type
------------------------

Total assignment constraints: 1060
Consecutive constraints: 435
Non working days constraints: 750
Preferences: 330
Max working weekend: 330
Complete weekends: 30
Optimal coverage constraints: 840

------------------------

Total cost: 3775
