Argumentos: 
./solver.release -i 24 -t 86400 -a 7 -h 86400 -w Testes/Mvic-i24 -m modeloCom2345.mod -o modeloCom2345.mod 
Seed: 1622676164
hidden-TXT/Sc-n110w4.txt
hidden-TXT/H0-n110w4-1.txt
hidden-TXT/WD-n110w4-0.txt hidden-TXT/WD-n110w4-5.txt hidden-TXT/WD-n110w4-8.txt hidden-TXT/WD-n110w4-8.txt 
Reading model section from modeloCom2345.mod...
367 lines were read
Reading data section from Testes/Mvic-i24/24.dat...
19773 lines were read
Generating obj...
Generating H1turnoDia...
Generating H2coberturaMinima...
Generating H3AsucessaoTurnos...
Generating H3BsucessaoTurnos...
Generating H4qualificacao...
Generating S1coberturaOtima...
Generating S2d...
Generating S2dHist...
Generating S2b...
Generating S2bHist...
Generating aux1S2a...
Generating auxS2a...
Generating aux3S2a...
Generating aux4S2a...
Generating s2aMin2...
Generating s2aHistMin2...
Generating s2aMin3...
Generating s2aHistMin3h1...
Generating s2aHistMin3h2...
Generating s2aMin4...
Generating s2aHistMin4h1...
Generating s2aHistMin4h2...
Generating s2aHistMin4h3...
Generating s2aMin5...
Generating s2aHistMin5h1...
Generating s2aHistMin5h2...
Generating s2aHistMin5h3...
Generating s2aHistMin5h4...
Generating auxS2b...
Generating aux1S2b...
Generating aux3S2b...
Generating aux4S2b...
Generating s2b...
Generating s2bHist...
Generating s2bMin3turnos...
Generating s2bHistMin3h1turnos...
Generating s2bHistMin3h2turnos...
Generating s2bMin4...
Generating s2bHistMin4h1...
Generating s2bHistMin4h2...
Generating s2bHistMin4h3...
Generating s2bMin5...
Generating s2bHistMin5h1...
Generating s2bHistMin5h2...
Generating s2bHistMin5h3...
Generating s2bHistMin5h34...
Generating auxS5...
Generating S6a...
Generating S6b...
Generating auxS7...
Generating S7...
Model has been successfully generated
Writing problem data to `Testes/Mvic-i24/24.lp'...
716927 lines were written
CPX0000  Tried aggregator 2 times.
CPX0000  MIP Presolve eliminated 24387 rows and 51916 columns.
CPX0000  MIP Presolve modified 5952 coefficients.
CPX0000  Aggregator did 343 substitutions.
CPX0000  Reduced MIP has 69360 rows, 79048 columns, and 530494 nonzeros.
CPX0000  Reduced MIP has 78417 binaries, 631 generals, 0 SOSs, and 0 indicators.
CPX0000  Presolve time = 1.05 sec. (594.22 ticks)
CPX0000  Found incumbent of value 1506695.000000 after 1.98 sec. (1382.49 ticks)
[1m[30m[ZEN] [0m00:00:02 [1m[34m1506695.00[1m[32m  100.00%
[0mCPX0000  Probing time = 0.06 sec. (21.58 ticks)
CPX0000  Tried aggregator 1 time.
CPX0000  Reduced MIP has 69360 rows, 79048 columns, and 530494 nonzeros.
CPX0000  Reduced MIP has 78417 binaries, 631 generals, 0 SOSs, and 0 indicators.
CPX0000  Presolve time = 0.32 sec. (212.94 ticks)
CPX0000  Probing time = 0.06 sec. (20.79 ticks)
CPX0000  Clique table members: 16403.
CPX0000  MIP emphasis: balance optimality and feasibility.
CPX0000  MIP search method: dynamic search.
CPX0000  Parallel mode: none, using 1 thread.
CPX0000  Root relaxation solution time = 270.90 sec. (77897.52 ticks)
CPX0000
CPX0000          Nodes                                         Cuts/
CPX0000     Node  Left     Objective  IInf  Best Integer    Best Bound    ItCnt     Gap
CPX0000
CPX0000  *     0+    0                      1506695.0000        0.0000    71957  100.00%
CPX0000        0     0      866.1191  7651  1506695.0000      866.1191    71957   99.94%
CPX0000        0     0     1075.6172  7918  1506695.0000    Cuts: 3921   121627   99.93%
CPX0000        0     0     1219.1187  8266  1506695.0000    Cuts: 3222   171235   99.92%
CPX0000        0     0     1268.1005  8594  1506695.0000    Cuts: 2924   222992   99.92%
CPX0000  *     0+    0                       316880.0000     1268.1005   222992   99.60%
[1m[30m[ZEN] [0m00:25:52 [1m[34m 316880.00[1m[32m   99.60%
[0mCPX0000        0     0     1293.0872  8453   316880.0000    Cuts: 2862   297020   99.59%
CPX0000        0     0     1309.0469  9248   316880.0000    Cuts: 2750   358030   99.59%
CPX0000        0     0     1326.0934  9310   316880.0000    Cuts: 2739   415857   99.58%
CPX0000        0     0     1329.9847  9536   316880.0000    Cuts: 2986   472898   99.58%
CPX0000        0     0     1346.8563  9602   316880.0000    Cuts: 2897   562921   99.57%
CPX0000        0     0     1358.7363  9767   316880.0000    Cuts: 2995   625041   99.57%
CPX0000        0     0     1377.2886 10127   316880.0000    Cuts: 3152   684656   99.57%
CPX0000        0     0     1385.5605 10488   316880.0000    Cuts: 3244   744862   99.56%
CPX0000        0     0     1391.2683 10388   316880.0000    Cuts: 3147   810220   99.56%
CPX0000        0     0     1398.2311 10344   316880.0000    Cuts: 2916   872757   99.56%
CPX0000        0     0     1414.3814 10197   316880.0000    Cuts: 2916   942781   99.55%
CPX0000        0     0     1425.2434 10074   316880.0000    Cuts: 3200  1041588   99.55%
CPX0000        0     0     1440.5403 10370   316880.0000    Cuts: 3132  1114863   99.55%
CPX0000        0     0     1456.6766 10485   316880.0000    Cuts: 3209  1182997   99.54%
CPX0000        0     0     1468.5073 10832   316880.0000    Cuts: 3204  1248513   99.54%
CPX0000        0     0     1478.3091 10234   316880.0000    Cuts: 3027  1313745   99.53%
CPX0000        0     0     1483.2101 10677   316880.0000    Cuts: 3195  1378628   99.53%
CPX0000        0     0     1496.3627 10367   316880.0000    Cuts: 3012  1443843   99.53%
CPX0000        0     0     1510.3843 10569   316880.0000    Cuts: 3120  1507264   99.52%
CPX0000        0     0     1520.3290 10278   316880.0000    Cuts: 3034  1581096   99.52%
CPX0000        0     0     1527.3112 10041   316880.0000    Cuts: 2945  1650500   99.52%
CPX0000        0     0     1550.5597  9994   316880.0000    Cuts: 2998  1737696   99.51%
CPX0000        0     0     1563.2204 10278   316880.0000    Cuts: 2971  1805371   99.51%
CPX0000        0     0     1576.4357 10510   316880.0000    Cuts: 3012  1876096   99.50%
CPX0000        0     0     1583.8917  9929   316880.0000    Cuts: 3085  1959146   99.50%
CPX0000        0     0     1588.3501 10424   316880.0000    Cuts: 3278  2024120   99.50%
CPX0000        0     0     1600.2464 10270   316880.0000    Cuts: 3191  2093226   99.49%
CPX0000        0     0     1612.4179 10610   316880.0000    Cuts: 3092  2161593   99.49%
CPX0000        0     0     1624.6558 10527   316880.0000    Cuts: 3035  2236383   99.49%
CPX0000        0     0     1637.4053 10395   316880.0000    Cuts: 2960  2313007   99.48%
CPX0000        0     0     1646.7093 10208   316880.0000    Cuts: 2925  2404179   99.48%
CPX0000        0     0     1668.6419  9965   316880.0000    Cuts: 3103  2478530   99.47%
CPX0000        0     0     1676.4398 10154   316880.0000    Cuts: 3192  2568720   99.47%
CPX0000        0     0     1689.0781 10341   316880.0000    Cuts: 3038  2638999   99.47%
CPX0000        0     0     1695.6914 10249   316880.0000    Cuts: 3123  2711988   99.46%
CPX0000        0     0     1705.3728 10245   316880.0000    Cuts: 2731  2779202   99.46%
CPX0000        0     0     1711.5793 10211   316880.0000    Cuts: 2951  2854057   99.46%
CPX0000        0     0     1724.1932 10141   316880.0000    Cuts: 2685  2928292   99.46%
CPX0000        0     0     1733.0449 10406   316880.0000    Cuts: 2907  2996362   99.45%
CPX0000        0     0     1741.5724 10157   316880.0000    Cuts: 2979  3065782   99.45%
CPX0000        0     0     1747.4758  9941   316880.0000    Cuts: 2957  3129572   99.45%
CPX0000        0     0     1759.3074  9772   316880.0000    Cuts: 2767  3196798   99.44%
CPX0000        0     0     1769.2500  9918   316880.0000    Cuts: 2856  3269741   99.44%
CPX0000        0     0     1778.0295 10119   316880.0000    Cuts: 3147  3348887   99.44%
CPX0000        0     0     1784.4662 10118   316880.0000    Cuts: 2792  3425629   99.44%
CPX0000        0     0     1792.0893  9934   316880.0000    Cuts: 2642  3495259   99.43%
CPX0000        0     0     1800.2946  9820   316880.0000    Cuts: 2527  3558711   99.43%
CPX0000        0     0     1807.6105  9618   316880.0000    Cuts: 2819  3642389   99.43%
CPX0000        0     0     1813.4166  9527   316880.0000    Cuts: 2803  3709885   99.43%
CPX0000        0     0     1818.9930  9307   316880.0000    Cuts: 2760  3789039   99.43%
CPX0000        0     0     1829.7881  9578   316880.0000    Cuts: 2807  3856712   99.42%
CPX0000        0     0     1837.8841  9331   316880.0000    Cuts: 2706  3927795   99.42%
CPX0000        0     0     1841.4610  9403   316880.0000    Cuts: 2520  3998309   99.42%
CPX0000        0     0     1844.6862  9752   316880.0000    Cuts: 2786  4067960   99.42%
CPX0000        0     0     1851.6845  9861   316880.0000    Cuts: 2769  4138477   99.42%
CPX0000        0     0     1857.5529  9807   316880.0000    Cuts: 2810  4212972   99.41%
CPX0000        0     0     1867.3302  9727   316880.0000    Cuts: 2795  4280954   99.41%
CPX0000        0     0     1872.2002  9694   316880.0000    Cuts: 2784  4349242   99.41%
CPX0000        0     0     1880.2764  9362   316880.0000    Cuts: 2807  4452523   99.41%
CPX0000        0     0     1888.3621  9302   316880.0000    Cuts: 2429  4534253   99.40%
CPX0000        0     0     1898.7972  9617   316880.0000    Cuts: 3353  4632803   99.40%
CPX0000        0     0     1907.5191  9320   316880.0000    Cuts: 2731  4699726   99.40%
CPX0000        0     0     1915.1165  9469   316880.0000    Cuts: 2802  4763972   99.40%
CPX0000        0     0     1919.5435  9515   316880.0000    Cuts: 2674  4830902   99.39%
CPX0000        0     0     1922.3925  9202   316880.0000    Cuts: 3001  4898781   99.39%
CPX0000        0     0     1925.4886  9574   316880.0000    Cuts: 2521  4965805   99.39%
CPX0000        0     0     1928.9631  9403   316880.0000    Cuts: 2947  5037735   99.39%
CPX0000        0     0     1931.1850  9187   316880.0000    Cuts: 2695  5118459   99.39%
CPX0000        0     0     1934.8199  9505   316880.0000    Cuts: 2784  5199878   99.39%
CPX0000        0     0     1936.6023  9533   316880.0000    Cuts: 2636  5284271   99.39%
CPX0000        0     0     1940.0475  9228   316880.0000    Cuts: 2995  5375815   99.39%
CPX0000        0     0     1946.6014  9659   316880.0000    Cuts: 3119  5446474   99.39%
CPX0000        0     0     1948.1365  9574   316880.0000    Cuts: 2641  5516978   99.39%
CPX0000        0     0     1950.5525  9284   316880.0000    Cuts: 2946  5584318   99.38%
CPX0000        0     0     1956.3606  9325   316880.0000    Cuts: 2675  5663879   99.38%
CPX0000        0     0     1958.4637  9081   316880.0000    Cuts: 2549  5735058   99.38%
CPX0000        0     0     1966.3166  9429   316880.0000    Cuts: 2884  5801692   99.38%
CPX0000        0     0     1967.9689  9358   316880.0000    Cuts: 2764  5873096   99.38%
CPX0000        0     0     1978.3839  9394   316880.0000    Cuts: 2452  5947832   99.38%
CPX0000        0     0     1981.1054  9201   316880.0000    Cuts: 2444  6025124   99.37%
CPX0000        0     0     1982.4468  9352   316880.0000    Cuts: 2575  6092150   99.37%
CPX0000        0     0     1983.5015  9365   316880.0000    Cuts: 2678  6160398   99.37%
CPX0000  Heuristic still looking.
CPX0000  Heuristic still looking.
CPX0000  *     0+    0                        58265.0000     1983.5015  6160398   96.60%
CPX0000  *     0+    0                         9010.0000     1983.5015  6160398   77.99%
CPX0000  *     0+    0                         8700.0000     1983.5015  6160398   77.20%
CPX0000  *     0+    0                         8630.0000     1983.5015  6160398   77.02%
[1m[30m[ZEN] [0m20:03:36 [1m[34m   8630.00[1m[32m   77.02%
[0mCPX0000        0     2     1983.5015  9364     8630.0000     1983.5015  6160398   77.02%
CPX0000  Elapsed time = 72216.66 sec. (15974381.82 ticks, tree = 0.00 MB
CPX0000        1     3     1983.5015  7783     8630.0000     1983.5015  6280472   77.02%
CPX0000        2     4     1983.5015  7563     8630.0000     1983.5015  6293988   77.02%
CPX0000        3     5     1984.9301  7597     8630.0000     1983.5015  6333884   77.02%
CPX0000        4     6     1983.5015  7354     8630.0000     1983.5015  6340439   77.02%
CPX0000        5     7     1998.5015  6782     8630.0000     1983.5015  6365222   77.02%
CPX0000        6     8     1998.5015  6716     8630.0000     1983.5015  6371215   77.02%
CPX0000        7     9     2005.1405  6393     8630.0000     1983.5015  6380149   77.02%
CPX0000        8    10     2012.2239  6333     8630.0000     1983.5015  6382260   77.02%
CPX0000        9    11     2005.1405  6331     8630.0000     1983.5015  6388014   77.02%
CPX0000       11    13     2005.1405  6303     8630.0000     1983.5015  6400961   77.02%
CPX0000  Elapsed time = 74411.61 sec. (16348390.78 ticks, tree = 2.69 MB
CPX0000       12    14     2005.1405  6363     8630.0000     1983.5015  6407806   77.02%
CPX0000       13    15     2005.1405  6332     8630.0000     1983.5015  6427125   77.02%
CPX0000       14    16     2005.1405  6284     8630.0000     1983.5015  6434603   77.02%
CPX0000       16    18     2005.1405  6251     8630.0000     1983.5015  6439883   77.02%
CPX0000       17    19     2005.1405  6232     8630.0000     1983.5015  6443008   77.02%
CPX0000       18    20     2005.1405  6244     8630.0000     1983.5015  6448265   77.02%
CPX0000       19    21     2005.1405  6270     8630.0000     1983.5015  6453599   77.02%
CPX0000       20    22     2005.1415  6265     8630.0000     1983.5015  6456946   77.02%
CPX0000       21    23     2006.7058  6170     8630.0000     1983.5015  6470689   77.02%
CPX0000       22    24     2016.3393  6172     8630.0000     1983.5015  6483159   77.02%
CPX0000  Elapsed time = 74745.94 sec. (16418532.95 ticks, tree = 2.98 MB
CPX0000       23    25     2035.5572  6141     8630.0000     1983.5015  6498534   77.02%
CPX0000       24    26     2016.3393  6112     8630.0000     1983.5015  6505872   77.02%
CPX0000       25    27     2016.3393  6246     8630.0000     1983.5015  6516645   77.02%
CPX0000       26    28     2016.3393  6109     8630.0000     1983.5015  6522317   77.02%
CPX0000       27    29     2016.3393  6145     8630.0000     1983.5015  6528451   77.02%
CPX0000       28    30     2016.3393  6121     8630.0000     1983.5015  6536125   77.02%
CPX0000       30    32     2024.6726  6142     8630.0000     1983.5015  6558262   77.02%
CPX0000       31    33     2016.3393  6077     8630.0000     1983.5015  6560438   77.02%
CPX0000       32    34     2017.4112  5921     8630.0000     1983.5015  6567233   77.02%
CPX0000       33    35     2017.4112  5913     8630.0000     1983.5015  6574124   77.02%
CPX0000  Elapsed time = 75030.62 sec. (16478929.71 ticks, tree = 3.32 MB
CPX0000       34    36     2017.4112  5915     8630.0000     1983.5015  6577737   77.02%
CPX0000       35    37     2017.6372  5908     8630.0000     1983.5015  6587578   77.02%
CPX0000       36    38     2017.6372  5786     8630.0000     1983.5015  6590185   77.02%
CPX0000       37    39     2017.6372  5683     8630.0000     1983.5015  6603707   77.02%
CPX0000       38    40     2017.6372  5699     8630.0000     1983.5015  6613792   77.02%
CPX0000       39    41     2020.3295  5504     8630.0000     1983.5015  6623626   77.02%
CPX0000       40    42     2020.3295  5500     8630.0000     1983.5015  6625215   77.02%
CPX0000       42    44     2020.3295  5523     8630.0000     1983.5015  6628580   77.02%
CPX0000       43    45     2021.3209  5487     8630.0000     1983.5015  6633100   77.02%
CPX0000       45    47     2021.3209  5442     8630.0000     1983.5015  6636233   77.02%
CPX0000  Elapsed time = 75232.43 sec. (16518403.10 ticks, tree = 3.66 MB
CPX0000       46    48     2021.3209  5429     8630.0000     1983.5015  6639326   77.02%
CPX0000       48    50     2021.3209  5429     8630.0000     1983.5015  6641304   77.02%
CPX0000       49    51     2021.3209  5302     8630.0000     1983.5015  6653214   77.02%
CPX0000       50    52     2023.1302  6672     8630.0000     1983.5015  6692740   77.02%
CPX0000       51    53     2022.3956  5277     8630.0000     1983.5015  6719081   77.02%
CPX0000       52    54     2025.0146  5058     8630.0000     1983.5015  6732783   77.02%
CPX0000       53    55     2025.0146  5097     8630.0000     1983.5015  6737764   77.02%
CPX0000       54    56     2025.0146  5059     8630.0000     1983.5015  6749492   77.02%
CPX0000       55    57     2025.0146  5060     8630.0000     1983.5015  6751684   77.02%
CPX0000       56    58     2025.0146  5135     8630.0000     1983.5015  6754058   77.02%
CPX0000  Elapsed time = 78880.18 sec. (17212661.28 ticks, tree = 3.98 MB
CPX0000       58    60     2025.0146  5062     8630.0000     1983.5015  6756753   77.02%
CPX0000       59    61     2031.6813  5052     8630.0000     1983.5015  6758489   77.02%
CPX0000       60    62     2033.3480  5108     8630.0000     1983.5015  6762347   77.02%
CPX0000       61    63     2031.6813  5085     8630.0000     1983.5015  6765137   77.02%
CPX0000       62    64     2042.9716  5052     8630.0000     1983.5015  6769987   77.02%
CPX0000       63    65     2031.6813  5144     8630.0000     1983.5015  6790709   77.02%
CPX0000       64    66     2031.6813  5020     8630.0000     1983.5015  6796061   77.02%
CPX0000       65    67     2031.9099  4976     8630.0000     1983.5015  6802461   77.02%
CPX0000       66    68     2033.0715  4963     8630.0000     1983.5015  6808406   77.02%
CPX0000       67    69     2047.9200  4895     8630.0000     1983.5015  6819381   77.02%
CPX0000  Elapsed time = 78972.81 sec. (17240029.32 ticks, tree = 4.27 MB
CPX0000       68    70     2033.0715  4954     8630.0000     1983.5015  6828449   77.02%
CPX0000       69    71     2033.0715  4968     8630.0000     1983.5015  6836747   77.02%
CPX0000       70    72     2033.0715  4967     8630.0000     1983.5015  6841928   77.02%
CPX0000       71    73     2033.0715  4970     8630.0000     1983.5015  6847181   77.02%
CPX0000       72    74     2047.4366  4929     8630.0000     1983.5015  6863328   77.02%
CPX0000       73    75     2033.0715  4961     8630.0000     1983.5015  6863344   77.02%
CPX0000       74    76     2033.0715  5012     8630.0000     1983.5015  6865936   77.02%
CPX0000       75    77     2047.7590  5014     8630.0000     1983.5015  6868839   77.02%
CPX0000       76    78     2033.0715  4998     8630.0000     1983.5015  6871163   77.02%
CPX0000       78    80     2070.3792  4982     8630.0000     1983.5015  6874822   77.02%
CPX0000  Elapsed time = 79066.79 sec. (17268509.08 ticks, tree = 4.62 MB
CPX0000       81    83     2034.3792  5059     8630.0000     1983.5015  6879493   77.02%
CPX0000       82    84     2043.4702  4981     8630.0000     1983.5015  6888220   77.02%
CPX0000       84    86     2034.3792  5066     8630.0000     1983.5015  6893355   77.02%
CPX0000       85    87     2037.5220  4996     8630.0000     1983.5015  6907548   77.02%
CPX0000       87    89     2037.5220  5016     8630.0000     1983.5015  6912392   77.02%
CPX0000       88    90     2037.5220  5022     8630.0000     1983.5015  6913885   77.02%
CPX0000       89    91     2038.1419  5072     8630.0000     1983.5015  6916650   77.02%
CPX0000       90    92     2037.5220  5028     8630.0000     1983.5015  6919421   77.02%
CPX0000       91    93     2039.1887  5048     8630.0000     1983.5015  6924523   77.02%
CPX0000       92    94     2037.5220  5091     8630.0000     1983.5015  6932284   77.02%
CPX0000  Elapsed time = 79157.74 sec. (17295033.45 ticks, tree = 5.01 MB
CPX0000       93    95     2054.1887  5013     8630.0000     1983.5015  6942529   77.02%
CPX0000       94    96     2037.9387  5057     8630.0000     1983.5015  6965611   77.02%
CPX0000       95    97     2037.9387  5055     8630.0000     1983.5015  6966610   77.02%
CPX0000       96    98     2037.9387  5060     8630.0000     1983.5015  6968656   77.02%
CPX0000       97    99     2038.5586  5121     8630.0000     1983.5015  6971149   77.02%
CPX0000       98   100     2039.1887  5066     8630.0000     1983.5015  6976381   77.02%
CPX0000       99   101     2084.1887  5009     8630.0000     1983.5015  6981042   77.02%
CPX0000  *   100+  100                         7470.0000     1983.5015  6986548   73.45%
CPX0000  *   100+  100                         6325.0000     1983.5015  6986548   68.64%
CPX0000  *   100+  100                         4955.0000     1983.5015  6986548   59.97%
CPX0000  *   100+  100                         4945.0000     1983.5015  6986548   59.89%
CPX0000  *   100+  100                         4925.0000     1983.5015  6986548   59.73%
CPX0000  *   100+  100                         4845.0000     1983.5015  6986548   59.06%
CPX0000  *   100+  100                         4835.0000     1983.5015  6986548   58.98%
CPX0000  *   100+  100                         4765.0000     1983.5015  6986548   58.37%
CPX0000  *   100+  100                         4760.0000     1983.5015  6986548   58.33%
CPX0000  *   100+  100                         4735.0000     1983.5015  6986548   58.11%
CPX0000  *   100+  100                         4625.0000     1983.5015  6986548   57.11%
CPX0000      100   102     2039.1887  5026     4625.0000     1983.5015  6986548   57.11%
[1m[30m[ZEN] [0m22:05:26 [1m[34m   4625.00[1m[32m   57.11%
[0mCPX0000      101   103     2039.1887  5016     4625.0000     1983.5015  6986956   57.11%
CPX0000      102   104     2048.5764  4969     4625.0000     1983.5015  6998487   57.11%
CPX0000  Elapsed time = 79556.77 sec. (17395683.69 ticks, tree = 5.30 MB
CPX0000      103   105     2039.8086  5054     4625.0000     1983.5015  7001080   57.11%
CPX0000      104   106     2048.5764  4967     4625.0000     1983.5015  7006478   57.11%
CPX0000      105   107     2048.5764  4963     4625.0000     1983.5015  7014813   57.11%
CPX0000      106   108     2048.5764  4926     4625.0000     1983.5015  7016963   57.11%
CPX0000      107   109     2048.7644  5044     4625.0000     1983.5015  7021646   57.11%
CPX0000      108   110     2048.5764  4950     4625.0000     1983.5015  7034192   57.11%
CPX0000      109   111     2048.5764  4976     4625.0000     1983.5015  7036656   57.11%
CPX0000      110   112     2056.7473  5104     4625.0000     1983.5015  7044638   57.11%
CPX0000      111   113     2054.5764  5007     4625.0000     1983.5015  7058877   57.11%
CPX0000      112   114     2056.7473  4993     4625.0000     1983.5015  7076733   57.11%
CPX0000  Elapsed time = 79751.14 sec. (17444567.42 ticks, tree = 5.62 MB
CPX0000      114   116     2054.5858  4944     4625.0000     1983.5015  7095136   57.11%
CPX0000      115   117     2063.6768  4890     4625.0000     1983.5015  7106515   57.11%
CPX0000      117   119     2056.1768  4925     4625.0000     1983.5015  7110637   57.11%
CPX0000      118   120     2058.0251  4920     4625.0000     1983.5015  7115674   57.11%
CPX0000      119   121     2056.1768  4889     4625.0000     1983.5015  7117016   57.11%
CPX0000      120   122     2056.1768  4871     4625.0000     1983.5015  7123938   57.11%
CPX0000      121   123     2056.1768  4941     4625.0000     1983.5015  7135362   57.11%
CPX0000      122   124     2061.1768  4884     4625.0000     1983.5015  7153833   57.11%
CPX0000      124   126     2061.1768  4844     4625.0000     1983.5015  7165719   57.11%
CPX0000      126   128     2061.1768  4836     4625.0000     1983.5015  7194859   57.11%
CPX0000  Elapsed time = 80201.35 sec. (17540449.09 ticks, tree = 7.20 MB
CPX0000      128   130     2061.1768  4791     4625.0000     1983.5015  7201655   57.11%
CPX0000      130   132     2061.1768  4785     4625.0000     1983.5015  7208309   57.11%
CPX0000      133   135     2061.7104  4752     4625.0000     1983.5015  7216350   57.11%
CPX0000      138   140     2061.7589  4923     4625.0000     1983.5015  7227431   57.11%
CPX0000      140   142     2061.7104  4766     4625.0000     1983.5015  7231609   57.11%
CPX0000      141   143     2064.5983  4689     4625.0000     1983.5015  7235432   57.11%
CPX0000      143   145     2081.2187  4738     4625.0000     1983.5015  7242009   57.11%
CPX0000      144   146     2065.0983  4691     4625.0000     1983.5015  7245651   57.11%
CPX0000      147   149     2065.0983  4682     4625.0000     1983.5015  7255304   57.11%
CPX0000      151   153     2070.0983  4681     4625.0000     1983.5015  7270302   57.11%
CPX0000  Elapsed time = 80492.43 sec. (17608979.44 ticks, tree = 7.98 MB
CPX0000      153   155     2065.2435  4713     4625.0000     1983.5015  7287581   57.11%
CPX0000      155   157     2065.6756  4662     4625.0000     1983.5015  7301569   57.11%
CPX0000      161   163     2067.2066  4675     4625.0000     1983.5015  7318590   57.11%
CPX0000      166   168     2065.6756  4651     4625.0000     1983.5015  7340843   57.11%
CPX0000      170   172     2065.6756  4717     4625.0000     1983.5015  7359612   57.11%
CPX0000      174   176     2065.6756  4621     4625.0000     1983.5015  7376683   57.11%
CPX0000      176   178     2065.6756  4626     4625.0000     1983.5015  7391424   57.11%
CPX0000      179   181     2065.6756  4621     4625.0000     1983.5015  7405484   57.11%
CPX0000      182   184     2067.9835  4558     4625.0000     1983.5015  7415518   57.11%
CPX0000      184   186     2079.6501  4555     4625.0000     1983.5015  7436693   57.11%
CPX0000  Elapsed time = 80701.10 sec. (17664561.50 ticks, tree = 8.97 MB
CPX0000      187   189     2067.9835  4566     4625.0000     1983.5015  7450958   57.11%
CPX0000      189   191     2067.9835  4560     4625.0000     1983.5015  7461658   57.11%
CPX0000      191   193     2078.2335  4588     4625.0000     1983.5015  7473179   57.11%
CPX0000      194   196     2067.9835  4521     4625.0000     1983.5015  7492121   57.11%
CPX0000      197   199     2067.9835  4543     4625.0000     1983.5015  7504034   57.11%
CPX0000      198   200     2072.9835  4577     4625.0000     1983.5015  7521324   57.11%
CPX0000      199   201     2082.1593  4456     4625.0000     1983.5015  7530849   57.11%
CPX0000  *   200+  200                         4600.0000     1983.5015  7542426   56.88%
CPX0000  *   200+  200                         4580.0000     1983.5015  7542426   56.69%
CPX0000  *   200+  200                         4435.0000     1983.5015  7542426   55.28%
CPX0000  *   200+  200                         4425.0000     1983.5015  7542426   55.18%
CPX0000  *   200+  200                         4400.0000     1983.5015  7542426   54.92%
CPX0000      200   202     2069.8317  4546     4400.0000     1983.5015  7542426   54.92%
[1m[30m[ZEN] [0m22:30:22 [1m[34m   4400.00[1m[32m   54.92%
[0mCPX0000      201   203     2069.8317  4575     4400.0000     1983.5015  7551812   54.92%
CPX0000      202   204     2081.4984  4552     4400.0000     1983.5015  7555724   54.92%
CPX0000  Elapsed time = 81063.36 sec. (17739468.17 ticks, tree = 9.52 MB
CPX0000      204   206     2069.8317  4543     4400.0000     1983.5015  7565576   54.92%
CPX0000      205   207     2082.3317  4585     4400.0000     1983.5015  7580027   54.92%
CPX0000      207   209     2069.8317  4502     4400.0000     1983.5015  7585913   54.92%
CPX0000      209   211     2074.8317  4547     4400.0000     1983.5015  7606092   54.92%
CPX0000      211   213     2117.3317  5871     4400.0000     1983.5015  7768120   54.92%
CPX0000      214   216     2075.1511  4582     4400.0000     1983.5015  7775640   54.92%
CPX0000      216   218     2079.9177  4586     4400.0000     1983.5015  7782005   54.92%
CPX0000      219   221     2076.3205  4619     4400.0000     1983.5015  7788993   54.92%
CPX0000      220   222     2076.4648  4612     4400.0000     1983.5015  7791302   54.92%
CPX0000      223   225     2076.4648  4585     4400.0000     1983.5015  7798467   54.92%
CPX0000  Elapsed time = 82046.48 sec. (17923967.21 ticks, tree = 10.17 MB
CPX0000      225   227     2118.1648  4641     4400.0000     1983.5015  7804984   54.92%
CPX0000      227   229     2109.4648  4491     4400.0000     1983.5015  7812553   54.92%
CPX0000      230   232     2086.9648  4573     4400.0000     1983.5015  7819129   54.92%
CPX0000      235   237     2086.9648  4545     4400.0000     1983.5015  7828921   54.92%
CPX0000      238   240     2086.9648  4555     4400.0000     1983.5015  7838154   54.92%
CPX0000      240   242     2086.9648  4558     4400.0000     1983.5015  7846566   54.92%
CPX0000      245   247     2094.4648  4558     4400.0000     1983.5015  7853555   54.92%
CPX0000      247   249     2094.8057  4596     4400.0000     1983.5015  7861037   54.92%
CPX0000      249   251     2096.5486  4567     4400.0000     1983.5015  7866961   54.92%
CPX0000      251   253     2100.8771  4495     4400.0000     1983.5015  7873676   54.92%
CPX0000  Elapsed time = 82371.52 sec. (17998683.31 ticks, tree = 11.03 MB
CPX0000      255   257     2118.8449  4472     4400.0000     1983.5015  7880727   54.92%
CPX0000      258   260     2160.8436  4528     4400.0000     1983.5015  7887686   54.92%
CPX0000      260   262     2168.8449  4469     4400.0000     1983.5015  7892915   54.92%
CPX0000      265   267     2168.8449  4449     4400.0000     1983.5015  7899829   54.92%
CPX0000      270   272     2171.3854  4484     4400.0000     1983.5015  7906433   54.92%
CPX0000      275   277     2184.1405  4403     4400.0000     1983.5015  7916859   54.92%
CPX0000      280   282     2184.1405  4406     4400.0000     1983.5015  7923192   54.92%
CPX0000      286   288     2184.8423  4444     4400.0000     1983.5015  7933882   54.92%
CPX0000      288   290     2261.6587  4497     4400.0000     1983.5015  7947772   54.92%
CPX0000      294   296     2239.5435  4438     4400.0000     1983.5015  7955486   54.92%
CPX0000  Elapsed time = 82861.68 sec. (18103751.79 ticks, tree = 12.35 MB
CPX0000      297   299     2241.0456  4380     4400.0000     1983.5015  7962715   54.92%
CPX0000  *   300+  300                         4235.0000     1983.5015  7970021   53.16%
CPX0000      300   302     2244.7162  4419     4235.0000     1983.5015  7970021   53.16%
[1m[30m[ZEN] [0m23:01:44 [1m[34m   4235.00[1m[32m   53.16%
[0mCPX0000      304   306     2255.3610  4397     4235.0000     1983.5015  7977852   53.16%
CPX0000      305   307     2253.1387  4279     4235.0000     1983.5015  7982908   53.16%
CPX0000      309   311     2317.0496  4200     4235.0000     1983.5015  7994132   53.16%
CPX0000      313   315     2320.2599  4163     4235.0000     1983.5015  7999378   53.16%
CPX0000      315   317     2320.2599  4114     4235.0000     1983.5015  8003591   53.16%
CPX0000      317   319     2322.9682  4108     4235.0000     1983.5015  8010037   53.16%
CPX0000      320   322     2322.9682  4086     4235.0000     1983.5015  8010596   53.16%
CPX0000      321   323     2322.9682  4109     4235.0000     1983.5015  8012324   53.16%
CPX0000  Elapsed time = 83217.49 sec. (18184767.89 ticks, tree = 14.39 MB
CPX0000      323   325     2322.9682  4117     4235.0000     1983.5015  8016783   53.16%
CPX0000      324   326     2334.6349  4076     4235.0000     1983.5015  8021056   53.16%
CPX0000      326   328     2334.6349  4133     4235.0000     1983.5015  8027975   53.16%
CPX0000      327   329     2339.6349  4115     4235.0000     1983.5015  8031885   53.16%
CPX0000      329   331     2339.6349  4086     4235.0000     1983.5015  8036756   53.16%
CPX0000      335   337     2340.7876  4132     4235.0000     1983.5015  8043535   53.16%
CPX0000      339   341     2340.1909  4128     4235.0000     1983.5015  8052544   53.16%
CPX0000      340   342     2340.2673  4115     4235.0000     1983.5015  8054593   53.16%
CPX0000      345   347     2340.8552  4138     4235.0000     1983.5015  8062186   53.16%
CPX0000      351   353     2342.2313  4107     4235.0000     1983.5015  8066936   53.16%
CPX0000  Elapsed time = 83497.06 sec. (18251993.43 ticks, tree = 15.38 MB
CPX0000      354   356     2342.2313  4078     4235.0000     1983.5015  8070674   53.16%
CPX0000      355   357     2348.4790  4166     4235.0000     1983.5015  8074221   53.16%
CPX0000      357   359     2348.4790  4086     4235.0000     1983.5015  8082404   53.16%
CPX0000      358   360     2342.2313  4114     4235.0000     1983.5015  8082843   53.16%
CPX0000      360   362     2348.4790  4102     4235.0000     1983.5015  8090198   53.16%
CPX0000      363   365     2356.3073  4058     4235.0000     1983.5015  8095581   53.16%
CPX0000      366   368     2350.2012  4070     4235.0000     1983.5015  8100173   53.16%
CPX0000      370   372     2350.2012  4065     4235.0000     1983.5015  8105116   53.16%
CPX0000      373   375     2359.6457  4057     4235.0000     1983.5015  8109358   53.16%
CPX0000      376   378     2371.0346  3984     4235.0000     1983.5015  8114064   53.16%
CPX0000  Elapsed time = 83850.63 sec. (18328791.21 ticks, tree = 17.37 MB
CPX0000      380   382     2372.7012  3990     4235.0000     1983.5015  8119322   53.16%
CPX0000      381   383     2382.7012  3993     4235.0000     1983.5015  8124337   53.16%
CPX0000      384   386     2372.7012  3992     4235.0000     1983.5015  8129448   53.16%
CPX0000      387   389     2448.1774  3999     4235.0000     1983.5015  8134350   53.16%
CPX0000      389   391     2401.0346  4034     4235.0000     1983.5015  8139700   53.16%
CPX0000      391   393     2416.0346  4003     4235.0000     1983.5015  8143678   53.16%
CPX0000      394   396     2421.0346  4011     4235.0000     1983.5015  8148902   53.16%
CPX0000      396   398     2406.0346  3988     4235.0000     1983.5015  8154288   53.16%
CPX0000      397   399     2406.0346  3982     4235.0000     1983.5015  8155491   53.16%
CPX0000  *   400+  400                         4090.0000     1983.5015  8159276   51.50%
CPX0000  *   400+  400                         4085.0000     1983.5015  8159276   51.44%
CPX0000  *   400+  400                         4060.0000     1983.5015  8159276   51.15%
CPX0000  *   400+  400                         4055.0000     1983.5015  8159276   51.09%
CPX0000  *   400+  400                         4010.0000     1983.5015  8159276   50.54%
CPX0000  *   400+  400                         3950.0000     1983.5015  8159276   49.78%
CPX0000  *   400+  400                         3940.0000     1983.5015  8159276   49.66%
CPX0000      400   402     2407.5839  4047     3940.0000     1983.5015  8159276   49.66%
CPX0000  Elapsed time = 84143.97 sec. (18405231.08 ticks, tree = 18.12 MB
[1m[30m[ZEN] [0m23:22:23 [1m[34m   3940.00[1m[32m   49.66%
[0mCPX0000      401   403     2415.3178  4045     3940.0000     1983.5015  8161623   49.66%
CPX0000      404   406     2426.3339  4025     3940.0000     1983.5015  8166759   49.66%
CPX0000      409   411     2416.6095  3992     3940.0000     1983.5015  8174510   49.66%
CPX0000      413   415     2429.5038  3892     3940.0000     1983.5015  8181791   49.66%
CPX0000      417   419     2436.6581  3893     3940.0000     1983.5015  8190638   49.66%
CPX0000      422   424     2445.3948  3905     3940.0000     1983.5015  8200330   49.66%
CPX0000      424   426     2445.7165  3908     3940.0000     1983.5015  8201965   49.66%
CPX0000      427   429     2446.1337  3929     3940.0000     1983.5015  8209959   49.66%
CPX0000      430   432     2449.6176  3903     3940.0000     1983.5015  8215161   49.66%
CPX0000      433   435     2451.3838  3829     3940.0000     1983.5015  8220782   49.66%
CPX0000  Elapsed time = 84346.48 sec. (18460202.40 ticks, tree = 24.00 MB
CPX0000      435   437     2451.3838  3785     3940.0000     1983.5015  8225875   49.66%
CPX0000      437   439     2455.5944  3740     3940.0000     1983.5015  8230727   49.66%
CPX0000      438   440     2467.9807  3874     3940.0000     1983.5015  8236831   49.66%
CPX0000      441   443     2460.5944  3726     3940.0000     1983.5015  8240887   49.66%
CPX0000      445   447     2460.5944  3767     3940.0000     1983.5015  8245660   49.66%
CPX0000      448   450     2481.2194  3763     3940.0000     1983.5015  8251250   49.66%
CPX0000      451   453     2481.2194  3754     3940.0000     1983.5015  8257081   49.66%
CPX0000      454   456     2471.1945  3761     3940.0000     1983.5015  8264005   49.66%
CPX0000      455   457     2473.8995  3683     3940.0000     1983.5015  8264667   49.66%
CPX0000      458   460     2483.2328  3664     3940.0000     1983.5015  8269932   49.66%
CPX0000  Elapsed time = 84565.77 sec. (18513908.60 ticks, tree = 28.40 MB
CPX0000      460   462     2483.2328  3706     3940.0000     1983.5015  8275365   49.66%
CPX0000      462   464     2494.0661  3639     3940.0000     1983.5015  8280109   49.66%
CPX0000      464   466     2494.0661  3670     3940.0000     1983.5015  8285089   49.66%
CPX0000      467   469     2481.2090  3623     3940.0000     1983.5015  8291519   49.66%
CPX0000      468   470     2481.2090  3655     3940.0000     1983.5015  8293441   49.66%
CPX0000      471   473     2493.3875  3648     3940.0000     1983.5015  8297873   49.66%
CPX0000      473   475     2501.9590  3658     3940.0000     1983.5015  8302325   49.66%
CPX0000      474   476     2481.2090  3621     3940.0000     1983.5015  8303247   49.66%
CPX0000      475   477     2501.9590  3572     3940.0000     1983.5015  8309023   49.66%
CPX0000      478   480     2481.2090  3562     3940.0000     1983.5015  8315332   49.66%
CPX0000  Elapsed time = 84760.69 sec. (18562930.00 ticks, tree = 31.45 MB
CPX0000      480   482     2491.9590  3511     3940.0000     1983.5015  8320377   49.66%
CPX0000      482   484     2495.2923  3491     3940.0000     1983.5015  8325147   49.66%
CPX0000      485   487     2501.9590  3469     3940.0000     1983.5015  8331078   49.66%
CPX0000      487   489     2505.2923  3522     3940.0000     1983.5015  8338359   49.66%
CPX0000      493   495     2507.3499  3515     3940.0000     1983.5015  8345975   49.66%
CPX0000      496   498     2512.9207  3496     3940.0000     1983.5015  8348780   49.66%
CPX0000  *   500+  500                         3825.0000     1983.5015  8354461   48.14%
CPX0000  *   500+  500                         3765.0000     1983.5015  8354461   47.32%
CPX0000      500   502     2515.5113  3510     3765.0000     1983.5015  8354461   47.32%
[1m[30m[ZEN] [0m23:35:11 [1m[34m   3765.00[1m[32m   47.32%
[0mCPX0000      507   509     2594.4569  3518     3765.0000     1983.5015  8368061   47.32%
CPX0000      517   519     2526.2509  3488     3765.0000     1983.5015  8376467   47.32%
CPX0000      527   529     2538.7143  3498     3765.0000     1983.5015  8385825   47.32%
CPX0000  Elapsed time = 84953.37 sec. (18622534.69 ticks, tree = 36.69 MB
CPX0000      534   536     2557.5705  3466     3765.0000     1983.5015  8391940   47.32%
CPX0000      544   546     2574.7474  3418     3765.0000     1983.5015  8400191   47.32%
CPX0000      554   556     2582.9419  3415     3765.0000     1983.5015  8409327   47.32%
CPX0000      558   560     2582.9419  3413     3765.0000     1983.5015  8416377   47.32%
CPX0000      560   562     2605.4419  3376     3765.0000     1983.5015  8418549   47.32%
CPX0000      564   566     2590.4617  3378     3765.0000     1983.5015  8425245   47.32%
CPX0000      568   570     2592.1284  3407     3765.0000     1983.5015  8432891   47.32%
CPX0000      571   573     2597.1284  3352     3765.0000     1983.5015  8438690   47.32%
CPX0000      573   575     2607.1284  3349     3765.0000     1983.5015  8445337   47.32%
CPX0000      579   581     2607.1284  3307     3765.0000     1983.5015  8450949   47.32%
CPX0000  Elapsed time = 85242.89 sec. (18686475.92 ticks, tree = 38.45 MB
CPX0000      582   584     2607.1284  3276     3765.0000     1983.5015  8456361   47.32%
CPX0000      584   586     2607.1284  3285     3765.0000     1983.5015  8462354   47.32%
CPX0000      586   588     2608.6909  3253     3765.0000     1983.5015  8467547   47.32%
CPX0000      590   592     2613.0529  3177     3765.0000     1983.5015  8473370   47.32%
CPX0000      595   597     2614.7195  3102     3765.0000     1983.5015  8479925   47.32%
CPX0000  *   600+  600                         3715.0000     1983.5015  8488024   46.61%
CPX0000  *   600+  600                         3690.0000     1983.5015  8488024   46.25%
CPX0000      600   602     2690.6521  3089     3690.0000     1983.5015  8488024   46.25%
[1m[30m[ZEN] [0m23:42:40 [1m[34m   3690.00[1m[32m   46.25%
[0mCPX0000      606   608     2646.3664  3068     3690.0000     1983.5015  8496329   46.25%
CPX0000      614   616     2631.0092  3145     3690.0000     1983.5015  8505287   46.25%
CPX0000      617   619     2652.6261  3119     3690.0000     1983.5015  8512088   46.25%
CPX0000      621   623     2652.6261  3115     3690.0000     1983.5015  8518161   46.25%
CPX0000  Elapsed time = 85423.80 sec. (18739446.41 ticks, tree = 39.94 MB
CPX0000      624   626     2631.0092  3160     3690.0000     1983.5015  8524606   46.25%
CPX0000      627   629     2637.5022  3150     3690.0000     1983.5015  8530999   46.25%
CPX0000      630   632     2637.5022  3135     3690.0000     1983.5015  8536726   46.25%
CPX0000      633   635     2637.5022  3130     3690.0000     1983.5015  8543240   46.25%
CPX0000      638   640     2660.0022  3043     3690.0000     1983.5015  8549215   46.25%
CPX0000      643   645     2682.5022  3083     3690.0000     1983.5015  8556115   46.25%
CPX0000      650   652     2706.1094  3054     3690.0000     1983.5015  8566094   46.25%
CPX0000      665   667     2752.9784  3004     3690.0000     1983.5015  8574946   46.25%
CPX0000      680   682     2779.1094  3002     3690.0000     1983.5015  8583596   46.25%
CPX0000      684   686     2779.3872  2981     3690.0000     1983.5015  8591388   46.25%
CPX0000  Elapsed time = 85697.57 sec. (18803053.28 ticks, tree = 42.12 MB
CPX0000      685   687     2829.9872  3052     3690.0000     1983.5015  8604450   46.25%
CPX0000      687   689     2806.9872  3016     3690.0000     1983.5015  8610696   46.25%
CPX0000      691   693     2801.8872  2985     3690.0000     1983.5015  8617448   46.25%
CPX0000      695   697     2779.3872  2991     3690.0000     1983.5015  8624235   46.25%
CPX0000      699   701     2786.8872  2994     3690.0000     1983.5015  8630122   46.25%
CPX0000  *   700+  700                         3550.0000     1983.5015  8631744   44.13%
CPX0000  *   700+  700                         3545.0000     1983.5015  8631744   44.05%
CPX0000  *   700+  700                         3465.0000     1983.5015  8631744   42.76%
CPX0000  *   700+  700                         3445.0000     1983.5015  8631744   42.42%
CPX0000      700   702     2801.0538  2966     3445.0000     1983.5015  8631744   42.42%
[1m[30m[ZEN] [0m23:50:54 [1m[34m   3445.00[1m[32m   42.42%
[0mCPX0000      707   709     2800.3872  2993     3445.0000     1983.5015  8641312   42.42%
CPX0000      710   712     2810.9754  2908     3445.0000     1983.5015  8646826   42.42%
CPX0000      718   720     2842.7611  3002     3445.0000     1983.5015  8662113   42.42%
CPX0000      720   722     2858.3167  2908     3445.0000     1983.5015  8664553   42.42%
CPX0000  Elapsed time = 85961.07 sec. (18874153.96 ticks, tree = 43.40 MB
CPX0000      729   731     2939.2130  2982     3445.0000     1983.5015  8674625   42.42%
CPX0000      734   736     2927.3697  2993     3445.0000     1983.5015  8684374   42.42%
CPX0000      747   749     2985.1917  2969     3445.0000     1983.5015  8693423   42.42%
CPX0000      755   757     2989.1500  2905     3445.0000     1983.5015  8703746   42.42%
CPX0000      766   768     3007.4833  2850     3445.0000     1983.5015  8712473   42.42%
CPX0000      782   784     3148.7333  2805     3445.0000     1983.5015  8719849   42.42%
CPX0000      795   797     3111.2333  2738     3445.0000     1983.5015  8728380   42.42%
CPX0000      799   801     3111.2333  2744     3445.0000     1983.5015  8734678   42.42%
CPX0000  *   800+  800                         3395.0000     1983.5015  8735430   41.58%
CPX0000  *   800+  800                         3340.0000     1983.5015  8735430   40.61%
CPX0000  *   800+  800                         3335.0000     1983.5015  8735430   40.52%
CPX0000  *   800+  800                         3330.0000     1983.5015  8735430   40.44%
CPX0000      800   802     3111.2333  2749     3330.0000     1983.5015  8735430   40.44%
[1m[30m[ZEN] [0m23:56:38 [1m[34m   3330.00[1m[32m   40.44%
[0mCPX0000      811   813     3126.2333  2790     3330.0000     1983.5015  8745209   40.44%
CPX0000  Elapsed time = 86215.86 sec. (18952329.07 ticks, tree = 46.68 MB
CPX0000      814   816     3126.2333  2740     3330.0000     1983.5015  8754124   40.44%
CPX0000      817   819     3126.6681  2850     3330.0000     1983.5015  8761976   40.44%
CPX0000      820   822     3129.5667  2760     3330.0000     1983.5015  8770445   40.44%
CPX0000      823   825     3129.5667  2728     3330.0000     1983.5015  8776675   40.44%
CPX0000      830   832     3141.2333  2788     3330.0000     1983.5015  8787940   40.44%
CPX0000      832   834     3141.2333  2803     3330.0000     1983.5015  8796515   40.44%
CPX0000      835   837     3129.5667  2745     3330.0000     1983.5015  8802240   40.44%
CPX0000      842   844     3152.0667  2762     3330.0000     1983.5015  8811726   40.44%
CPX0000      851   853     3224.5667  2761     3330.0000     1983.5015  8820021   40.44%
CPX0000
CPX0000  GUB cover cuts applied:  532
CPX0000  Clique cuts applied:  390
CPX0000  Cover cuts applied:  8
CPX0000  Implied bound cuts applied:  32
CPX0000  Mixed integer rounding cuts applied:  117
CPX0000  Zero-half cuts applied:  6275
CPX0000  Lift and project cuts applied:  1
CPX0000  Gomory fractional cuts applied:  8
CPX0000
CPX0000  Root node processing (before b&c):
CPX0000    Real time             = 72216.59 sec. (15974333.14 ticks)
CPX0000  Sequential b&c:
CPX0000    Real time             = 14183.59 sec. (3026574.49 ticks)
CPX0000                            ------------
CPX0000  Total (root+branch&cut) = 86400.18 sec. (19000907.63 ticks)
H2 understaffing: 0
H3 shiftTypeSuccessions: 0
S1 optimalCoverage: 30
S2a consecutiveShift: 120 = (8,0 )
S2b consecutiveWorkingDays: 180 = ( 2,4 )
S3 consecutiveDaysOff: 120 = ( 1,3 )
S4 preferences: 180
S5 completeWeekend: 0
S6 totalAssignments: 2520
S7 totalWorkingWeekeends: 180
 

Cost Solution: 3330

       |M|T|W|T|F|S|S| |M|T|W|T|F|S|S| |M|T|W|T|F|S|S| |M|T|W|T|F|S|S|
------------------------------------------------------------------------
HN_0   |-|L|L|L|L|-|-| |-|E|E|L|L|-|-| |-|-|E|E|E|E|L| |L|-|-|-|D|D|L|
HN_1   |D|D|-|-|-|-|-| |-|D|D|D|-|-|-| |-|-|-|D|D|D|-| |-|-|-|D|D|-|-|
HN_2   |-|-|-|D|D|-|-| |-|-|-|E|E|-|-| |-|-|-|E|E|-|-| |-|-|-|-|E|E|-|
HN_3   |N|-|-|N|N|N|N| |-|-|L|L|L|-|-| |D|D|N|N|N|-|-| |N|N|N|N|N|-|-|
HN_4   |E|E|-|-|-|-|-| |-|-|N|N|N|N|N| |-|-|-|-|-|-|-| |E|E|E|E|-|-|-|
HN_5   |L|L|L|L|L|-|-| |-|-|-|-|N|N|N| |N|-|-|-|-|-|-| |-|N|N|N|N|-|-|
HN_6   |D|D|-|-|-|E|E| |E|E|-|-|-|E|E| |E|D|D|-|-|-|-| |D|D|E|E|-|-|-|
HN_7   |-|D|D|E|E|-|-| |-|-|D|D|E|E|E| |E|-|-|-|D|D|L| |L|L|L|-|-|-|-|
HN_8   |N|N|N|N|-|-|-| |-|D|D|D|L|L|L| |-|-|-|-|N|N|N| |N|N|-|-|-|-|-|
HN_9   |-|L|L|L|L|-|-| |-|L|L|L|-|-|-| |E|E|E|-|-|-|-| |-|-|N|N|N|-|-|
HN_10  |-|-|E|E|E|E|D| |D|D|-|-|-|-|-| |L|L|L|L|L|-|-| |-|-|L|L|L|L|L|
HN_11  |-|-|-|D|D|-|-| |D|D|-|-|-|-|-| |N|N|N|N|N|-|-| |-|-|-|-|E|E|-|
HN_12  |-|E|E|E|-|-|-| |E|E|E|-|-|-|-| |-|-|-|E|E|E|E| |E|-|-|-|-|-|-|
HN_13  |-|-|D|D|L|L|L| |-|-|-|-|D|D|D| |L|L|L|-|-|-|-| |D|D|D|D|D|-|-|
HN_14  |E|E|E|-|-|-|-| |E|E|E|-|-|-|-| |D|D|D|D|-|-|-| |-|-|-|-|D|D|L|
HN_15  |D|-|-|-|-|N|N| |N|N|N|-|-|-|-| |L|L|L|L|L|-|-| |-|L|L|L|L|-|-|
HN_16  |L|L|L|L|L|-|-| |N|N|N|N|N|-|-| |E|E|E|-|-|L|L| |L|L|-|-|L|L|N|
HN_17  |-|N|N|N|N|-|-| |-|E|E|E|-|-|-| |-|-|-|D|D|D|D| |-|-|-|-|-|-|-|
HN_18  |N|-|-|E|E|D|D| |D|-|-|N|N|N|N| |N|-|-|N|N|N|N| |-|-|E|E|N|N|N|
HN_19  |N|N|N|-|-|-|-| |L|L|L|L|-|-|-| |-|D|D|D|D|-|-| |-|D|D|E|E|-|-|
NU_20  |-|-|L|L|L|-|-| |-|E|E|D|D|-|-| |-|-|-|-|-|E|E| |E|E|-|-|-|-|-|
NU_21  |E|-|-|-|L|L|L| |L|L|-|-|L|L|L| |-|-|E|E|E|-|-| |E|E|E|E|E|-|-|
NU_22  |N|N|N|N|N|-|-| |N|N|N|N|N|-|-| |L|L|L|-|-|N|N| |N|N|-|-|E|E|D|
NU_23  |L|L|L|-|-|-|-| |E|E|E|-|-|-|-| |-|-|D|D|D|-|-| |-|-|-|-|-|E|E|
NU_24  |-|-|-|-|-|-|-| |L|L|L|-|-|-|-| |L|L|L|-|-|-|-| |L|L|L|L|L|-|-|
NU_25  |-|-|-|-|-|E|E| |L|L|L|-|-|-|-| |E|E|E|E|-|-|-| |-|-|D|D|D|-|-|
NU_26  |-|L|L|-|-|-|-| |-|-|-|E|E|-|-| |L|L|-|-|E|E|-| |-|-|-|L|L|-|-|
NU_27  |-|D|D|-|-|-|-| |-|-|-|L|L|-|-| |-|-|-|-|-|D|D| |-|-|-|-|-|-|-|
NU_28  |-|-|-|-|D|D|D| |-|-|-|-|-|-|-| |N|N|N|N|N|-|-| |-|-|D|D|D|-|-|
NU_29  |-|-|-|D|D|L|L| |L|L|L|-|-|-|-| |E|E|L|L|-|-|-| |D|D|L|L|-|-|-|
NU_30  |-|-|E|E|E|-|-| |-|-|E|E|E|-|-| |-|-|-|E|E|L|L| |L|-|-|-|-|-|-|
NU_31  |D|D|D|-|-|-|-| |-|-|L|L|L|-|-| |-|N|N|N|N|-|-| |-|-|-|-|-|D|D|
NU_32  |N|N|N|-|-|E|E| |E|-|-|N|N|N|N| |-|-|L|L|L|-|-| |N|N|N|N|N|-|-|
NU_33  |E|-|-|E|E|L|L| |-|-|L|L|L|-|-| |N|N|N|N|N|-|-| |E|E|E|E|E|-|-|
NU_34  |L|L|-|-|-|N|N| |N|N|N|-|-|-|-| |-|-|-|L|L|-|-| |-|-|-|D|D|-|-|
NU_35  |-|-|N|N|N|N|N| |-|-|-|-|D|D|D| |D|D|D|-|-|-|-| |D|D|L|L|-|-|-|
NU_36  |E|E|E|-|-|-|-| |-|N|N|N|-|-|-| |N|N|N|N|-|-|-| |-|-|-|-|E|E|E|
NU_37  |D|-|-|-|-|-|-| |D|D|D|-|-|-|-| |L|L|L|-|-|-|-| |-|N|N|N|N|-|-|
NU_38  |L|L|-|-|D|D|D| |L|L|-|-|L|L|L| |-|-|L|L|L|-|-| |N|N|N|N|N|-|-|
NU_39  |D|-|-|-|-|D|D| |D|D|-|-|-|E|E| |E|E|L|L|-|-|-| |-|D|D|E|E|-|-|
CT_40  |-|-|-|E|E|-|-| |-|-|-|L|L|-|-| |-|-|-|L|L|-|-| |N|N|N|N|-|-|-|
CT_41  |-|-|-|E|E|-|-| |-|-|-|E|E|-|-| |-|-|-|-|N|N|N| |N|-|-|-|-|-|-|
CT_42  |-|-|D|D|D|-|-| |D|D|D|D|D|-|-| |D|D|D|D|D|-|-| |D|D|D|-|-|D|D|
CT_43  |-|L|L|-|-|-|-| |-|-|-|L|L|-|-| |-|-|-|-|-|E|E| |-|-|-|-|-|-|-|
CT_44  |-|-|E|E|E|-|-| |-|-|-|N|N|N|N| |N|-|-|-|-|-|-| |-|L|L|L|-|-|-|
CT_45  |D|D|D|D|-|-|-| |D|D|D|D|-|-|-| |N|N|N|N|N|-|-| |-|-|E|E|E|E|L|
CT_46  |-|-|-|-|-|D|D| |D|L|L|-|-|-|-| |L|L|L|L|-|-|-| |L|L|L|-|-|-|-|
CT_47  |E|-|-|L|L|L|L| |L|-|-|E|E|E|E| |E|-|-|N|N|N|N| |N|-|-|N|N|N|N|
CT_48  |-|N|N|N|N|-|-| |-|-|-|-|E|E|E| |E|-|-|-|-|-|-| |-|E|E|E|-|-|-|
CT_49  |E|E|D|D|D|-|-| |N|N|N|N|N|-|-| |N|N|N|N|N|-|-| |D|D|D|L|L|-|-|
CT_50  |D|D|D|-|-|-|-| |N|N|N|N|-|-|-| |-|D|D|N|N|N|N| |N|-|-|-|-|D|D|
CT_51  |-|-|E|E|E|-|-| |-|D|D|D|D|-|-| |-|-|-|-|L|L|L| |L|-|-|-|-|-|-|
CT_52  |N|N|N|N|-|-|-| |-|L|L|L|L|-|-| |-|E|E|E|E|-|-| |-|-|L|L|L|L|L|
CT_53  |-|-|D|D|D|-|-| |-|-|-|-|D|D|L| |L|-|-|-|-|-|-| |-|L|L|L|L|-|-|
CT_54  |N|N|-|-|N|N|N| |-|-|E|E|E|-|-| |E|E|E|E|E|-|-| |E|E|E|-|-|E|E|
CT_55  |L|L|-|-|-|-|-| |E|E|-|-|-|D|D| |-|-|-|-|-|-|-| |L|L|-|-|-|-|-|
CT_56  |-|-|-|-|-|-|-| |D|D|-|-|-|-|-| |-|D|D|-|-|-|-| |D|D|-|-|-|-|-|
CT_57  |-|-|-|-|E|E|E| |E|-|-|-|-|-|-| |N|N|N|N|-|-|-| |-|-|D|D|D|-|-|
CT_58  |E|E|-|-|-|-|-| |D|D|-|-|-|-|-| |-|-|L|L|-|-|-| |-|-|-|E|E|-|-|
CT_59  |-|E|E|L|L|-|-| |-|-|N|N|N|N|N| |-|-|-|-|D|D|D| |D|D|D|D|-|-|-|
CT_60  |L|-|-|-|-|-|-| |D|D|D|-|-|-|-| |L|L|L|L|L|-|-| |-|-|-|-|-|L|L|
CT_61  |D|D|-|-|-|-|-| |-|E|E|-|-|-|-| |-|-|-|D|D|-|-| |-|-|-|D|D|D|-|
CT_62  |N|N|N|N|N|-|-| |N|N|N|N|N|-|-| |E|E|E|-|-|E|E| |E|-|-|L|L|L|L|
CT_63  |D|D|D|L|L|-|-| |-|N|N|N|N|-|-| |-|-|E|E|E|E|L| |L|-|-|-|-|E|E|
CT_64  |N|N|-|-|-|-|-| |-|-|L|L|L|-|-| |-|D|D|D|-|-|-| |-|D|D|D|-|-|-|
CT_65  |D|D|L|L|L|-|-| |E|E|D|D|D|-|-| |D|D|D|D|D|-|-| |N|N|N|N|N|-|-|
CT_66  |N|-|-|-|L|L|N| |N|N|N|-|-|-|-| |D|D|L|L|-|-|-| |L|L|L|N|N|N|N|
CT_67  |L|L|-|-|-|-|D| |D|-|-|-|-|-|-| |-|N|N|N|N|-|-| |-|-|-|D|D|-|-|
CT_68  |-|-|L|L|L|-|-| |-|-|-|-|-|L|L| |L|-|-|-|-|-|-| |D|D|D|D|D|-|-|
CT_69  |-|-|D|D|D|-|-| |-|D|D|E|E|-|-| |-|-|-|-|E|E|E| |E|-|-|-|-|-|-|
CT_70  |D|D|D|D|-|-|-| |N|N|N|N|-|-|-| |-|E|E|E|L|L|L| |L|-|-|-|-|N|N|
CT_71  |L|L|-|-|-|-|-| |D|D|-|-|-|-|D| |D|-|-|-|-|-|-| |E|E|-|-|-|-|-|
CT_72  |-|-|L|L|-|-|-| |-|L|L|-|-|-|-| |-|-|-|D|D|-|-| |-|-|-|N|N|N|N|
CT_73  |E|E|-|-|-|-|E| |E|-|-|-|-|-|-| |D|D|-|-|-|-|-| |E|E|-|-|-|-|-|
CT_74  |-|-|-|-|E|E|E| |-|-|-|-|-|-|-| |E|E|-|-|-|-|-| |-|-|L|L|L|-|-|
CT_75  |-|E|E|E|E|-|-| |-|-|E|E|E|E|D| |D|-|-|-|-|D|D| |E|E|E|-|-|-|-|
CT_76  |N|-|-|D|D|L|L| |L|-|-|D|D|D|D| |-|-|D|D|D|-|-| |N|N|N|N|N|-|-|
CT_77  |N|N|N|N|N|-|-| |E|E|E|-|-|N|N| |N|N|-|-|L|L|L| |-|-|N|N|N|-|-|
CT_78  |L|-|-|N|N|N|N| |N|-|-|D|D|L|L| |-|-|E|E|E|-|-| |E|E|E|E|E|-|-|
CT_79  |E|E|-|-|-|-|-| |L|L|-|-|-|-|-| |L|L|-|-|-|-|-| |L|L|-|-|-|-|-|
TR_80  |-|E|E|L|L|-|-| |-|L|L|L|L|-|-| |-|-|L|L|N|N|N| |N|-|-|-|-|D|D|
TR_81  |D|D|D|D|-|-|-| |-|-|E|E|E|-|-| |-|-|-|L|L|L|L| |-|-|-|-|-|-|-|
TR_82  |-|-|-|-|-|L|L| |L|-|-|-|-|-|-| |N|N|N|N|-|-|-| |-|E|E|E|-|-|-|
TR_83  |D|-|-|-|D|D|N| |N|N|N|-|-|-|-| |E|E|E|E|-|-|-| |-|N|N|N|N|-|-|
TR_84  |D|D|D|D|-|-|-| |-|N|N|N|N|-|-| |-|E|E|D|D|-|-| |-|-|E|E|E|N|N|
TR_85  |L|L|-|-|-|-|-| |D|D|-|-|-|-|E| |E|-|-|-|-|-|-| |L|L|-|-|-|-|-|
TR_86  |-|-|-|-|-|E|E| |E|-|-|-|-|-|-| |-|D|D|D|D|-|-| |-|L|L|L|L|-|-|
TR_87  |-|-|E|E|E|L|L| |-|-|-|-|E|E|D| |D|L|L|-|-|-|-| |N|N|N|N|N|-|-|
TR_88  |L|L|L|L|-|-|-| |L|L|L|L|-|-|-| |-|L|L|L|L|-|-| |-|-|D|D|D|E|E|
TR_89  |-|-|L|L|L|-|-| |L|L|L|L|L|-|-| |D|D|E|E|E|-|-| |D|D|D|L|L|-|-|
TR_90  |N|-|-|-|-|-|-| |N|N|N|N|N|-|-| |-|-|-|D|D|D|L| |L|-|-|-|-|-|-|
TR_91  |L|L|-|-|D|D|D| |L|L|-|-|L|L|L| |L|-|-|E|E|E|E| |E|-|-|D|D|D|L|
TR_92  |-|-|-|L|L|-|-| |-|-|-|-|D|D|D| |-|-|-|-|-|-|-| |E|E|-|-|-|-|-|
TR_93  |-|-|E|E|E|-|-| |-|-|-|-|N|N|N| |N|-|-|-|-|-|-| |N|N|N|N|N|-|-|
TR_94  |D|D|D|-|-|-|-| |-|-|D|D|D|-|-| |-|-|-|D|D|D|E| |E|-|-|-|-|-|-|
TR_95  |-|-|-|D|D|-|-| |-|-|-|D|D|-|-| |-|-|-|-|-|E|E| |-|-|-|-|-|-|-|
TR_96  |-|N|N|N|N|-|-| |-|E|E|E|-|-|-| |-|N|N|N|N|-|-| |-|N|N|N|N|-|-|
TR_97  |N|N|N|N|-|-|-| |D|D|D|D|D|-|-| |L|L|L|-|-|N|N| |N|N|N|-|-|L|L|
TR_98  |-|E|E|E|E|-|-| |-|E|E|L|L|-|-| |-|-|D|D|N|N|N| |N|-|-|-|-|N|N|
TR_99  |E|E|L|L|-|-|-| |-|D|D|E|E|-|-| |-|L|L|L|L|-|-| |-|L|L|L|L|-|-|
TR_100 |N|N|N|N|N|-|-| |N|N|N|N|N|-|-| |E|E|E|E|E|-|-| |-|-|E|E|E|E|E|
TR_101 |D|D|D|D|D|-|-| |E|E|E|E|E|-|-| |D|D|D|E|E|-|-| |E|E|E|E|E|-|-|
TR_102 |E|E|-|-|-|-|-| |D|D|-|-|-|-|E| |E|-|-|-|-|-|-| |-|L|L|L|-|-|-|
TR_103 |-|-|-|-|N|N|N| |N|N|-|-|-|-|-| |E|E|E|E|-|-|-| |-|D|D|D|-|-|-|
TR_104 |E|N|N|N|N|-|-| |N|N|N|N|N|-|-| |N|N|N|N|N|-|-| |E|E|D|D|D|-|-|
TR_105 |N|N|N|-|-|-|-| |E|E|D|D|-|-|-| |L|L|L|L|-|-|-| |D|D|L|L|-|-|-|
TR_106 |E|-|E|E|E|-|-| |D|D|D|E|E|-|-| |D|D|D|-|-|D|D| |D|-|-|D|D|D|E|
TR_107 |E|E|E|E|E|L|L| |-|-|-|-|E|E|N| |N|N|N|-|-|-|-| |L|L|L|L|L|-|-|
TR_108 |-|-|-|-|D|D|-| |-|-|-|D|D|-|-| |-|-|-|L|L|-|-| |-|-|-|E|E|-|-|
TR_109 |L|L|-|-|-|E|E| |E|-|-|-|L|L|L| |N|N|N|N|-|-|-| |D|D|E|E|-|-|-|


Hard constraint violations
--------------------------

Minimal coverage constraints: 0
Required skill constraints: 0
Illegal shift type succession constraints: 0
Single assignment per day: 0


Cost per constraint type
------------------------

Total assignment constraints: 2520
Consecutive constraints: 300
Non working days constraints: 120
Preferences: 180
Max working weekend: 180
Complete weekends: 0
Optimal coverage constraints: 30

------------------------

Total cost: 3330
