Argumentos: 
./solver.release -i 25 -t 86400 -a 7 -h 86400 -w Testes/Mvic-i25 -m modeloCom2345.mod -o modeloCom2345.mod 
Seed: 1622676164
hidden-TXT/Sc-n110w4.txt
hidden-TXT/H0-n110w4-1.txt
hidden-TXT/WD-n110w4-2.txt hidden-TXT/WD-n110w4-9.txt hidden-TXT/WD-n110w4-2.txt hidden-TXT/WD-n110w4-0.txt 
Reading model section from modeloCom2345.mod...
367 lines were read
Reading data section from Testes/Mvic-i25/25.dat...
19773 lines were read
Generating obj...
Generating H1turnoDia...
Generating H2coberturaMinima...
Generating H3AsucessaoTurnos...
Generating H3BsucessaoTurnos...
Generating H4qualificacao...
Generating S1coberturaOtima...
Generating S2d...
Generating S2dHist...
Generating S2b...
Generating S2bHist...
Generating aux1S2a...
Generating auxS2a...
Generating aux3S2a...
Generating aux4S2a...
Generating s2aMin2...
Generating s2aHistMin2...
Generating s2aMin3...
Generating s2aHistMin3h1...
Generating s2aHistMin3h2...
Generating s2aMin4...
Generating s2aHistMin4h1...
Generating s2aHistMin4h2...
Generating s2aHistMin4h3...
Generating s2aMin5...
Generating s2aHistMin5h1...
Generating s2aHistMin5h2...
Generating s2aHistMin5h3...
Generating s2aHistMin5h4...
Generating auxS2b...
Generating aux1S2b...
Generating aux3S2b...
Generating aux4S2b...
Generating s2b...
Generating s2bHist...
Generating s2bMin3turnos...
Generating s2bHistMin3h1turnos...
Generating s2bHistMin3h2turnos...
Generating s2bMin4...
Generating s2bHistMin4h1...
Generating s2bHistMin4h2...
Generating s2bHistMin4h3...
Generating s2bMin5...
Generating s2bHistMin5h1...
Generating s2bHistMin5h2...
Generating s2bHistMin5h3...
Generating s2bHistMin5h34...
Generating auxS5...
Generating S6a...
Generating S6b...
Generating auxS7...
Generating S7...
Model has been successfully generated
Writing problem data to `Testes/Mvic-i25/25.lp'...
717093 lines were written
CPX0000  Tried aggregator 2 times.
CPX0000  MIP Presolve eliminated 24372 rows and 51903 columns.
CPX0000  MIP Presolve modified 5951 coefficients.
CPX0000  Aggregator did 343 substitutions.
CPX0000  Reduced MIP has 69375 rows, 79061 columns, and 531149 nonzeros.
CPX0000  Reduced MIP has 78415 binaries, 646 generals, 0 SOSs, and 0 indicators.
CPX0000  Presolve time = 1.04 sec. (595.14 ticks)
CPX0000  Found incumbent of value 1507375.000000 after 2.00 sec. (1450.14 ticks)
[1m[30m[ZEN] [0m00:00:02 [1m[34m1507375.00[1m[32m  100.00%
[0mCPX0000  Probing time = 0.08 sec. (30.42 ticks)
CPX0000  Tried aggregator 1 time.
CPX0000  MIP Presolve eliminated 3 rows and 3 columns.
CPX0000  Reduced MIP has 69372 rows, 79058 columns, and 531143 nonzeros.
CPX0000  Reduced MIP has 78412 binaries, 646 generals, 0 SOSs, and 0 indicators.
CPX0000  Presolve time = 0.34 sec. (223.97 ticks)
CPX0000  Probing time = 0.06 sec. (20.79 ticks)
CPX0000  Clique table members: 16882.
CPX0000  MIP emphasis: balance optimality and feasibility.
CPX0000  MIP search method: dynamic search.
CPX0000  Parallel mode: none, using 1 thread.
CPX0000  Root relaxation solution time = 270.91 sec. (77980.31 ticks)
CPX0000
CPX0000          Nodes                                         Cuts/
CPX0000     Node  Left     Objective  IInf  Best Integer    Best Bound    ItCnt     Gap
CPX0000
CPX0000  *     0+    0                      1507375.0000       10.0000    71394  100.00%
CPX0000        0     0     1180.3793  7786  1507375.0000     1180.3793    71394   99.92%
CPX0000        0     0     1438.3101  7827  1507375.0000    Cuts: 4003   118689   99.90%
CPX0000        0     0     1589.3870  8222  1507375.0000    Cuts: 3514   166489   99.89%
CPX0000        0     0     1612.0835  8180  1507375.0000    Cuts: 2991   214996   99.89%
CPX0000  *     0+    0                       322330.0000     1612.0835   214996   99.50%
[1m[30m[ZEN] [0m00:24:53 [1m[34m 322330.00[1m[32m   99.50%
[0mCPX0000        0     0     1620.4171  8500   322330.0000    Cuts: 2750   266751   99.50%
CPX0000        0     0     1639.0667  8700   322330.0000    Cuts: 2620   315446   99.49%
CPX0000        0     0     1653.3297  8672   322330.0000    Cuts: 2702   372550   99.49%
CPX0000        0     0     1680.2450  8191   322330.0000    Cuts: 2595   427963   99.48%
CPX0000        0     0     1691.4617  8450   322330.0000    Cuts: 2616   491481   99.48%
CPX0000        0     0     1701.6753  8794   322330.0000    Cuts: 2586   551013   99.47%
CPX0000        0     0     1710.6886  9001   322330.0000    Cuts: 2535   609837   99.47%
CPX0000        0     0     1722.3189  9393   322330.0000    Cuts: 2546   668604   99.47%
CPX0000        0     0     1733.6909  9446   322330.0000    Cuts: 2500   727720   99.46%
CPX0000        0     0     1758.8122  9081   322330.0000    Cuts: 2608   801145   99.45%
CPX0000        0     0     1775.1797  9258   322330.0000    Cuts: 2689   867343   99.45%
CPX0000        0     0     1801.8461  9330   322330.0000    Cuts: 2655   930736   99.44%
CPX0000        0     0     1814.6310  9391   322330.0000    Cuts: 2671   996193   99.44%
CPX0000        0     0     1838.2715  9591   322330.0000    Cuts: 2626  1054455   99.43%
CPX0000        0     0     1852.8204  9429   322330.0000    Cuts: 2478  1116776   99.43%
CPX0000        0     0     1878.6699  9157   322330.0000    Cuts: 2416  1169075   99.42%
CPX0000        0     0     1889.0222  9365   322330.0000    Cuts: 2492  1231726   99.41%
CPX0000        0     0     1899.6777  9274   322330.0000    Cuts: 2602  1294169   99.41%
CPX0000        0     0     1909.4357  9466   322330.0000    Cuts: 2527  1350290   99.41%
CPX0000        0     0     1921.2161  9662   322330.0000    Cuts: 2488  1416308   99.40%
CPX0000        0     0     1926.8130  9388   322330.0000    Cuts: 2614  1477947   99.40%
CPX0000        0     0     1939.9122  9407   322330.0000    Cuts: 2662  1575560   99.40%
CPX0000        0     0     1946.8562  9470   322330.0000    Cuts: 2532  1636372   99.40%
CPX0000        0     0     1961.8272  9573   322330.0000    Cuts: 2555  1689802   99.39%
CPX0000        0     0     1978.5280  9450   322330.0000    Cuts: 2696  1748225   99.39%
CPX0000        0     0     1989.8851  9667   322330.0000    Cuts: 2673  1816196   99.38%
CPX0000        0     0     1999.5656  9754   322330.0000    Cuts: 2710  1876385   99.38%
CPX0000        0     0     2006.7446  9841   322330.0000    Cuts: 2735  1929442   99.38%
CPX0000        0     0     2015.2671 10072   322330.0000    Cuts: 2465  1988437   99.37%
CPX0000        0     0     2020.2533 10186   322330.0000    Cuts: 2536  2053772   99.37%
CPX0000        0     0     2027.6852 10250   322330.0000    Cuts: 2556  2116277   99.37%
CPX0000        0     0     2034.6567 10207   322330.0000    Cuts: 2787  2181131   99.37%
CPX0000        0     0     2043.7821  9926   322330.0000    Cuts: 2400  2250568   99.37%
CPX0000        0     0     2050.2256  9538   322330.0000    Cuts: 2713  2415429   99.36%
CPX0000        0     0     2067.1728  9687   322330.0000    Cuts: 2672  2481125   99.36%
CPX0000        0     0     2079.6686  9636   322330.0000    Cuts: 2735  2552599   99.35%
CPX0000        0     0     2087.6723  9380   322330.0000    Cuts: 2550  2609764   99.35%
CPX0000        0     0     2095.3703  8937   322330.0000    Cuts: 2497  2687128   99.35%
CPX0000        0     0     2104.5687  9311   322330.0000    Cuts: 2440  2747859   99.35%
CPX0000        0     0     2112.2051  9104   322330.0000    Cuts: 2298  2806811   99.34%
CPX0000        0     0     2122.5713  9238   322330.0000    Cuts: 2375  2867456   99.34%
CPX0000        0     0     2132.3396  9461   322330.0000    Cuts: 2341  2929400   99.34%
CPX0000        0     0     2142.1986  9136   322330.0000    Cuts: 2289  2990743   99.34%
CPX0000        0     0     2145.6810  9097   322330.0000    Cuts: 2598  3054375   99.33%
CPX0000        0     0     2154.3885  9172   322330.0000    Cuts: 2605  3107518   99.33%
CPX0000        0     0     2161.6433  9219   322330.0000    Cuts: 2291  3161153   99.33%
CPX0000        0     0     2174.4863  9165   322330.0000    Cuts: 2407  3209290   99.33%
CPX0000        0     0     2184.1988  9352   322330.0000    Cuts: 2445  3263152   99.32%
CPX0000        0     0     2191.1399  9191   322330.0000    Cuts: 2194  3315023   99.32%
CPX0000        0     0     2200.4754  9308   322330.0000    Cuts: 2260  3368605   99.32%
CPX0000        0     0     2210.9017  9246   322330.0000    Cuts: 2382  3425037   99.31%
CPX0000        0     0     2214.6334  9037   322330.0000    Cuts: 2418  3484302   99.31%
CPX0000        0     0     2219.0896  9239   322330.0000    Cuts: 2399  3537169   99.31%
CPX0000        0     0     2228.5766  8799   322330.0000    Cuts: 2388  3602129   99.31%
CPX0000        0     0     2233.4495  9125   322330.0000    Cuts: 2354  3667575   99.31%
CPX0000        0     0     2240.2583  9049   322330.0000    Cuts: 2306  3723363   99.30%
CPX0000        0     0     2242.4869  9398   322330.0000    Cuts: 2428  3786869   99.30%
CPX0000        0     0     2249.7829  9229   322330.0000    Cuts: 2425  3854586   99.30%
CPX0000        0     0     2253.7481  8946   322330.0000    Cuts: 2601  3927266   99.30%
CPX0000        0     0     2255.7171  9113   322330.0000    Cuts: 2428  3991597   99.30%
CPX0000        0     0     2260.1795  8655   322330.0000    Cuts: 2375  4085818   99.30%
CPX0000        0     0     2264.4948  8394   322330.0000    Cuts: 2355  4152291   99.30%
CPX0000        0     0     2268.3151  8907   322330.0000    Cuts: 2422  4205773   99.30%
CPX0000        0     0     2271.3114  8801   322330.0000    Cuts: 2259  4260498   99.30%
CPX0000        0     0     2276.7451  8620   322330.0000    Cuts: 2524  4378101   99.29%
CPX0000        0     0     2278.6323  8677   322330.0000    Cuts: 2424  4432848   99.29%
CPX0000        0     0     2280.6546  8686   322330.0000    Cuts: 1978  4489234   99.29%
CPX0000        0     0     2285.8033  8650   322330.0000    Cuts: 2070  4550030   99.29%
CPX0000        0     0     2291.9614  8782   322330.0000    Cuts: 2283  4617786   99.29%
CPX0000        0     0     2296.4296  8519   322330.0000    Cuts: 2249  4672158   99.29%
CPX0000        0     0     2298.4884  8586   322330.0000    Cuts: 1986  4725895   99.29%
CPX0000        0     0     2299.4462  8662   322330.0000    Cuts: 2164  4799683   99.29%
CPX0000        0     0     2303.2147  8682   322330.0000    Cuts: 2570  4857279   99.29%
CPX0000        0     0     2304.4796  8634   322330.0000    Cuts: 2189  4914290   99.29%
CPX0000  Heuristic still looking.
CPX0000  Heuristic still looking.
CPX0000  *     0+    0                        44870.0000     2304.4796  4914290   94.86%
CPX0000  *     0+    0                         7565.0000     2304.4796  4914290   69.54%
[1m[30m[ZEN] [0m15:27:47 [1m[34m   7565.00[1m[32m   69.54%
[0mCPX0000        0     2     2304.4796  8634     7565.0000     2304.4796  4914290   69.54%
CPX0000  Elapsed time = 55667.49 sec. (11648541.26 ticks, tree = 0.00 MB
CPX0000        1     3     2307.8130  7625     7565.0000     2304.4796  5020962   69.54%
CPX0000        2     4     2313.4532  7557     7565.0000     2304.4796  5055646   69.54%
CPX0000        3     5     2315.4229  7628     7565.0000     2304.4796  5091773   69.54%
CPX0000        4     6     2313.4536  7583     7565.0000     2304.4796  5092361   69.54%
CPX0000        5     7     2313.4532  7458     7565.0000     2304.4796  5100255   69.54%
CPX0000        6     8     2313.4532  7529     7565.0000     2304.4796  5142876   69.54%
CPX0000        7     9     2313.4532  7415     7565.0000     2304.4796  5184045   69.54%
CPX0000        8    10     2320.9532  7387     7565.0000     2304.4796  5218628   69.54%
CPX0000        9    11     2317.3168  7459     7565.0000     2304.4796  5250642   69.54%
CPX0000       10    12     2317.3168  7294     7565.0000     2304.4796  5296196   69.54%
CPX0000  Elapsed time = 62497.93 sec. (12904831.40 ticks, tree = 6.49 MB
CPX0000       11    13     2317.3168  7321     7565.0000     2304.4796  5297128   69.54%
CPX0000       12    14     2317.3168  7235     7565.0000     2304.4796  5330345   69.54%
CPX0000       13    15     2320.3926  6579     7565.0000     2304.4796  5349861   69.54%
CPX0000       14    16     2331.4397  6166     7565.0000     2304.4796  5379987   69.54%
CPX0000       15    17     2331.9897  6078     7565.0000     2304.4796  5397068   69.54%
CPX0000       16    18     2331.9897  6065     7565.0000     2304.4796  5399964   69.54%
CPX0000       17    19     2331.9897  6072     7565.0000     2304.4796  5401235   69.54%
CPX0000       18    20     2331.9897  5905     7565.0000     2304.4796  5407818   69.54%
CPX0000       19    21     2331.9897  5862     7565.0000     2304.4796  5411051   69.54%
CPX0000       20    22     2335.9897  5821     7565.0000     2304.4796  5418002   69.54%
CPX0000  Elapsed time = 63248.26 sec. (13038053.64 ticks, tree = 9.41 MB
CPX0000       21    23     2343.4897  5760     7565.0000     2304.4796  5424475   69.54%
CPX0000       22    24     2335.9897  5835     7565.0000     2304.4796  5429582   69.54%
CPX0000       23    25     2335.9897  5744     7565.0000     2304.4796  5439989   69.54%
CPX0000       24    26     2341.2674  5724     7565.0000     2304.4796  5445605   69.54%
CPX0000       25    27     2341.8230  5724     7565.0000     2304.4796  5469225   69.54%
CPX0000       26    28     2352.5968  5691     7565.0000     2304.4796  5492258   69.54%
CPX0000       27    29     2341.2674  5723     7565.0000     2304.4796  5495894   69.54%
CPX0000       28    30     2341.2674  5749     7565.0000     2304.4796  5498339   69.54%
CPX0000       29    31     2341.2674  5605     7565.0000     2304.4796  5506887   69.54%
CPX0000       30    32     2341.4038  5589     7565.0000     2304.4796  5510250   69.54%
CPX0000  Elapsed time = 63577.15 sec. (13099565.26 ticks, tree = 9.73 MB
CPX0000       31    33     2341.4038  5596     7565.0000     2304.4796  5514292   69.54%
CPX0000       32    34     2341.4038  5589     7565.0000     2304.4796  5519431   69.54%
CPX0000       33    35     2341.4038  5550     7565.0000     2304.4796  5523910   69.54%
CPX0000       34    36     2345.1686  5554     7565.0000     2304.4796  5529596   69.54%
CPX0000       35    37     2348.8231  5399     7565.0000     2304.4796  5540145   69.54%
CPX0000       36    38     2352.1564  5367     7565.0000     2304.4796  5544543   69.54%
CPX0000       37    39     2352.1564  5432     7565.0000     2304.4796  5553516   69.54%
CPX0000       38    40     2352.1564  5380     7565.0000     2304.4796  5587365   69.54%
CPX0000       39    41     2357.1564  5383     7565.0000     2304.4796  5599503   69.54%
CPX0000       40    42     2352.1564  5379     7565.0000     2304.4796  5599768   69.54%
CPX0000  Elapsed time = 63898.91 sec. (13160313.68 ticks, tree = 10.02 MB
CPX0000       42    44     2356.8787  5232     7565.0000     2304.4796  5626150   69.54%
CPX0000       43    45     2365.9274  5170     7565.0000     2304.4796  5636866   69.54%
CPX0000       44    46     2365.2694  5142     7565.0000     2304.4796  5652667   69.54%
CPX0000       45    47     2365.9274  5126     7565.0000     2304.4796  5663482   69.54%
CPX0000       46    48     2365.9274  5077     7565.0000     2304.4796  5670760   69.54%
CPX0000       47    49     2365.9274  5043     7565.0000     2304.4796  5691606   69.54%
CPX0000       48    50     2365.9274  5002     7565.0000     2304.4796  5705322   69.54%
CPX0000       49    51     2365.9274  5054     7565.0000     2304.4796  5710772   69.54%
CPX0000       50    52     2365.9274  5023     7565.0000     2304.4796  5718491   69.54%
CPX0000       51    53     2365.9274  5066     7565.0000     2304.4796  5735426   69.54%
CPX0000  Elapsed time = 64141.75 sec. (13208813.31 ticks, tree = 11.20 MB
CPX0000       52    54     2365.9274  4989     7565.0000     2304.4796  5759173   69.54%
CPX0000       53    55     2365.9274  5001     7565.0000     2304.4796  5764072   69.54%
CPX0000       54    56     2365.9274  4976     7565.0000     2304.4796  5770285   69.54%
CPX0000       55    57     2365.9274  4959     7565.0000     2304.4796  5777896   69.54%
CPX0000       57    59     2365.9274  4919     7565.0000     2304.4796  5785873   69.54%
CPX0000       58    60     2365.9274  4949     7565.0000     2304.4796  5789279   69.54%
CPX0000       59    61     2365.9274  5027     7565.0000     2304.4796  5806139   69.54%
CPX0000       60    62     2365.9274  4924     7565.0000     2304.4796  5812285   69.54%
CPX0000       61    63     2365.9274  4956     7565.0000     2304.4796  5817406   69.54%
CPX0000       62    64     2365.9274  4957     7565.0000     2304.4796  5828641   69.54%
CPX0000  Elapsed time = 64306.24 sec. (13243674.59 ticks, tree = 11.55 MB
CPX0000       63    65     2365.9274  5052     7565.0000     2304.4796  5837579   69.54%
CPX0000       64    66     2365.9274  4955     7565.0000     2304.4796  5843869   69.54%
CPX0000       66    68     2366.5605  5006     7565.0000     2304.4796  5888593   69.54%
CPX0000       67    69     2365.9274  4963     7565.0000     2304.4796  5903137   69.54%
CPX0000       68    70     2365.9274  4954     7565.0000     2304.4796  5906835   69.54%
CPX0000       69    71     2365.9274  4947     7565.0000     2304.4796  5909908   69.54%
CPX0000       70    72     2365.9274  5009     7565.0000     2304.4796  5914817   69.54%
CPX0000       71    73     2365.9274  4932     7565.0000     2304.4796  5936992   69.54%
CPX0000       72    74     2365.9274  4946     7565.0000     2304.4796  5949177   69.54%
CPX0000       73    75     2365.9274  4951     7565.0000     2304.4796  5968848   69.54%
CPX0000  Elapsed time = 64714.83 sec. (13322138.66 ticks, tree = 13.65 MB
CPX0000       74    76     2365.9274  4932     7565.0000     2304.4796  5985332   69.54%
CPX0000       75    77     2365.9274  4978     7565.0000     2304.4796  6001297   69.54%
CPX0000       76    78     2375.0346  4934     7565.0000     2304.4796  6012475   69.54%
CPX0000       78    80     2365.9274  4970     7565.0000     2304.4796  6015749   69.54%
CPX0000       79    81     2370.4274  4934     7565.0000     2304.4796  6036772   69.54%
CPX0000       80    82     2365.9274  4981     7565.0000     2304.4796  6043420   69.54%
CPX0000       81    83     2370.4274  4960     7565.0000     2304.4796  6061572   69.54%
CPX0000       82    84     2365.9274  4999     7565.0000     2304.4796  6071827   69.54%
CPX0000       83    85     2380.9274  4977     7565.0000     2304.4796  6082952   69.54%
CPX0000       84    86     2365.9274  4950     7565.0000     2304.4796  6094090   69.54%
CPX0000  Elapsed time = 65017.90 sec. (13375976.52 ticks, tree = 13.98 MB
CPX0000       85    87     2371.0941  4895     7565.0000     2304.4796  6105243   69.54%
CPX0000       86    88     2371.0941  4891     7565.0000     2304.4796  6113817   69.54%
CPX0000       87    89     2371.0941  4953     7565.0000     2304.4796  6125410   69.54%
CPX0000       88    90     2372.5941  4940     7565.0000     2304.4796  6138480   69.54%
CPX0000       89    91     2373.5941  4913     7565.0000     2304.4796  6141128   69.54%
CPX0000       90    92     2373.5941  4911     7565.0000     2304.4796  6152188   69.54%
CPX0000       91    93     2373.5941  4922     7565.0000     2304.4796  6164532   69.54%
CPX0000       92    94     2374.6216  4890     7565.0000     2304.4796  6190864   69.54%
CPX0000       94    96     2374.6216  4963     7565.0000     2304.4796  6205856   69.54%
CPX0000       95    97     2375.2470  4956     7565.0000     2304.4796  6233781   69.54%
CPX0000  Elapsed time = 65225.70 sec. (13421864.62 ticks, tree = 14.30 MB
CPX0000       96    98     2380.6723  4919     7565.0000     2304.4796  6258667   69.54%
CPX0000       97    99     2375.5789  4875     7565.0000     2304.4796  6270706   69.54%
CPX0000       98   100     2377.1067  4930     7565.0000     2304.4796  6284333   69.54%
CPX0000       99   101     2377.8567  4829     7565.0000     2304.4796  6292125   69.54%
CPX0000      100   102     2379.3786  4839     7565.0000     2304.4796  6301473   69.54%
CPX0000      101   103     2384.8551  4861     7565.0000     2304.4796  6319482   69.54%
CPX0000      102   104     2385.1867  4779     7565.0000     2304.4796  6342531   69.54%
CPX0000      103   105     2385.1867  4771     7565.0000     2304.4796  6356474   69.54%
CPX0000      104   106     2385.1867  4792     7565.0000     2304.4796  6365764   69.54%
CPX0000      105   107     2385.6514  4781     7565.0000     2304.4796  6387991   69.54%
CPX0000  Elapsed time = 65504.10 sec. (13479543.11 ticks, tree = 15.49 MB
CPX0000      107   109     2385.6514  4810     7565.0000     2304.4796  6405276   69.54%
CPX0000      110   112     2395.9679  4797     7565.0000     2304.4796  6423847   69.54%
CPX0000      112   114     2386.5177  4698     7565.0000     2304.4796  6446422   69.54%
CPX0000      115   117     2398.0434  4768     7565.0000     2304.4796  6482710   69.54%
CPX0000      116   118     2390.6593  4717     7565.0000     2304.4796  6500082   69.54%
CPX0000      117   119     2386.9392  4816     7565.0000     2304.4796  6526688   69.54%
CPX0000      119   121     2390.6593  4755     7565.0000     2304.4796  6558030   69.54%
CPX0000      121   123     2395.0519  4575     7565.0000     2304.4796  6570240   69.54%
CPX0000      122   124     2395.0519  4593     7565.0000     2304.4796  6586330   69.54%
CPX0000      123   125     2411.5325  4739     7565.0000     2304.4796  6628837   69.54%
CPX0000  Elapsed time = 65815.25 sec. (13554950.08 ticks, tree = 18.69 MB
CPX0000      125   127     2411.5325  4681     7565.0000     2304.4796  6656334   69.54%
CPX0000      126   128     2398.4775  4575     7565.0000     2304.4796  6672311   69.54%
CPX0000      127   129     2398.4775  4641     7565.0000     2304.4796  6686938   69.54%
CPX0000      128   130     2398.4775  4569     7565.0000     2304.4796  6700114   69.54%
CPX0000      131   133     2410.0032  4591     7565.0000     2304.4796  6727776   69.54%
CPX0000      132   134     2398.4775  4539     7565.0000     2304.4796  6741921   69.54%
CPX0000      133   135     2398.4775  4518     7565.0000     2304.4796  6757393   69.54%
CPX0000      135   137     2410.2596  4598     7565.0000     2304.4796  6787416   69.54%
CPX0000      136   138     2398.4775  4507     7565.0000     2304.4796  6803160   69.54%
CPX0000      137   139     2398.4775  4432     7565.0000     2304.4796  6824021   69.54%
CPX0000  Elapsed time = 66089.35 sec. (13617964.27 ticks, tree = 20.00 MB
CPX0000      139   141     2398.4775  4445     7565.0000     2304.4796  6858059   69.54%
CPX0000      141   143     2398.4775  4496     7565.0000     2304.4796  6909842   69.54%
CPX0000      142   144     2398.4775  4446     7565.0000     2304.4796  6935498   69.54%
CPX0000      146   148     2398.4775  4392     7565.0000     2304.4796  6956589   69.54%
CPX0000      148   150     2398.4775  4398     7565.0000     2304.4796  7000351   69.54%
CPX0000      149   151     2408.4775  4414     7565.0000     2304.4796  7015656   69.54%
CPX0000      150   152     2413.4775  4372     7565.0000     2304.4796  7041551   69.54%
CPX0000      152   154     2413.4775  4417     7565.0000     2304.4796  7053225   69.54%
CPX0000      153   155     2413.4775  4410     7565.0000     2304.4796  7084704   69.54%
CPX0000      155   157     2413.4775  4425     7565.0000     2304.4796  7098950   69.54%
CPX0000  Elapsed time = 66424.34 sec. (13695679.32 ticks, tree = 22.32 MB
CPX0000      159   161     2413.4775  4418     7565.0000     2304.4796  7109829   69.54%
CPX0000      160   162     2413.4775  4418     7565.0000     2304.4796  7110302   69.54%
CPX0000      161   163     2413.4775  4482     7565.0000     2304.4796  7136131   69.54%
CPX0000      162   164     2413.4775  4398     7565.0000     2304.4796  7160916   69.54%
CPX0000      163   165     2413.4775  4368     7565.0000     2304.4796  7178218   69.54%
CPX0000      165   167     2413.4775  4360     7565.0000     2304.4796  7194793   69.54%
CPX0000      167   169     2413.4775  4345     7565.0000     2304.4796  7205695   69.54%
CPX0000      169   171     2419.9573  4381     7565.0000     2304.4796  7236191   69.54%
CPX0000      170   172     2413.4775  4356     7565.0000     2304.4796  7242014   69.54%
CPX0000      171   173     2413.4775  4378     7565.0000     2304.4796  7254754   69.54%
CPX0000  Elapsed time = 66964.22 sec. (13789598.23 ticks, tree = 24.56 MB
CPX0000      172   174     2433.4775  4408     7565.0000     2304.4796  7276893   69.54%
CPX0000      173   175     2413.4775  4373     7565.0000     2304.4796  7300109   69.54%
CPX0000      174   176     2413.4775  4404     7565.0000     2304.4796  7349012   69.54%
CPX0000      175   177     2413.4775  4375     7565.0000     2304.4796  7371783   69.54%
CPX0000      176   178     2418.4775  4322     7565.0000     2304.4796  7384377   69.54%
CPX0000      178   180     2424.1702  4435     7565.0000     2304.4796  7439555   69.54%
CPX0000      180   182     2418.4775  4349     7565.0000     2304.4796  7467827   69.54%
CPX0000      181   183     2424.9573  4285     7565.0000     2304.4796  7499489   69.54%
CPX0000      184   186     2425.3419  4403     7565.0000     2304.4796  7522208   69.54%
CPX0000      186   188     2424.9573  4291     7565.0000     2304.4796  7539527   69.54%
CPX0000  Elapsed time = 67386.43 sec. (13883373.77 ticks, tree = 26.79 MB
CPX0000      187   189     2427.1795  4284     7565.0000     2304.4796  7563299   69.54%
CPX0000      189   191     2439.9573  4232     7565.0000     2304.4796  7583090   69.54%
CPX0000      191   193     2425.5352  4345     7565.0000     2304.4796  7600687   69.54%
CPX0000      192   194     2426.4047  4401     7565.0000     2304.4796  7627559   69.54%
CPX0000      193   195     2426.1689  4465     7565.0000     2304.4796  7649339   69.54%
CPX0000      194   196     2425.5352  4457     7565.0000     2304.4796  7662909   69.54%
CPX0000      195   197     2425.5352  4593     7565.0000     2304.4796  7683589   69.54%
CPX0000      198   200     2426.7673  4521     7565.0000     2304.4796  7703917   69.54%
CPX0000      200   202     2426.7673  4539     7565.0000     2304.4796  7718009   69.54%
CPX0000      202   204     2429.9797  4469     7565.0000     2304.4796  7730937   69.54%
CPX0000  Elapsed time = 67744.19 sec. (13952998.73 ticks, tree = 29.06 MB
CPX0000      203   205     2443.5420  4439     7565.0000     2304.4796  7742793   69.54%
CPX0000      204   206     2429.9797  4456     7565.0000     2304.4796  7755374   69.54%
CPX0000      206   208     2429.9797  4412     7565.0000     2304.4796  7773100   69.54%
CPX0000      208   210     2430.2430  4477     7565.0000     2304.4796  7794590   69.54%
CPX0000      209   211     2430.2430  4476     7565.0000     2304.4796  7813620   69.54%
CPX0000      211   213     2430.2430  4418     7565.0000     2304.4796  7837310   69.54%
CPX0000      213   215     2430.2679  4415     7565.0000     2304.4796  7856772   69.54%
CPX0000      215   217     2430.2679  4440     7565.0000     2304.4796  7881113   69.54%
CPX0000      218   220     2430.2679  4393     7565.0000     2304.4796  7899672   69.54%
CPX0000      220   222     2430.2679  4385     7565.0000     2304.4796  7934860   69.54%
CPX0000  Elapsed time = 68217.30 sec. (14043261.41 ticks, tree = 31.42 MB
CPX0000      221   223     2430.2679  4321     7565.0000     2304.4796  7965161   69.54%
CPX0000      222   224     2430.2679  4320     7565.0000     2304.4796  7976540   69.54%
CPX0000      223   225     2435.2679  4322     7565.0000     2304.4796  8005674   69.54%
CPX0000      224   226     2445.2679  4334     7565.0000     2304.4796  8035342   69.54%
CPX0000      225   227     2435.2679  4317     7565.0000     2304.4796  8056259   69.54%
CPX0000      227   229     2435.2679  4313     7565.0000     2304.4796  8083950   69.54%
CPX0000      229   231     2435.5278  4499     7565.0000     2304.4796  8141763   69.54%
CPX0000      230   232     2435.2679  4314     7565.0000     2304.4796  8157753   69.54%
CPX0000      232   234     2435.2679  4325     7565.0000     2304.4796  8174654   69.54%
CPX0000      234   236     2435.3588  4285     7565.0000     2304.4796  8208231   69.54%
CPX0000  Elapsed time = 68692.40 sec. (14133846.76 ticks, tree = 32.75 MB
CPX0000      236   238     2435.3588  4290     7565.0000     2304.4796  8231232   69.54%
CPX0000      239   241     2435.6018  4236     7565.0000     2304.4796  8260837   69.54%
CPX0000      240   242     2435.6018  4248     7565.0000     2304.4796  8263240   69.54%
CPX0000      242   244     2435.6018  4283     7565.0000     2304.4796  8280005   69.54%
CPX0000      243   245     2435.6018  4194     7565.0000     2304.4796  8295317   69.54%
CPX0000      246   248     2435.6018  4276     7565.0000     2304.4796  8310259   69.54%
CPX0000      249   251     2435.6018  4186     7565.0000     2304.4796  8333288   69.54%
CPX0000      251   253     2435.6018  4225     7565.0000     2304.4796  8350529   69.54%
CPX0000      252   254     2435.6018  4168     7565.0000     2304.4796  8368901   69.54%
CPX0000      254   256     2435.6018  4177     7565.0000     2304.4796  8383891   69.54%
CPX0000  Elapsed time = 69065.49 sec. (14206647.58 ticks, tree = 35.16 MB
CPX0000      256   258     2435.6018  4154     7565.0000     2304.4796  8395542   69.54%
CPX0000      258   260     2435.6018  4273     7565.0000     2304.4796  8409113   69.54%
CPX0000      262   264     2445.6018  4106     7565.0000     2304.4796  8437206   69.54%
CPX0000      267   269     2435.6018  4163     7565.0000     2304.4796  8448953   69.54%
CPX0000      270   272     2435.6018  4154     7565.0000     2304.4796  8460125   69.54%
CPX0000      273   275     2435.6018  4137     7565.0000     2304.4796  8474787   69.54%
CPX0000      275   277     2435.6018  4135     7565.0000     2304.4796  8486718   69.54%
CPX0000      276   278     2435.6018  4163     7565.0000     2304.4796  8499260   69.54%
CPX0000      278   280     2435.6018  4063     7565.0000     2304.4796  8529346   69.54%
CPX0000      281   283     2435.6018  4118     7565.0000     2304.4796  8541428   69.54%
CPX0000  Elapsed time = 69334.23 sec. (14261405.86 ticks, tree = 38.67 MB
CPX0000      282   284     2435.6018  4044     7565.0000     2304.4796  8555689   69.54%
CPX0000      284   286     2450.8417  4120     7565.0000     2304.4796  8591338   69.54%
CPX0000      285   287     2437.4282  4153     7565.0000     2304.4796  8616274   69.54%
CPX0000      286   288     2451.5786  4090     7565.0000     2304.4796  8647518   69.54%
CPX0000      287   289     2445.6282  4090     7565.0000     2304.4796  8666735   69.54%
CPX0000      290   292     2445.6282  4082     7565.0000     2304.4796  8686192   69.54%
CPX0000      292   294     2445.6282  4133     7565.0000     2304.4796  8724052   69.54%
CPX0000      293   295     2446.4544  4366     7565.0000     2304.4796  8788260   69.54%
CPX0000      294   296     2445.6282  4067     7565.0000     2304.4796  8809010   69.54%
CPX0000      296   298     2451.3260  4203     7565.0000     2304.4796  8873037   69.54%
CPX0000  Elapsed time = 69713.05 sec. (14351261.08 ticks, tree = 39.19 MB
CPX0000      297   299     2451.2478  4301     7565.0000     2304.4796  8895430   69.54%
CPX0000      298   300     2451.3653  4195     7565.0000     2304.4796  8930292   69.54%
CPX0000      301   303     2462.6460  4096     7565.0000     2304.4796  8952507   69.54%
CPX0000      302   304     2462.6460  4141     7565.0000     2304.4796  8973939   69.54%
CPX0000      303   305     2462.6460  4147     7565.0000     2304.4796  8991331   69.54%
CPX0000      304   306     2462.6460  4074     7565.0000     2304.4796  9007277   69.54%
CPX0000      307   309     2475.5429  4226     7565.0000     2304.4796  9048363   69.54%
CPX0000      309   311     2475.5429  4225     7565.0000     2304.4796  9083695   69.54%
CPX0000      311   313     2462.6460  4085     7565.0000     2304.4796  9104863   69.54%
CPX0000      312   314     2475.5429  4262     7565.0000     2304.4796  9167191   69.54%
CPX0000  Elapsed time = 69973.77 sec. (14422846.44 ticks, tree = 39.71 MB
CPX0000      315   317     2462.6460  4080     7565.0000     2304.4796  9184175   69.54%
CPX0000      318   320     2462.6460  4085     7565.0000     2304.4796  9206447   69.54%
CPX0000      320   322     2475.5429  4264     7565.0000     2304.4796  9237661   69.54%
CPX0000      322   324     2462.6460  4175     7565.0000     2304.4796  9251791   69.54%
CPX0000      323   325     2462.6460  4160     7565.0000     2304.4796  9287468   69.54%
CPX0000      326   328     2462.6460  4116     7565.0000     2304.4796  9309090   69.54%
CPX0000      327   329     2462.6460  4148     7565.0000     2304.4796  9351735   69.54%
CPX0000      328   330     2476.3241  4210     7565.0000     2304.4796  9390784   69.54%
CPX0000      329   331     2462.6460  4150     7565.0000     2304.4796  9408711   69.54%
CPX0000      331   333     2462.8349  4180     7565.0000     2304.4796  9464419   69.54%
CPX0000  Elapsed time = 70240.49 sec. (14498076.01 ticks, tree = 43.85 MB
CPX0000      332   334     2475.6481  4313     7565.0000     2304.4796  9516266   69.54%
CPX0000      335   337     2462.8349  4210     7565.0000     2304.4796  9534095   69.54%
CPX0000      338   340     2462.8410  4188     7565.0000     2304.4796  9552813   69.54%
CPX0000      340   342     2464.0857  4175     7565.0000     2304.4796  9573791   69.54%
CPX0000      341   343     2466.8915  4203     7565.0000     2304.4796  9599282   69.54%
CPX0000      342   344     2477.0381  4242     7565.0000     2304.4796  9628530   69.54%
CPX0000      343   345     2471.5058  4271     7565.0000     2304.4796  9664862   69.54%
CPX0000      344   346     2472.1591  4230     7565.0000     2304.4796  9680410   69.54%
CPX0000      347   349     2518.5022  4161     7565.0000     2304.4796  9707831   69.54%
CPX0000      350   352     2502.5521  4264     7565.0000     2304.4796  9732760   69.54%
CPX0000  Elapsed time = 70594.56 sec. (14584864.39 ticks, tree = 46.28 MB
CPX0000      351   353     2492.3110  4250     7565.0000     2304.4796  9743900   69.54%
CPX0000      352   354     2492.3110  4129     7565.0000     2304.4796  9761792   69.54%
CPX0000      354   356     2499.8110  4167     7565.0000     2304.4796  9800336   69.54%
CPX0000      355   357     2492.3110  4159     7565.0000     2304.4796  9821239   69.54%
CPX0000      356   358     2492.3110  4150     7565.0000     2304.4796  9834000   69.54%
CPX0000      359   361     2492.3110  4181     7565.0000     2304.4796  9844988   69.54%
CPX0000      360   362     2502.3110  4065     7565.0000     2304.4796  9867534   69.54%
CPX0000      361   363     2509.8110  4100     7565.0000     2304.4796  9883771   69.54%
CPX0000      362   364     2512.3110  4108     7565.0000     2304.4796  9907449   69.54%
CPX0000      365   367     2510.8825  4166     7565.0000     2304.4796  9939518   69.54%
CPX0000  Elapsed time = 71043.64 sec. (14669615.18 ticks, tree = 46.78 MB
CPX0000      367   369     2510.3110  4065     7565.0000     2304.4796  9951452   69.54%
CPX0000      370   372     2510.3110  4100     7565.0000     2304.4796  9971042   69.54%
CPX0000      371   373     2510.3110  4076     7565.0000     2304.4796  9989068   69.54%
CPX0000      373   375     2524.4234  4132     7565.0000     2304.4796 10010979   69.54%
CPX0000      375   377     2510.3110  4059     7565.0000     2304.4796 10034610   69.54%
CPX0000      377   379     2510.3110  4093     7565.0000     2304.4796 10055738   69.54%
CPX0000      380   382     2510.3110  4107     7565.0000     2304.4796 10074958   69.54%
CPX0000      382   384     2510.3110  4095     7565.0000     2304.4796 10112084   69.54%
CPX0000      383   385     2510.3110  4136     7565.0000     2304.4796 10146427   69.54%
CPX0000      384   386     2510.8195  4070     7565.0000     2304.4796 10196300   69.54%
CPX0000  Elapsed time = 71370.72 sec. (14744946.86 ticks, tree = 49.19 MB
CPX0000      385   387     2514.7435  4041     7565.0000     2304.4796 10215841   69.54%
CPX0000      387   389     2515.7240  4051     7565.0000     2304.4796 10237640   69.54%
CPX0000      389   391     2515.7240  4090     7565.0000     2304.4796 10268375   69.54%
CPX0000      391   393     2516.7402  3995     7565.0000     2304.4796 10290885   69.54%
CPX0000      393   395     2516.7402  4064     7565.0000     2304.4796 10311809   69.54%
CPX0000      395   397     2516.7402  3935     7565.0000     2304.4796 10334554   69.54%
CPX0000      397   399     2516.7402  3984     7565.0000     2304.4796 10362982   69.54%
CPX0000      398   400     2516.7402  3994     7565.0000     2304.4796 10381127   69.54%
CPX0000      399   401     2516.7402  3923     7565.0000     2304.4796 10406422   69.54%
CPX0000      400   402     2527.1917  3965     7565.0000     2304.4796 10439719   69.54%
CPX0000  Elapsed time = 71593.81 sec. (14808905.35 ticks, tree = 50.58 MB
CPX0000      401   403     2523.8127  4053     7565.0000     2304.4796 10476401   69.54%
CPX0000      402   404     2527.9774  3986     7565.0000     2304.4796 10527635   69.54%
CPX0000      403   405     2537.9612  4034     7565.0000     2304.4796 10550921   69.54%
CPX0000      404   406     2528.8179  4001     7565.0000     2304.4796 10570127   69.54%
CPX0000      405   407     2529.9475  3946     7565.0000     2304.4796 10599053   69.54%
CPX0000      408   410     2532.2549  3989     7565.0000     2304.4796 10618782   69.54%
CPX0000      409   411     2551.1571  4071     7565.0000     2304.4796 10664823   69.54%
CPX0000      411   413     2539.7549  3975     7565.0000     2304.4796 10683965   69.54%
CPX0000      412   414     2537.2549  3962     7565.0000     2304.4796 10701928   69.54%
CPX0000      414   416     2537.2549  3994     7565.0000     2304.4796 10714176   69.54%
CPX0000  Elapsed time = 71852.19 sec. (14877586.74 ticks, tree = 51.05 MB
CPX0000      415   417     2538.9216  3986     7565.0000     2304.4796 10740855   69.54%
CPX0000      417   419     2537.7305  4054     7565.0000     2304.4796 10752797   69.54%
CPX0000      420   422     2537.2549  4011     7565.0000     2304.4796 10772553   69.54%
CPX0000      421   423     2537.2549  3982     7565.0000     2304.4796 10785495   69.54%
CPX0000      424   426     2537.2549  3993     7565.0000     2304.4796 10801407   69.54%
CPX0000      425   427     2537.2549  4077     7565.0000     2304.4796 10820549   69.54%
CPX0000      427   429     2537.2549  3965     7565.0000     2304.4796 10839511   69.54%
CPX0000      430   432     2537.2549  3986     7565.0000     2304.4796 10849278   69.54%
CPX0000      431   433     2537.2549  4088     7565.0000     2304.4796 10864472   69.54%
CPX0000      435   437     2537.4112  4055     7565.0000     2304.4796 10880806   69.54%
CPX0000  Elapsed time = 72186.98 sec. (14945348.21 ticks, tree = 53.57 MB
CPX0000      437   439     2539.2736  4047     7565.0000     2304.4796 10893550   69.54%
CPX0000      440   442     2539.2736  3990     7565.0000     2304.4796 10912384   69.54%
CPX0000      441   443     2539.2736  3979     7565.0000     2304.4796 10926263   69.54%
CPX0000      444   446     2539.2736  4001     7565.0000     2304.4796 10986563   69.54%
CPX0000      446   448     2539.2736  3943     7565.0000     2304.4796 11006180   69.54%
CPX0000      447   449     2539.2736  3946     7565.0000     2304.4796 11038879   69.54%
CPX0000      448   450     2539.2736  3943     7565.0000     2304.4796 11067473   69.54%
CPX0000      451   453     2539.2736  3921     7565.0000     2304.4796 11106634   69.54%
CPX0000      452   454     2547.8501  3885     7565.0000     2304.4796 11146735   69.54%
CPX0000      453   455     2555.1425  3831     7565.0000     2304.4796 11167593   69.54%
CPX0000  Elapsed time = 72475.07 sec. (15019460.20 ticks, tree = 57.74 MB
CPX0000      456   458     2572.2535  3617     7565.0000     2304.4796 11183828   69.54%
CPX0000      460   462     2572.2535  3534     7565.0000     2304.4796 11204344   69.54%
CPX0000      462   464     2576.6980  3634     7565.0000     2304.4796 11224483   69.54%
CPX0000      465   467     2589.4757  3508     7565.0000     2304.4796 11246454   69.54%
CPX0000      467   469     2589.8577  3566     7565.0000     2304.4796 11260640   69.54%
CPX0000      469   471     2594.3507  3591     7565.0000     2304.4796 11276364   69.54%
CPX0000      472   474     2592.7207  3514     7565.0000     2304.4796 11288581   69.54%
CPX0000      478   480     2613.1737  3485     7565.0000     2304.4796 11316347   69.54%
CPX0000      480   482     2593.2803  3585     7565.0000     2304.4796 11327102   69.54%
CPX0000      481   483     2594.1017  3555     7565.0000     2304.4796 11342756   69.54%
CPX0000  Elapsed time = 72672.30 sec. (15068628.63 ticks, tree = 61.36 MB
CPX0000  *   484+  484                         7125.0000     2304.4796 11357267   67.66%
CPX0000  *   484+  484                         7060.0000     2304.4796 11357267   67.36%
CPX0000      484   486     2594.1017  3557     7060.0000     2304.4796 11357267   67.36%
[1m[30m[ZEN] [0m20:11:30 [1m[34m   7060.00[1m[32m   67.36%
[0mCPX0000  *   485+  485                         5900.0000     2304.4796 11357834   60.94%
CPX0000  *   485+  485                         5875.0000     2304.4796 11357834   60.77%
CPX0000      485   487     2304.4796  8635     5875.0000     2304.8222 11357834   60.77%
[1m[30m[ZEN] [0m20:15:21 [1m[34m   5875.00[1m[32m   60.77%
[0mCPX0000
CPX0000  GUB cover cuts applied:  611
CPX0000  Clique cuts applied:  836
CPX0000  Cover cuts applied:  1
CPX0000  Implied bound cuts applied:  15
CPX0000  Mixed integer rounding cuts applied:  44
CPX0000  Zero-half cuts applied:  8811
CPX0000  Lift and project cuts applied:  13
CPX0000  Gomory fractional cuts applied:  25
CPX0000
CPX0000  Root node processing (before b&c):
CPX0000    Real time             = 55667.35 sec. (11648463.40 ticks)
CPX0000  Sequential b&c:
CPX0000    Real time             = 30732.81 sec. (6712720.88 ticks)
CPX0000                            ------------
CPX0000  Total (root+branch&cut) = 86400.16 sec. (18361184.27 ticks)
H2 understaffing: 0
H3 shiftTypeSuccessions: 0
S1 optimalCoverage: 420
S2a consecutiveShift: 255 = (16,1 )
S2b consecutiveWorkingDays: 630 = ( 18,3 )
S3 consecutiveDaysOff: 780 = ( 12,14 )
S4 preferences: 430
S5 completeWeekend: 0
S6 totalAssignments: 3060
S7 totalWorkingWeekeends: 300
 

Cost Solution: 5875

       |M|T|W|T|F|S|S| |M|T|W|T|F|S|S| |M|T|W|T|F|S|S| |M|T|W|T|F|S|S|
------------------------------------------------------------------------
HN_0   |-|L|L|L|L|-|-| |-|D|D|D|D|-|-| |-|-|-|-|L|L|L| |-|-|N|N|N|N|N|
HN_1   |L|L|-|-|-|-|D| |D|-|-|-|-|-|-| |E|E|-|-|-|-|-| |-|-|E|E|-|-|-|
HN_2   |-|-|-|L|L|-|-| |-|-|-|L|L|-|-| |D|D|-|-|-|-|E| |E|-|-|-|-|-|-|
HN_3   |N|-|-|E|E|E|E| |-|-|D|D|D|-|-| |N|N|N|N|N|-|-| |-|D|D|D|D|D|D|
HN_4   |-|-|-|-|-|-|-| |N|N|N|N|-|-|-| |-|L|L|L|-|-|-| |-|-|-|E|E|E|D|
HN_5   |D|D|D|-|-|-|-| |-|-|-|N|N|N|N| |-|-|-|-|-|-|-| |D|D|D|D|D|-|-|
HN_6   |D|E|E|-|-|-|-| |L|L|L|L|L|-|-| |-|-|-|N|N|N|N| |N|-|-|-|-|N|N|
HN_7   |-|D|D|D|D|D|D| |D|-|-|-|-|D|D| |D|E|E|-|-|-|-| |E|E|E|E|E|-|-|
HN_8   |L|L|L|L|L|-|-| |-|L|L|L|L|-|-| |-|-|E|E|E|E|D| |D|-|-|-|L|L|L|
HN_9   |E|E|D|D|D|-|-| |-|-|-|-|D|D|D| |D|-|-|-|-|-|-| |D|D|D|-|-|-|-|
HN_10  |-|-|E|E|E|E|L| |L|-|-|-|D|D|E| |E|-|-|-|E|-|-| |-|L|L|L|L|-|-|
HN_11  |-|-|-|-|-|L|L| |-|-|-|-|L|L|-| |-|-|D|D|-|-|L| |L|-|-|D|D|-|-|
HN_12  |-|-|-|-|N|N|N| |N|N|-|-|-|-|-| |N|N|N|N|-|-|-| |N|N|N|N|-|-|-|
HN_13  |-|E|E|E|E|-|-| |-|L|L|L|L|-|-| |-|-|D|D|D|D|D| |D|-|-|-|-|E|E|
HN_14  |-|N|N|N|N|-|-| |-|-|-|-|-|L|L| |L|L|-|-|-|-|-| |L|L|L|-|-|-|-|
HN_15  |D|L|L|-|-|-|-| |E|E|E|E|D|D|D| |-|-|-|-|-|N|N| |N|N|N|-|-|-|-|
HN_16  |N|N|N|N|N|-|-| |E|E|E|E|E|-|-| |N|N|N|N|N|-|-| |L|L|L|L|L|-|-|
HN_17  |D|D|D|D|-|-|-| |-|-|-|-|N|N|N| |N|-|-|-|E|E|E| |E|E|-|-|-|-|-|
HN_18  |N|-|-|L|L|L|L| |-|-|L|L|L|-|-| |L|L|L|L|L|-|-| |N|N|N|N|N|-|-|
HN_19  |N|N|N|N|-|-|-| |N|N|N|N|N|-|-| |-|E|E|D|D|-|-| |-|E|E|E|E|-|-|
NU_20  |-|-|-|-|L|L|L| |L|-|-|-|-|-|-| |L|L|L|-|-|N|N| |N|N|-|-|-|-|-|
NU_21  |E|-|N|N|N|N|N| |-|-|L|L|L|L|L| |-|-|D|L|L|-|-| |L|L|L|L|L|-|-|
NU_22  |E|E|E|E|E|-|-| |N|N|N|N|N|-|-| |D|D|D|D|D|-|-| |N|N|N|N|N|-|-|
NU_23  |E|E|E|-|-|-|-| |E|E|E|E|E|-|-| |-|-|-|-|-|E|E| |E|-|-|-|-|-|-|
NU_24  |-|-|-|-|-|-|-| |D|D|D|-|-|-|-| |-|E|E|E|E|-|-| |-|-|-|E|E|E|E|
NU_25  |-|-|-|-|-|-|-| |D|D|D|-|-|-|-| |N|N|N|N|N|-|-| |-|-|-|-|E|E|E|
NU_26  |D|D|-|-|-|-|D| |D|-|-|D|D|-|-| |-|-|-|D|D|-|-| |-|-|-|D|D|-|-|
NU_27  |E|E|-|-|-|-|-| |L|L|-|-|-|-|-| |-|-|L|L|L|-|-| |E|E|-|-|-|-|D|
NU_28  |-|-|-|-|E|E|E| |L|L|-|-|-|-|-| |N|N|N|N|N|-|-| |-|D|D|D|-|-|-|
NU_29  |-|-|-|-|D|D|D| |D|-|-|-|E|E|L| |L|L|L|-|-|-|-| |E|E|L|L|L|-|-|
NU_30  |-|-|D|D|D|-|-| |-|-|-|-|N|N|N| |N|-|-|-|-|-|-| |-|L|L|L|L|-|-|
NU_31  |-|-|E|E|E|-|-| |-|D|D|E|E|-|-| |-|-|-|-|-|D|D| |D|D|-|-|-|-|-|
NU_32  |N|N|N|-|-|E|E| |E|D|D|-|-|D|D| |D|D|-|-|-|L|L| |N|N|N|-|-|L|L|
NU_33  |-|-|D|D|D|-|-| |N|N|N|N|N|-|-| |-|N|N|N|N|-|-| |D|D|E|E|E|-|-|
NU_34  |-|-|N|N|N|N|-| |-|-|-|D|D|-|-| |D|D|-|-|-|-|-| |D|D|D|-|-|-|-|
NU_35  |-|N|N|N|N|-|-| |-|E|E|E|E|-|-| |-|-|L|L|L|L|L| |-|-|-|-|-|L|L|
NU_36  |L|L|L|-|-|-|-| |E|E|D|D|-|-|-| |-|-|-|-|E|E|E| |-|-|-|-|-|-|-|
NU_37  |D|-|-|-|-|-|-| |E|E|E|-|-|-|-| |-|E|E|E|E|-|-| |-|-|-|-|L|L|N|
NU_38  |L|L|L|-|-|E|E| |E|E|E|-|-|-|-| |E|E|E|E|E|-|-| |L|L|L|-|-|N|N|
NU_39  |D|L|L|-|-|-|-| |N|N|N|N|N|-|-| |-|-|E|E|D|D|D| |-|-|-|-|D|D|D|
CT_40  |-|-|E|E|-|-|-| |L|L|-|-|-|-|-| |-|-|N|N|N|N|-| |-|-|L|L|-|-|-|
CT_41  |E|E|-|-|-|-|-| |D|D|-|-|-|-|-| |E|E|-|-|-|-|L| |L|-|-|-|-|-|-|
CT_42  |D|-|-|D|D|D|L| |L|-|-|-|E|E|E| |-|-|D|D|D|-|-| |N|N|N|N|N|-|-|
CT_43  |-|-|-|D|D|-|-| |L|L|-|-|-|-|-| |L|L|-|-|-|-|-| |-|-|L|L|-|-|L|
CT_44  |-|-|E|E|E|-|-| |-|-|-|-|-|D|D| |D|-|-|-|-|-|-| |N|N|N|N|N|-|-|
CT_45  |-|E|E|E|E|-|-| |-|-|E|E|E|E|E| |-|-|-|-|D|D|D| |D|D|D|-|-|-|-|
CT_46  |-|-|L|L|L|-|-| |-|-|-|D|D|-|-| |-|L|L|L|L|-|-| |-|-|-|-|-|D|D|
CT_47  |L|L|-|-|-|N|N| |N|N|-|-|N|N|N| |N|-|-|E|E|E|E| |-|-|D|D|L|L|N|
CT_48  |-|L|L|L|-|-|-| |-|-|-|E|E|-|-| |-|N|N|N|N|-|-| |-|-|-|-|-|N|N|
CT_49  |D|D|L|L|L|-|-| |E|E|E|-|-|E|E| |E|-|-|L|L|L|L| |-|-|D|D|D|-|-|
CT_50  |E|E|-|-|-|L|L| |L|L|L|-|-|-|-| |L|L|L|L|L|-|-| |-|E|E|E|E|-|-|
CT_51  |-|-|D|D|D|-|-| |-|-|-|-|L|L|L| |L|-|-|-|-|-|-| |-|D|D|D|D|-|-|
CT_52  |-|N|N|N|N|-|-| |-|-|D|D|D|D|D| |-|-|-|-|E|E|E| |E|L|L|-|-|-|-|
CT_53  |E|E|E|-|-|-|-| |-|-|-|D|D|D|D| |D|-|-|-|-|-|-| |N|N|N|N|N|-|-|
CT_54  |N|N|-|-|D|D|D| |-|-|L|L|L|-|-| |E|E|E|E|E|-|-| |L|L|L|-|-|N|N|
CT_55  |-|-|-|L|L|-|-| |-|N|N|N|N|N|-| |-|-|D|D|-|-|-| |-|-|-|E|E|-|-|
CT_56  |-|-|-|-|-|-|D| |D|-|-|-|-|-|-| |D|D|D|-|-|-|-| |-|D|D|-|-|-|-|
CT_57  |-|-|-|L|L|-|-| |-|D|D|D|-|-|-| |-|-|D|D|D|-|-| |-|-|-|-|D|D|E|
CT_58  |-|-|N|N|-|-|-| |-|L|L|-|-|-|-| |-|D|D|-|-|-|L| |L|-|-|L|L|-|-|
CT_59  |-|N|N|N|N|-|-| |-|L|L|L|L|-|-| |-|L|L|L|L|-|-| |-|E|E|E|E|L|L|
CT_60  |L|-|-|-|-|-|-| |L|L|L|L|L|-|-| |-|-|D|D|D|-|-| |-|-|-|-|-|E|E|
CT_61  |-|L|L|-|-|-|-| |-|-|-|D|D|-|-| |D|D|-|-|-|-|D| |D|-|-|-|-|-|-|
CT_62  |D|D|D|D|D|-|-| |E|E|E|N|N|N|N| |-|-|N|N|N|N|N| |-|N|N|N|N|-|-|
CT_63  |D|D|D|D|-|-|-| |-|N|N|N|N|-|-| |-|D|D|E|E|-|-| |-|L|L|L|L|-|-|
CT_64  |N|N|-|-|-|-|-| |D|D|D|D|D|-|-| |-|-|-|-|N|N|N| |N|-|-|-|-|-|-|
CT_65  |N|N|N|N|N|-|-| |L|L|L|L|L|-|-| |L|L|L|L|L|-|-| |L|L|L|L|L|-|-|
CT_66  |N|-|-|-|D|D|D| |D|-|-|-|-|E|E| |N|N|N|N|-|-|-| |-|E|E|E|E|-|-|
CT_67  |-|D|D|-|-|-|-| |-|-|-|D|D|-|-| |-|-|-|L|L|-|-| |-|L|L|-|-|-|D|
CT_68  |-|-|-|-|N|N|N| |N|-|-|-|-|-|-| |E|E|L|L|-|-|-| |-|-|E|E|E|-|-|
CT_69  |-|-|E|E|E|-|-| |-|L|L|L|L|-|-| |-|-|E|E|D|D|D| |-|-|-|-|-|-|-|
CT_70  |N|N|N|N|-|-|-| |D|D|E|E|E|-|-| |-|-|D|D|E|E|D| |D|-|-|-|L|L|L|
CT_71  |-|-|N|N|N|N|N| |-|-|-|E|E|-|-| |-|-|-|E|E|-|-| |E|E|E|E|E|-|-|
CT_72  |E|E|-|-|-|-|-| |N|N|N|N|-|-|-| |-|D|D|-|-|-|D| |D|-|-|L|L|-|-|
CT_73  |L|L|-|-|-|-|D| |D|-|-|-|-|-|-| |E|E|E|-|-|-|-| |-|-|D|D|-|-|-|
CT_74  |-|-|L|L|-|-|-| |E|E|-|-|-|-|-| |-|-|E|E|-|-|-| |E|E|-|-|-|-|E|
CT_75  |-|-|D|D|E|E|E| |E|-|-|-|N|N|N| |N|N|N|-|-|-|-| |N|N|N|N|N|-|-|
CT_76  |N|-|L|L|L|-|-| |N|N|N|N|N|-|-| |N|N|N|N|-|-|-| |D|D|D|D|D|-|-|
CT_77  |D|D|D|E|E|-|-| |D|D|E|E|E|-|-| |E|E|E|D|D|-|-| |-|-|E|N|N|N|N|
CT_78  |L|-|-|L|L|L|L| |L|-|D|D|D|-|-| |N|N|N|N|N|-|-| |E|E|D|D|D|-|-|
CT_79  |-|-|-|D|D|-|-| |-|-|-|-|L|L|-| |-|-|-|D|D|-|-| |L|L|-|-|-|-|-|
TR_80  |-|-|E|E|E|E|L| |L|-|-|-|-|L|L| |L|L|L|-|-|-|-| |L|L|L|L|-|-|-|
TR_81  |N|N|N|N|N|-|-| |-|-|-|-|D|D|D| |-|-|-|-|-|-|-| |D|D|D|-|-|-|-|
TR_82  |-|D|D|L|L|-|-| |-|-|-|-|-|-|-| |N|N|N|N|N|-|-| |-|E|E|-|-|-|-|
TR_83  |D|-|-|-|-|E|E| |E|N|N|N|N|-|-| |-|L|L|-|-|-|-| |N|N|N|N|N|-|-|
TR_84  |-|E|E|E|E|-|-| |-|D|D|L|L|-|-| |-|D|D|L|L|-|-| |-|-|D|D|D|D|N|
TR_85  |L|L|-|-|-|-|-| |L|L|-|-|-|-|-| |-|-|E|E|E|E|E| |-|-|-|-|-|-|-|
TR_86  |-|-|E|E|E|-|-| |-|-|-|-|-|-|-| |N|N|N|N|N|-|-| |-|-|-|L|L|L|L|
TR_87  |-|D|D|D|D|-|-| |-|-|E|-|-|-|-| |E|E|D|D|D|-|-| |-|-|E|E|E|E|D|
TR_88  |D|D|D|D|-|-|-| |D|D|D|D|D|-|-| |-|D|D|D|D|-|-| |-|-|E|E|E|E|E|
TR_89  |-|-|D|D|D|-|-| |N|N|N|N|N|-|-| |L|L|L|L|L|-|-| |D|D|D|D|D|-|-|
TR_90  |N|-|-|-|-|-|-| |E|E|E|N|-|L|L| |L|-|-|-|-|D|D| |D|-|-|-|-|-|-|
TR_91  |L|-|-|N|N|N|N| |N|-|D|D|D|-|-| |N|N|N|N|N|-|-| |E|E|E|E|E|-|-|
TR_92  |-|L|L|-|-|-|-| |-|D|D|D|-|-|-| |-|E|E|E|-|-|-| |-|-|-|-|D|D|-|
TR_93  |-|-|-|-|D|D|D| |D|-|-|-|-|-|-| |D|D|D|-|-|-|-| |-|-|-|D|D|D|E|
TR_94  |D|D|D|-|-|-|-| |L|L|L|L|L|-|-| |-|-|-|-|-|E|E| |E|-|-|-|-|-|-|
TR_95  |-|E|E|-|-|-|-| |-|L|L|L|-|-|-| |-|-|-|-|N|N|N| |N|N|-|-|-|-|-|
TR_96  |-|E|E|N|N|N|N| |N|-|-|-|-|D|E| |L|L|L|L|-|-|-| |-|N|N|N|N|-|-|
TR_97  |L|L|-|-|L|L|L| |L|L|-|-|E|E|E| |E|-|-|E|E|-|-| |D|D|D|D|D|-|-|
TR_98  |-|-|D|D|D|L|L| |-|-|-|E|-|-|-| |D|D|E|E|-|D|D| |L|L|L|-|-|-|-|
TR_99  |E|E|E|E|-|-|-| |E|E|E|E|E|-|-| |-|-|D|D|D|L|L| |L|L|-|-|-|L|L|
TR_100 |N|N|N|N|N|-|-| |N|N|N|N|N|-|-| |N|N|N|N|N|-|-| |N|N|N|N|N|-|-|
TR_101 |N|N|N|N|N|-|-| |E|E|E|L|L|-|-| |D|D|D|-|-|E|E| |E|-|-|N|N|N|N|
TR_102 |D|D|-|-|-|-|-| |-|N|N|N|N|-|-| |-|-|-|L|L|L|-| |-|-|-|L|L|-|-|
TR_103 |-|-|-|-|-|D|D| |D|-|-|-|-|-|-| |L|L|L|-|-|-|-| |E|E|E|E|E|-|-|
TR_104 |E|L|L|-|-|E|E| |E|E|-|-|N|N|N| |N|-|-|D|D|-|-| |N|N|N|N|N|-|-|
TR_105 |N|N|N|-|-|-|-| |D|D|D|D|D|-|-| |-|E|E|E|E|-|-| |-|E|E|E|E|-|-|
TR_106 |E|-|L|L|L|-|-| |D|D|E|E|E|-|-| |E|E|E|E|E|-|-| |E|E|E|L|L|-|-|
TR_107 |L|L|L|L|L|-|-| |-|-|-|-|D|D|D| |D|-|-|-|E|E|L| |L|L|L|-|-|-|-|
TR_108 |-|-|-|E|E|-|-| |-|-|-|E|E|E|-| |-|L|L|-|-|-|-| |D|D|-|-|-|-|-|
TR_109 |L|L|L|-|-|-|-| |L|L|L|L|L|-|-| |-|-|-|N|N|N|N| |N|-|-|-|-|L|L|


Hard constraint violations
--------------------------

Minimal coverage constraints: 0
Required skill constraints: 0
Illegal shift type succession constraints: 0
Single assignment per day: 0


Cost per constraint type
------------------------

Total assignment constraints: 3060
Consecutive constraints: 885
Non working days constraints: 780
Preferences: 430
Max working weekend: 300
Complete weekends: 0
Optimal coverage constraints: 420

------------------------

Total cost: 5875
