Argumentos: 
./solver.release -i 27 -a 7 -h 86400 -w Testes/cplex-27 -m modeloCom2345.mod -o modeloCom2345.mod 
Seed: 1605296913
hidden-TXT/Sc-n110w4.txt
hidden-TXT/H0-n110w4-2.txt
hidden-TXT/WD-n110w4-0.txt hidden-TXT/WD-n110w4-2.txt hidden-TXT/WD-n110w4-7.txt hidden-TXT/WD-n110w4-0.txt 
Reading model section from modeloCom2345.mod...
347 lines were read
Reading data section from Testes/cplex-27/27.dat...
19773 lines were read
Generating obj...
Generating H1turnoDia...
Generating H2coberturaMinima...
Generating H3AsucessaoTurnos...
Generating H3BsucessaoTurnos...
Generating H4qualificacao...
Generating S1coberturaOtima...
Generating S2d...
Generating S2dHist...
Generating S2b...
Generating S2bHist...
Generating aux1S2a...
Generating auxS2a...
Generating s2aMin2...
Generating s2aHistMin2...
Generating s2aMin3...
Generating s2aHistMin3h1...
Generating s2aHistMin3h2...
Generating s2aMin4...
Generating s2aHistMin4h1...
Generating s2aHistMin4h2...
Generating s2aHistMin4h3...
Generating s2aMin5...
Generating s2aHistMin5h1...
Generating s2aHistMin5h2...
Generating s2aHistMin5h3...
Generating s2aHistMin5h4...
Generating auxS2b...
Generating aux1S2b...
Generating s2b...
Generating s2bHist...
Generating s2bMin3turnos...
Generating s2bHistMin3h1turnos...
Generating s2bHistMin3h2turnos...
Generating s2bMin4...
Generating s2bHistMin4h1...
Generating s2bHistMin4h2...
Generating s2bHistMin4h3...
Generating s2bMin5...
Generating s2bHistMin5h1...
Generating s2bHistMin5h2...
Generating s2bHistMin5h3...
Generating s2bHistMin5h34...
Generating auxS5...
Generating S6a...
Generating S6b...
Generating auxS7...
Generating S7...
Model has been successfully generated
Writing problem data to `Testes/cplex-27/27.lp'...
715145 lines were written
CPX0000  Tried aggregator 2 times.
CPX0000  MIP Presolve eliminated 23258 rows and 51842 columns.
CPX0000  MIP Presolve modified 5946 coefficients.
CPX0000  Aggregator did 343 substitutions.
CPX0000  Reduced MIP has 68989 rows, 79562 columns, and 534252 nonzeros.
CPX0000  Reduced MIP has 78919 binaries, 643 generals, 0 SOSs, and 0 indicators.
CPX0000  Presolve time = 1.13 sec. (605.49 ticks)
CPX0000  Found incumbent of value 1510490.000000 after 2.05 sec. (1326.51 ticks)
[1m[30m[ZEN] [0m00:00:02 [1m[34m1510490.00[1m[32m  100.00%
[0mCPX0000  Probing time = 0.06 sec. (21.66 ticks)
CPX0000  Tried aggregator 1 time.
CPX0000  Reduced MIP has 68989 rows, 79562 columns, and 534252 nonzeros.
CPX0000  Reduced MIP has 78919 binaries, 643 generals, 0 SOSs, and 0 indicators.
CPX0000  Presolve time = 0.34 sec. (213.29 ticks)
CPX0000  Probing time = 0.06 sec. (20.89 ticks)
CPX0000  Clique table members: 15417.
CPX0000  MIP emphasis: balance optimality and feasibility.
CPX0000  MIP search method: dynamic search.
CPX0000  Parallel mode: none, using 1 thread.
CPX0000  Root relaxation solution time = 293.09 sec. (83615.40 ticks)
CPX0000
CPX0000          Nodes                                         Cuts/
CPX0000     Node  Left     Objective  IInf  Best Integer    Best Bound    ItCnt     Gap
CPX0000
CPX0000  *     0+    0                      1510490.0000        0.0000    70635  100.00%
CPX0000        0     0     1055.6242  7906  1510490.0000     1055.6242    70635   99.93%
CPX0000        0     0     1286.0906  7887  1510490.0000    Cuts: 4144   124157   99.91%
CPX0000        0     0     1411.5275  8271  1510490.0000    Cuts: 3428   172759   99.91%
CPX0000        0     0     1443.9635  8805  1510490.0000    Cuts: 3108   219946   99.90%
CPX0000  *     0+    0                       315015.0000     1443.9635   219946   99.54%
[1m[30m[ZEN] [0m00:22:29 [1m[34m 315015.00[1m[32m   99.54%
[0mCPX0000        0     0     1472.3475  8170   315015.0000    Cuts: 2862   303217   99.53%
CPX0000        0     0     1481.3966  8530   315015.0000    Cuts: 2690   353977   99.53%
CPX0000        0     0     1496.3174  9141   315015.0000    Cuts: 2849   407472   99.53%
CPX0000        0     0     1502.8595  9328   315015.0000    Cuts: 2751   458252   99.52%
CPX0000        0     0     1510.4492  9633   315015.0000    Cuts: 2852   514059   99.52%
CPX0000        0     0     1514.9269  9787   315015.0000    Cuts: 2944   570833   99.52%
CPX0000        0     0     1530.6051 10095   315015.0000    Cuts: 2955   628077   99.51%
CPX0000        0     0     1541.0299  9197   315015.0000    Cuts: 2921   696952   99.51%
CPX0000        0     0     1553.9345  9785   315015.0000    Cuts: 3071   764146   99.51%
CPX0000        0     0     1565.9489  9776   315015.0000    Cuts: 2949   826285   99.50%
CPX0000        0     0     1573.4543  9720   315015.0000    Cuts: 2768   888246   99.50%
CPX0000        0     0     1584.3018 10143   315015.0000    Cuts: 2914   943070   99.50%
CPX0000        0     0     1606.5504  9958   315015.0000    Cuts: 2932  1009921   99.49%
CPX0000        0     0     1623.0737 10307   315015.0000    Cuts: 2996  1073816   99.48%
CPX0000        0     0     1633.5491 10406   315015.0000    Cuts: 2886  1139020   99.48%
CPX0000        0     0     1654.4715 10411   315015.0000    Cuts: 3046  1202174   99.47%
CPX0000        0     0     1666.2834 10704   315015.0000    Cuts: 2943  1266012   99.47%
CPX0000        0     0     1671.5733 10448   315015.0000    Cuts: 3021  1332622   99.47%
CPX0000        0     0     1679.8454 10904   315015.0000    Cuts: 3002  1393716   99.47%
CPX0000        0     0     1690.8666 10978   315015.0000    Cuts: 3003  1456712   99.46%
CPX0000        0     0     1705.2019 10805   315015.0000    Cuts: 3054  1519884   99.46%
CPX0000        0     0     1714.4798 10771   315015.0000    Cuts: 3133  1585719   99.46%
CPX0000        0     0     1730.5761 10774   315015.0000    Cuts: 3242  1657876   99.45%
CPX0000        0     0     1746.3680 10383   315015.0000    Cuts: 3080  1747040   99.45%
CPX0000        0     0     1757.2599 10318   315015.0000    Cuts: 3191  1820309   99.44%
CPX0000        0     0     1764.8626 10252   315015.0000    Cuts: 3003  1886686   99.44%
CPX0000        0     0     1775.7856 10751   315015.0000    Cuts: 3019  1955036   99.44%
CPX0000        0     0     1788.9594 10624   315015.0000    Cuts: 3089  2025754   99.43%
CPX0000        0     0     1796.3421 11177   315015.0000    Cuts: 3136  2094339   99.43%
CPX0000        0     0     1802.2287 10666   315015.0000    Cuts: 2917  2159252   99.43%
CPX0000        0     0     1814.8594 11040   315015.0000    Cuts: 3134  2236206   99.42%
CPX0000        0     0     1826.1004 10903   315015.0000    Cuts: 3260  2311781   99.42%
CPX0000        0     0     1834.3749 10138   315015.0000    Cuts: 3019  2382350   99.42%
CPX0000        0     0     1841.8780 10351   315015.0000    Cuts: 3217  2454015   99.42%
CPX0000        0     0     1846.6721 10272   315015.0000    Cuts: 2930  2532305   99.41%
CPX0000        0     0     1854.4548 10513   315015.0000    Cuts: 3033  2610143   99.41%
CPX0000        0     0     1860.3996 10489   315015.0000    Cuts: 2746  2681920   99.41%
CPX0000        0     0     1870.2380 10649   315015.0000    Cuts: 2695  2753818   99.41%
CPX0000        0     0     1879.5910 10385   315015.0000    Cuts: 2860  2838511   99.40%
CPX0000        0     0     1886.8895 10723   315015.0000    Cuts: 2821  2906410   99.40%
CPX0000        0     0     1891.3319 10647   315015.0000    Cuts: 2827  2982941   99.40%
CPX0000        0     0     1896.1623 10425   315015.0000    Cuts: 2694  3070055   99.40%
CPX0000        0     0     1902.1729 10117   315015.0000    Cuts: 2724  3144075   99.40%
CPX0000        0     0     1904.7247 10664   315015.0000    Cuts: 2881  3227174   99.40%
CPX0000        0     0     1910.3336 10241   315015.0000    Cuts: 2904  3319882   99.39%
CPX0000        0     0     1924.6554 10083   315015.0000    Cuts: 2662  3394737   99.39%
CPX0000        0     0     1933.0851  9660   315015.0000    Cuts: 2593  3489461   99.39%
CPX0000        0     0     1941.6705 10058   315015.0000    Cuts: 2888  3558778   99.38%
CPX0000        0     0     1947.7395  9781   315015.0000    Cuts: 2707  3631937   99.38%
CPX0000        0     0     1958.3260  9896   315015.0000    Cuts: 2619  3699459   99.38%
CPX0000        0     0     1963.2032  9880   315015.0000    Cuts: 2686  3767699   99.38%
CPX0000        0     0     1971.4852  9856   315015.0000    Cuts: 2601  3831425   99.37%
CPX0000        0     0     1975.4912 10261   315015.0000    Cuts: 2651  3904973   99.37%
CPX0000        0     0     1984.3224  9921   315015.0000    Cuts: 2590  3983359   99.37%
CPX0000        0     0     1988.7017 10084   315015.0000    Cuts: 2597  4061692   99.37%
CPX0000        0     0     2000.7861 10257   315015.0000    Cuts: 2968  4133168   99.36%
CPX0000        0     0     2007.0734 10148   315015.0000    Cuts: 2423  4215560   99.36%
CPX0000        0     0     2009.6479 10251   315015.0000    Cuts: 2510  4296610   99.36%
CPX0000        0     0     2014.7770 10207   315015.0000    Cuts: 2523  4371608   99.36%
CPX0000        0     0     2020.4790 10156   315015.0000    Cuts: 2509  4448753   99.36%
CPX0000        0     0     2026.5749 10194   315015.0000    Cuts: 2906  4544137   99.36%
CPX0000        0     0     2032.8945  9747   315015.0000    Cuts: 2942  4637178   99.35%
CPX0000        0     0     2039.0984  9844   315015.0000    Cuts: 2677  4739967   99.35%
CPX0000        0     0     2042.2561 10115   315015.0000    Cuts: 2627  4809434   99.35%
CPX0000        0     0     2044.2713 10456   315015.0000    Cuts: 2703  4888862   99.35%
CPX0000        0     0     2047.5074 10627   315015.0000    Cuts: 2552  4963196   99.35%
CPX0000        0     0     2050.0952 10797   315015.0000    Cuts: 2653  5033663   99.35%
CPX0000        0     0     2055.0542 10552   315015.0000    Cuts: 2774  5095345   99.35%
CPX0000        0     0     2060.2930 10479   315015.0000    Cuts: 2420  5164614   99.35%
CPX0000        0     0     2064.2071 10531   315015.0000    Cuts: 2725  5235053   99.34%
CPX0000        0     0     2068.9596 10162   315015.0000    Cuts: 2732  5313871   99.34%
CPX0000        0     0     2072.1827 10376   315015.0000    Cuts: 2599  5394592   99.34%
CPX0000        0     0     2078.1900 10474   315015.0000    Cuts: 2443  5460761   99.34%
CPX0000        0     0     2085.5940 10118   315015.0000    Cuts: 2553  5544984   99.34%
CPX0000        0     0     2088.0774 10201   315015.0000    Cuts: 2532  5617427   99.34%
CPX0000        0     0     2089.1316  9965   315015.0000    Cuts: 2471  5689296   99.34%
CPX0000        0     0     2097.6751  9973   315015.0000    Cuts: 2659  5764439   99.33%
CPX0000        0     0     2099.5557 10318   315015.0000    Cuts: 2435  5833735   99.33%
CPX0000        0     0     2103.2012 10265   315015.0000    Cuts: 2230  5898737   99.33%
CPX0000        0     0     2112.1348 10092   315015.0000    Cuts: 2544  5969600   99.33%
CPX0000        0     0     2116.2871 10186   315015.0000    Cuts: 2581  6053012   99.33%
CPX0000        0     0     2124.0883 10520   315015.0000    Cuts: 2625  6119691   99.33%
CPX0000        0     0     2129.2069 10033   315015.0000    Cuts: 2590  6193899   99.32%
CPX0000        0     0     2134.3283 10031   315015.0000    Cuts: 2530  6261869   99.32%
CPX0000        0     0     2135.5215 10044   315015.0000    Cuts: 2490  6336260   99.32%
CPX0000        0     0     2138.3776  8492   315015.0000     Cuts: 546  6392479   99.32%
CPX0000        0     0     2140.8147  9469   315015.0000    Cuts: 3346  6450544   99.32%
CPX0000        0     0     2145.0873  9698   315015.0000    Cuts: 2844  6507927   99.32%
CPX0000        0     0     2155.6979  9894   315015.0000    Cuts: 2784  6570156   99.32%
CPX0000        0     0     2160.4759  9602   315015.0000    Cuts: 2448  6636115   99.31%
CPX0000        0     0     2163.3624  9687   315015.0000    Cuts: 2867  6699194   99.31%
CPX0000        0     0     2168.3464  9494   315015.0000    Cuts: 2485  6762525   99.31%
CPX0000        0     0     2171.1010  8942   315015.0000    Cuts: 2246  6875210   99.31%
CPX0000        0     0     2174.0366  9314   315015.0000    Cuts: 2508  6941810   99.31%
CPX0000        0     0     2176.9431  8989   315015.0000    Cuts: 2408  7008436   99.31%
CPX0000        0     0     2183.2958  9602   315015.0000    Cuts: 2470  7076112   99.31%
CPX0000        0     0     2187.9018  9614   315015.0000    Cuts: 2530  7148084   99.31%
CPX0000        0     0     2189.8933  9126   315015.0000    Cuts: 2394  7221434   99.30%
CPX0000        0     0     2198.2033  9049   315015.0000    Cuts: 2501  7298831   99.30%
CPX0000        0     0     2203.6134  9212   315015.0000    Cuts: 2578  7367364   99.30%
CPX0000        0     0     2207.7785  9420   315015.0000    Cuts: 2356  7433169   99.30%
CPX0000        0     0     2210.7841  9239   315015.0000    Cuts: 2492  7503465   99.30%
CPX0000        0     0     2213.8383  9149   315015.0000    Cuts: 2243  7567751   99.30%
CPX0000        0     0     2216.8291  9454   315015.0000    Cuts: 2560  7637345   99.30%
CPX0000        0     0     2222.4681  8664   315015.0000    Cuts: 2359  7705326   99.29%
CPX0000        0     0     2227.2142  9192   315015.0000    Cuts: 2544  7767005   99.29%
CPX0000        0     0     2229.4149  8916   315015.0000    Cuts: 2605  7836746   99.29%
CPX0000        0     0     2230.9760  9207   315015.0000    Cuts: 2252  7920437   99.29%
CPX0000  Heuristic still looking.
CPX0000  Heuristic still looking.
CPX0000  *     0+    0                        49545.0000     2230.9760  7920437   95.50%
CPX0000  *     0+    0                         8130.0000     2230.9760  7920437   72.56%
[1m[30m[ZEN] [0m19:09:51 [1m[34m   8130.00[1m[32m   72.56%
[0mCPX0000        0     2     2230.9760  9206     8130.0000     2230.9760  7920437   72.56%
CPX0000  Elapsed time = 68991.41 sec. (20811400.09 ticks, tree = 0.00 MB
CPX0000        1     3     2236.5838  8736     8130.0000     2230.9760  7945539   72.56%
CPX0000        2     4     2230.9760  8732     8130.0000     2230.9760  7956185   72.56%
CPX0000        3     5     2230.9760  8779     8130.0000     2230.9760  7957070   72.56%
CPX0000        4     6     2230.9760  8742     8130.0000     2230.9760  7972517   72.56%
CPX0000        5     7     2230.9760  8810     8130.0000     2230.9760  7995401   72.56%
CPX0000        6     8     2233.0785  8759     8130.0000     2230.9760  8018547   72.56%
CPX0000        7     9     2230.9760  8665     8130.0000     2230.9760  8034996   72.56%
CPX0000        8    10     2230.9760  8692     8130.0000     2230.9760  8048606   72.56%
CPX0000        9    11     2233.0785  8646     8130.0000     2230.9760  8064476   72.56%
CPX0000       10    12     2230.9760  8583     8130.0000     2230.9760  8075745   72.56%
CPX0000  Elapsed time = 71301.41 sec. (21475883.73 ticks, tree = 0.29 MB
CPX0000       11    13     2236.1892  8687     8130.0000     2230.9760  8093140   72.56%
CPX0000       12    14     2233.0785  8434     8130.0000     2230.9760  8106264   72.56%
CPX0000       13    15     2233.0785  8690     8130.0000     2230.9760  8112749   72.56%
CPX0000       14    16     2233.0785  8364     8130.0000     2230.9760  8143636   72.56%
CPX0000       15    17     2233.0785  8393     8130.0000     2230.9760  8182148   72.56%
CPX0000       16    18     2233.0785  8369     8130.0000     2230.9760  8205791   72.56%
CPX0000       17    19     2233.0785  8485     8130.0000     2230.9760  8211348   72.56%
CPX0000       18    20     2233.0785  8510     8130.0000     2230.9760  8219014   72.56%
CPX0000       19    21     2233.0785  8649     8130.0000     2230.9760  8243418   72.56%
CPX0000       20    22     2233.0785  8416     8130.0000     2230.9760  8281125   72.56%
CPX0000  Elapsed time = 72008.94 sec. (21693734.57 ticks, tree = 2.33 MB
CPX0000       21    23     2233.1945  8300     8130.0000     2230.9760  8316949   72.56%
CPX0000       22    24     2233.1945  8368     8130.0000     2230.9760  8319252   72.56%
CPX0000       23    25     2234.2804  8276     8130.0000     2230.9760  8335658   72.56%
CPX0000       24    26     2234.3306  8380     8130.0000     2230.9760  8351434   72.56%
CPX0000       25    27     2234.2804  8463     8130.0000     2230.9760  8359540   72.56%
CPX0000       26    28     2234.3306  8361     8130.0000     2230.9760  8359826   72.56%
CPX0000       27    29     2234.3306  8394     8130.0000     2230.9760  8379564   72.56%
CPX0000       28    30     2234.3306  8447     8130.0000     2230.9760  8385463   72.56%
CPX0000       29    31     2234.3306  8386     8130.0000     2230.9760  8411400   72.56%
CPX0000       30    32     2234.3446  8352     8130.0000     2230.9760  8418869   72.56%
CPX0000  Elapsed time = 72194.50 sec. (21766573.99 ticks, tree = 4.38 MB
CPX0000       31    33     2234.3446  8451     8130.0000     2230.9760  8448527   72.56%
CPX0000       32    34     2234.3446  8375     8130.0000     2230.9760  8473440   72.56%
CPX0000       33    35     2234.3446  8406     8130.0000     2230.9760  8475011   72.56%
CPX0000       34    36     2236.3667  8502     8130.0000     2230.9760  8502268   72.56%
CPX0000       35    37     2234.3446  8538     8130.0000     2230.9760  8511804   72.56%
CPX0000       36    38     2234.9939  8439     8130.0000     2230.9760  8534427   72.56%
CPX0000       37    39     2235.0668  8545     8130.0000     2230.9760  8540063   72.56%
CPX0000       38    40     2237.0991  8561     8130.0000     2230.9760  8552456   72.56%
CPX0000       39    41     2235.0668  8497     8130.0000     2230.9760  8590127   72.56%
CPX0000       40    42     2235.0668  8477     8130.0000     2230.9760  8598379   72.56%
CPX0000  Elapsed time = 72507.24 sec. (21890146.37 ticks, tree = 8.19 MB
CPX0000       41    43     2235.0668  8429     8130.0000     2230.9760  8611660   72.56%
CPX0000       42    44     2235.0668  8421     8130.0000     2230.9760  8631515   72.56%
CPX0000       43    45     2235.0668  8411     8130.0000     2230.9760  8637153   72.56%
CPX0000       45    47     2236.5629  8254     8130.0000     2230.9760  8660351   72.56%
CPX0000       46    48     2236.7270  8248     8130.0000     2230.9760  8668893   72.56%
CPX0000       47    49     2236.7270  8227     8130.0000     2230.9760  8677229   72.56%
CPX0000       48    50     2236.7270  8237     8130.0000     2230.9760  8680542   72.56%
CPX0000       49    51     2236.9732  8179     8130.0000     2230.9760  8701848   72.56%
CPX0000       50    52     2236.9732  8182     8130.0000     2230.9760  8704027   72.56%
CPX0000       51    53     2239.5714  8250     8130.0000     2230.9760  8734092   72.56%
CPX0000  Elapsed time = 72629.87 sec. (21939106.76 ticks, tree = 9.39 MB
CPX0000       52    54     2236.9732  8409     8130.0000     2230.9760  8753953   72.56%
CPX0000       53    55     2239.5714  8329     8130.0000     2230.9760  8793070   72.56%
CPX0000       54    56     2244.4158  8235     8130.0000     2230.9760  8825105   72.56%
CPX0000       55    57     2239.5714  8415     8130.0000     2230.9760  8845922   72.56%
CPX0000       56    58     2244.4158  8474     8130.0000     2230.9760  8851541   72.56%
CPX0000       58    60     2244.4158  8198     8130.0000     2230.9760  8855792   72.56%
CPX0000       59    61     2244.4662  8136     8130.0000     2230.9760  8875511   72.56%
CPX0000       60    62     2244.4662  8116     8130.0000     2230.9760  8887373   72.56%
CPX0000       61    63     2244.4662  8155     8130.0000     2230.9760  8900773   72.56%
CPX0000       62    64     2245.8648  8162     8130.0000     2230.9760  8928109   72.56%
CPX0000  Elapsed time = 72892.44 sec. (22030216.86 ticks, tree = 11.47 MB
CPX0000       63    65     2244.4662  8252     8130.0000     2230.9760  8962257   72.56%
CPX0000       64    66     2244.6267  8421     8130.0000     2230.9760  8970688   72.56%
CPX0000       65    67     2244.4662  8191     8130.0000     2230.9760  8981532   72.56%
CPX0000       67    69     2244.7916  8131     8130.0000     2230.9760  8993235   72.56%
CPX0000       68    70     2244.8218  8177     8130.0000     2230.9760  9001598   72.56%
CPX0000       69    71     2247.2966  8073     8130.0000     2230.9760  9025413   72.56%
CPX0000       70    72     2248.2772  8332     8130.0000     2230.9760  9079173   72.56%
CPX0000       71    73     2251.9861  8430     8130.0000     2230.9760  9089616   72.56%
CPX0000       72    74     2248.2772  8215     8130.0000     2230.9760  9102544   72.56%
CPX0000       73    75     2248.2772  7863     8130.0000     2230.9760  9113612   72.56%
CPX0000  Elapsed time = 73141.15 sec. (22116691.54 ticks, tree = 11.79 MB
CPX0000       74    76     2248.2772  8024     8130.0000     2230.9760  9119902   72.56%
CPX0000       75    77     2264.1357  8031     8130.0000     2230.9760  9135575   72.56%
CPX0000       76    78     2248.2772  8030     8130.0000     2230.9760  9143213   72.56%
CPX0000       77    79     2254.5573  8056     8130.0000     2230.9760  9154036   72.56%
CPX0000       78    80     2248.2772  7915     8130.0000     2230.9760  9162663   72.56%
CPX0000       79    81     2248.2772  7872     8130.0000     2230.9760  9168995   72.56%
CPX0000       80    82     2248.2772  7835     8130.0000     2230.9760  9175832   72.56%
CPX0000       81    83     2248.2772  7876     8130.0000     2230.9760  9187247   72.56%
CPX0000       82    84     2253.6096  7913     8130.0000     2230.9760  9230070   72.56%
CPX0000       83    85     2248.2772  7814     8130.0000     2230.9760  9236861   72.56%
CPX0000  Elapsed time = 73325.50 sec. (22177852.74 ticks, tree = 12.08 MB
CPX0000       84    86     2248.2772  7791     8130.0000     2230.9760  9248579   72.56%
CPX0000       85    87     2248.2772  7811     8130.0000     2230.9760  9262481   72.56%
CPX0000       86    88     2248.2772  7808     8130.0000     2230.9760  9279426   72.56%
CPX0000       87    89     2248.2772  7742     8130.0000     2230.9760  9289726   72.56%
CPX0000       88    90     2248.2772  7789     8130.0000     2230.9760  9297277   72.56%
CPX0000       89    91     2253.0714  7734     8130.0000     2230.9760  9322533   72.56%
CPX0000       90    92     2255.7824  7993     8130.0000     2230.9760  9349160   72.56%
CPX0000       91    93     2261.1704  7777     8130.0000     2230.9760  9371971   72.56%
CPX0000       92    94     2261.1704  7768     8130.0000     2230.9760  9387877   72.56%
CPX0000       93    95     2261.1704  7750     8130.0000     2230.9760  9399425   72.56%
CPX0000  Elapsed time = 73456.21 sec. (22225709.59 ticks, tree = 12.37 MB
CPX0000       94    96     2261.1704  7303     8130.0000     2230.9760  9413078   72.56%
CPX0000       95    97     2261.1704  6937     8130.0000     2230.9760  9479288   72.56%
CPX0000       96    98     2261.1704  6672     8130.0000     2230.9760  9527228   72.56%
CPX0000       97    99     2261.1704  6864     8130.0000     2230.9760  9565801   72.56%
CPX0000       98   100     2261.1704  6597     8130.0000     2230.9760  9714388   72.56%
CPX0000       99   101     2261.1704  6543     8130.0000     2230.9760  9717176   72.56%
CPX0000      100   102     2261.1704  6376     8130.0000     2230.9760  9722615   72.56%
CPX0000      102   104     2261.1704  6371     8130.0000     2230.9760  9728013   72.56%
CPX0000      103   105     2261.1704  6251     8130.0000     2230.9760  9732305   72.56%
CPX0000      105   107     2266.2348  6091     8130.0000     2230.9760  9765437   72.56%
CPX0000  Elapsed time = 76116.46 sec. (22881903.89 ticks, tree = 12.72 MB
CPX0000      107   109     2266.2348  6061     8130.0000     2230.9760  9785942   72.56%
CPX0000      108   110     2266.7629  6137     8130.0000     2230.9760  9812246   72.56%
CPX0000      109   111     2266.7142  6168     8130.0000     2230.9760  9847207   72.56%
CPX0000      112   114     2266.7629  6128     8130.0000     2230.9760  9891905   72.56%
CPX0000      113   115     2266.7629  6088     8130.0000     2230.9760  9912969   72.56%
CPX0000      115   117     2266.7629  6087     8130.0000     2230.9760  9933026   72.56%
CPX0000      116   118     2266.7629  6097     8130.0000     2230.9760  9954310   72.56%
CPX0000      117   119     2266.7629  6100     8130.0000     2230.9760 10004210   72.56%
CPX0000      119   121     2266.7629  6092     8130.0000     2230.9760 10026462   72.56%
CPX0000      120   122     2276.5713  6086     8130.0000     2230.9760 10041882   72.56%
CPX0000  Elapsed time = 76280.78 sec. (22948755.78 ticks, tree = 13.16 MB
CPX0000      122   124     2266.7717  6133     8130.0000     2230.9760 10084062   72.56%
CPX0000      123   125     2266.7686  6138     8130.0000     2230.9760 10126223   72.56%
CPX0000      124   126     2266.7737  6074     8130.0000     2230.9760 10183533   72.56%
CPX0000      126   128     2266.7737  6136     8130.0000     2230.9760 10209929   72.56%
CPX0000      127   129     2266.7737  6107     8130.0000     2230.9760 10238509   72.56%
CPX0000      128   130     2266.7737  6117     8130.0000     2230.9760 10258152   72.56%
CPX0000      129   131     2266.7737  6146     8130.0000     2230.9760 10321659   72.56%
CPX0000      130   132     2276.7175  6044     8130.0000     2230.9760 10339750   72.56%
CPX0000      132   134     2266.7737  6140     8130.0000     2230.9760 10381846   72.56%
CPX0000      134   136     2266.7737  6146     8130.0000     2230.9760 10428897   72.56%
CPX0000  Elapsed time = 76505.59 sec. (23039623.12 ticks, tree = 13.55 MB
CPX0000      135   137     2271.4094  6215     8130.0000     2230.9760 10460814   72.56%
CPX0000      136   138     2267.6172  6148     8130.0000     2230.9760 10483468   72.56%
CPX0000      137   139     2271.4094  6324     8130.0000     2230.9760 10521816   72.56%
CPX0000      138   140     2267.6172  6137     8130.0000     2230.9760 10549838   72.56%
CPX0000      139   141     2267.6172  6135     8130.0000     2230.9760 10570759   72.56%
CPX0000      141   143     2269.4746  6131     8130.0000     2230.9760 10596247   72.56%
CPX0000      142   144     2269.4966  6099     8130.0000     2230.9760 10619989   72.56%
CPX0000      144   146     2269.5361  6206     8130.0000     2230.9760 10663906   72.56%
CPX0000      145   147     2269.5910  6048     8130.0000     2230.9760 10687239   72.56%
CPX0000      146   148     2272.5349  6068     8130.0000     2230.9760 10710730   72.56%
CPX0000  Elapsed time = 76677.81 sec. (23110652.74 ticks, tree = 13.90 MB
CPX0000      147   149     2274.3741  6158     8130.0000     2230.9760 10732407   72.56%
CPX0000      149   151     2276.4055  6090     8130.0000     2230.9760 10747783   72.56%
CPX0000      150   152     2272.5349  6059     8130.0000     2230.9760 10777990   72.56%
CPX0000      153   155     2272.5349  6049     8130.0000     2230.9760 10805102   72.56%
CPX0000      154   156     2274.2074  6028     8130.0000     2230.9760 10830647   72.56%
CPX0000      157   159     2274.2074  6013     8130.0000     2230.9760 10851736   72.56%
CPX0000      159   161     2276.9272  5981     8130.0000     2230.9760 10875801   72.56%
CPX0000      160   162     2276.6460  5971     8130.0000     2230.9760 10884109   72.56%
CPX0000      161   163     2276.8048  6159     8130.0000     2230.9760 10905965   72.56%
CPX0000      162   164     2282.0514  6025     8130.0000     2230.9760 10926690   72.56%
CPX0000  Elapsed time = 76967.22 sec. (23206018.25 ticks, tree = 14.40 MB
CPX0000      164   166     2282.1442  6013     8130.0000     2230.9760 10945023   72.56%
CPX0000      165   167     2283.6953  6078     8130.0000     2230.9760 10984231   72.56%
CPX0000      168   170     2283.0817  6003     8130.0000     2230.9760 11003583   72.56%
CPX0000      170   172     2283.7859  5896     8130.0000     2230.9760 11024942   72.56%
CPX0000      171   173     2291.0576  6082     8130.0000     2230.9760 11047436   72.56%
CPX0000      173   175     2300.5548  6013     8130.0000     2230.9760 11075479   72.56%
CPX0000      174   176     2286.0615  5981     8130.0000     2230.9760 11101910   72.56%
CPX0000      176   178     2305.3892  5845     8130.0000     2230.9760 11125079   72.56%
CPX0000      178   180     2310.8802  6016     8130.0000     2230.9760 11148509   72.56%
CPX0000      180   182     2310.9642  5992     8130.0000     2230.9760 11178387   72.56%
CPX0000  Elapsed time = 77430.06 sec. (23353020.18 ticks, tree = 14.94 MB
CPX0000      184   186     2314.3977  5724     8130.0000     2230.9760 11200713   72.56%
CPX0000      186   188     2314.3977  5665     8130.0000     2230.9760 11212436   72.56%
CPX0000      188   190     2315.8977  5255     8130.0000     2230.9760 11234214   72.56%
CPX0000      189   191     2315.8977  5112     8130.0000     2230.9760 11246528   72.56%
CPX0000      192   194     2315.8977  5106     8130.0000     2230.9760 11261722   72.56%
CPX0000      193   195     2315.8977  5009     8130.0000     2230.9760 11277009   72.56%
CPX0000      195   197     2315.8977  4892     8130.0000     2230.9760 11292239   72.56%
CPX0000      196   198     2315.8977  4903     8130.0000     2230.9760 11300020   72.56%
CPX0000      197   199     2315.8977  4870     8130.0000     2230.9760 11307352   72.56%
CPX0000      199   201     2316.2680  4850     8130.0000     2230.9760 11317347   72.56%
CPX0000  Elapsed time = 77673.17 sec. (23424973.21 ticks, tree = 15.52 MB
CPX0000      201   203     2317.5898  4758     8130.0000     2230.9760 11334078   72.56%
CPX0000      204   206     2317.5898  4742     8130.0000     2230.9760 11349605   72.56%
CPX0000      205   207     2327.1731  4730     8130.0000     2230.9760 11360561   72.56%
CPX0000      207   209     2322.5898  4735     8130.0000     2230.9760 11377608   72.56%
CPX0000      209   211     2321.7565  4591     8130.0000     2230.9760 11391807   72.56%
CPX0000      212   214     2327.9770  4618     8130.0000     2230.9760 11406750   72.56%
CPX0000      217   219     2322.8474  4594     8130.0000     2230.9760 11420035   72.56%
CPX0000      220   222     2323.5616  4564     8130.0000     2230.9760 11449344   72.56%
CPX0000      223   225     2323.5616  4585     8130.0000     2230.9760 11469507   72.56%
CPX0000      225   227     2323.5616  4603     8130.0000     2230.9760 11491890   72.56%
CPX0000  Elapsed time = 77864.59 sec. (23487361.68 ticks, tree = 16.28 MB
CPX0000      229   231     2324.7206  4740     8130.0000     2230.9760 11517114   72.56%
CPX0000      231   233     2323.5885  4668     8130.0000     2230.9760 11533853   72.56%
CPX0000      234   236     2329.4747  4493     8130.0000     2230.9760 11554780   72.56%
CPX0000      236   238     2331.3497  4491     8130.0000     2230.9760 11574048   72.56%
CPX0000      239   241     2335.8090  4444     8130.0000     2230.9760 11583724   72.56%
CPX0000      241   243     2335.8090  4419     8130.0000     2230.9760 11593547   72.56%
CPX0000      244   246     2340.2534  4429     8130.0000     2230.9760 11618058   72.56%
CPX0000      247   249     2335.8090  4449     8130.0000     2230.9760 11640576   72.56%
CPX0000      251   253     2335.8090  4447     8130.0000     2230.9760 11649314   72.56%
CPX0000      254   256     2336.2228  4429     8130.0000     2230.9760 11657621   72.56%
CPX0000  Elapsed time = 78044.96 sec. (23546111.67 ticks, tree = 17.18 MB
CPX0000      258   260     2338.7037  4269     8130.0000     2230.9760 11683596   72.56%
CPX0000      265   267     2339.6244  4289     8130.0000     2230.9760 11697201   72.56%
CPX0000      267   269     2339.6244  4239     8130.0000     2230.9760 11712418   72.56%
CPX0000      269   271     2344.6244  4205     8130.0000     2230.9760 11726528   72.56%
CPX0000      274   276     2344.6244  4166     8130.0000     2230.9760 11737745   72.56%
CPX0000      277   279     2350.3386  4149     8130.0000     2230.9760 11757312   72.56%
CPX0000      279   281     2350.3386  4139     8130.0000     2230.9760 11771874   72.56%
CPX0000      281   283     2353.1164  4181     8130.0000     2230.9760 11786951   72.56%
CPX0000      284   286     2353.1164  4146     8130.0000     2230.9760 11803845   72.56%
CPX0000      287   289     2353.1164  4125     8130.0000     2230.9760 11824232   72.56%
CPX0000  Elapsed time = 78232.77 sec. (23609452.73 ticks, tree = 18.26 MB
CPX0000      289   291     2380.4857  4179     8130.0000     2230.9760 11848270   72.56%
CPX0000      291   293     2354.7136  4189     8130.0000     2230.9760 11862773   72.56%
CPX0000      294   296     2356.5886  4089     8130.0000     2230.9760 11871807   72.56%
CPX0000      296   298     2365.0648  4026     8130.0000     2230.9760 11887527   72.56%
CPX0000      299   301     2373.7315  4012     8130.0000     2230.9760 11908582   72.56%
CPX0000  *   300+  300                         7235.0000     2230.9760 11919633   69.16%
CPX0000  *   300+  300                         7195.0000     2230.9760 11919633   68.99%
CPX0000  *   300+  300                         7080.0000     2230.9760 11919633   68.49%
CPX0000      300   302     2367.8784  4096     7080.0000     2230.9760 11919633   68.49%
[1m[30m[ZEN] [0m21:48:20 [1m[34m   7080.00[1m[32m   68.49%
[0mCPX0000      303   305     2383.6345  4027     7080.0000     2230.9760 11940802   68.49%
CPX0000      306   308     2368.4345  4070     7080.0000     2230.9760 11985633   68.49%
CPX0000      309   311     2371.5833  4072     7080.0000     2230.9760 12003748   68.49%
CPX0000      312   314     2369.1116  4092     7080.0000     2230.9760 12028316   68.49%
CPX0000  Elapsed time = 78552.64 sec. (23711496.58 ticks, tree = 19.05 MB
CPX0000      314   316     2370.5713  4281     7080.0000     2230.9760 12056087   68.49%
CPX0000      319   321     2371.3635  4018     7080.0000     2230.9760 12074613   68.49%
CPX0000      322   324     2372.3164  4004     7080.0000     2230.9760 12097070   68.49%
CPX0000      325   327     2377.3164  3990     7080.0000     2230.9760 12114778   68.49%
CPX0000      328   330     2383.6021  4120     7080.0000     2230.9760 12145678   68.49%
CPX0000      330   332     2380.9830  3974     7080.0000     2230.9760 12161929   68.49%
CPX0000      331   333     2372.3164  4039     7080.0000     2230.9760 12172491   68.49%
CPX0000      332   334     2380.9830  3966     7080.0000     2230.9760 12183032   68.49%
CPX0000      334   336     2385.6973  3977     7080.0000     2230.9760 12211616   68.49%
CPX0000      336   338     2391.5306  3986     7080.0000     2230.9760 12226082   68.49%
CPX0000  Elapsed time = 78762.25 sec. (23780989.11 ticks, tree = 19.82 MB
CPX0000      340   342     2385.6973  3973     7080.0000     2230.9760 12234576   68.49%
CPX0000      344   346     2400.6973  3962     7080.0000     2230.9760 12245840   68.49%
CPX0000      346   348     2416.6820  3944     7080.0000     2230.9760 12257462   68.49%
CPX0000      348   350     2402.1487  3979     7080.0000     2230.9760 12269107   68.49%
CPX0000      349   351     2407.9820  3950     7080.0000     2230.9760 12279956   68.49%
CPX0000      352   354     2412.5654  3958     7080.0000     2230.9760 12288966   68.49%
CPX0000      355   357     2455.8987  3951     7080.0000     2230.9760 12298576   68.49%
CPX0000      358   360     2455.8987  3920     7080.0000     2230.9760 12311757   68.49%
CPX0000      360   362     2455.8987  3950     7080.0000     2230.9760 12324832   68.49%
CPX0000      362   364     2455.8987  3916     7080.0000     2230.9760 12333943   68.49%
CPX0000  Elapsed time = 78986.79 sec. (23850812.33 ticks, tree = 20.66 MB
CPX0000      365   367     2407.5654  4016     7080.0000     2230.9760 12344937   68.49%
CPX0000      366   368     2455.8987  3922     7080.0000     2230.9760 12357857   68.49%
CPX0000      368   370     2417.5654  3940     7080.0000     2230.9760 12370710   68.49%
CPX0000      369   371     2419.2320  3963     7080.0000     2230.9760 12382833   68.49%
CPX0000      370   372     2417.5654  3954     7080.0000     2230.9760 12393392   68.49%
CPX0000      371   373     2420.6559  3912     7080.0000     2230.9760 12412495   68.49%
CPX0000      376   378     2432.8226  3891     7080.0000     2230.9760 12440193   68.49%
CPX0000      378   380     2429.8226  3902     7080.0000     2230.9760 12456066   68.49%
CPX0000      379   381     2469.8226  3825     7080.0000     2230.9760 12479568   68.49%
CPX0000      383   385     2433.9893  3845     7080.0000     2230.9760 12492784   68.49%
CPX0000  Elapsed time = 79217.16 sec. (23919074.50 ticks, tree = 21.34 MB
CPX0000      385   387     2442.3226  3868     7080.0000     2230.9760 12505600   68.49%
CPX0000      387   389     2433.9893  3884     7080.0000     2230.9760 12515736   68.49%
CPX0000      389   391     2437.3226  3829     7080.0000     2230.9760 12525495   68.49%
CPX0000      392   394     2437.3226  3839     7080.0000     2230.9760 12534436   68.49%
CPX0000      398   400     2453.9530  3799     7080.0000     2230.9760 12544474   68.49%
CPX0000  *   400+  400                         5925.0000     2230.9760 12546473   62.35%
CPX0000  *   400+  400                         5835.0000     2230.9760 12546473   61.77%
CPX0000  *   400+  400                         5710.0000     2230.9760 12546473   60.93%
CPX0000  *   400+  400                         5675.0000     2230.9760 12546473   60.69%
CPX0000      400   402     2453.9530  3813     5675.0000     2230.9760 12546473   60.69%
[1m[30m[ZEN] [0m22:01:43 [1m[34m   5675.00[1m[32m   60.69%
[0mCPX0000      403   405     2480.6197  3765     5675.0000     2230.9760 12564597   60.69%
CPX0000      405   407     2455.6197  3785     5675.0000     2230.9760 12577831   60.69%
CPX0000      407   409     2470.6197  3778     5675.0000     2230.9760 12586764   60.69%
CPX0000      410   412     2470.6197  3758     5675.0000     2230.9760 12603149   60.69%
CPX0000  Elapsed time = 79377.41 sec. (23975881.31 ticks, tree = 22.23 MB
CPX0000      412   414     2470.6197  3775     5675.0000     2230.9760 12619303   60.69%
CPX0000      415   417     2470.6197  3843     5675.0000     2230.9760 12629856   60.69%
CPX0000      417   419     2470.6197  3783     5675.0000     2230.9760 12641735   60.69%
CPX0000      422   424     2470.6287  3775     5675.0000     2230.9760 12656613   60.69%
CPX0000      426   428     2474.8316  3833     5675.0000     2230.9760 12672820   60.69%
CPX0000      429   431     2483.9620  3754     5675.0000     2230.9760 12688311   60.69%
CPX0000      433   435     2476.1049  3705     5675.0000     2230.9760 12698217   60.69%
CPX0000      435   437     2476.1049  3708     5675.0000     2230.9760 12707220   60.69%
CPX0000      438   440     2491.1049  3676     5675.0000     2230.9760 12716746   60.69%
CPX0000      440   442     2491.1049  3692     5675.0000     2230.9760 12722555   60.69%
CPX0000  Elapsed time = 79571.62 sec. (24035749.36 ticks, tree = 23.19 MB
CPX0000      446   448     2514.8549  3703     5675.0000     2230.9760 12735905   60.69%
CPX0000      449   451     2506.1049  3670     5675.0000     2230.9760 12749238   60.69%
CPX0000      451   453     2498.9096  3637     5675.0000     2230.9760 12763957   60.69%
CPX0000      454   456     2498.9096  3661     5675.0000     2230.9760 12786662   60.69%
CPX0000      457   459     2498.9096  3651     5675.0000     2230.9760 12807923   60.69%
CPX0000      461   463     2499.2566  3775     5675.0000     2230.9760 12838966   60.69%
CPX0000      468   470     2498.9119  3626     5675.0000     2230.9760 12859617   60.69%
CPX0000      469   471     2505.5786  3651     5675.0000     2230.9760 12872027   60.69%
CPX0000      472   474     2501.2335  3637     5675.0000     2230.9760 12888524   60.69%
CPX0000      475   477     2501.9771  3672     5675.0000     2230.9760 12917971   60.69%
CPX0000  Elapsed time = 79725.72 sec. (24090483.20 ticks, tree = 24.36 MB
CPX0000      478   480     2507.5525  3626     5675.0000     2230.9760 12938555   60.69%
CPX0000      482   484     2514.9508  3847     5675.0000     2230.9760 12987908   60.69%
CPX0000      484   486     2510.5018  3955     5675.0000     2230.9760 13014595   60.69%
CPX0000      487   489     2519.2399  3584     5675.0000     2230.9760 13041018   60.69%
CPX0000      489   491     2517.7562  3644     5675.0000     2230.9760 13060015   60.69%
CPX0000      491   493     2519.7271  3649     5675.0000     2230.9760 13080406   60.69%
CPX0000      493   495     2523.7479  3614     5675.0000     2230.9760 13104758   60.69%
CPX0000      495   497     2548.7209  3614     5675.0000     2230.9760 13131494   60.69%
CPX0000      497   499     2534.4771  3597     5675.0000     2230.9760 13158175   60.69%
CPX0000  *   500+  500                         4750.0000     2230.9760 13171681   53.03%
CPX0000  *   500+  500                         4695.0000     2230.9760 13171681   52.48%
CPX0000  *   500+  500                         4650.0000     2230.9760 13171681   52.02%
CPX0000  *   500+  500                         4635.0000     2230.9760 13171681   51.87%
CPX0000      500   502     2534.4771  3554     4635.0000     2230.9760 13171681   51.87%
CPX0000  Elapsed time = 79889.95 sec. (24164254.35 ticks, tree = 25.23 MB
[1m[30m[ZEN] [0m22:11:29 [1m[34m   4635.00[1m[32m   51.87%
[0mCPX0000      503   505     2534.4771  3570     4635.0000     2230.9760 13190827   51.87%
CPX0000      504   506     2541.1437  3613     4635.0000     2230.9760 13203355   51.87%
CPX0000      507   509     2534.4771  3547     4635.0000     2230.9760 13220333   51.87%
CPX0000      509   511     2534.4771  3543     4635.0000     2230.9760 13238966   51.87%
CPX0000      511   513     2539.1706  3517     4635.0000     2230.9760 13261062   51.87%
CPX0000      513   515     2546.5053  3493     4635.0000     2230.9760 13279485   51.87%
CPX0000      516   518     2541.0362  3446     4635.0000     2230.9760 13289733   51.87%
CPX0000      517   519     2590.3425  3469     4635.0000     2230.9760 13303073   51.87%
CPX0000      519   521     2546.7316  3441     4635.0000     2230.9760 13320569   51.87%
CPX0000      520   522     2541.0362  3492     4635.0000     2230.9760 13328210   51.87%
CPX0000  Elapsed time = 80146.01 sec. (24244563.95 ticks, tree = 25.89 MB
CPX0000      521   523     2542.3760  3450     4635.0000     2230.9760 13346713   51.87%
CPX0000      524   526     2542.3760  3452     4635.0000     2230.9760 13358707   51.87%
CPX0000      526   528     2551.6822  3417     4635.0000     2230.9760 13373152   51.87%
CPX0000      528   530     2551.6822  3377     4635.0000     2230.9760 13383743   51.87%
CPX0000      532   534     2558.1108  3455     4635.0000     2230.9760 13396958   51.87%
CPX0000      533   535     2558.3488  3438     4635.0000     2230.9760 13406062   51.87%
CPX0000      537   539     2576.6822  3473     4635.0000     2230.9760 13419125   51.87%
CPX0000      540   542     2584.1822  3424     4635.0000     2230.9760 13428043   51.87%
CPX0000      543   545     2571.6822  3434     4635.0000     2230.9760 13438551   51.87%
CPX0000      545   547     2571.6822  3422     4635.0000     2230.9760 13448059   51.87%
CPX0000  Elapsed time = 80312.96 sec. (24296543.17 ticks, tree = 26.77 MB
CPX0000      549   551     2577.3775  3332     4635.0000     2230.9760 13473189   51.87%
CPX0000      552   554     2583.3775  3332     4635.0000     2230.9760 13485130   51.87%
CPX0000      555   557     2583.3775  3290     4635.0000     2230.9760 13496519   51.87%
CPX0000      558   560     2583.3775  3288     4635.0000     2230.9760 13505547   51.87%
CPX0000      566   568     2592.3775  3272     4635.0000     2230.9760 13514672   51.87%
CPX0000      572   574     2597.5279  3221     4635.0000     2230.9760 13524326   51.87%
CPX0000      573   575     2597.5279  3245     4635.0000     2230.9760 13534814   51.87%
CPX0000      574   576     2605.6231  3250     4635.0000     2230.9760 13546603   51.87%
CPX0000      576   578     2608.6648  3189     4635.0000     2230.9760 13560110   51.87%
CPX0000      580   582     2610.7134  3134     4635.0000     2230.9760 13569484   51.87%
CPX0000  Elapsed time = 80463.80 sec. (24347714.84 ticks, tree = 27.98 MB
CPX0000      583   585     2610.7134  3132     4635.0000     2230.9760 13578929   51.87%
CPX0000      587   589     2625.6023  3079     4635.0000     2230.9760 13595034   51.87%
CPX0000      592   594     2615.6023  3128     4635.0000     2230.9760 13606455   51.87%
CPX0000      594   596     2615.6023  3128     4635.0000     2230.9760 13618047   51.87%
CPX0000      597   599     2618.1023  3116     4635.0000     2230.9760 13630643   51.87%
CPX0000  *   600+  600                         4580.0000     2230.9760 13640531   51.29%
CPX0000  *   600+  600                         4480.0000     2230.9760 13640531   50.20%
CPX0000  *   600+  600                         4450.0000     2230.9760 13640531   49.87%
CPX0000  *   600+  600                         4440.0000     2230.9760 13640531   49.75%
CPX0000  *   600+  600                         4410.0000     2230.9760 13640531   49.41%
CPX0000  *   600+  600                         4380.0000     2230.9760 13640531   49.06%
CPX0000      600   602     2618.1023  3081     4380.0000     2230.9760 13640531   49.06%
[1m[30m[ZEN] [0m22:23:32 [1m[34m   4380.00[1m[32m   49.06%
[0mCPX0000      608   610     2640.6023  3128     4380.0000     2230.9760 13654235   49.06%
CPX0000      612   614     2625.6023  3104     4380.0000     2230.9760 13668858   49.06%
CPX0000      616   618     2665.6023  3113     4380.0000     2230.9760 13681546   49.06%
CPX0000      620   622     2642.4444  3070     4380.0000     2230.9760 13695812   49.06%
CPX0000  Elapsed time = 80671.41 sec. (24421887.31 ticks, tree = 29.34 MB
CPX0000      624   626     2642.4444  3054     4380.0000     2230.9760 13707705   49.06%
CPX0000      627   629     2669.9444  3083     4380.0000     2230.9760 13720271   49.06%
CPX0000      632   634     2666.4444  3071     4380.0000     2230.9760 13732448   49.06%
CPX0000      635   637     2666.4444  3055     4380.0000     2230.9760 13744708   49.06%
CPX0000      641   643     2666.8888  3062     4380.0000     2230.9760 13757467   49.06%
CPX0000      644   646     2674.3888  3090     4380.0000     2230.9760 13779717   49.06%
CPX0000      649   651     2667.0555  3071     4380.0000     2230.9760 13803284   49.06%
CPX0000      654   656     2667.0555  3078     4380.0000     2230.9760 13823045   49.06%
CPX0000      656   658     2670.5555  3085     4380.0000     2230.9760 13845413   49.06%
CPX0000      659   661     2679.1047  3020     4380.0000     2230.9760 13869775   49.06%
CPX0000  Elapsed time = 80779.47 sec. (24466039.01 ticks, tree = 30.75 MB
CPX0000      662   664     2688.2532  3055     4380.0000     2230.9760 13889020   49.06%
CPX0000      666   668     2688.8816  3091     4380.0000     2230.9760 13913307   49.06%
CPX0000      673   675     2688.8017  3052     4380.0000     2230.9760 13931362   49.06%
CPX0000      676   678     2694.1391  3244     4380.0000     2230.9760 13960486   49.06%
CPX0000      680   682     2697.3425  3037     4380.0000     2230.9760 13984537   49.06%
CPX0000      683   685     2702.2572  3204     4380.0000     2230.9760 14007009   49.06%
CPX0000      686   688     2703.0347  3165     4380.0000     2230.9760 14025177   49.06%
CPX0000      691   693     2714.7986  3159     4380.0000     2230.9760 14045714   49.06%
CPX0000      698   700     2715.9382  3299     4380.0000     2230.9760 14065415   49.06%
CPX0000  *   700+  700                         4260.0000     2230.9760 14080400   47.63%
CPX0000  *   700+  700                         4195.0000     2230.9760 14080400   46.82%
CPX0000      700   702     2718.7281  2971     4195.0000     2230.9760 14080400   46.82%
CPX0000  Elapsed time = 80928.48 sec. (24539926.72 ticks, tree = 32.22 MB
[1m[30m[ZEN] [0m22:28:48 [1m[34m   4195.00[1m[32m   46.82%
[0mCPX0000      703   705     2725.1656  3079     4195.0000     2230.9760 14102255   46.82%
CPX0000      707   709     2725.4781  3039     4195.0000     2230.9760 14117416   46.82%
CPX0000      710   712     2726.7281  2954     4195.0000     2230.9760 14128413   46.82%
CPX0000      713   715     2731.8844  3099     4195.0000     2230.9760 14151531   46.82%
CPX0000      716   718     2733.2167  3085     4195.0000     2230.9760 14179799   46.82%
CPX0000      719   721     2748.2698  3050     4195.0000     2230.9760 14207527   46.82%
CPX0000      720   722     2740.4781  3182     4195.0000     2230.9760 14213120   46.82%
CPX0000      724   726     2749.2698  3053     4195.0000     2230.9760 14235996   46.82%
CPX0000      728   730     2751.1448  3059     4195.0000     2230.9760 14261523   46.82%
CPX0000      731   733     2752.5733  3094     4195.0000     2230.9760 14284812   46.82%
CPX0000  Elapsed time = 82001.78 sec. (24849577.66 ticks, tree = 33.30 MB
CPX0000      736   738     2761.9245  3084     4195.0000     2230.9760 14306036   46.82%
CPX0000      742   744     2788.1835  3052     4195.0000     2230.9760 14328095   46.82%
CPX0000      748   750     2774.0079  3025     4195.0000     2230.9760 14350945   46.82%
CPX0000      755   757     2782.5793  2971     4195.0000     2230.9760 14373072   46.82%
CPX0000      759   761     2790.0793  2999     4195.0000     2230.9760 14405547   46.82%
CPX0000      760   762     2790.7579  2968     4195.0000     2230.9760 14407699   46.82%
CPX0000      764   766     2798.9302  3062     4195.0000     2230.9760 14432531   46.82%
CPX0000      767   769     2800.9894  3020     4195.0000     2230.9760 14454760   46.82%
CPX0000      770   772     2827.7579  2910     4195.0000     2230.9760 14478891   46.82%
CPX0000      775   777     2841.8982  2996     4195.0000     2230.9760 14503691   46.82%
CPX0000  Elapsed time = 82113.59 sec. (24897012.06 ticks, tree = 34.95 MB
CPX0000      782   784     2844.0079  2899     4195.0000     2230.9760 14527878   46.82%
CPX0000      786   788     2844.0079  2954     4195.0000     2230.9760 14553219   46.82%
CPX0000      792   794     2844.0079  2966     4195.0000     2230.9760 14573955   46.82%
CPX0000      796   798     2844.4245  3064     4195.0000     2230.9760 14604617   46.82%
CPX0000      799   801     2846.0650  3120     4195.0000     2230.9760 14630090   46.82%
CPX0000  *   800+  800                         4055.0000     2230.9760 14635903   44.98%
CPX0000  *   800+  800                         4005.0000     2230.9760 14635903   44.30%
CPX0000      800   802     2844.0079  3068     4005.0000     2230.9760 14635903   44.30%
[1m[30m[ZEN] [0m22:50:03 [1m[34m   4005.00[1m[32m   44.30%
[0mCPX0000      805   807     2851.1948  3036     4005.0000     2230.9760 14659494   44.30%
CPX0000      811   813     2853.3829  2983     4005.0000     2230.9760 14680369   44.30%
CPX0000      817   819     2853.4310  3002     4005.0000     2230.9760 14707537   44.30%
CPX0000      820   822     2855.0555  2955     4005.0000     2230.9760 14718271   44.30%
CPX0000  Elapsed time = 82252.97 sec. (24964196.20 ticks, tree = 36.57 MB
CPX0000      823   825     2855.0555  2975     4005.0000     2230.9760 14729197   44.30%
CPX0000      826   828     2857.7222  3007     4005.0000     2230.9760 14747727   44.30%
CPX0000      832   834     2857.7222  2981     4005.0000     2230.9760 14759283   44.30%
CPX0000      834   836     2888.2222  2922     4005.0000     2230.9760 14793398   44.30%
CPX0000      838   840     2859.6577  2933     4005.0000     2230.9760 14810267   44.30%
CPX0000      842   844     2859.6577  2937     4005.0000     2230.9760 14821458   44.30%
CPX0000      843   845     2877.8395  2877     4005.0000     2230.9760 14841835   44.30%
CPX0000      845   847     2877.8395  2959     4005.0000     2230.9760 14869961   44.30%
CPX0000      848   850     2869.4285  2883     4005.0000     2230.9760 14890570   44.30%
CPX0000      854   856     2869.4285  2905     4005.0000     2230.9760 14901528   44.30%
CPX0000  Elapsed time = 82432.66 sec. (25025336.36 ticks, tree = 37.84 MB
CPX0000      855   857     2882.5535  2904     4005.0000     2230.9760 14914174   44.30%
CPX0000      857   859     2915.9910  2902     4005.0000     2230.9760 14940127   44.30%
CPX0000      860   862     2881.6160  2862     4005.0000     2230.9760 14950887   44.30%
CPX0000      864   866     2914.8799  2832     4005.0000     2230.9760 14961807   44.30%
CPX0000      867   869     2899.1160  2870     4005.0000     2230.9760 14972964   44.30%
CPX0000      869   871     2899.1160  2839     4005.0000     2230.9760 14987246   44.30%
CPX0000      875   877     2906.8660  2890     4005.0000     2230.9760 15002125   44.30%
CPX0000      879   881     2905.5327  2730     4005.0000     2230.9760 15015873   44.30%
CPX0000      880   882     2906.5327  2734     4005.0000     2230.9760 15018917   44.30%
CPX0000      884   886     2905.8736  2634     4005.0000     2230.9760 15039544   44.30%
CPX0000  Elapsed time = 82576.04 sec. (25076109.15 ticks, tree = 39.01 MB
CPX0000      890   892     2910.8736  2644     4005.0000     2230.9760 15058107   44.30%
CPX0000      892   894     2910.8736  2684     4005.0000     2230.9760 15075951   44.30%
CPX0000      896   898     2912.7486  2614     4005.0000     2230.9760 15095036   44.30%
CPX0000  *   900+  900                         3865.0000     2230.9760 15107634   42.28%
CPX0000      900   902     2912.7486  2608     3865.0000     2230.9760 15107634   42.28%
[1m[30m[ZEN] [0m22:57:45 [1m[34m   3865.00[1m[32m   42.28%
[0mCPX0000      905   907     2912.8691  2578     3865.0000     2230.9760 15130079   42.28%
CPX0000      911   913     2928.7024  2541     3865.0000     2230.9760 15149286   42.28%
CPX0000      916   918     2922.3929  2552     3865.0000     2230.9760 15164922   42.28%
CPX0000      920   922     2921.2024  2506     3865.0000     2230.9760 15180012   42.28%
CPX0000      922   924     2936.2024  2381     3865.0000     2230.9760 15217805   42.28%
CPX0000      925   927     2952.8691  2361     3865.0000     2230.9760 15237429   42.28%
CPX0000  Elapsed time = 82765.23 sec. (25158663.18 ticks, tree = 40.57 MB
CPX0000      927   929     2952.8691  2375     3865.0000     2230.9760 15255908   42.28%
CPX0000      931   933     2956.2024  2354     3865.0000     2230.9760 15274479   42.28%
CPX0000      933   935     2965.0913  2388     3865.0000     2230.9760 15291472   42.28%
CPX0000      937   939     2976.7580  2351     3865.0000     2230.9760 15305022   42.28%
CPX0000      941   943     2986.7580  2372     3865.0000     2230.9760 15319270   42.28%
CPX0000      944   946     3041.7580  2447     3865.0000     2230.9760 15335294   42.28%
CPX0000      950   952     2986.7818  2395     3865.0000     2230.9760 15357576   42.28%
CPX0000      953   955     2987.0166  2416     3865.0000     2230.9760 15371415   42.28%
CPX0000      958   960     2987.3508  2407     3865.0000     2230.9760 15397754   42.28%
CPX0000      960   962     2987.3508  2401     3865.0000     2230.9760 15406555   42.28%
CPX0000  Elapsed time = 82892.53 sec. (25203661.28 ticks, tree = 41.98 MB
CPX0000      963   965     3041.0737  2569     3865.0000     2230.9760 15431786   42.28%
CPX0000      967   969     3023.2560  2362     3865.0000     2230.9760 15457601   42.28%
CPX0000      971   973     3023.2560  2372     3865.0000     2230.9760 15486589   42.28%
CPX0000      976   978     3055.1719  2429     3865.0000     2230.9760 15511299   42.28%
CPX0000      983   985     3055.5417  2281     3865.0000     2230.9760 15533103   42.28%
CPX0000      994   996     3137.1250  2319     3865.0000     2230.9760 15552930   42.28%
CPX0000  *  1000+ 1000                         3765.0000     2230.9760 15559784   40.74%
CPX0000  *  1000+ 1000                         3755.0000     2230.9760 15559784   40.59%
CPX0000     1000  1002     3154.4167  2308     3755.0000     2230.9760 15559784   40.59%
[1m[30m[ZEN] [0m23:03:06 [1m[34m   3755.00[1m[32m   40.59%
[0mCPX0000     1005  1007     3172.2083  2215     3755.0000     2230.9760 15577432   40.59%
CPX0000     1007  1009     3205.2083  2155     3755.0000     2230.9760 15594278   40.59%
CPX0000     1009  1011     3182.2083  2232     3755.0000     2230.9760 15611128   40.59%
CPX0000  Elapsed time = 83035.91 sec. (25258175.75 ticks, tree = 43.87 MB
CPX0000     1012  1014     3188.8750  2208     3755.0000     2230.9760 15630195   40.59%
CPX0000     1015  1017     3188.8750  2170     3755.0000     2230.9760 15646252   40.59%
CPX0000     1017  1019     3243.8750  2277     3755.0000     2230.9760 15675330   40.59%
CPX0000     1019  1021     3190.5417  2182     3755.0000     2230.9760 15691780   40.59%
CPX0000     1022  1024     3204.0417  2240     3755.0000     2230.9760 15714272   40.59%
CPX0000     1025  1027     3200.2639  2115     3755.0000     2230.9760 15730567   40.59%
CPX0000     1027  1029     3204.0417  2202     3755.0000     2230.9760 15751908   40.59%
CPX0000     1029  1031     3204.0417  2260     3755.0000     2230.9760 15768343   40.59%
CPX0000     1031  1033     3208.0417  2108     3755.0000     2230.9760 15788176   40.59%
CPX0000     1033  1035     3208.0417  2032     3755.0000     2230.9760 15804809   40.59%
CPX0000  Elapsed time = 83205.46 sec. (25314788.05 ticks, tree = 44.88 MB
CPX0000     1035  1037     3208.6667  2024     3755.0000     2230.9760 15816284   40.59%
CPX0000     1037  1039     3216.6667  2037     3755.0000     2230.9760 15830329   40.59%
CPX0000     1039  1041     3208.6667  2005     3755.0000     2230.9760 15842213   40.59%
CPX0000     1044  1046     3212.0000  2026     3755.0000     2230.9760 15859117   40.59%
CPX0000     1046  1048     3212.0000  2007     3755.0000     2230.9760 15871676   40.59%
CPX0000     1048  1050     3220.0000  1991     3755.0000     2230.9760 15898401   40.59%
CPX0000     1050  1052     3225.7500  1979     3755.0000     2230.9760 15919994   40.59%
CPX0000     1052  1054     3240.5714  2095     3755.0000     2230.9760 15937357   40.59%
CPX0000     1055  1057     3261.3750  1999     3755.0000     2230.9760 15955365   40.59%
CPX0000     1058  1060     3273.2500  1953     3755.0000     2230.9760 15972951   40.59%
CPX0000  Elapsed time = 83355.79 sec. (25365371.72 ticks, tree = 45.82 MB
CPX0000     1060  1062     3273.2500  1975     3755.0000     2230.9760 15987855   40.59%
CPX0000     1064  1066     3282.0000  1959     3755.0000     2230.9760 16005835   40.59%
CPX0000     1068  1070     3282.0000  1847     3755.0000     2230.9760 16021546   40.59%
CPX0000     1072  1074     3282.0000  1920     3755.0000     2230.9760 16037670   40.59%
CPX0000     1074  1076     3282.0000  1886     3755.0000     2230.9760 16056371   40.59%
CPX0000     1076  1078     3282.1916  2170     3755.0000     2230.9760 16086756   40.59%
CPX0000     1079  1081     3282.0000  1882     3755.0000     2230.9760 16102309   40.59%
CPX0000     1081  1083     3282.0000  1888     3755.0000     2230.9760 16115472   40.59%
CPX0000     1083  1085     3282.0000  1867     3755.0000     2230.9760 16130343   40.59%
CPX0000     1086  1088     3282.0000  1897     3755.0000     2230.9760 16149171   40.59%
CPX0000  Elapsed time = 83514.94 sec. (25418607.28 ticks, tree = 46.93 MB
CPX0000     1089  1091     3282.0000  1869     3755.0000     2230.9760 16165981   40.59%
CPX0000     1092  1094     3282.0000  1860     3755.0000     2230.9760 16186898   40.59%
CPX0000     1096  1098     3282.0000  1834     3755.0000     2230.9760 16202403   40.59%
CPX0000     1099  1101     3282.0000  1762     3755.0000     2230.9760 16222479   40.59%
CPX0000  *  1100+ 1100                         3740.0000     2230.9760 16229196   40.35%
CPX0000     1100  1102     3282.0000  1779     3740.0000     2230.9760 16229196   40.35%
[1m[30m[ZEN] [0m23:13:03 [1m[34m   3740.00[1m[32m   40.35%
[0mCPX0000     1104  1106     3282.0000  1762     3740.0000     2230.9760 16249296   40.35%
CPX0000     1106  1108     3282.0000  1792     3740.0000     2230.9760 16269213   40.35%
CPX0000     1110  1112     3282.0000  1787     3740.0000     2230.9760 16286853   40.35%
CPX0000     1118  1120     3309.5000  1761     3740.0000     2230.9760 16306231   40.35%
CPX0000     1120  1122     3322.5000  1799     3740.0000     2230.9760 16309253   40.35%
CPX0000  Elapsed time = 83665.58 sec. (25471363.34 ticks, tree = 48.27 MB
CPX0000     1127  1129     3327.0000  1769     3740.0000     2230.9760 16326785   40.35%
CPX0000     1130  1132     3327.0000  1873     3740.0000     2230.9760 16357729   40.35%
CPX0000     1133  1135     3327.0000  1723     3740.0000     2230.9760 16376062   40.35%
CPX0000     1147  1149     3338.3333  1629     3740.0000     2230.9760 16397860   40.35%
CPX0000     1154  1156     3338.3333  1582     3740.0000     2230.9760 16421155   40.35%
CPX0000     1157  1159     3338.3333  1605     3740.0000     2230.9760 16437511   40.35%
CPX0000     1161  1163     3338.3333  1588     3740.0000     2230.9760 16454039   40.35%
CPX0000     1165  1167     3338.3333  1635     3740.0000     2230.9760 16483126   40.35%
CPX0000     1171  1173     3338.3333  1623     3740.0000     2230.9760 16507129   40.35%
CPX0000     1174  1176     3353.3333  1644     3740.0000     2230.9760 16525872   40.35%
CPX0000  Elapsed time = 83803.09 sec. (25523238.81 ticks, tree = 50.44 MB
CPX0000     1179  1181     3458.3333  1643     3740.0000     2230.9760 16548253   40.35%
CPX0000     1187  1189     3398.3333  1610     3740.0000     2230.9760 16572780   40.35%
CPX0000     1193  1195     3398.3333  1576     3740.0000     2230.9760 16600133   40.35%
CPX0000     1198  1200     3398.3333  1568     3740.0000     2230.9760 16625875   40.35%
CPX0000  *  1200+ 1200                         3730.0000     2230.9760 16637294   40.19%
CPX0000  *  1200+ 1200                         3680.0000     2230.9760 16637294   39.38%
CPX0000  *  1200+ 1200                         3660.0000     2230.9760 16637294   39.04%
CPX0000  *  1200+ 1200                         3635.0000     2230.9760 16637294   38.63%
CPX0000     1200  1202     3398.3333  1613     3635.0000     2230.9760 16637294   38.63%
[1m[30m[ZEN] [0m23:17:42 [1m[34m   3635.00[1m[32m   38.63%
[0mCPX0000     1205  1207     3398.3333  1588     3635.0000     2230.9760 16663719   38.63%
CPX0000     1211  1213     3398.8095  1702     3635.0000     2230.9760 16687515   38.63%
CPX0000     1214  1216     3398.3333  1607     3635.0000     2230.9760 16709496   38.63%
CPX0000     1221  1223     3398.3333  1657     3635.0000     2230.9760 16737336   38.63%
CPX0000     1223  1225     3412.2096  1657     3635.0000     2230.9760 16763477   38.63%
CPX0000  Elapsed time = 83908.48 sec. (25576119.01 ticks, tree = 52.34 MB
CPX0000     1232  1234     3428.5000  1589     3635.0000     2230.9760 16790166   38.63%
CPX0000     1245  1247     3465.0000  1586     3635.0000     2230.9760 16808785   38.63%
CPX0000     1259  1261     3528.5294  1547     3635.0000     2230.9760 16827037   38.63%
CPX0000     1269  1271     3528.5294  1631     3635.0000     2230.9760 16856809   38.63%
CPX0000     1271  1273     3541.3866  1719     3635.0000     2230.9760 16876070   38.63%
CPX0000     1275  1277     3544.2437  1602     3635.0000     2230.9760 16900053   38.63%
CPX0000     1282  1284     3551.7916  1900     3635.0000     2230.9760 16926304   38.63%
CPX0000     1288  1290     3619.2437  1593     3635.0000     2230.9760 16943651   38.63%
CPX0000     1292  1290     2230.9760  7306     3635.0000     2230.9760 17020058   38.63%
CPX0000     1293  1291     2237.4682  6495     3635.0000     2230.9760 17046360   38.63%
CPX0000  Elapsed time = 84886.02 sec. (25871595.40 ticks, tree = 55.02 MB
CPX0000     1295  1293     2237.4682  6176     3635.0000     2230.9760 17070740   38.63%
CPX0000     1299  1297     2237.8386  6106     3635.0000     2230.9760 17079259   38.63%
CPX0000  *  1300+ 1296                         3625.0000     2230.9760 17081102   38.46%
CPX0000     1300  1298     2237.8386  6111     3625.0000     2230.9760 17081102   38.46%
[1m[30m[ZEN] [0m23:35:50 [1m[34m   3625.00[1m[32m   38.46%
[0mCPX0000     1301  1299     2237.8386  5963     3625.0000     2230.9760 17091618   38.46%
CPX0000     1304  1302     2237.8386  5912     3625.0000     2230.9760 17110550   38.46%
CPX0000     1306  1304     2241.4232  5760     3625.0000     2230.9760 17122785   38.46%
CPX0000     1307  1305     2244.4094  5692     3625.0000     2230.9760 17171385   38.46%
CPX0000     1310  1308     2244.4094  5678     3625.0000     2230.9760 17197400   38.46%
CPX0000     1314  1312     2244.4094  5669     3625.0000     2230.9760 17220485   38.46%
CPX0000     1315  1313     2244.4094  5662     3625.0000     2230.9760 17250152   38.46%
CPX0000  Elapsed time = 85120.21 sec. (25952747.47 ticks, tree = 55.65 MB
CPX0000     1316  1314     2244.4094  5697     3625.0000     2230.9760 17276621   38.46%
CPX0000     1318  1316     2244.4234  5672     3625.0000     2230.9760 17295769   38.46%
CPX0000     1320  1318     2244.4234  5686     3625.0000     2230.9760 17323003   38.46%
CPX0000     1322  1320     2244.4292  5693     3625.0000     2230.9760 17366602   38.46%
CPX0000     1323  1321     2244.6796  5684     3625.0000     2230.9760 17403911   38.46%
CPX0000     1324  1322     2245.5222  5702     3625.0000     2230.9760 17437815   38.46%
CPX0000     1325  1323     2245.2379  5629     3625.0000     2230.9760 17467226   38.46%
CPX0000     1327  1325     2245.2616  5608     3625.0000     2230.9760 17488919   38.46%
CPX0000     1329  1327     2245.2616  5533     3625.0000     2230.9760 17502462   38.46%
CPX0000     1330  1328     2245.2616  5520     3625.0000     2230.9760 17523330   38.46%
CPX0000  Elapsed time = 85321.86 sec. (26029371.36 ticks, tree = 56.09 MB
CPX0000     1332  1330     2251.8797  5475     3625.0000     2230.9760 17569831   38.46%
CPX0000     1334  1332     2282.8363  5374     3625.0000     2230.9760 17600144   38.46%
CPX0000     1336  1334     2251.8797  5498     3625.0000     2230.9760 17621571   38.46%
CPX0000     1337  1335     2257.5415  5472     3625.0000     2230.9760 17648031   38.46%
CPX0000     1338  1336     2251.8797  5494     3625.0000     2230.9760 17673407   38.46%
CPX0000     1340  1338     2269.0227  5505     3625.0000     2230.9760 17691389   38.46%
CPX0000     1342  1340     2251.8797  5530     3625.0000     2230.9760 17712051   38.46%
CPX0000     1343  1341     2269.0227  5519     3625.0000     2230.9760 17738198   38.46%
CPX0000     1344  1342     2259.0822  5465     3625.0000     2230.9760 17764932   38.46%
CPX0000     1345  1343     2269.0227  5411     3625.0000     2230.9760 17780731   38.46%
CPX0000  Elapsed time = 85491.96 sec. (26097334.77 ticks, tree = 56.53 MB
CPX0000     1346  1344     2259.0822  5479     3625.0000     2230.9760 17800026   38.46%
CPX0000     1347  1345     2259.0822  5453     3625.0000     2230.9760 17821687   38.46%
CPX0000     1348  1346     2259.0822  5449     3625.0000     2230.9760 17838253   38.46%
CPX0000     1350  1348     2259.0822  5477     3625.0000     2230.9760 17873112   38.46%
CPX0000     1351  1349     2259.0822  5427     3625.0000     2230.9760 17899671   38.46%
CPX0000     1353  1351     2261.7721  5361     3625.0000     2230.9760 17943645   38.46%
CPX0000     1354  1352     2261.7721  5318     3625.0000     2230.9760 17964688   38.46%
CPX0000     1356  1354     2267.3774  5246     3625.0000     2230.9760 17998568   38.46%
CPX0000     1357  1355     2268.3097  5292     3625.0000     2230.9760 18019399   38.46%
CPX0000     1359  1357     2267.3774  5251     3625.0000     2230.9760 18046747   38.46%
CPX0000  Elapsed time = 85663.49 sec. (26166359.11 ticks, tree = 56.91 MB
CPX0000     1360  1358     2267.3774  5224     3625.0000     2230.9760 18079773   38.46%
CPX0000     1361  1359     2267.3774  5210     3625.0000     2230.9760 18096124   38.46%
CPX0000     1362  1360     2267.3774  5239     3625.0000     2230.9760 18112429   38.46%
CPX0000     1363  1361     2267.3774  5158     3625.0000     2230.9760 18133175   38.46%
CPX0000     1367  1365     2267.3774  5170     3625.0000     2230.9760 18153868   38.46%
CPX0000     1368  1366     2267.5697  5194     3625.0000     2230.9760 18177727   38.46%
CPX0000     1369  1367     2267.3774  5240     3625.0000     2230.9760 18200555   38.46%
CPX0000     1370  1368     2267.3774  5225     3625.0000     2230.9760 18218832   38.46%
CPX0000     1371  1369     2267.3774  5255     3625.0000     2230.9760 18247670   38.46%
CPX0000     1373  1371     2267.3774  5230     3625.0000     2230.9760 18264581   38.46%
CPX0000  Elapsed time = 85794.60 sec. (26219684.10 ticks, tree = 57.35 MB
CPX0000     1375  1373     2269.5255  5321     3625.0000     2230.9760 18298653   38.46%
CPX0000     1377  1375     2267.3774  5247     3625.0000     2230.9760 18315107   38.46%
CPX0000     1378  1376     2269.5255  5298     3625.0000     2230.9760 18348574   38.46%
CPX0000     1380  1378     2268.0917  5233     3625.0000     2230.9760 18377384   38.46%
CPX0000     1382  1380     2268.0917  5233     3625.0000     2230.9760 18408123   38.46%
CPX0000     1383  1381     2268.0917  5256     3625.0000     2230.9760 18428699   38.46%
CPX0000     1385  1383     2269.2865  5273     3625.0000     2230.9760 18511062   38.46%
CPX0000     1387  1385     2268.2735  5233     3625.0000     2230.9760 18551587   38.46%
CPX0000     1388  1386     2268.2735  5197     3625.0000     2230.9760 18573254   38.46%
CPX0000     1390  1388     2268.2735  5233     3625.0000     2230.9760 18612466   38.46%
CPX0000  Elapsed time = 86012.68 sec. (26308126.85 ticks, tree = 57.86 MB
CPX0000     1392  1390     2268.2735  5248     3625.0000     2230.9760 18639554   38.46%
CPX0000     1394  1392     2269.0831  5353     3625.0000     2230.9760 18672577   38.46%
CPX0000     1396  1394     2269.7876  5125     3625.0000     2230.9760 18687422   38.46%
CPX0000     1398  1396     2269.7876  5059     3625.0000     2230.9760 18708390   38.46%
CPX0000  *  1400+ 1390                         3595.0000     2230.9760 18716450   37.94%
CPX0000     1400  1392     2269.7876  5071     3595.0000     2230.9760 18716450   37.94%
[1m[30m[ZEN] [0m23:57:59 [1m[34m   3595.00[1m[32m   37.94%
[0mCPX0000     1401  1393     2269.7876  5057     3595.0000     2230.9760 18727111   37.94%
CPX0000     1402  1394     2269.7876  5060     3595.0000     2230.9760 18735946   37.94%
CPX0000     1403  1395     2271.1093  5068     3595.0000     2230.9760 18748116   37.94%
CPX0000     1405  1397     2274.4480  5056     3595.0000     2230.9760 18783397   37.94%
CPX0000     1406  1398     2269.7876  5089     3595.0000     2230.9760 18798217   37.94%
CPX0000  Elapsed time = 86359.80 sec. (26473223.68 ticks, tree = 58.09 MB
CPX0000     1408  1400     2269.8446  5096     3595.0000     2230.9760 18825186   37.94%
CPX0000
CPX0000  GUB cover cuts applied:  706
CPX0000  Clique cuts applied:  265
CPX0000  Implied bound cuts applied:  6
CPX0000  Mixed integer rounding cuts applied:  92
CPX0000  Zero-half cuts applied:  6914
CPX0000  Lift and project cuts applied:  2
CPX0000  Gomory fractional cuts applied:  10
CPX0000
CPX0000  Root node processing (before b&c):
CPX0000    Real time             = 68991.32 sec. (20811346.38 ticks)
CPX0000  Sequential b&c:
CPX0000    Real time             = 17408.81 sec. (5678421.79 ticks)
CPX0000                            ------------
CPX0000  Total (root+branch&cut) = 86400.13 sec. (26489768.17 ticks)
H2 understaffing: 0
H3 shiftTypeSuccessions: 0
S1 optimalCoverage: 90
S2a consecutiveShift: 195 = (13,0 )
S2b consecutiveWorkingDays: 30 = ( 0,1 )
S3 consecutiveDaysOff: 150 = ( 3,2 )
S4 preferences: 250
S5 completeWeekend: 0
S6 totalAssignments: 2640
S7 totalWorkingWeekeends: 240
 

Cost Solution: 3595

       |M|T|W|T|F|S|S| |M|T|W|T|F|S|S| |M|T|W|T|F|S|S| |M|T|W|T|F|S|S|
------------------------------------------------------------------------
HN_0   |-|-|E|E|E|D|D| |-|-|-|D|D|E|E| |-|-|-|-|D|D|L| |L|L|L|-|-|-|-|
HN_1   |-|D|D|-|-|-|N| |N|N|N|-|-|-|-| |L|L|-|-|-|-|-| |-|-|D|D|D|-|-|
HN_2   |L|L|-|-|-|-|-| |-|L|L|-|-|-|D| |D|-|-|-|-|-|-| |L|L|-|-|-|-|-|
HN_3   |N|-|-|D|D|L|L| |L|-|-|N|N|N|N| |-|-|E|E|E|-|-| |E|E|L|L|L|-|-|
HN_4   |E|-|-|-|N|N|N| |-|-|-|-|-|-|-| |E|E|E|D|D|-|-| |-|-|-|-|D|D|D|
HN_5   |D|D|L|L|L|-|-| |-|-|D|D|D|-|-| |-|-|-|-|L|L|L| |-|-|-|-|-|-|-|
HN_6   |L|L|-|-|-|E|E| |N|N|N|N|-|-|-| |N|N|N|N|-|-|-| |-|E|E|L|L|-|-|
HN_7   |-|N|N|N|N|-|-| |-|-|D|D|E|E|E| |E|-|-|-|-|L|L| |L|L|L|-|-|-|-|
HN_8   |N|N|N|N|N|-|-| |-|-|D|D|N|N|N| |N|-|-|-|-|N|N| |N|N|N|-|-|-|-|
HN_9   |-|D|D|D|-|-|-| |-|-|-|-|L|L|L| |-|-|-|-|-|-|-| |D|D|D|E|E|-|-|
HN_10  |-|E|E|D|D|-|-| |-|E|E|E|E|-|-| |-|-|E|E|E|E|E| |-|-|-|-|L|L|L|
HN_11  |-|-|-|D|D|-|-| |D|D|-|-|-|-|D| |D|-|-|-|-|-|-| |E|E|-|-|-|-|-|
HN_12  |-|L|L|L|-|-|-| |E|E|E|-|-|-|-| |E|E|L|L|-|-|-| |-|-|-|E|E|E|D|
HN_13  |-|L|L|L|L|-|-| |-|E|E|E|E|-|-| |-|D|D|E|E|E|E| |-|-|-|N|N|N|N|
HN_14  |-|L|L|L|L|-|-| |-|-|-|-|-|L|L| |L|-|-|-|-|-|-| |N|N|N|N|-|-|-|
HN_15  |D|-|-|-|-|N|N| |N|N|N|-|-|-|-| |D|D|D|L|L|-|-| |-|-|L|L|N|N|N|
HN_16  |E|E|E|E|E|-|-| |L|L|L|-|-|N|N| |N|N|-|-|N|N|N| |N|-|-|D|D|E|E|
HN_17  |D|D|D|-|-|-|-| |-|-|-|D|D|D|E| |E|-|-|-|-|-|-| |-|L|L|L|L|-|-|
HN_18  |N|-|-|E|E|E|D| |D|-|-|E|E|D|D| |-|-|E|E|E|-|-| |N|N|N|N|N|-|-|
HN_19  |N|N|N|-|-|-|-| |E|E|L|L|L|L|L| |-|-|-|-|D|D|E| |E|E|E|E|-|-|-|
NU_20  |-|-|-|-|-|E|E| |E|-|-|-|-|-|-| |N|N|N|-|-|-|-| |N|N|N|N|N|-|-|
NU_21  |E|-|-|E|E|N|N| |N|-|-|N|N|N|N| |-|-|E|E|E|-|-| |N|N|N|N|N|-|-|
NU_22  |L|L|L|L|L|-|-| |D|D|D|D|D|-|-| |N|N|N|N|N|-|-| |D|D|D|-|L|L|L|
NU_23  |N|N|N|N|-|-|-| |-|-|N|N|N|-|-| |-|-|-|L|L|L|L| |-|-|-|-|-|-|-|
NU_24  |L|-|-|-|-|-|-| |D|D|L|L|L|-|-| |-|-|L|L|L|L|L| |-|-|-|-|-|-|-|
NU_25  |-|-|-|-|L|L|L| |L|L|-|-|-|-|-| |D|D|D|-|-|-|-| |D|D|D|-|-|-|-|
NU_26  |-|-|L|L|-|-|-| |-|-|D|D|-|-|D| |D|-|-|-|-|-|-| |L|L|-|-|-|-|-|
NU_27  |-|-|E|E|-|-|-| |-|-|-|L|L|-|-| |-|-|-|D|D|-|-| |D|D|-|-|-|-|D|
NU_28  |D|-|-|-|-|-|-| |-|L|L|L|-|-|-| |-|L|L|L|-|-|-| |-|-|-|L|L|L|L|
NU_29  |-|-|-|-|L|L|L| |L|L|-|-|-|-|-| |L|L|L|L|-|-|-| |-|E|E|E|E|D|D|
NU_30  |-|-|D|D|D|-|-| |-|-|-|-|E|E|E| |L|L|-|-|-|-|-| |-|-|E|E|E|-|-|
NU_31  |D|D|D|-|-|-|-| |-|E|E|E|E|-|-| |-|-|-|-|D|D|D| |D|-|-|-|-|-|-|
NU_32  |N|N|N|-|-|D|D| |D|-|-|L|L|L|L| |-|-|L|L|L|-|-| |E|E|E|D|D|-|-|
NU_33  |E|-|-|N|N|N|N| |-|-|L|L|L|-|-| |N|N|N|N|N|-|-| |D|D|D|-|-|E|E|
NU_34  |E|E|-|-|-|-|D| |D|-|-|-|-|-|-| |-|E|E|E|-|-|-| |-|-|-|D|D|-|-|
NU_35  |-|E|E|D|D|-|-| |-|N|N|N|N|-|-| |-|E|E|E|E|-|-| |-|-|D|D|E|E|E|
NU_36  |D|D|D|-|-|-|-| |D|D|D|-|-|-|-| |-|D|D|D|D|-|-| |-|-|-|-|-|N|N|
NU_37  |D|-|-|-|-|-|-| |-|N|N|N|N|-|-| |-|N|N|N|N|-|-| |-|-|-|E|E|E|D|
NU_38  |L|L|L|-|-|L|L| |N|N|N|N|-|-|-| |N|N|N|N|N|-|-| |N|N|N|N|N|-|-|
NU_39  |D|E|E|-|-|-|-| |E|E|E|D|D|-|-| |-|-|D|D|D|D|D| |-|-|-|-|N|N|N|
CT_40  |-|-|D|D|-|-|-| |-|-|E|E|-|-|-| |-|-|-|-|N|N|N| |N|-|-|-|-|-|-|
CT_41  |-|-|-|E|E|-|-| |-|-|-|L|L|-|-| |-|-|E|E|-|-|E| |E|-|-|-|-|-|-|
CT_42  |D|D|-|-|E|E|E| |-|-|D|D|D|L|L| |-|-|L|L|L|-|-| |D|D|D|E|E|-|-|
CT_43  |-|-|-|D|D|-|-| |D|D|-|-|-|-|-| |D|D|-|-|-|-|-| |L|L|-|-|-|-|E|
CT_44  |-|-|D|D|D|-|-| |-|L|L|L|-|-|-| |-|N|N|N|-|-|-| |-|-|-|-|L|L|L|
CT_45  |-|E|E|E|E|D|D| |-|-|-|-|E|E|D| |D|L|L|-|-|-|-| |N|N|N|N|-|-|-|
CT_46  |-|-|-|-|-|N|N| |N|N|N|-|-|-|-| |E|E|E|-|-|-|-| |-|-|L|L|L|-|-|
CT_47  |E|-|-|N|N|N|N| |N|-|-|L|L|L|L| |-|-|D|D|D|-|-| |E|E|L|L|L|-|-|
CT_48  |-|-|-|-|L|L|L| |L|-|-|-|-|-|-| |L|L|L|L|L|-|-| |-|-|D|D|D|-|-|
CT_49  |E|E|E|E|E|-|-| |D|D|L|L|L|-|-| |N|N|N|N|N|-|-| |D|D|E|E|E|-|-|
CT_50  |L|L|L|-|-|-|-| |N|N|N|N|N|-|-| |-|D|D|L|L|-|-| |-|D|D|E|E|-|-|
CT_51  |-|-|-|-|E|E|E| |E|-|-|-|-|-|-| |N|N|N|N|-|-|-| |-|-|D|D|D|-|-|
CT_52  |E|E|E|E|-|-|-| |E|E|D|D|-|-|-| |-|E|E|D|D|D|D| |D|-|-|-|L|L|N|
CT_53  |-|-|L|L|L|-|-| |-|-|-|-|D|D|E| |E|-|-|-|-|-|-| |E|E|L|L|-|-|-|
CT_54  |N|N|-|-|L|L|L| |-|-|E|E|E|-|-| |N|N|N|N|N|-|-| |D|D|D|D|D|-|-|
CT_55  |-|-|-|L|L|-|-| |-|-|-|-|D|D|D| |-|-|-|L|L|-|-| |-|-|-|D|D|-|-|
CT_56  |-|-|-|-|-|-|D| |D|-|-|-|-|-|-| |L|L|-|-|-|-|-| |-|L|L|-|-|-|-|
CT_57  |-|-|D|D|D|-|-| |-|-|-|-|N|N|N| |N|N|-|-|-|-|-| |N|N|N|N|-|-|-|
CT_58  |-|D|D|-|-|-|-| |-|L|L|-|-|-|-| |-|-|N|N|N|N|-| |-|-|-|E|E|-|-|
CT_59  |-|L|L|L|L|-|-| |-|E|E|L|L|-|-| |-|-|E|E|E|E|E| |-|-|-|-|E|E|E|
CT_60  |L|-|-|-|-|-|-| |D|D|D|E|E|-|-| |-|-|E|E|E|-|-| |-|-|-|-|-|N|N|
CT_61  |L|L|-|-|-|-|-| |L|L|-|-|-|-|L| |L|-|-|-|-|-|-| |L|L|-|-|-|-|-|
CT_62  |N|N|N|N|N|-|-| |N|N|N|N|N|-|-| |L|L|L|-|-|N|N| |N|N|-|-|N|N|N|
CT_63  |N|N|N|N|N|-|-| |-|-|N|N|N|N|N| |-|-|-|-|D|D|N| |N|N|N|N|-|-|-|
CT_64  |N|N|-|-|-|-|-| |-|-|D|D|D|-|-| |-|D|D|E|E|-|-| |-|-|-|-|-|L|L|
CT_65  |N|N|N|N|-|-|-| |L|L|L|L|L|-|-| |L|L|L|L|L|-|-| |L|L|L|-|-|D|D|
CT_66  |N|-|-|-|-|L|N| |N|N|N|N|-|-|-| |-|D|D|L|L|-|-| |-|D|D|L|L|-|-|
CT_67  |D|D|-|-|-|-|-| |E|E|-|-|-|-|-| |D|D|-|-|-|-|D| |D|-|-|-|-|-|-|
CT_68  |-|-|-|-|E|E|E| |E|E|-|-|-|-|-| |E|E|E|-|-|-|-| |-|D|D|D|-|-|-|
CT_69  |-|-|L|L|L|-|-| |-|-|-|-|D|D|D| |E|E|-|-|-|-|-| |N|N|N|N|N|-|-|
CT_70  |D|D|D|L|L|-|-| |-|-|D|D|D|E|E| |E|-|-|-|E|E|D| |D|L|L|-|-|-|-|
CT_71  |E|E|-|-|-|-|E| |E|-|-|-|-|-|-| |N|N|N|-|-|-|-| |-|-|-|L|L|-|-|
CT_72  |-|-|-|E|E|-|-| |-|E|E|-|-|-|-| |E|E|-|-|-|-|-| |L|L|-|-|-|-|-|
CT_73  |E|E|-|-|-|-|-| |-|-|E|E|-|-|-| |E|E|-|-|-|-|-| |L|L|-|-|-|-|E|
CT_74  |-|-|-|E|E|-|-| |-|-|-|E|E|-|-| |-|L|L|-|-|-|E| |E|-|-|-|-|-|-|
CT_75  |-|N|N|N|N|-|-| |-|D|D|D|D|-|-| |-|D|D|E|E|-|-| |-|E|E|L|L|-|-|
CT_76  |N|-|D|D|D|-|-| |L|L|L|-|-|D|D| |D|-|-|D|D|D|D| |-|-|E|E|E|E|N|
CT_77  |L|L|N|N|N|-|-| |N|N|N|N|N|-|-| |D|D|D|-|-|L|L| |L|-|-|D|D|D|D|
CT_78  |L|L|-|-|D|D|D| |-|-|E|E|E|-|-| |E|E|D|D|D|-|-| |E|E|E|-|-|L|L|
CT_79  |D|D|-|-|-|-|-| |D|D|-|-|-|-|-| |D|D|-|-|-|-|E| |E|-|-|-|-|-|-|
TR_80  |-|D|D|E|E|-|-| |-|-|E|E|N|N|N| |N|-|-|-|-|L|N| |N|N|N|-|-|-|-|
TR_81  |E|E|E|-|-|-|-| |-|-|-|N|N|N|N| |N|-|-|-|-|-|-| |E|E|E|-|-|-|-|
TR_82  |-|E|E|E|-|-|-| |D|D|D|D|D|-|-| |-|-|-|-|D|D|D| |D|-|-|-|-|-|-|
TR_83  |D|-|-|-|D|D|D| |D|-|-|-|D|D|D| |D|L|L|-|-|-|-| |N|N|N|N|-|-|-|
TR_84  |E|E|E|E|-|-|-| |-|D|D|E|E|-|-| |-|D|D|E|E|-|-| |-|-|E|E|E|D|D|
TR_85  |D|D|-|-|-|-|-| |-|-|D|D|-|-|-| |-|-|-|-|D|D|-| |-|-|-|D|D|-|-|
TR_86  |-|-|-|-|N|N|N| |N|N|-|-|-|-|-| |N|N|N|N|-|-|-| |D|D|D|-|-|-|-|
TR_87  |-|N|N|N|N|-|-| |-|L|L|L|L|-|-| |-|-|E|E|N|N|N| |N|-|-|-|D|D|N|
TR_88  |E|E|E|D|D|D|D| |-|-|-|-|L|L|L| |L|L|-|-|-|-|-| |D|D|L|L|-|-|-|
TR_89  |-|-|D|D|D|-|-| |N|N|N|N|N|-|-| |L|L|L|L|L|-|-| |N|N|N|N|N|-|-|
TR_90  |N|N|-|-|-|-|-| |L|L|L|-|-|-|-| |-|E|E|L|L|-|-| |-|-|-|-|-|E|E|
TR_91  |-|-|E|E|E|-|-| |E|E|E|-|-|E|E| |E|E|-|-|N|N|N| |-|-|D|D|D|-|-|
TR_92  |-|L|L|-|-|-|-| |-|L|L|-|-|-|-| |D|D|-|-|E|E|-| |-|-|-|L|L|-|-|
TR_93  |-|-|-|-|E|E|E| |L|L|-|-|-|-|-| |-|E|E|E|-|-|-| |-|-|E|E|E|-|-|
TR_94  |D|D|D|-|-|-|-| |-|-|-|N|N|N|N| |N|-|-|-|-|-|-| |D|D|D|-|-|-|-|
TR_95  |-|-|-|D|D|-|-| |-|-|D|D|-|-|-| |-|-|-|-|E|E|-| |-|-|-|E|E|-|-|
TR_96  |D|D|D|L|L|L|L| |-|-|-|-|E|E|L| |L|L|L|-|-|-|-| |E|E|E|E|E|-|-|
TR_97  |L|-|-|E|E|D|D| |D|-|-|-|D|D|D| |L|L|-|-|D|D|D| |L|L|-|-|N|N|N|
TR_98  |-|E|E|L|L|-|-| |-|E|E|E|E|-|-| |-|L|L|L|L|-|-| |-|L|L|L|L|-|-|
TR_99  |N|N|N|N|-|-|-| |E|E|E|E|-|-|-| |N|N|N|N|-|-|-| |-|N|N|N|N|-|-|
TR_100 |L|L|L|L|L|-|-| |N|N|N|N|N|-|-| |D|D|D|D|D|-|-| |L|L|L|-|-|L|L|
TR_101 |N|N|N|N|N|-|-| |N|N|N|N|N|-|-| |E|E|D|D|D|-|-| |L|L|L|-|-|E|E|
TR_102 |-|-|-|D|D|-|-| |D|D|-|-|-|-|-| |-|D|D|-|-|-|-| |E|E|-|-|-|-|-|
TR_103 |-|-|-|-|-|L|L| |L|-|-|-|-|-|-| |E|E|E|E|-|-|-| |-|E|E|E|E|-|-|
TR_104 |E|-|-|E|E|E|E| |E|-|-|L|L|L|L| |-|N|N|N|N|-|-| |E|E|E|D|D|-|-|
TR_105 |N|N|N|-|-|-|-| |L|L|L|L|-|-|-| |-|N|N|N|N|-|-| |-|N|N|N|N|-|-|
TR_106 |E|-|-|N|N|N|N| |N|-|-|E|E|E|E| |E|-|-|L|L|L|L| |L|-|-|L|L|L|L|
TR_107 |L|L|L|L|-|-|-| |-|D|D|D|D|-|-| |-|-|D|D|E|E|E| |E|-|-|-|-|L|L|
TR_108 |D|D|-|-|-|-|-| |-|E|E|-|-|-|-| |-|-|-|L|L|-|-| |-|-|-|-|D|D|-|
TR_109 |L|L|-|-|-|L|L| |L|L|L|-|-|-|-| |D|D|D|D|-|-|-| |D|D|D|D|-|-|-|


Hard constraint violations
--------------------------

Minimal coverage constraints: 0
Required skill constraints: 0
Illegal shift type succession constraints: 0
Single assignment per day: 0


Cost per constraint type
------------------------

Total assignment constraints: 2640
Consecutive constraints: 225
Non working days constraints: 150
Preferences: 250
Max working weekend: 240
Complete weekends: 0
Optimal coverage constraints: 90

------------------------

Total cost: 3595
