Argumentos: 
./solver.release -i 28 -t 86400 -a 7 -h 86400 -w Testes/Mvic-i28 -m modeloCom2345.mod -o modeloCom2345.mod 
Seed: 1622676164
hidden-TXT/Sc-n110w4.txt
hidden-TXT/H0-n110w4-2.txt
hidden-TXT/WD-n110w4-5.txt hidden-TXT/WD-n110w4-1.txt hidden-TXT/WD-n110w4-3.txt hidden-TXT/WD-n110w4-0.txt 
Reading model section from modeloCom2345.mod...
367 lines were read
Reading data section from Testes/Mvic-i28/28.dat...
19773 lines were read
Generating obj...
Generating H1turnoDia...
Generating H2coberturaMinima...
Generating H3AsucessaoTurnos...
Generating H3BsucessaoTurnos...
Generating H4qualificacao...
Generating S1coberturaOtima...
Generating S2d...
Generating S2dHist...
Generating S2b...
Generating S2bHist...
Generating aux1S2a...
Generating auxS2a...
Generating aux3S2a...
Generating aux4S2a...
Generating s2aMin2...
Generating s2aHistMin2...
Generating s2aMin3...
Generating s2aHistMin3h1...
Generating s2aHistMin3h2...
Generating s2aMin4...
Generating s2aHistMin4h1...
Generating s2aHistMin4h2...
Generating s2aHistMin4h3...
Generating s2aMin5...
Generating s2aHistMin5h1...
Generating s2aHistMin5h2...
Generating s2aHistMin5h3...
Generating s2aHistMin5h4...
Generating auxS2b...
Generating aux1S2b...
Generating aux3S2b...
Generating aux4S2b...
Generating s2b...
Generating s2bHist...
Generating s2bMin3turnos...
Generating s2bHistMin3h1turnos...
Generating s2bHistMin3h2turnos...
Generating s2bMin4...
Generating s2bHistMin4h1...
Generating s2bHistMin4h2...
Generating s2bHistMin4h3...
Generating s2bMin5...
Generating s2bHistMin5h1...
Generating s2bHistMin5h2...
Generating s2bHistMin5h3...
Generating s2bHistMin5h34...
Generating auxS5...
Generating S6a...
Generating S6b...
Generating auxS7...
Generating S7...
Model has been successfully generated
Writing problem data to `Testes/Mvic-i28/28.lp'...
716890 lines were written
CPX0000  Tried aggregator 2 times.
CPX0000  MIP Presolve eliminated 24396 rows and 51963 columns.
CPX0000  MIP Presolve modified 5951 coefficients.
CPX0000  Aggregator did 343 substitutions.
CPX0000  Reduced MIP has 69351 rows, 79001 columns, and 529299 nonzeros.
CPX0000  Reduced MIP has 78379 binaries, 622 generals, 0 SOSs, and 0 indicators.
CPX0000  Presolve time = 0.95 sec. (593.57 ticks)
CPX0000  Found incumbent of value 1505480.000000 after 3.01 sec. (1991.29 ticks)
[1m[30m[ZEN] [0m00:00:03 [1m[34m1505480.00[1m[32m  100.00%
[0mCPX0000  Probing time = 0.07 sec. (30.42 ticks)
CPX0000  Tried aggregator 1 time.
CPX0000  MIP Presolve eliminated 3 rows and 3 columns.
CPX0000  Reduced MIP has 69348 rows, 78998 columns, and 529293 nonzeros.
CPX0000  Reduced MIP has 78376 binaries, 622 generals, 0 SOSs, and 0 indicators.
CPX0000  Presolve time = 0.37 sec. (223.30 ticks)
CPX0000  Probing time = 0.07 sec. (20.77 ticks)
CPX0000  Clique table members: 16962.
CPX0000  MIP emphasis: balance optimality and feasibility.
CPX0000  MIP search method: dynamic search.
CPX0000  Parallel mode: none, using 1 thread.
CPX0000  Root relaxation solution time = 388.12 sec. (81038.34 ticks)
CPX0000
CPX0000          Nodes                                         Cuts/
CPX0000     Node  Left     Objective  IInf  Best Integer    Best Bound    ItCnt     Gap
CPX0000
CPX0000  *     0+    0                      1505480.0000       20.0000    76635  100.00%
CPX0000        0     0      874.4021  7378  1505480.0000      874.4021    76635   99.94%
CPX0000        0     0     1078.8982  7770  1505480.0000    Cuts: 3732   127696   99.93%
CPX0000        0     0     1202.9816  8211  1505480.0000    Cuts: 3233   178757   99.92%
CPX0000        0     0     1238.5123  8005  1505480.0000    Cuts: 2851   237600   99.92%
CPX0000  *     0+    0                       317380.0000     1238.5123   237600   99.61%
[1m[30m[ZEN] [0m00:32:26 [1m[34m 317380.00[1m[32m   99.61%
[0mCPX0000        0     0     1261.1139  8606   317380.0000    Cuts: 2600   291788   99.60%
CPX0000        0     0     1271.1845  8653   317380.0000    Cuts: 2788   345986   99.60%
CPX0000        0     0     1312.4961  8817   317380.0000    Cuts: 2542   406474   99.59%
CPX0000        0     0     1340.8427  8776   317380.0000    Cuts: 2607   464764   99.58%
CPX0000        0     0     1378.3376  9230   317380.0000    Cuts: 2662   528030   99.57%
CPX0000        0     0     1403.5014  9294   317380.0000    Cuts: 2797   588458   99.56%
CPX0000        0     0     1424.9999  9092   317380.0000    Cuts: 2775   646272   99.55%
CPX0000        0     0     1434.6651  9255   317380.0000    Cuts: 2689   706400   99.55%
CPX0000        0     0     1453.2453  9598   317380.0000    Cuts: 2695   765185   99.54%
CPX0000        0     0     1474.4204  9570   317380.0000    Cuts: 2784   828917   99.54%
CPX0000        0     0     1484.4230  9510   317380.0000    Cuts: 2907   903598   99.53%
CPX0000        0     0     1503.7451  9677   317380.0000    Cuts: 2881   967695   99.53%
CPX0000        0     0     1521.0879  9611   317380.0000    Cuts: 2804  1030483   99.52%
CPX0000        0     0     1536.3191  9930   317380.0000    Cuts: 2847  1087372   99.52%
CPX0000        0     0     1552.9783 10081   317380.0000    Cuts: 2809  1147817   99.51%
CPX0000        0     0     1562.1734 10160   317380.0000    Cuts: 2846  1209714   99.51%
CPX0000        0     0     1578.3291 10105   317380.0000    Cuts: 2809  1286965   99.50%
CPX0000        0     0     1589.0858 10271   317380.0000    Cuts: 2711  1351458   99.50%
CPX0000        0     0     1602.2548 10587   317380.0000    Cuts: 2906  1422616   99.50%
CPX0000        0     0     1614.4164 10309   317380.0000    Cuts: 2656  1483474   99.49%
CPX0000        0     0     1619.6569 10473   317380.0000    Cuts: 2671  1550449   99.49%
CPX0000        0     0     1629.7779 10695   317380.0000    Cuts: 2814  1613237   99.49%
CPX0000        0     0     1638.3300 10432   317380.0000    Cuts: 2759  1677077   99.48%
CPX0000        0     0     1646.0071  9912   317380.0000    Cuts: 2832  1774085   99.48%
CPX0000        0     0     1652.8284 10190   317380.0000    Cuts: 2891  1841630   99.48%
CPX0000        0     0     1661.9806 10105   317380.0000    Cuts: 2753  1907974   99.48%
CPX0000        0     0     1672.0731  9996   317380.0000    Cuts: 2673  1968596   99.47%
CPX0000        0     0     1676.9256 10584   317380.0000    Cuts: 2836  2032991   99.47%
CPX0000        0     0     1685.5689 10443   317380.0000    Cuts: 2588  2109072   99.47%
CPX0000        0     0     1697.6031 10540   317380.0000    Cuts: 2885  2176767   99.47%
CPX0000        0     0     1706.2153 10611   317380.0000    Cuts: 2619  2249972   99.46%
CPX0000        0     0     1711.5016 10504   317380.0000    Cuts: 2827  2322201   99.46%
CPX0000        0     0     1720.8534 10713   317380.0000    Cuts: 2809  2390583   99.46%
CPX0000        0     0     1731.5295 10636   317380.0000    Cuts: 2717  2465064   99.45%
CPX0000        0     0     1737.3785 10445   317380.0000    Cuts: 2711  2537785   99.45%
CPX0000        0     0     1749.8110 10029   317380.0000    Cuts: 2736  2605575   99.45%
CPX0000        0     0     1756.9592 10311   317380.0000    Cuts: 2712  2673280   99.45%
CPX0000        0     0     1764.2934 10526   317380.0000    Cuts: 2631  2750778   99.44%
CPX0000        0     0     1780.1337 10203   317380.0000    Cuts: 2505  2813799   99.44%
CPX0000        0     0     1789.1084 10475   317380.0000    Cuts: 2474  2882351   99.44%
CPX0000        0     0     1797.5498 10383   317380.0000    Cuts: 2482  2967994   99.43%
CPX0000        0     0     1805.0552 10129   317380.0000    Cuts: 2643  3034759   99.43%
CPX0000        0     0     1812.1288 10127   317380.0000    Cuts: 2547  3095127   99.43%
CPX0000        0     0     1829.4449 10232   317380.0000    Cuts: 2716  3157989   99.42%
CPX0000        0     0     1836.7423 10187   317380.0000    Cuts: 2615  3219703   99.42%
CPX0000        0     0     1840.4374 10395   317380.0000    Cuts: 2503  3289869   99.42%
CPX0000        0     0     1846.0718 10281   317380.0000    Cuts: 2533  3354972   99.42%
CPX0000        0     0     1848.4681  9960   317380.0000    Cuts: 2674  3417775   99.42%
CPX0000        0     0     1853.7129 10199   317380.0000    Cuts: 2689  3480768   99.42%
CPX0000        0     0     1859.7263 10405   317380.0000    Cuts: 2734  3588056   99.41%
CPX0000        0     0     1866.1960 10379   317380.0000    Cuts: 2564  3650008   99.41%
CPX0000        0     0     1879.2389 10471   317380.0000    Cuts: 2707  3714845   99.41%
CPX0000        0     0     1883.1926 10510   317380.0000    Cuts: 2727  3812735   99.41%
CPX0000        0     0     1888.8463 10795   317380.0000    Cuts: 2977  3883244   99.40%
CPX0000        0     0     1896.2798 10292   317380.0000    Cuts: 2643  3960035   99.40%
CPX0000        0     0     1906.9855 10418   317380.0000    Cuts: 2832  4031077   99.40%
CPX0000        0     0     1909.4580 10403   317380.0000    Cuts: 2836  4092739   99.40%
CPX0000        0     0     1914.4489 10687   317380.0000    Cuts: 2748  4164191   99.40%
CPX0000        0     0     1917.5347 10777   317380.0000    Cuts: 2859  4232602   99.40%
CPX0000        0     0     1919.8652 10698   317380.0000    Cuts: 2612  4297134   99.40%
CPX0000        0     0     1928.4596 10582   317380.0000    Cuts: 2763  4367705   99.39%
CPX0000        0     0     1934.7281 10577   317380.0000    Cuts: 2711  4436813   99.39%
CPX0000        0     0     1944.9772 10739   317380.0000    Cuts: 2746  4502015   99.39%
CPX0000        0     0     1954.8056 10677   317380.0000    Cuts: 2911  4566519   99.38%
CPX0000        0     0     1964.4500 10537   317380.0000    Cuts: 2846  4630613   99.38%
CPX0000        0     0     1969.6379 10673   317380.0000    Cuts: 2967  4703364   99.38%
CPX0000        0     0     1974.5908 10684   317380.0000    Cuts: 2849  4768627   99.38%
CPX0000        0     0     1980.1519 10795   317380.0000    Cuts: 2479  4837941   99.38%
CPX0000        0     0     1985.1306 10546   317380.0000    Cuts: 2574  4909039   99.37%
CPX0000        0     0     1991.1676 10666   317380.0000    Cuts: 2625  4983528   99.37%
CPX0000        0     0     1995.1684 10639   317380.0000    Cuts: 2806  5066217   99.37%
CPX0000        0     0     1999.1685 10542   317380.0000    Cuts: 2598  5139309   99.37%
CPX0000        0     0     2007.1258 10418   317380.0000    Cuts: 2731  5206087   99.37%
CPX0000        0     0     2010.9689 10487   317380.0000    Cuts: 2594  5270647   99.37%
CPX0000        0     0     2013.2377 10452   317380.0000    Cuts: 2529  5342674   99.37%
CPX0000        0     0     2014.5595 10504   317380.0000    Cuts: 2564  5407606   99.37%
CPX0000        0     0     2016.3462 10416   317380.0000    Cuts: 2929  5496236   99.36%
CPX0000        0     0     2019.7265 10685   317380.0000    Cuts: 2627  5575522   99.36%
CPX0000        0     0     2020.9472 10494   317380.0000    Cuts: 2782  5642504   99.36%
CPX0000        0     0     2024.0833 10373   317380.0000    Cuts: 2935  5711137   99.36%
CPX0000        0     0     2025.7869 10751   317380.0000    Cuts: 2360  5781774   99.36%
CPX0000        0     0     2033.9026 10665   317380.0000    Cuts: 2739  5849532   99.36%
CPX0000        0     0     2037.3495 10654   317380.0000    Cuts: 2791  5916180   99.36%
CPX0000        0     0     2038.0329 10764   317380.0000    Cuts: 2707  5984339   99.36%
CPX0000  Heuristic still looking.
CPX0000  Heuristic still looking.
CPX0000  Heuristic still looking.
CPX0000  *     0+    0                        97140.0000     2038.0329  5984339   97.90%
CPX0000  *     0+    0                        56620.0000     2038.0329  5984339   96.40%
CPX0000  *     0+    0                        12495.0000     2038.0329  5984339   83.69%
CPX0000  *     0+    0                        12490.0000     2038.0329  5984339   83.68%
CPX0000  *     0+    0                        12450.0000     2038.0329  5984339   83.63%
CPX0000  *     0+    0                        12355.0000     2038.0329  5984339   83.50%
CPX0000  *     0+    0                        10565.0000     2038.0329  5984339   80.71%
CPX0000  *     0+    0                        10260.0000     2038.0329  5984339   80.14%
[1m[30m[ZEN] [0m19:12:53 [1m[34m  10260.00[1m[32m   80.14%
[0mCPX0000        0     2     2038.0329  7592    10260.0000     2038.0329  5984339   80.14%
CPX0000  Elapsed time = 69173.87 sec. (16195120.75 ticks, tree = 0.00 MB
CPX0000        1     3     2038.0329  7522    10260.0000     2038.0329  5987937   80.14%
CPX0000        2     4     2038.8211  7392    10260.0000     2038.0329  5994867   80.14%
CPX0000        3     5     2038.8284  7397    10260.0000     2038.0329  5998059   80.14%
CPX0000        4     6     2038.8284  7378    10260.0000     2038.0329  6007922   80.14%
CPX0000        5     7     2038.8284  7386    10260.0000     2038.0329  6015448   80.14%
CPX0000        6     8     2048.2725  7343    10260.0000     2038.0329  6026033   80.14%
CPX0000        7     9     2038.8284  7366    10260.0000     2038.0329  6030384   80.14%
CPX0000        8    10     2038.8284  7379    10260.0000     2038.0329  6031570   80.14%
CPX0000        9    11     2051.6219  7571    10260.0000     2038.0329  6039386   80.14%
CPX0000       10    12     2038.8284  7422    10260.0000     2038.0329  6040117   80.14%
CPX0000  Elapsed time = 71695.78 sec. (16680728.48 ticks, tree = 0.26 MB
CPX0000       11    13     2038.8284  7366    10260.0000     2038.0329  6040141   80.14%
CPX0000       12    14     2042.2677  7417    10260.0000     2038.0329  6047291   80.14%
CPX0000       13    15     2051.3565  7434    10260.0000     2038.0329  6054842   80.14%
CPX0000       14    16     2042.5815  7160    10260.0000     2038.0329  6060105   80.14%
CPX0000       20    22     2046.7768  7081    10260.0000     2038.0329  6065365   80.14%
CPX0000       21    23     2044.5263  7272    10260.0000     2038.0329  6070290   80.14%
CPX0000       23    25     2055.3070  7285    10260.0000     2038.0329  6076468   80.14%
CPX0000       24    26     2046.7768  7082    10260.0000     2038.0329  6081337   80.14%
CPX0000       25    27     2046.7919  7097    10260.0000     2038.0329  6085519   80.14%
CPX0000       26    28     2046.8468  7109    10260.0000     2038.0329  6090775   80.14%
CPX0000  Elapsed time = 72125.98 sec. (16759684.45 ticks, tree = 0.73 MB
CPX0000       27    29     2046.7919  7076    10260.0000     2038.0329  6094940   80.14%
CPX0000       28    30     2046.7919  7036    10260.0000     2038.0329  6098519   80.14%
CPX0000       29    31     2047.3354  7060    10260.0000     2038.0329  6102345   80.14%
CPX0000       30    32     2046.8468  7117    10260.0000     2038.0329  6104971   80.14%
CPX0000       32    34     2047.3496  7057    10260.0000     2038.0329  6111266   80.14%
CPX0000       35    37     2047.3496  7042    10260.0000     2038.0329  6115535   80.14%
CPX0000       36    38     2047.7061  7040    10260.0000     2038.0329  6121838   80.14%
CPX0000       39    41     2047.5466  7118    10260.0000     2038.0329  6127932   80.14%
CPX0000       41    43     2047.3496  7029    10260.0000     2038.0329  6129483   80.14%
CPX0000       43    45     2047.3496  7048    10260.0000     2038.0329  6134154   80.14%
CPX0000  Elapsed time = 72712.53 sec. (16884794.18 ticks, tree = 2.90 MB
CPX0000       44    46     2047.6954  7011    10260.0000     2038.0329  6137653   80.14%
CPX0000       45    47     2049.0509  7115    10260.0000     2038.0329  6144115   80.14%
CPX0000       46    48     2047.8656  7148    10260.0000     2038.0329  6148974   80.14%
CPX0000       47    49     2047.8664  7170    10260.0000     2038.0329  6151882   80.14%
CPX0000       48    50     2048.2823  7043    10260.0000     2038.0329  6156001   80.14%
CPX0000       49    51     2057.6940  6982    10260.0000     2038.0329  6192900   80.14%
CPX0000       50    52     2050.1940  7198    10260.0000     2038.0329  6300038   80.14%
CPX0000       51    53     2057.6940  6777    10260.0000     2038.0329  6337542   80.14%
CPX0000       52    54     2070.1315  7079    10260.0000     2038.0329  6371950   80.14%
CPX0000       53    55     2057.6940  6678    10260.0000     2038.0329  6379294   80.14%
CPX0000  Elapsed time = 75940.89 sec. (17448681.85 ticks, tree = 4.92 MB
CPX0000       54    56     2070.2982  6443    10260.0000     2038.0329  6387318   80.14%
CPX0000       55    57     2057.7101  6470    10260.0000     2038.0329  6399012   80.14%
CPX0000       56    58     2057.7101  6401    10260.0000     2038.0329  6406106   80.14%
CPX0000       57    59     2057.7101  6306    10260.0000     2038.0329  6429460   80.14%
CPX0000       58    60     2057.7101  6256    10260.0000     2038.0329  6439662   80.14%
CPX0000       59    61     2064.6756  6345    10260.0000     2038.0329  6474400   80.14%
CPX0000       60    62     2060.0749  6362    10260.0000     2038.0329  6481774   80.14%
CPX0000       61    63     2060.0749  6366    10260.0000     2038.0329  6500418   80.14%
CPX0000       62    64     2060.1178  6358    10260.0000     2038.0329  6532479   80.14%
CPX0000       63    65     2060.1178  6310    10260.0000     2038.0329  6534025   80.14%
CPX0000  Elapsed time = 76220.07 sec. (17505832.37 ticks, tree = 5.21 MB
CPX0000       64    66     2070.5552  6270    10260.0000     2038.0329  6542095   80.14%
CPX0000       65    67     2063.5294  6515    10260.0000     2038.0329  6572692   80.14%
CPX0000       66    68     2070.5552  6264    10260.0000     2038.0329  6575964   80.14%
CPX0000       68    70     2086.6479  6342    10260.0000     2038.0329  6584531   80.14%
CPX0000       69    71     2070.5552  6267    10260.0000     2038.0329  6588110   80.14%
CPX0000       70    72     2070.5552  6251    10260.0000     2038.0329  6590691   80.14%
CPX0000       71    73     2072.5048  6304    10260.0000     2038.0329  6594865   80.14%
CPX0000       72    74     2086.6479  6289    10260.0000     2038.0329  6601025   80.14%
CPX0000       73    75     2072.5048  6298    10260.0000     2038.0329  6603506   80.14%
CPX0000       74    76     2072.5048  6305    10260.0000     2038.0329  6606857   80.14%
CPX0000  Elapsed time = 77286.99 sec. (17672041.44 ticks, tree = 5.49 MB
CPX0000       75    77     2074.6338  6283    10260.0000     2038.0329  6612746   80.14%
CPX0000       76    78     2072.5048  6296    10260.0000     2038.0329  6618302   80.14%
CPX0000       77    79     2072.5048  6309    10260.0000     2038.0329  6620277   80.14%
CPX0000       78    80     2075.4123  6420    10260.0000     2038.0329  6636025   80.14%
CPX0000       79    81     2072.5048  6335    10260.0000     2038.0329  6636280   80.14%
CPX0000       80    82     2072.8151  6302    10260.0000     2038.0329  6640005   80.14%
CPX0000       82    84     2075.3237  6493    10260.0000     2038.0329  6645173   80.14%
CPX0000       85    87     2073.5622  6438    10260.0000     2038.0329  6649054   80.14%
CPX0000       86    88     2075.3237  6499    10260.0000     2038.0329  6653865   80.14%
CPX0000       90    92     2074.3080  6357    10260.0000     2038.0329  6659731   80.14%
CPX0000  Elapsed time = 78064.67 sec. (17805917.01 ticks, tree = 5.98 MB
CPX0000       92    94     2074.3080  6541    10260.0000     2038.0329  6764956   80.14%
CPX0000       93    95     2077.2895  6098    10260.0000     2038.0329  6769766   80.14%
CPX0000       95    97     2089.7895  6032    10260.0000     2038.0329  6771868   80.14%
CPX0000       96    98     2078.5395  6029    10260.0000     2038.0329  6774067   80.14%
CPX0000       97    99     2078.5395  6024    10260.0000     2038.0329  6775180   80.14%
CPX0000       99   101     2078.5395  5999    10260.0000     2038.0329  6777697   80.14%
CPX0000  *   100+  100                         8860.0000     2038.0329  6778826   77.00%
CPX0000  *   100+  100                         8785.0000     2038.0329  6778826   76.80%
CPX0000  *   100+  100                         8725.0000     2038.0329  6778826   76.64%
CPX0000  *   100+  100                         7240.0000     2038.0329  6778826   71.85%
CPX0000  *   100+  100                         7210.0000     2038.0329  6778826   71.73%
CPX0000  *   100+  100                         7180.0000     2038.0329  6778826   71.62%
CPX0000  *   100+  100                         6280.0000     2038.0329  6778826   67.55%
CPX0000  *   100+  100                         6170.0000     2038.0329  6778826   66.97%
CPX0000  *   100+  100                         5920.0000     2038.0329  6778826   65.57%
CPX0000  *   100+  100                         5790.0000     2038.0329  6778826   64.80%
CPX0000  *   100+  100                         5740.0000     2038.0329  6778826   64.49%
CPX0000  *   100+  100                         5720.0000     2038.0329  6778826   64.37%
CPX0000  *   100+  100                         5700.0000     2038.0329  6778826   64.25%
CPX0000  *   100+  100                         5550.0000     2038.0329  6778826   63.28%
CPX0000      100   102     2078.5395  5959     5550.0000     2038.0329  6778826   63.28%
[1m[30m[ZEN] [0m22:00:11 [1m[34m   5550.00[1m[32m   63.28%
[0mCPX0000      102   104     2078.5395  5942     5550.0000     2038.0329  6780509   63.28%
CPX0000      103   105     2078.5395  5956     5550.0000     2038.0329  6782158   63.28%
CPX0000      104   106     2078.5395  5931     5550.0000     2038.0329  6785442   63.28%
CPX0000  Elapsed time = 79243.07 sec. (18017042.12 ticks, tree = 6.39 MB
CPX0000      106   108     2078.5395  5867     5550.0000     2038.0329  6790345   63.28%
CPX0000      108   110     2078.5395  5881     5550.0000     2038.0329  6794920   63.28%
CPX0000      109   111     2079.7470  5694     5550.0000     2038.0329  6802545   63.28%
CPX0000      110   112     2079.7470  5665     5550.0000     2038.0329  6808198   63.28%
CPX0000      111   113     2079.7470  5646     5550.0000     2038.0329  6813408   63.28%
CPX0000      113   115     2079.7470  5641     5550.0000     2038.0329  6817268   63.28%
CPX0000      114   116     2091.7461  5755     5550.0000     2038.0329  6827571   63.28%
CPX0000      115   117     2079.9236  5662     5550.0000     2038.0329  6832220   63.28%
CPX0000      116   118     2081.3562  5650     5550.0000     2038.0329  6841648   63.28%
CPX0000      117   119     2079.9236  5639     5550.0000     2038.0329  6844597   63.28%
CPX0000  Elapsed time = 79421.01 sec. (18057514.50 ticks, tree = 6.77 MB
CPX0000      118   120     2079.9450  5737     5550.0000     2038.0329  6850193   63.28%
CPX0000      119   121     2081.3640  5633     5550.0000     2038.0329  6858524   63.28%
CPX0000      120   122     2081.3646  5625     5550.0000     2038.0329  6862606   63.28%
CPX0000      121   123     2081.3646  5619     5550.0000     2038.0329  6866906   63.28%
CPX0000      122   124     2081.3646  5633     5550.0000     2038.0329  6870308   63.28%
CPX0000      123   125     2081.6970  5610     5550.0000     2038.0329  6876048   63.28%
CPX0000      124   126     2081.6970  5609     5550.0000     2038.0329  6877986   63.28%
CPX0000      125   127     2082.3526  5682     5550.0000     2038.0329  6886212   63.28%
CPX0000      126   128     2082.0663  5729     5550.0000     2038.0329  6892684   63.28%
CPX0000      128   130     2082.8415  5683     5550.0000     2038.0329  6900685   63.28%
CPX0000  Elapsed time = 80378.37 sec. (18209152.07 ticks, tree = 7.06 MB
CPX0000      129   131     2095.8611  5665     5550.0000     2038.0329  6906601   63.28%
CPX0000      132   134     2082.8415  5632     5550.0000     2038.0329  6914427   63.28%
CPX0000      134   136     2087.3506  5603     5550.0000     2038.0329  6926881   63.28%
CPX0000      136   138     2088.2041  5586     5550.0000     2038.0329  6937218   63.28%
CPX0000      137   139     2095.3531  5747     5550.0000     2038.0329  6944123   63.28%
CPX0000      138   140     2088.2880  5591     5550.0000     2038.0329  6950344   63.28%
CPX0000      139   141     2092.5727  5577     5550.0000     2038.0329  6958761   63.28%
CPX0000      141   143     2092.7152  5669     5550.0000     2038.0329  6968969   63.28%
CPX0000      143   145     2092.3144  5599     5550.0000     2038.0329  6980588   63.28%
CPX0000      145   147     2092.8981  5606     5550.0000     2038.0329  6989073   63.28%
CPX0000  Elapsed time = 80644.50 sec. (18271911.46 ticks, tree = 7.59 MB
CPX0000      147   149     2096.3761  5553     5550.0000     2038.0329  6996809   63.28%
CPX0000      150   152     2096.6677  5509     5550.0000     2038.0329  7003809   63.28%
CPX0000      152   154     2099.3681  5511     5550.0000     2038.0329  7012600   63.28%
CPX0000      155   157     2096.8995  5540     5550.0000     2038.0329  7020584   63.28%
CPX0000      156   158     2099.4136  5465     5550.0000     2038.0329  7029251   63.28%
CPX0000      158   160     2099.8545  5511     5550.0000     2038.0329  7039392   63.28%
CPX0000      159   161     2103.2328  5569     5550.0000     2038.0329  7047302   63.28%
CPX0000      161   163     2100.7071  5567     5550.0000     2038.0329  7055479   63.28%
CPX0000      163   165     2100.8396  5492     5550.0000     2038.0329  7065360   63.28%
CPX0000      166   168     2101.0381  5443     5550.0000     2038.0329  7074020   63.28%
CPX0000  Elapsed time = 80864.85 sec. (18327698.65 ticks, tree = 8.21 MB
CPX0000      168   170     2115.7135  5464     5550.0000     2038.0329  7086657   63.28%
CPX0000      170   172     2112.7510  5341     5550.0000     2038.0329  7090187   63.28%
CPX0000      174   176     2112.7510  5302     5550.0000     2038.0329  7095104   63.28%
CPX0000      176   178     2117.2692  5337     5550.0000     2038.0329  7102833   63.28%
CPX0000      178   180     2114.0437  5459     5550.0000     2038.0329  7111046   63.28%
CPX0000      180   182     2122.6229  5429     5550.0000     2038.0329  7121974   63.28%
CPX0000      183   185     2113.3049  5288     5550.0000     2038.0329  7126837   63.28%
CPX0000      185   187     2133.4004  5235     5550.0000     2038.0329  7139904   63.28%
CPX0000      187   189     2117.4109  5259     5550.0000     2038.0329  7148839   63.28%
CPX0000      189   191     2120.1015  5429     5550.0000     2038.0329  7155886   63.28%
CPX0000  Elapsed time = 81092.71 sec. (18389322.07 ticks, tree = 8.87 MB
CPX0000      191   193     2119.7513  5457     5550.0000     2038.0329  7167553   63.28%
CPX0000      193   195     2119.7513  5442     5550.0000     2038.0329  7176715   63.28%
CPX0000      194   196     2146.6618  5418     5550.0000     2038.0329  7183326   63.28%
CPX0000      197   199     2122.7773  5394     5550.0000     2038.0329  7191237   63.28%
CPX0000      199   201     2138.9975  5400     5550.0000     2038.0329  7199787   63.28%
CPX0000  *   200+  200                         5155.0000     2038.0329  7202850   60.46%
CPX0000  *   200+  200                         5110.0000     2038.0329  7202850   60.12%
CPX0000  *   200+  200                         5075.0000     2038.0329  7202850   59.84%
CPX0000  *   200+  200                         5015.0000     2038.0329  7202850   59.36%
CPX0000  *   200+  200                         4890.0000     2038.0329  7202850   58.32%
CPX0000  *   200+  200                         4745.0000     2038.0329  7202850   57.05%
CPX0000      200   202     2125.8475  5446     4745.0000     2038.0329  7202850   57.05%
[1m[30m[ZEN] [0m22:34:16 [1m[34m   4745.00[1m[32m   57.05%
[0mCPX0000      203   205     2132.7274  5343     4745.0000     2038.0329  7208975   57.05%
CPX0000      204   206     2139.7607  5336     4745.0000     2038.0329  7213004   57.05%
CPX0000      207   209     2137.3107  5314     4745.0000     2038.0329  7219781   57.05%
CPX0000      210   212     2152.4961  5309     4745.0000     2038.0329  7224596   57.05%
CPX0000  Elapsed time = 81335.55 sec. (18463759.65 ticks, tree = 9.53 MB
CPX0000      213   215     2137.4961  5242     4745.0000     2038.0329  7228954   57.05%
CPX0000      214   216     2162.1228  5289     4745.0000     2038.0329  7233038   57.05%
CPX0000      217   219     2142.0144  5267     4745.0000     2038.0329  7240487   57.05%
CPX0000      220   222     2139.8319  5248     4745.0000     2038.0329  7252350   57.05%
CPX0000      223   225     2139.8319  5182     4745.0000     2038.0329  7262122   57.05%
CPX0000      225   227     2146.7340  5226     4745.0000     2038.0329  7268292   57.05%
CPX0000      227   229     2145.3631  5281     4745.0000     2038.0329  7279646   57.05%
CPX0000      229   231     2142.2788  5165     4745.0000     2038.0329  7292613   57.05%
CPX0000      232   234     2143.1671  5141     4745.0000     2038.0329  7299009   57.05%
CPX0000      234   236     2143.1671  5119     4745.0000     2038.0329  7305012   57.05%
CPX0000  Elapsed time = 81759.08 sec. (18557057.19 ticks, tree = 10.26 MB
CPX0000      235   237     2143.1671  5143     4745.0000     2038.0329  7309294   57.05%
CPX0000      237   239     2144.0043  5055     4745.0000     2038.0329  7314037   57.05%
CPX0000      239   241     2148.5226  5095     4745.0000     2038.0329  7319301   57.05%
CPX0000      240   242     2149.2369  5024     4745.0000     2038.0329  7323630   57.05%
CPX0000      241   243     2148.5226  5068     4745.0000     2038.0329  7328410   57.05%
CPX0000      244   246     2151.7369  5019     4745.0000     2038.0329  7332618   57.05%
CPX0000      247   249     2152.9000  4948     4745.0000     2038.0329  7338177   57.05%
CPX0000      251   253     2169.5666  4954     4745.0000     2038.0329  7343919   57.05%
CPX0000      256   258     2153.2062  4890     4745.0000     2038.0329  7350079   57.05%
CPX0000      259   261     2153.2062  4927     4745.0000     2038.0329  7357523   57.05%
CPX0000  Elapsed time = 81949.61 sec. (18607011.82 ticks, tree = 11.02 MB
CPX0000      262   264     2153.2214  4875     4745.0000     2038.0329  7363954   57.05%
CPX0000      263   265     2159.1863  4843     4745.0000     2038.0329  7370385   57.05%
CPX0000      265   267     2153.5003  4901     4745.0000     2038.0329  7378813   57.05%
CPX0000      269   271     2153.5003  4879     4745.0000     2038.0329  7386944   57.05%
CPX0000      272   274     2154.1477  4840     4745.0000     2038.0329  7394299   57.05%
CPX0000      274   276     2158.9580  4798     4745.0000     2038.0329  7401694   57.05%
CPX0000      275   277     2160.6763  4730     4745.0000     2038.0329  7409186   57.05%
CPX0000      278   280     2163.7564  4802     4745.0000     2038.0329  7419985   57.05%
CPX0000      280   282     2161.6989  4741     4745.0000     2038.0329  7423942   57.05%
CPX0000      283   285     2166.9018  4791     4745.0000     2038.0329  7436673   57.05%
CPX0000  Elapsed time = 82631.33 sec. (18736143.55 ticks, tree = 11.76 MB
CPX0000      287   289     2162.2516  4728     4745.0000     2038.0329  7446122   57.05%
CPX0000      290   292     2164.1384  4710     4745.0000     2038.0329  7454319   57.05%
CPX0000      292   294     2162.3194  4707     4745.0000     2038.0329  7461610   57.05%
CPX0000      295   297     2162.3194  4720     4745.0000     2038.0329  7469996   57.05%
CPX0000      299   301     2163.5904  4715     4745.0000     2038.0329  7477515   57.05%
CPX0000  *   300+  300                         4565.0000     2038.0329  7482072   55.36%
CPX0000  *   300+  300                         4545.0000     2038.0329  7482072   55.16%
CPX0000  *   300+  300                         4540.0000     2038.0329  7482072   55.11%
CPX0000  *   300+  300                         4520.0000     2038.0329  7482072   54.91%
CPX0000  *   300+  300                         4515.0000     2038.0329  7482072   54.86%
CPX0000  *   300+  300                         4510.0000     2038.0329  7482072   54.81%
CPX0000  *   300+  300                         4490.0000     2038.0329  7482072   54.61%
CPX0000  *   300+  300                         4470.0000     2038.0329  7482072   54.41%
CPX0000      300   302     2167.0534  4835     4470.0000     2038.0329  7482072   54.41%
[1m[30m[ZEN] [0m23:06:04 [1m[34m   4470.00[1m[32m   54.41%
[0mCPX0000      302   304     2165.4783  4840     4470.0000     2038.0329  7489780   54.41%
CPX0000      304   306     2176.2442  4734     4470.0000     2038.0329  7496635   54.41%
CPX0000      306   308     2176.4197  4764     4470.0000     2038.0329  7504885   54.41%
CPX0000      308   310     2176.5430  4715     4470.0000     2038.0329  7512104   54.41%
CPX0000  Elapsed time = 83224.17 sec. (18857382.43 ticks, tree = 12.54 MB
CPX0000      310   312     2177.9922  4685     4470.0000     2038.0329  7520398   54.41%
CPX0000      313   315     2178.5503  4702     4470.0000     2038.0329  7528634   54.41%
CPX0000      315   317     2179.3836  4659     4470.0000     2038.0329  7534547   54.41%
CPX0000      318   320     2179.3836  4713     4470.0000     2038.0329  7540850   54.41%
CPX0000      320   322     2179.3836  4672     4470.0000     2038.0329  7547399   54.41%
CPX0000      322   324     2184.5152  4740     4470.0000     2038.0329  7553316   54.41%
CPX0000      324   326     2191.8836  4685     4470.0000     2038.0329  7559322   54.41%
CPX0000      327   329     2183.2473  4676     4470.0000     2038.0329  7565022   54.41%
CPX0000      329   331     2183.2473  4624     4470.0000     2038.0329  7570825   54.41%
CPX0000      331   333     2191.8836  4680     4470.0000     2038.0329  7577041   54.41%
CPX0000  Elapsed time = 83943.58 sec. (19001698.27 ticks, tree = 13.26 MB
CPX0000      334   336     2189.5622  4686     4470.0000     2038.0329  7583898   54.41%
CPX0000      339   341     2204.6981  4660     4470.0000     2038.0329  7591852   54.41%
CPX0000      342   344     2189.3067  4635     4470.0000     2038.0329  7598393   54.41%
CPX0000      345   347     2189.3067  4684     4470.0000     2038.0329  7605719   54.41%
CPX0000      347   349     2189.3067  4647     4470.0000     2038.0329  7612095   54.41%
CPX0000      350   352     2189.3067  4638     4470.0000     2038.0329  7616420   54.41%
CPX0000      355   357     2189.8558  4576     4470.0000     2038.0329  7623174   54.41%
CPX0000      359   361     2189.8911  4681     4470.0000     2038.0329  7631609   54.41%
CPX0000      363   365     2191.1194  4571     4470.0000     2038.0329  7638531   54.41%
CPX0000      369   371     2191.1194  4578     4470.0000     2038.0329  7646361   54.41%
CPX0000  Elapsed time = 84092.10 sec. (19046644.86 ticks, tree = 14.42 MB
CPX0000      373   375     2192.0170  4636     4470.0000     2038.0329  7653021   54.41%
CPX0000      376   378     2192.1838  4671     4470.0000     2038.0329  7660867   54.41%
CPX0000      379   381     2192.1838  4691     4470.0000     2038.0329  7668287   54.41%
CPX0000      385   387     2192.1838  4665     4470.0000     2038.0329  7675511   54.41%
CPX0000      389   391     2193.6507  4566     4470.0000     2038.0329  7682694   54.41%
CPX0000      391   393     2194.6497  4635     4470.0000     2038.0329  7689938   54.41%
CPX0000      393   395     2203.2994  4636     4470.0000     2038.0329  7696596   54.41%
CPX0000      395   397     2205.8453  4672     4470.0000     2038.0329  7702998   54.41%
CPX0000      397   399     2225.0690  4665     4470.0000     2038.0329  7710578   54.41%
CPX0000  *   400+  400                         4385.0000     2038.0329  7716614   53.52%
CPX0000  *   400+  400                         4210.0000     2038.0329  7716614   51.59%
CPX0000  *   400+  400                         4205.0000     2038.0329  7716614   51.53%
CPX0000  *   400+  400                         4105.0000     2038.0329  7716614   50.35%
CPX0000  *   400+  400                         4100.0000     2038.0329  7716614   50.29%
CPX0000  *   400+  400                         4075.0000     2038.0329  7716614   49.99%
CPX0000      400   402     2210.7509  4753     4075.0000     2038.0329  7716614   49.99%
CPX0000  Elapsed time = 84620.83 sec. (19167440.80 ticks, tree = 15.44 MB
[1m[30m[ZEN] [0m23:30:20 [1m[34m   4075.00[1m[32m   49.99%
[0mCPX0000      404   406     2226.5706  4494     4075.0000     2038.0329  7725618   49.99%
CPX0000      406   408     2226.5706  4466     4075.0000     2038.0329  7733227   49.99%
CPX0000      408   410     2235.7352  4603     4075.0000     2038.0329  7740383   49.99%
CPX0000      411   413     2236.6162  4524     4075.0000     2038.0329  7747035   49.99%
CPX0000      414   416     2257.4294  4528     4075.0000     2038.0329  7757925   49.99%
CPX0000      417   419     2234.1939  4647     4075.0000     2038.0329  7766966   49.99%
CPX0000      422   424     2234.3126  4584     4075.0000     2038.0329  7774057   49.99%
CPX0000      427   429     2234.4877  4549     4075.0000     2038.0329  7781322   49.99%
CPX0000      432   434     2235.3789  4568     4075.0000     2038.0329  7788724   49.99%
CPX0000      435   437     2244.7465  4601     4075.0000     2038.0329  7796430   49.99%
CPX0000  Elapsed time = 84779.36 sec. (19214198.89 ticks, tree = 16.56 MB
CPX0000      439   441     2237.6929  4617     4075.0000     2038.0329  7803192   49.99%
CPX0000      443   445     2249.3691  4516     4075.0000     2038.0329  7810277   49.99%
CPX0000      447   449     2239.7169  4502     4075.0000     2038.0329  7816516   49.99%
CPX0000      451   453     2253.6239  4493     4075.0000     2038.0329  7823562   49.99%
CPX0000      456   458     2247.6062  4552     4075.0000     2038.0329  7830991   49.99%
CPX0000      461   463     2246.9838  4550     4075.0000     2038.0329  7838963   49.99%
CPX0000      465   467     2273.7685  4397     4075.0000     2038.0329  7845266   49.99%
CPX0000      470   472     2331.5915  4508     4075.0000     2038.0329  7853088   49.99%
CPX0000      476   478     2346.8616  4382     4075.0000     2038.0329  7862413   49.99%
CPX0000      479   481     2336.8351  4332     4075.0000     2038.0329  7869568   49.99%
CPX0000  Elapsed time = 84926.66 sec. (19257778.53 ticks, tree = 17.98 MB
CPX0000      483   485     2362.5342  4366     4075.0000     2038.0329  7877019   49.99%
CPX0000      486   488     2343.3680  4375     4075.0000     2038.0329  7883942   49.99%
CPX0000      490   492     2347.5212  4349     4075.0000     2038.0329  7892103   49.99%
CPX0000      495   497     2349.7663  4319     4075.0000     2038.0329  7899927   49.99%
CPX0000      499   501     2350.6133  4359     4075.0000     2038.0329  7906910   49.99%
CPX0000  *   500+  500                         3940.0000     2038.0329  7909690   48.27%
CPX0000  *   500+  500                         3910.0000     2038.0329  7909690   47.88%
CPX0000  *   500+  500                         3880.0000     2038.0329  7909690   47.47%
CPX0000      500   502     2361.9845  4281     3880.0000     2038.0329  7909690   47.47%
[1m[30m[ZEN] [0m23:36:46 [1m[34m   3880.00[1m[32m   47.47%
[0mCPX0000      504   506     2365.8785  4297     3880.0000     2038.0329  7916916   47.47%
CPX0000      510   512     2370.0037  4173     3880.0000     2038.0329  7926971   47.47%
CPX0000      516   518     2377.0367  4212     3880.0000     2038.0329  7937624   47.47%
CPX0000      520   522     2374.1471  4250     3880.0000     2038.0329  7945655   47.47%
CPX0000  Elapsed time = 85060.23 sec. (19303653.87 ticks, tree = 19.31 MB
CPX0000      524   526     2381.0181  4269     3880.0000     2038.0329  7953544   47.47%
CPX0000      527   529     2388.7455  4305     3880.0000     2038.0329  7961163   47.47%
CPX0000      531   533     2381.5354  4241     3880.0000     2038.0329  7969292   47.47%
CPX0000      537   539     2387.6386  4263     3880.0000     2038.0329  7978010   47.47%
CPX0000      542   544     2392.4074  4030     3880.0000     2038.0329  7987572   47.47%
CPX0000      547   549     2400.0058  4030     3880.0000     2038.0329  7996131   47.47%
CPX0000      550   552     2405.3862  4016     3880.0000     2038.0329  8005021   47.47%
CPX0000      557   559     2437.8064  4003     3880.0000     2038.0329  8013350   47.47%
CPX0000      560   562     2418.0253  3991     3880.0000     2038.0329  8017794   47.47%
CPX0000      564   566     2431.4552  4108     3880.0000     2038.0329  8026036   47.47%
CPX0000  Elapsed time = 85340.49 sec. (19371208.54 ticks, tree = 20.77 MB
CPX0000      570   572     2444.4610  4046     3880.0000     2038.0329  8034207   47.47%
CPX0000      575   577     2451.7402  4089     3880.0000     2038.0329  8042989   47.47%
CPX0000      582   584     2447.9749  4073     3880.0000     2038.0329  8052056   47.47%
CPX0000      591   593     2454.6163  4109     3880.0000     2038.0329  8061805   47.47%
CPX0000      596   598     2466.6568  4202     3880.0000     2038.0329  8072099   47.47%
CPX0000  *   600+  600                         3840.0000     2038.0329  8077590   46.93%
CPX0000  *   600+  600                         3835.0000     2038.0329  8077590   46.86%
CPX0000  *   600+  600                         3820.0000     2038.0329  8077590   46.65%
CPX0000  *   600+  600                         3745.0000     2038.0329  8077590   45.58%
CPX0000  *   600+  600                         3715.0000     2038.0329  8077590   45.14%
CPX0000      600   602     2466.6608  4018     3715.0000     2038.0329  8077590   45.14%
[1m[30m[ZEN] [0m23:45:32 [1m[34m   3715.00[1m[32m   45.14%
[0mCPX0000      606   608     2466.6608  3989     3715.0000     2038.0329  8086458   45.14%
CPX0000      611   613     2487.9321  4063     3715.0000     2038.0329  8095333   45.14%
CPX0000      621   623     2564.8948  4046     3715.0000     2038.0329  8104281   45.14%
CPX0000      629   631     2579.4346  4108     3715.0000     2038.0329  8113591   45.14%
CPX0000  Elapsed time = 85576.21 sec. (19440471.40 ticks, tree = 22.96 MB
CPX0000      637   639     2626.6677  4067     3715.0000     2038.0329  8123301   45.14%
CPX0000      642   644     2662.0169  4008     3715.0000     2038.0329  8131566   45.14%
CPX0000      652   654     2681.9634  3956     3715.0000     2038.0329  8140353   45.14%
CPX0000      663   665     2689.0200  3866     3715.0000     2038.0329  8149521   45.14%
CPX0000      670   672     2713.8927  3929     3715.0000     2038.0329  8159495   45.14%
CPX0000      678   680     2839.6912  3873     3715.0000     2038.0329  8168831   45.14%
CPX0000      680   682     2780.9451  3945     3715.0000     2038.0329  8170060   45.14%
CPX0000      683   685     2778.7167  3926     3715.0000     2038.0329  8176280   45.14%
CPX0000      685   687     2781.3952  3895     3715.0000     2038.0329  8181605   45.14%
CPX0000      689   691     2781.3952  3903     3715.0000     2038.0329  8186409   45.14%
CPX0000  Elapsed time = 85827.16 sec. (19506621.01 ticks, tree = 25.00 MB
CPX0000      690   692     2790.1452  3959     3715.0000     2038.0329  8191541   45.14%
CPX0000      693   695     2791.3952  3904     3715.0000     2038.0329  8196225   45.14%
CPX0000      695   697     2798.0619  3937     3715.0000     2038.0329  8202324   45.14%
CPX0000      699   701     2787.9786  4001     3715.0000     2038.0329  8211650   45.14%
CPX0000  *   700+  700                         3710.0000     2038.0329  8213393   45.07%
CPX0000  *   700+  700                         3705.0000     2038.0329  8213393   44.99%
CPX0000  *   700+  700                         3695.0000     2038.0329  8213393   44.84%
CPX0000  *   700+  700                         3645.0000     2038.0329  8213393   44.09%
CPX0000  *   700+  700                         3640.0000     2038.0329  8213393   44.01%
CPX0000  *   700+  700                         3620.0000     2038.0329  8213393   43.70%
CPX0000  *   700+  700                         3615.0000     2038.0329  8213393   43.62%
CPX0000  *   700+  700                         3575.0000     2038.0329  8213393   42.99%
CPX0000  *   700+  700                         3555.0000     2038.0329  8213393   42.67%
CPX0000      700   702     2781.3952  3960     3555.0000     2038.0329  8213393   42.67%
[1m[30m[ZEN] [0m23:53:59 [1m[34m   3555.00[1m[32m   42.67%
[0mCPX0000      701   703     2797.7452  4044     3555.0000     2038.0329  8219125   42.67%
CPX0000      703   705     2787.5619  3968     3555.0000     2038.0329  8225248   42.67%
CPX0000      705   707     2798.0619  4003     3555.0000     2038.0329  8232956   42.67%
CPX0000      707   709     2789.9429  3934     3555.0000     2038.0329  8236892   42.67%
CPX0000      709   711     2794.7286  3928     3555.0000     2038.0329  8242188   42.67%
CPX0000  Elapsed time = 86139.92 sec. (19628073.58 ticks, tree = 25.69 MB
CPX0000      711   713     2803.4786  3899     3555.0000     2038.0329  8247568   42.67%
CPX0000      713   715     2803.4786  3903     3555.0000     2038.0329  8252755   42.67%
CPX0000      715   717     2803.4786  3839     3555.0000     2038.0329  8258099   42.67%
CPX0000      722   724     2805.7765  3827     3555.0000     2038.0329  8264356   42.67%
CPX0000      731   733     2818.7389  3874     3555.0000     2038.0329  8273672   42.67%
CPX0000      740   742     2863.1937  3757     3555.0000     2038.0329  8282608   42.67%
CPX0000      749   751     2991.9171  3597     3555.0000     2038.0329  8293319   42.67%
CPX0000      762   764     2960.8557  3505     3555.0000     2038.0329  8302803   42.67%
CPX0000      769   771     2973.3692  3554     3555.0000     2038.0329  8309663   42.67%
CPX0000      773   775     2975.8692  3521     3555.0000     2038.0329  8314051   42.67%
CPX0000  Elapsed time = 86277.47 sec. (19671431.81 ticks, tree = 27.96 MB
CPX0000      775   777     2989.6787  3540     3555.0000     2038.0329  8318902   42.67%
CPX0000      778   780     2978.8335  3542     3555.0000     2038.0329  8323230   42.67%
CPX0000      781   783     2980.0835  3555     3555.0000     2038.0329  8327868   42.67%
CPX0000      784   786     2995.2223  3648     3555.0000     2038.0329  8334044   42.67%
CPX0000      788   790     3018.8335  3565     3555.0000     2038.0329  8339623   42.67%
CPX0000      793   795     3028.8335  3516     3555.0000     2038.0329  8344783   42.67%
CPX0000      799   801     3028.8335  3496     3555.0000     2038.0329  8349143   42.67%
CPX0000
CPX0000  GUB cover cuts applied:  401
CPX0000  Clique cuts applied:  517
CPX0000  Cover cuts applied:  8
CPX0000  Implied bound cuts applied:  17
CPX0000  Mixed integer rounding cuts applied:  65
CPX0000  Zero-half cuts applied:  4449
CPX0000  Gomory fractional cuts applied:  18
CPX0000
CPX0000  Root node processing (before b&c):
CPX0000    Real time             = 69173.82 sec. (16195090.49 ticks)
CPX0000  Sequential b&c:
CPX0000    Real time             = 17226.39 sec. (3510172.10 ticks)
CPX0000                            ------------
CPX0000  Total (root+branch&cut) = 86400.21 sec. (19705262.59 ticks)
H2 understaffing: 0
H3 shiftTypeSuccessions: 0
S1 optimalCoverage: 120
S2a consecutiveShift: 225 = (15,0 )
S2b consecutiveWorkingDays: 180 = ( 5,1 )
S3 consecutiveDaysOff: 120 = ( 1,3 )
S4 preferences: 320
S5 completeWeekend: 0
S6 totalAssignments: 2440
S7 totalWorkingWeekeends: 150
 

Cost Solution: 3555

       |M|T|W|T|F|S|S| |M|T|W|T|F|S|S| |M|T|W|T|F|S|S| |M|T|W|T|F|S|S|
------------------------------------------------------------------------
HN_0   |-|L|L|L|L|-|-| |-|-|D|D|L|L|L| |-|-|-|-|D|D|E| |E|L|L|L|-|-|-|
HN_1   |-|-|-|L|L|-|-| |D|D|-|-|-|-|-| |L|L|L|-|-|-|-| |-|E|E|-|-|-|D|
HN_2   |-|-|-|-|E|E|N| |N|N|N|-|-|-|-| |-|-|E|E|-|-|-| |-|-|-|D|D|-|-|
HN_3   |N|-|-|L|L|L|L| |-|-|D|D|D|-|-| |N|N|N|N|N|-|-| |N|N|N|N|N|-|-|
HN_4   |E|-|-|-|-|-|-| |D|D|D|E|E|-|-| |-|-|-|-|D|D|D| |D|D|-|-|-|-|-|
HN_5   |L|L|-|-|-|-|-| |D|D|D|-|-|-|-| |D|D|D|-|-|-|-| |-|-|-|L|L|N|N|
HN_6   |D|D|-|-|-|E|E| |E|E|L|L|-|-|-| |D|D|L|L|-|-|-| |N|N|N|N|N|-|-|
HN_7   |-|E|E|N|N|N|N| |-|-|-|-|E|E|E| |E|E|D|D|-|-|-| |-|E|E|L|L|-|-|
HN_8   |D|D|D|D|D|-|-| |-|-|E|E|E|N|N| |N|-|-|-|-|L|L| |N|N|N|N|-|-|-|
HN_9   |-|D|D|D|D|-|-| |-|-|-|-|N|N|N| |N|-|-|-|-|-|-| |D|L|L|-|-|-|-|
HN_10  |-|E|E|E|L|L|L| |L|-|-|-|-|E|E| |E|E|E|-|-|-|-| |E|E|E|E|E|-|-|
HN_11  |-|E|E|-|-|-|-| |-|-|-|D|D|-|-| |-|-|-|-|D|D|D| |-|-|-|-|-|-|-|
HN_12  |-|-|L|L|L|-|-| |-|L|L|L|L|-|-| |-|-|D|D|D|-|-| |-|-|-|-|-|E|E|
HN_13  |-|N|N|N|N|-|-| |-|E|E|D|D|D|D| |-|-|-|-|D|D|L| |L|L|-|-|-|-|-|
HN_14  |L|L|L|-|-|-|-| |-|-|-|N|N|N|N| |-|-|-|-|-|-|-| |E|E|E|E|-|-|-|
HN_15  |D|-|-|-|-|D|D| |D|L|L|-|-|-|-| |N|N|N|N|N|-|-| |-|-|D|D|D|L|L|
HN_16  |N|N|N|N|N|-|-| |N|N|N|N|N|-|-| |E|E|E|-|-|E|E| |E|-|-|N|N|N|N|
HN_17  |D|D|D|-|-|-|-| |-|E|E|D|D|-|-| |-|-|-|-|N|N|N| |N|-|-|-|-|-|-|
HN_18  |-|-|E|E|E|-|-| |E|E|E|L|L|-|-| |E|E|E|E|E|-|-| |D|D|D|D|D|-|-|
HN_19  |N|N|N|N|-|-|-| |L|L|L|L|-|-|-| |D|D|L|L|-|-|-| |-|L|L|L|L|-|-|
NU_20  |-|L|L|L|L|-|-| |-|-|-|-|-|D|D| |D|-|-|-|-|-|-| |-|N|N|N|N|-|-|
NU_21  |E|-|-|E|E|E|E| |-|-|D|D|D|-|-| |N|N|N|N|N|-|-| |N|N|N|-|-|E|E|
NU_22  |D|D|D|D|D|-|-| |E|E|E|-|-|L|L| |L|-|-|L|L|L|L| |L|-|-|D|D|D|N|
NU_23  |E|E|E|-|-|-|-| |-|N|N|N|N|-|-| |-|-|-|-|N|N|N| |N|-|-|-|-|-|-|
NU_24  |-|-|-|-|-|-|-| |D|D|D|-|-|-|-| |D|D|L|L|L|-|-| |-|-|-|-|L|L|L|
NU_25  |-|-|-|-|-|-|-| |L|L|L|-|-|-|-| |D|D|D|E|E|-|-| |-|-|-|-|L|L|L|
NU_26  |L|L|-|-|-|-|-| |L|L|-|-|-|-|-| |E|E|-|-|-|L|L| |L|-|-|-|-|-|-|
NU_27  |E|E|-|-|-|-|-| |E|E|-|-|-|-|-| |N|N|N|-|-|-|-| |-|L|L|-|-|-|-|
NU_28  |-|-|-|-|-|E|E| |L|L|L|-|-|-|-| |D|D|D|-|-|-|-| |D|D|D|-|-|-|-|
NU_29  |L|-|-|-|-|D|D| |E|E|E|-|-|-|-| |E|E|L|L|L|-|-| |-|E|E|E|E|-|-|
NU_30  |L|L|L|-|-|-|-| |-|N|N|N|N|-|-| |-|-|N|N|N|-|-| |-|-|D|D|D|-|-|
NU_31  |-|N|N|N|N|-|-| |-|-|L|L|L|-|-| |-|N|N|N|N|-|-| |-|-|-|-|-|N|N|
NU_32  |N|N|-|-|D|D|D| |D|-|-|D|D|D|D| |-|-|E|E|E|-|-| |D|D|D|E|E|-|-|
NU_33  |-|-|E|E|E|-|-| |N|N|N|N|N|-|-| |D|D|E|E|E|-|-| |E|E|E|E|E|-|-|
NU_34  |-|E|E|-|-|-|-| |-|-|-|L|L|-|-| |L|L|-|-|-|-|-| |-|-|L|L|L|-|-|
NU_35  |-|N|N|N|N|-|-| |-|N|N|N|N|-|-| |-|-|D|D|D|E|E| |-|-|-|-|L|L|N|
NU_36  |-|D|D|D|-|-|-| |-|-|E|E|E|-|-| |-|-|D|D|D|-|-| |-|-|-|-|-|N|N|
NU_37  |D|-|-|-|-|-|-| |-|D|D|D|D|-|-| |-|-|D|D|D|-|-| |-|-|-|-|E|E|D|
NU_38  |L|L|L|-|-|N|N| |N|N|-|-|E|E|L| |L|L|-|-|E|E|E| |E|-|-|D|D|D|D|
NU_39  |D|-|-|-|L|L|L| |L|-|-|-|-|L|N| |N|N|N|N|-|-|-| |-|E|E|E|E|-|-|
CT_40  |D|D|-|-|-|-|-| |D|D|-|-|-|-|-| |-|-|E|E|E|-|-| |E|E|-|-|-|-|D|
CT_41  |-|-|E|E|E|-|-| |-|-|-|E|E|-|-| |-|-|-|-|-|E|E| |E|-|-|-|-|-|-|
CT_42  |-|-|D|D|D|-|-| |E|E|E|L|L|-|-| |L|L|L|L|L|-|-| |N|N|N|N|N|-|-|
CT_43  |-|-|-|L|L|-|-| |-|-|-|-|L|L|L| |-|-|-|-|-|-|-| |D|D|-|-|-|-|-|
CT_44  |-|-|-|E|E|E|E| |E|-|-|-|-|-|-| |N|N|N|-|-|-|-| |D|D|D|-|-|-|-|
CT_45  |D|D|D|D|-|-|-| |D|D|D|D|-|-|-| |-|N|N|N|N|-|-| |-|N|N|N|N|-|-|
CT_46  |-|-|-|-|-|D|D| |D|-|-|-|-|-|-| |D|D|D|-|-|-|-| |N|N|N|N|N|-|-|
CT_47  |E|-|-|D|D|E|E| |E|-|-|D|D|E|E| |-|-|L|L|L|-|-| |D|D|D|L|L|-|-|
CT_48  |-|-|L|L|L|-|-| |-|-|-|-|-|-|-| |N|N|N|N|N|-|-| |-|-|-|-|N|N|N|
CT_49  |N|N|N|N|N|-|-| |L|L|L|L|L|-|-| |E|E|E|E|E|-|-| |N|N|N|N|N|-|-|
CT_50  |E|D|D|D|D|-|-| |-|-|N|N|N|N|N| |-|-|-|-|D|D|D| |N|N|N|N|-|-|-|
CT_51  |E|E|E|-|-|-|-| |-|-|E|E|E|-|-| |-|-|D|D|D|L|L| |-|-|-|-|-|-|-|
CT_52  |-|D|D|D|D|-|-| |-|N|N|N|N|-|-| |-|-|E|E|E|D|D| |-|-|-|-|E|E|E|
CT_53  |-|-|N|N|N|-|-| |-|-|-|-|N|N|N| |N|-|-|-|-|-|-| |-|D|D|D|D|-|-|
CT_54  |N|N|-|-|L|L|L| |-|-|L|L|L|-|-| |N|N|N|N|N|-|-| |D|D|D|-|E|E|E|
CT_55  |-|D|D|-|-|L|L| |L|-|-|-|-|-|-| |-|D|D|-|-|-|-| |-|-|-|E|E|-|-|
CT_56  |D|-|-|-|-|-|-| |-|L|L|-|-|-|-| |-|-|-|L|L|-|-| |-|-|-|-|L|L|-|
CT_57  |-|L|L|L|-|-|-| |N|N|N|N|-|-|-| |-|-|-|-|N|N|N| |N|-|-|-|-|-|-|
CT_58  |L|L|-|-|-|-|-| |L|L|-|-|-|-|D| |D|-|-|-|-|-|-| |-|L|L|-|-|-|-|
CT_59  |-|E|E|D|D|-|-| |-|D|D|E|E|-|-| |-|N|N|N|N|-|-| |-|-|E|E|E|D|D|
CT_60  |L|-|-|-|-|N|N| |N|N|-|-|-|-|-| |E|E|E|-|-|-|-| |-|L|L|L|-|-|-|
CT_61  |E|E|-|-|-|-|-| |D|D|-|-|-|-|-| |L|L|-|-|-|-|-| |-|-|E|E|-|-|-|
CT_62  |D|D|L|L|L|-|-| |E|E|E|D|D|-|-| |L|L|L|-|-|D|D| |D|-|-|E|E|D|D|
CT_63  |E|E|E|E|E|-|-| |-|-|E|E|E|L|L| |-|-|-|-|E|E|E| |D|D|D|D|-|-|-|
CT_64  |N|N|N|-|-|-|-| |-|N|N|N|N|-|-| |-|-|-|-|D|D|L| |L|-|-|-|-|-|-|
CT_65  |D|D|N|N|N|-|-| |N|N|N|N|N|-|-| |L|L|L|-|-|N|N| |N|N|-|-|L|L|L|
CT_66  |N|-|-|-|-|D|D| |L|L|-|-|-|D|D| |L|L|L|-|-|-|-| |L|L|L|L|L|-|-|
CT_67  |-|L|L|-|-|-|-| |-|-|D|D|-|-|-| |-|-|-|E|E|-|-| |E|E|-|-|-|-|-|
CT_68  |-|-|-|-|E|E|D| |D|D|-|-|-|-|-| |E|E|E|-|-|-|-| |-|-|D|D|D|-|-|
CT_69  |-|-|E|E|E|-|-| |-|-|-|-|-|D|D| |D|D|D|-|-|-|-| |-|-|D|D|D|-|-|
CT_70  |N|N|N|N|-|-|-| |-|L|L|L|L|-|-| |-|L|L|L|L|-|-| |-|L|L|L|L|-|-|
CT_71  |E|E|-|-|-|-|-| |E|E|-|-|-|-|-| |L|L|-|-|-|-|-| |L|L|-|-|-|-|E|
CT_72  |-|L|L|-|-|-|-| |-|-|-|L|L|-|-| |-|-|-|D|D|-|-| |-|-|-|-|-|L|L|
CT_73  |D|D|-|-|-|-|-| |L|L|-|-|E|E|-| |-|-|-|-|-|-|L| |L|-|-|-|-|-|-|
CT_74  |-|-|-|E|E|-|-| |-|-|E|E|-|-|-| |D|D|-|-|-|-|-| |E|E|-|-|-|-|L|
CT_75  |-|-|N|N|N|N|N| |-|-|-|-|D|D|E| |E|E|E|-|-|-|-| |L|L|L|L|-|-|-|
CT_76  |-|-|L|L|L|-|-| |D|D|D|D|D|-|-| |L|L|L|-|-|L|L| |L|-|-|D|D|N|N|
CT_77  |N|N|N|N|-|-|-| |D|D|D|-|-|N|N| |N|N|-|-|N|N|N| |N|-|-|E|E|E|E|
CT_78  |L|-|-|N|N|N|N| |N|-|-|D|D|E|E| |-|-|D|D|D|-|-| |L|L|L|L|L|-|-|
CT_79  |-|-|-|-|-|N|N| |N|N|-|-|-|-|-| |E|E|-|-|-|-|-| |D|D|-|-|-|-|-|
TR_80  |-|D|D|D|D|-|-| |-|-|N|N|N|N|N| |-|-|-|-|D|D|E| |E|E|E|-|-|-|-|
TR_81  |E|E|E|E|E|-|-| |-|-|-|-|E|E|E| |-|-|-|-|-|-|-| |D|L|L|L|-|-|-|
TR_82  |-|-|D|D|D|-|-| |-|-|-|-|E|E|E| |-|-|-|-|-|-|-| |N|N|N|N|N|-|-|
TR_83  |D|-|-|-|D|D|D| |D|D|D|-|-|-|-| |N|N|N|N|-|-|-| |-|E|E|E|E|-|-|
TR_84  |D|D|L|L|-|-|-| |D|D|E|E|-|-|-| |N|N|N|N|-|-|-| |-|L|L|L|L|-|-|
TR_85  |L|L|-|-|-|-|-| |D|D|-|-|-|-|-| |D|D|-|-|-|-|D| |D|-|-|-|-|-|-|
TR_86  |-|-|-|-|L|L|L| |L|-|-|-|-|-|-| |N|N|N|N|-|-|-| |-|-|E|E|E|-|-|
TR_87  |-|E|E|E|E|-|-| |-|N|N|N|N|-|-| |-|E|E|E|N|N|N| |N|-|-|-|-|E|E|
TR_88  |N|N|N|N|-|-|-| |D|D|D|L|L|-|-| |-|N|N|N|N|-|-| |-|-|E|E|-|-|-|
TR_89  |-|-|D|D|D|-|-| |E|E|E|L|L|-|-| |L|L|L|-|-|L|L| |L|-|-|E|E|N|N|
TR_90  |N|N|-|-|-|-|-| |L|L|L|-|-|-|-| |L|L|L|L|L|-|-| |-|-|-|-|D|D|N|
TR_91  |-|-|E|E|E|-|-| |N|N|N|N|N|-|-| |D|D|E|E|E|-|-| |D|D|D|-|-|L|L|
TR_92  |-|-|-|-|-|-|D| |D|-|-|-|-|-|-| |L|L|-|-|-|-|-| |L|L|-|-|-|-|-|
TR_93  |-|-|-|-|N|N|N| |N|-|-|-|-|-|-| |E|E|D|D|-|-|-| |-|-|D|D|D|-|-|
TR_94  |L|L|L|-|-|-|-| |E|E|E|-|-|-|-| |-|-|L|L|L|-|-| |-|-|-|-|-|L|L|
TR_95  |-|-|-|D|D|-|-| |-|-|-|E|E|-|-| |-|-|-|E|E|-|-| |E|E|-|-|-|-|-|
TR_96  |-|L|L|L|L|-|-| |-|-|E|E|L|L|L| |-|-|-|D|D|D|E| |E|D|D|-|-|-|-|
TR_97  |L|L|-|-|N|N|N| |N|N|-|-|D|D|L| |L|-|-|D|D|-|-| |D|D|D|D|D|-|-|
TR_98  |-|D|D|E|E|-|-| |-|E|E|E|E|-|-| |-|D|D|E|E|-|-| |-|N|N|N|N|-|-|
TR_99  |N|N|N|N|N|-|-| |-|-|D|D|D|D|D| |D|-|-|-|-|N|N| |N|N|N|-|-|-|-|
TR_100 |D|D|D|L|L|-|-| |N|N|N|N|N|-|-| |D|D|D|-|-|E|E| |E|-|-|D|D|L|L|
TR_101 |N|N|N|N|N|-|-| |L|L|L|L|L|-|-| |L|L|L|L|L|-|-| |E|E|-|-|E|E|D|
TR_102 |E|E|-|-|-|-|-| |L|L|-|-|-|-|E| |E|-|-|-|-|-|-| |D|D|-|-|-|-|-|
TR_103 |-|-|-|-|E|E|E| |E|-|-|-|-|-|-| |E|E|D|D|-|-|-| |-|E|E|L|L|-|-|
TR_104 |E|E|-|-|L|L|L| |-|-|D|D|D|-|-| |E|E|L|L|L|-|-| |N|N|N|N|N|-|-|
TR_105 |N|N|N|-|-|-|-| |E|E|E|D|D|-|-| |-|E|E|E|E|-|-| |-|N|N|N|N|-|-|
TR_106 |E|-|-|E|E|E|E| |E|-|-|E|E|E|D| |-|-|D|D|D|-|-| |L|L|L|L|L|-|-|
TR_107 |D|D|E|E|-|-|-| |N|N|N|N|-|-|-| |N|N|N|N|N|-|-| |-|-|D|D|D|D|E|
TR_108 |-|-|-|L|L|-|-| |L|L|-|-|-|-|-| |E|E|-|-|-|-|L| |L|-|-|-|-|-|-|
TR_109 |L|N|N|N|N|-|-| |-|D|D|D|D|-|-| |-|E|E|L|L|-|-| |-|E|E|E|E|-|-|


Hard constraint violations
--------------------------

Minimal coverage constraints: 0
Required skill constraints: 0
Illegal shift type succession constraints: 0
Single assignment per day: 0


Cost per constraint type
------------------------

Total assignment constraints: 2440
Consecutive constraints: 405
Non working days constraints: 120
Preferences: 320
Max working weekend: 150
Complete weekends: 0
Optimal coverage constraints: 120

------------------------

Total cost: 3555
