Argumentos: 
./solver.release -i 30 -a 7 -h 86400 -w Testes/cplex-30 -m modeloCom2345.mod -o modeloCom2345.mod 
Seed: 1605296913
hidden-TXT/Sc-n110w4.txt
hidden-TXT/H0-n110w4-2.txt
hidden-TXT/WD-n110w4-9.txt hidden-TXT/WD-n110w4-8.txt hidden-TXT/WD-n110w4-4.txt hidden-TXT/WD-n110w4-9.txt 
Reading model section from modeloCom2345.mod...
347 lines were read
Reading data section from Testes/cplex-30/30.dat...
19773 lines were read
Generating obj...
Generating H1turnoDia...
Generating H2coberturaMinima...
Generating H3AsucessaoTurnos...
Generating H3BsucessaoTurnos...
Generating H4qualificacao...
Generating S1coberturaOtima...
Generating S2d...
Generating S2dHist...
Generating S2b...
Generating S2bHist...
Generating aux1S2a...
Generating auxS2a...
Generating s2aMin2...
Generating s2aHistMin2...
Generating s2aMin3...
Generating s2aHistMin3h1...
Generating s2aHistMin3h2...
Generating s2aMin4...
Generating s2aHistMin4h1...
Generating s2aHistMin4h2...
Generating s2aHistMin4h3...
Generating s2aMin5...
Generating s2aHistMin5h1...
Generating s2aHistMin5h2...
Generating s2aHistMin5h3...
Generating s2aHistMin5h4...
Generating auxS2b...
Generating aux1S2b...
Generating s2b...
Generating s2bHist...
Generating s2bMin3turnos...
Generating s2bHistMin3h1turnos...
Generating s2bHistMin3h2turnos...
Generating s2bMin4...
Generating s2bHistMin4h1...
Generating s2bHistMin4h2...
Generating s2bHistMin4h3...
Generating s2bMin5...
Generating s2bHistMin5h1...
Generating s2bHistMin5h2...
Generating s2bHistMin5h3...
Generating s2bHistMin5h34...
Generating auxS5...
Generating S6a...
Generating S6b...
Generating auxS7...
Generating S7...
Model has been successfully generated
Writing problem data to `Testes/cplex-30/30.lp'...
715211 lines were written
CPX0000  Tried aggregator 2 times.
CPX0000  MIP Presolve eliminated 23268 rows and 51915 columns.
CPX0000  MIP Presolve modified 5948 coefficients.
CPX0000  Aggregator did 343 substitutions.
CPX0000  Reduced MIP has 68979 rows, 79489 columns, and 533068 nonzeros.
CPX0000  Reduced MIP has 78858 binaries, 631 generals, 0 SOSs, and 0 indicators.
CPX0000  Presolve time = 1.08 sec. (605.83 ticks)
CPX0000  Found incumbent of value 1508770.000000 after 1.94 sec. (1299.62 ticks)
[1m[30m[ZEN] [0m00:00:01 [1m[34m1508770.00[1m[32m  100.00%
[0mCPX0000  Probing time = 0.08 sec. (30.71 ticks)
CPX0000  Tried aggregator 1 time.
CPX0000  MIP Presolve eliminated 3 rows and 3 columns.
CPX0000  Reduced MIP has 68976 rows, 79486 columns, and 533062 nonzeros.
CPX0000  Reduced MIP has 78855 binaries, 631 generals, 0 SOSs, and 0 indicators.
CPX0000  Presolve time = 0.33 sec. (223.62 ticks)
CPX0000  Probing time = 0.05 sec. (20.87 ticks)
CPX0000  Clique table members: 15324.
CPX0000  MIP emphasis: balance optimality and feasibility.
CPX0000  MIP search method: dynamic search.
CPX0000  Parallel mode: none, using 1 thread.
CPX0000  Root relaxation solution time = 340.68 sec. (88948.57 ticks)
CPX0000
CPX0000          Nodes                                         Cuts/
CPX0000     Node  Left     Objective  IInf  Best Integer    Best Bound    ItCnt     Gap
CPX0000
CPX0000  *     0+    0                      1508770.0000        0.0000    77345  100.00%
CPX0000        0     0      944.5162  7848  1508770.0000      944.5162    77345   99.94%
CPX0000        0     0     1187.5092  7968  1508770.0000    Cuts: 4038   124077   99.92%
CPX0000        0     0     1352.5100  8013  1508770.0000    Cuts: 3214   173494   99.91%
CPX0000        0     0     1374.2880  8755  1508770.0000    Cuts: 2837   225267   99.91%
CPX0000  *     0+    0                       333205.0000     1374.2880   225267   99.59%
[1m[30m[ZEN] [0m00:23:08 [1m[34m 333205.00[1m[32m   99.59%
[0mCPX0000        0     0     1393.5960  8760   333205.0000    Cuts: 2909   269543   99.58%
CPX0000        0     0     1402.8765  8866   333205.0000    Cuts: 2737   324198   99.58%
CPX0000        0     0     1419.3401  9201   333205.0000    Cuts: 2658   378343   99.57%
CPX0000        0     0     1436.6165  9325   333205.0000    Cuts: 2676   437814   99.57%
CPX0000        0     0     1455.6398  9519   333205.0000    Cuts: 2509   494985   99.56%
CPX0000        0     0     1472.7617  9469   333205.0000    Cuts: 2645   554316   99.56%
CPX0000        0     0     1478.9648  9898   333205.0000    Cuts: 2722   615185   99.56%
CPX0000        0     0     1495.0635  9634   333205.0000    Cuts: 2699   687343   99.55%
CPX0000        0     0     1516.4017  9820   333205.0000    Cuts: 2773   753517   99.54%
CPX0000        0     0     1532.2286  9462   333205.0000    Cuts: 2810   848343   99.54%
CPX0000        0     0     1540.9964  9415   333205.0000    Cuts: 2762   914914   99.54%
CPX0000        0     0     1550.5527  9707   333205.0000    Cuts: 2799   986657   99.53%
CPX0000        0     0     1554.6714  9889   333205.0000    Cuts: 2945  1061950   99.53%
CPX0000        0     0     1571.7625  9894   333205.0000    Cuts: 2797  1134956   99.53%
CPX0000        0     0     1595.3894 10109   333205.0000    Cuts: 2754  1227739   99.52%
CPX0000        0     0     1607.0337 10007   333205.0000    Cuts: 2717  1293954   99.52%
CPX0000        0     0     1615.3808 10117   333205.0000    Cuts: 2794  1363321   99.52%
CPX0000        0     0     1639.0315 10111   333205.0000    Cuts: 2688  1426992   99.51%
CPX0000        0     0     1651.9774 10448   333205.0000    Cuts: 2813  1491296   99.50%
CPX0000        0     0     1664.0151 10273   333205.0000    Cuts: 2783  1553235   99.50%
CPX0000        0     0     1681.6627 10018   333205.0000    Cuts: 2680  1626686   99.50%
CPX0000        0     0     1691.5174 10545   333205.0000    Cuts: 2623  1692277   99.49%
CPX0000        0     0     1700.6266 10208   333205.0000    Cuts: 2832  1764299   99.49%
CPX0000        0     0     1710.7056 10526   333205.0000    Cuts: 2847  1824294   99.49%
CPX0000        0     0     1723.5830 10174   333205.0000    Cuts: 2843  1889377   99.48%
CPX0000        0     0     1733.4546 10265   333205.0000    Cuts: 2682  1956568   99.48%
CPX0000        0     0     1739.3340 10203   333205.0000    Cuts: 2781  2030808   99.48%
CPX0000        0     0     1745.6020 10497   333205.0000    Cuts: 2830  2101732   99.48%
CPX0000        0     0     1755.3802 10700   333205.0000    Cuts: 2856  2165251   99.47%
CPX0000        0     0     1767.6125 10648   333205.0000    Cuts: 2912  2226529   99.47%
CPX0000        0     0     1782.8434 10623   333205.0000    Cuts: 2867  2292442   99.46%
CPX0000        0     0     1793.2320 10365   333205.0000    Cuts: 2831  2359623   99.46%
CPX0000        0     0     1812.0439 10512   333205.0000    Cuts: 2770  2419612   99.46%
CPX0000        0     0     1825.1191 10333   333205.0000    Cuts: 2733  2483051   99.45%
CPX0000        0     0     1838.6177 10334   333205.0000    Cuts: 2526  2562655   99.45%
CPX0000        0     0     1849.4571 10708   333205.0000    Cuts: 2766  2635800   99.44%
CPX0000        0     0     1865.6125 10367   333205.0000    Cuts: 2814  2706773   99.44%
CPX0000        0     0     1884.0630 10432   333205.0000    Cuts: 2809  2765686   99.43%
CPX0000        0     0     1891.0333 10459   333205.0000    Cuts: 2967  2830565   99.43%
CPX0000        0     0     1897.1651 10561   333205.0000    Cuts: 2805  2897927   99.43%
CPX0000        0     0     1901.5318 10577   333205.0000    Cuts: 2830  2967168   99.43%
CPX0000        0     0     1911.6915 10395   333205.0000    Cuts: 2650  3051564   99.43%
CPX0000        0     0     1922.7746 10921   333205.0000    Cuts: 2968  3116657   99.42%
CPX0000        0     0     1926.0608 11210   333205.0000    Cuts: 2841  3187527   99.42%
CPX0000        0     0     1933.5918 11133   333205.0000    Cuts: 2668  3250568   99.42%
CPX0000        0     0     1940.4284 11050   333205.0000    Cuts: 2722  3313257   99.42%
CPX0000        0     0     1943.9060 10847   333205.0000    Cuts: 2710  3377399   99.42%
CPX0000        0     0     1949.6176 10773   333205.0000    Cuts: 2832  3448623   99.41%
CPX0000        0     0     1954.9206 10653   333205.0000    Cuts: 2662  3518867   99.41%
CPX0000        0     0     1959.6938 11002   333205.0000    Cuts: 2891  3587214   99.41%
CPX0000        0     0     1964.8946 10700   333205.0000    Cuts: 2855  3664181   99.41%
CPX0000        0     0     1972.2894 10559   333205.0000    Cuts: 2937  3735000   99.41%
CPX0000        0     0     1977.1973 11113   333205.0000    Cuts: 2830  3813101   99.41%
CPX0000        0     0     1979.2370 10975   333205.0000    Cuts: 2661  3887853   99.41%
CPX0000        0     0     1983.2570 10536   333205.0000    Cuts: 2457  3961558   99.40%
CPX0000        0     0     1986.6262 10940   333205.0000    Cuts: 2677  4041158   99.40%
CPX0000        0     0     1990.6310 10829   333205.0000    Cuts: 2998  4109183   99.40%
CPX0000        0     0     1998.4265 10911   333205.0000    Cuts: 2503  4181292   99.40%
CPX0000        0     0     2002.9284 11098   333205.0000    Cuts: 3050  4254787   99.40%
CPX0000        0     0     2012.2309 11029   333205.0000    Cuts: 2870  4334890   99.40%
CPX0000        0     0     2020.6796 10808   333205.0000    Cuts: 2686  4402762   99.39%
CPX0000        0     0     2029.4842 10648   333205.0000    Cuts: 2797  4475665   99.39%
CPX0000        0     0     2035.2702 10879   333205.0000    Cuts: 2811  4547646   99.39%
CPX0000        0     0     2043.1620 10390   333205.0000    Cuts: 2673  4646591   99.39%
CPX0000        0     0     2050.7211 10522   333205.0000    Cuts: 2652  4721366   99.38%
CPX0000        0     0     2060.8549 10761   333205.0000    Cuts: 2912  4792898   99.38%
CPX0000        0     0     2064.9856 11057   333205.0000    Cuts: 2922  4868396   99.38%
CPX0000        0     0     2070.1635 11000   333205.0000    Cuts: 2796  4935307   99.38%
CPX0000        0     0     2073.4893 10574   333205.0000    Cuts: 2652  5006047   99.38%
CPX0000        0     0     2076.9134 10896   333205.0000    Cuts: 2717  5077501   99.38%
CPX0000        0     0     2082.8420 10851   333205.0000    Cuts: 2645  5146960   99.37%
CPX0000        0     0     2087.6209 10701   333205.0000    Cuts: 2825  5217372   99.37%
CPX0000        0     0     2093.0414 10841   333205.0000    Cuts: 2802  5287796   99.37%
CPX0000        0     0     2097.9315 10782   333205.0000    Cuts: 2683  5360866   99.37%
CPX0000        0     0     2101.5977 10216   333205.0000    Cuts: 2466  5438319   99.37%
CPX0000        0     0     2105.5038 10966   333205.0000    Cuts: 2536  5504975   99.37%
CPX0000        0     0     2107.5006 10648   333205.0000    Cuts: 2859  5581827   99.37%
CPX0000        0     0     2114.0329 10560   333205.0000    Cuts: 2769  5655789   99.37%
CPX0000        0     0     2117.0493 10479   333205.0000    Cuts: 2535  5725923   99.36%
CPX0000        0     0     2121.5288 10706   333205.0000    Cuts: 2916  5803135   99.36%
CPX0000        0     0     2124.1610 10617   333205.0000    Cuts: 2879  5877835   99.36%
CPX0000        0     0     2125.4553 10414   333205.0000    Cuts: 2412  5948643   99.36%
CPX0000        0     0     2130.3116 10301   333205.0000    Cuts: 2649  6016941   99.36%
CPX0000        0     0     2132.9598 10103   333205.0000    Cuts: 2568  6092852   99.36%
CPX0000        0     0     2135.8524 10189   333205.0000    Cuts: 2369  6159538   99.36%
CPX0000        0     0     2139.0560 10256   333205.0000    Cuts: 2545  6223592   99.36%
CPX0000        0     0     2146.3898 10371   333205.0000    Cuts: 2647  6301219   99.36%
CPX0000        0     0     2149.8539 10410   333205.0000    Cuts: 2408  6367922   99.35%
CPX0000        0     0     2151.9491 10137   333205.0000    Cuts: 2282  6440260   99.35%
CPX0000        0     0     2157.8544 10204   333205.0000    Cuts: 2422  6504500   99.35%
CPX0000        0     0     2162.1321  9991   333205.0000    Cuts: 2455  6573990   99.35%
CPX0000        0     0     2165.5055  9990   333205.0000    Cuts: 2287  6642986   99.35%
CPX0000        0     0     2170.2402 10282   333205.0000    Cuts: 2375  6708279   99.35%
CPX0000        0     0     2173.8612 10189   333205.0000    Cuts: 2565  6779515   99.35%
CPX0000        0     0     2175.9944  9892   333205.0000    Cuts: 2395  6847246   99.35%
CPX0000        0     0     2177.5528  9840   333205.0000    Cuts: 2449  6909570   99.35%
CPX0000        0     0     2181.1656  9829   333205.0000    Cuts: 2397  6982345   99.35%
CPX0000        0     0     2186.1026  9662   333205.0000    Cuts: 2455  7072685   99.34%
CPX0000        0     0     2188.2072  9832   333205.0000    Cuts: 2434  7144583   99.34%
CPX0000  Heuristic still looking.
CPX0000  Heuristic still looking.
CPX0000  Heuristic still looking.
CPX0000  *     0+    0                        61895.0000     2188.2072  7144583   96.46%
CPX0000  *     0+    0                        17035.0000     2188.2072  7144583   87.15%
[1m[30m[ZEN] [0m16:55:09 [1m[34m  17035.00[1m[32m   87.15%
[0mCPX0000        0     2     2188.2072  9832    17035.0000     2188.2072  7144583   87.15%
CPX0000  Elapsed time = 60909.69 sec. (18771566.19 ticks, tree = 0.00 MB
CPX0000        1     3     2188.2072  8816    17035.0000     2188.2072  7264937   87.15%
CPX0000        2     4     2188.2072  8887    17035.0000     2188.2072  7308650   87.15%
CPX0000        3     5     2188.2072  8918    17035.0000     2188.2072  7350490   87.15%
CPX0000        4     6     2188.2072  8946    17035.0000     2188.2072  7385961   87.15%
CPX0000        5     7     2188.2072  8408    17035.0000     2188.2072  7396752   87.15%
CPX0000        6     8     2188.2072  8400    17035.0000     2188.2072  7399242   87.15%
CPX0000        7     9     2188.2072  8133    17035.0000     2188.2072  7413386   87.15%
CPX0000        8    10     2189.4534  7902    17035.0000     2188.2072  7418586   87.15%
CPX0000        9    11     2189.9891  7796    17035.0000     2188.2072  7427016   87.15%
CPX0000       10    12     2189.9891  7698    17035.0000     2188.2072  7435663   87.15%
CPX0000  Elapsed time = 63161.83 sec. (19348603.91 ticks, tree = 3.24 MB
CPX0000       11    13     2189.9891  7717    17035.0000     2188.2072  7438390   87.15%
CPX0000       12    14     2189.9891  7627    17035.0000     2188.2072  7451333   87.15%
CPX0000       14    16     2190.3966  7431    17035.0000     2188.2072  7461376   87.15%
CPX0000       15    17     2190.3966  7221    17035.0000     2188.2072  7484450   87.15%
CPX0000       16    18     2190.3966  7264    17035.0000     2188.2072  7498280   87.15%
CPX0000       17    19     2192.5822  6983    17035.0000     2188.2072  7531597   87.15%
CPX0000       18    20     2192.5822  7024    17035.0000     2188.2072  7539712   87.15%
CPX0000       19    21     2192.5822  7064    17035.0000     2188.2072  7552147   87.15%
CPX0000       20    22     2192.6955  7021    17035.0000     2188.2072  7563956   87.15%
CPX0000       21    23     2192.6955  7112    17035.0000     2188.2072  7593107   87.15%
CPX0000  Elapsed time = 63438.99 sec. (19427464.87 ticks, tree = 3.53 MB
CPX0000       22    24     2193.1369  7103    17035.0000     2188.2072  7636409   87.15%
CPX0000       23    25     2193.1369  6959    17035.0000     2188.2072  7668452   87.15%
CPX0000       24    26     2193.1369  6816    17035.0000     2188.2072  7679628   87.15%
CPX0000       25    27     2193.1369  6829    17035.0000     2188.2072  7682730   87.15%
CPX0000       26    28     2193.4779  6716    17035.0000     2188.2072  7705931   87.15%
CPX0000       27    29     2193.4779  6832    17035.0000     2188.2072  7734506   87.15%
CPX0000       29    31     2196.3619  6645    17035.0000     2188.2072  7747208   87.15%
CPX0000       30    32     2196.3619  6643    17035.0000     2188.2072  7764433   87.15%
CPX0000       31    33     2196.3619  6696    17035.0000     2188.2072  7784230   87.15%
CPX0000       32    34     2196.4592  6659    17035.0000     2188.2072  7793389   87.15%
CPX0000  Elapsed time = 65665.59 sec. (20032653.69 ticks, tree = 6.26 MB
CPX0000       33    35     2196.4592  6665    17035.0000     2188.2072  7798789   87.15%
CPX0000       34    36     2196.4592  6660    17035.0000     2188.2072  7819963   87.15%
CPX0000       35    37     2196.5496  6695    17035.0000     2188.2072  7842528   87.15%
CPX0000       36    38     2196.7266  6646    17035.0000     2188.2072  7875047   87.15%
CPX0000       37    39     2196.7266  6633    17035.0000     2188.2072  7876415   87.15%
CPX0000       38    40     2196.7266  6574    17035.0000     2188.2072  7878136   87.15%
CPX0000       39    41     2196.7266  6523    17035.0000     2188.2072  7879068   87.15%
CPX0000       40    42     2196.7266  6552    17035.0000     2188.2072  7880526   87.15%
CPX0000       41    43     2196.7891  6622    17035.0000     2188.2072  7890923   87.15%
CPX0000       42    44     2197.9936  6544    17035.0000     2188.2072  7935451   87.15%
CPX0000  Elapsed time = 65857.14 sec. (20095140.21 ticks, tree = 7.72 MB
CPX0000       43    45     2202.4383  6544    17035.0000     2188.2072  7947641   87.15%
CPX0000       44    46     2198.9802  6375    17035.0000     2188.2072  7955442   87.15%
CPX0000       45    47     2198.9802  6451    17035.0000     2188.2072  7972146   87.15%
CPX0000       46    48     2198.9802  6334    17035.0000     2188.2072  8003138   87.15%
CPX0000       47    49     2198.9802  6341    17035.0000     2188.2072  8016341   87.15%
CPX0000       48    50     2201.0756  6353    17035.0000     2188.2072  8026984   87.15%
CPX0000       49    51     2198.9802  6392    17035.0000     2188.2072  8048508   87.15%
CPX0000       50    52     2200.0869  6455    17035.0000     2188.2072  8085777   87.15%
CPX0000       51    53     2198.9802  6353    17035.0000     2188.2072  8110187   87.15%
CPX0000       52    54     2198.9802  6318    17035.0000     2188.2072  8119346   87.15%
CPX0000  Elapsed time = 66100.67 sec. (20177497.33 ticks, tree = 11.56 MB
CPX0000       53    55     2198.9802  6396    17035.0000     2188.2072  8133583   87.15%
CPX0000       54    56     2202.8490  6252    17035.0000     2188.2072  8141456   87.15%
CPX0000       55    57     2202.8835  6285    17035.0000     2188.2072  8170108   87.15%
CPX0000       56    58     2207.8529  6406    17035.0000     2188.2072  8231240   87.15%
CPX0000       57    59     2203.4772  6326    17035.0000     2188.2072  8260179   87.15%
CPX0000       58    60     2205.0480  6324    17035.0000     2188.2072  8270149   87.15%
CPX0000       59    61     2203.4772  6349    17035.0000     2188.2072  8286316   87.15%
CPX0000       60    62     2203.5065  6301    17035.0000     2188.2072  8287394   87.15%
CPX0000       61    63     2203.5065  6316    17035.0000     2188.2072  8298761   87.15%
CPX0000       62    64     2203.5065  6391    17035.0000     2188.2072  8316083   87.15%
CPX0000  Elapsed time = 66537.44 sec. (20309335.76 ticks, tree = 11.85 MB
CPX0000       63    65     2205.9447  6349    17035.0000     2188.2072  8340678   87.15%
CPX0000       64    66     2208.5358  6385    17035.0000     2188.2072  8378724   87.15%
CPX0000       65    67     2205.9447  6316    17035.0000     2188.2072  8382114   87.15%
CPX0000       66    68     2206.9646  6397    17035.0000     2188.2072  8388941   87.15%
CPX0000       67    69     2207.1238  6336    17035.0000     2188.2072  8399161   87.15%
CPX0000       68    70     2207.1238  6314    17035.0000     2188.2072  8418191   87.15%
CPX0000       70    72     2207.1238  6273    17035.0000     2188.2072  8429714   87.15%
CPX0000       71    73     2207.1238  6351    17035.0000     2188.2072  8440017   87.15%
CPX0000       72    74     2211.5405  6308    17035.0000     2188.2072  8468411   87.15%
CPX0000       73    75     2207.1238  6271    17035.0000     2188.2072  8475850   87.15%
CPX0000  Elapsed time = 66767.72 sec. (20384735.91 ticks, tree = 12.18 MB
CPX0000       74    76     2207.1238  6246    17035.0000     2188.2072  8481243   87.15%
CPX0000       75    77     2209.2830  6217    17035.0000     2188.2072  8496020   87.15%
CPX0000       76    78     2209.2830  6320    17035.0000     2188.2072  8512879   87.15%
CPX0000       77    79     2210.5183  6228    17035.0000     2188.2072  8517140   87.15%
CPX0000       78    80     2210.5183  6207    17035.0000     2188.2072  8519889   87.15%
CPX0000       79    81     2210.5183  6208    17035.0000     2188.2072  8524134   87.15%
CPX0000       80    82     2214.8806  6209    17035.0000     2188.2072  8528992   87.15%
CPX0000       81    83     2210.5183  6244    17035.0000     2188.2072  8552870   87.15%
CPX0000       82    84     2214.8806  6136    17035.0000     2188.2072  8573065   87.15%
CPX0000       83    85     2214.8806  6145    17035.0000     2188.2072  8574900   87.15%
CPX0000  Elapsed time = 67024.57 sec. (20462223.11 ticks, tree = 15.40 MB
CPX0000       84    86     2219.9266  6132    17035.0000     2188.2072  8583714   87.15%
CPX0000       85    87     2214.9040  6105    17035.0000     2188.2072  8588812   87.15%
CPX0000       86    88     2214.9040  6147    17035.0000     2188.2072  8597471   87.15%
CPX0000       87    89     2221.4512  6152    17035.0000     2188.2072  8634790   87.15%
CPX0000       88    90     2216.3147  6178    17035.0000     2188.2072  8694483   87.15%
CPX0000       89    91     2219.8272  6142    17035.0000     2188.2072  8705509   87.15%
CPX0000       90    92     2216.3147  6106    17035.0000     2188.2072  8727863   87.15%
CPX0000       91    93     2216.3147  6101    17035.0000     2188.2072  8729440   87.15%
CPX0000       92    94     2216.3147  6077    17035.0000     2188.2072  8734003   87.15%
CPX0000       93    95     2216.3147  6093    17035.0000     2188.2072  8740773   87.15%
CPX0000  Elapsed time = 67311.43 sec. (20553996.12 ticks, tree = 18.33 MB
CPX0000       94    96     2217.9814  6015    17035.0000     2188.2072  8746778   87.15%
CPX0000       95    97     2223.8147  6052    17035.0000     2188.2072  8776794   87.15%
CPX0000       96    98     2223.9258  5991    17035.0000     2188.2072  8782682   87.15%
CPX0000       97    99     2223.9258  6003    17035.0000     2188.2072  8785794   87.15%
CPX0000       98   100     2229.1973  5932    17035.0000     2188.2072  8794784   87.15%
CPX0000      100   102     2230.2238  5905    17035.0000     2188.2072  8814949   87.15%
CPX0000      101   103     2230.2238  5886    17035.0000     2188.2072  8821311   87.15%
CPX0000      102   104     2230.2238  5850    17035.0000     2188.2072  8839586   87.15%
CPX0000      103   105     2230.9625  5844    17035.0000     2188.2072  8846601   87.15%
CPX0000      104   106     2242.0079  5775    17035.0000     2188.2072  8863377   87.15%
CPX0000  Elapsed time = 67566.23 sec. (20630627.04 ticks, tree = 19.57 MB
CPX0000      106   108     2230.9625  5855    17035.0000     2188.2072  8883376   87.15%
CPX0000      107   109     2242.2079  5908    17035.0000     2188.2072  8906482   87.15%
CPX0000      108   110     2233.0079  5811    17035.0000     2188.2072  8914732   87.15%
CPX0000      109   111     2233.0079  5950    17035.0000     2188.2072  8926834   87.15%
CPX0000      110   112     2249.6746  6036    17035.0000     2188.2072  8960756   87.15%
CPX0000      112   114     2240.5079  5857    17035.0000     2188.2072  8973143   87.15%
CPX0000      113   115     2235.5079  5826    17035.0000     2188.2072  8980249   87.15%
CPX0000      114   116     2235.5079  5851    17035.0000     2188.2072  8990738   87.15%
CPX0000      115   117     2252.1746  5807    17035.0000     2188.2072  9011938   87.15%
CPX0000      117   119     2235.5079  5795    17035.0000     2188.2072  9016345   87.15%
CPX0000  Elapsed time = 67863.03 sec. (20713688.99 ticks, tree = 21.72 MB
CPX0000      118   120     2238.4246  5850    17035.0000     2188.2072  9020677   87.15%
CPX0000      119   121     2252.1746  5915    17035.0000     2188.2072  9031146   87.15%
CPX0000      120   122     2238.4246  5847    17035.0000     2188.2072  9031947   87.15%
CPX0000      121   123     2238.5198  5883    17035.0000     2188.2072  9053279   87.15%
CPX0000      122   124     2239.7571  5887    17035.0000     2188.2072  9080056   87.15%
CPX0000      124   126     2238.5256  5877    17035.0000     2188.2072  9086211   87.15%
CPX0000      125   127     2238.5673  5937    17035.0000     2188.2072  9095427   87.15%
CPX0000      126   128     2238.5256  5845    17035.0000     2188.2072  9102165   87.15%
CPX0000      127   129     2238.5256  5860    17035.0000     2188.2072  9104616   87.15%
CPX0000      130   132     2238.5256  5767    17035.0000     2188.2072  9138768   87.15%
CPX0000  Elapsed time = 68257.53 sec. (20833710.80 ticks, tree = 24.49 MB
CPX0000      132   134     2243.6225  5680    17035.0000     2188.2072  9170628   87.15%
CPX0000      133   135     2243.6225  5762    17035.0000     2188.2072  9191810   87.15%
CPX0000      134   136     2244.4300  5717    17035.0000     2188.2072  9213677   87.15%
CPX0000      136   138     2244.4300  5682    17035.0000     2188.2072  9218767   87.15%
CPX0000      138   140     2252.0551  5640    17035.0000     2188.2072  9227262   87.15%
CPX0000      139   141     2246.0327  5665    17035.0000     2188.2072  9228508   87.15%
CPX0000      140   142     2246.0327  5645    17035.0000     2188.2072  9232049   87.15%
CPX0000      141   143     2246.0327  5667    17035.0000     2188.2072  9235673   87.15%
CPX0000      142   144     2250.2708  5630    17035.0000     2188.2072  9242507   87.15%
CPX0000      143   145     2246.0327  5676    17035.0000     2188.2072  9246766   87.15%
CPX0000  Elapsed time = 68536.09 sec. (20915130.66 ticks, tree = 26.05 MB
CPX0000      144   146     2250.4374  5685    17035.0000     2188.2072  9251507   87.15%
CPX0000      145   147     2252.6993  5768    17035.0000     2188.2072  9262153   87.15%
CPX0000      146   148     2247.6993  5749    17035.0000     2188.2072  9266751   87.15%
CPX0000      147   149     2248.1999  5889    17035.0000     2188.2072  9297786   87.15%
CPX0000      148   150     2251.3795  5799    17035.0000     2188.2072  9321338   87.15%
CPX0000      149   151     2251.4686  5789    17035.0000     2188.2072  9326980   87.15%
CPX0000      151   153     2251.4686  5763    17035.0000     2188.2072  9332525   87.15%
CPX0000      153   155     2261.4686  5727    17035.0000     2188.2072  9345100   87.15%
CPX0000      155   157     2251.4686  5772    17035.0000     2188.2072  9351255   87.15%
CPX0000      156   158     2261.4686  5794    17035.0000     2188.2072  9362701   87.15%
CPX0000  Elapsed time = 68828.08 sec. (21007836.25 ticks, tree = 27.35 MB
CPX0000      157   159     2251.4686  5799    17035.0000     2188.2072  9378654   87.15%
CPX0000      158   160     2251.4686  5796    17035.0000     2188.2072  9400178   87.15%
CPX0000      159   161     2251.4686  5766    17035.0000     2188.2072  9415149   87.15%
CPX0000      161   163     2251.4686  5737    17035.0000     2188.2072  9440666   87.15%
CPX0000      163   165     2251.4686  5691    17035.0000     2188.2072  9472033   87.15%
CPX0000      165   167     2251.5060  5755    17035.0000     2188.2072  9497824   87.15%
CPX0000      167   169     2251.5103  5673    17035.0000     2188.2072  9523456   87.15%
CPX0000      169   171     2254.1701  5656    17035.0000     2188.2072  9549262   87.15%
CPX0000      170   172     2254.1701  5649    17035.0000     2188.2072  9561472   87.15%
CPX0000      172   174     2254.1701  5638    17035.0000     2188.2072  9578604   87.15%
CPX0000  Elapsed time = 69027.82 sec. (21078672.00 ticks, tree = 29.60 MB
CPX0000      174   176     2320.4614  5629    17035.0000     2188.2072  9643981   87.15%
CPX0000      175   177     2254.1701  5697    17035.0000     2188.2072  9657233   87.15%
CPX0000      176   178     2320.4544  5712    17035.0000     2188.2072  9700503   87.15%
CPX0000      179   181     2254.3520  5642    17035.0000     2188.2072  9705701   87.15%
CPX0000      180   182     2254.3520  5635    17035.0000     2188.2072  9711498   87.15%
CPX0000      182   184     2259.2360  5789    17035.0000     2188.2072  9728540   87.15%
CPX0000      184   186     2256.8375  5676    17035.0000     2188.2072  9736608   87.15%
CPX0000      186   188     2256.8375  5625    17035.0000     2188.2072  9744316   87.15%
CPX0000      188   190     2265.1514  5540    17035.0000     2188.2072  9755577   87.15%
CPX0000      190   192     2265.1514  5514    17035.0000     2188.2072  9760551   87.15%
CPX0000  Elapsed time = 71260.39 sec. (21693317.50 ticks, tree = 31.03 MB
CPX0000      193   195     2271.5307  5560    17035.0000     2188.2072  9768483   87.15%
CPX0000      195   197     2265.1514  5540    17035.0000     2188.2072  9773873   87.15%
CPX0000      197   199     2265.1514  5587    17035.0000     2188.2072  9778916   87.15%
CPX0000      198   200     2271.5307  5514    17035.0000     2188.2072  9785603   87.15%
CPX0000      200   202     2271.5307  5551    17035.0000     2188.2072  9790864   87.15%
CPX0000      201   203     2281.1487  5573    17035.0000     2188.2072  9798368   87.15%
CPX0000      203   205     2271.5307  5571    17035.0000     2188.2072  9804304   87.15%
CPX0000      204   206     2271.5307  5559    17035.0000     2188.2072  9807788   87.15%
CPX0000      206   208     2271.5307  5575    17035.0000     2188.2072  9814634   87.15%
CPX0000      209   211     2271.5307  5636    17035.0000     2188.2072  9819640   87.15%
CPX0000  Elapsed time = 71467.71 sec. (21766949.94 ticks, tree = 34.84 MB
CPX0000      210   212     2271.5307  5615    17035.0000     2188.2072  9828556   87.15%
CPX0000      211   213     2271.5307  5625    17035.0000     2188.2072  9829157   87.15%
CPX0000      213   215     2271.5307  5614    17035.0000     2188.2072  9833241   87.15%
CPX0000      216   218     2273.6402  5655    17035.0000     2188.2072  9840144   87.15%
CPX0000      217   219     2281.5307  5609    17035.0000     2188.2072  9844467   87.15%
CPX0000      219   221     2276.6288  5592    17035.0000     2188.2072  9851276   87.15%
CPX0000      221   223     2276.6288  5683    17035.0000     2188.2072  9858051   87.15%
CPX0000      224   226     2276.6288  5718    17035.0000     2188.2072  9866868   87.15%
CPX0000      227   229     2276.6288  5650    17035.0000     2188.2072  9874731   87.15%
CPX0000      228   230     2279.0732  5665    17035.0000     2188.2072  9882597   87.15%
CPX0000  Elapsed time = 71735.64 sec. (21857751.31 ticks, tree = 39.89 MB
CPX0000      230   232     2279.0732  5658    17035.0000     2188.2072  9886364   87.15%
CPX0000      231   233     2279.0732  5645    17035.0000     2188.2072  9890427   87.15%
CPX0000      232   234     2279.0732  5643    17035.0000     2188.2072  9894451   87.15%
CPX0000      234   236     2288.2954  5604    17035.0000     2188.2072  9902325   87.15%
CPX0000      235   237     2285.7954  5633    17035.0000     2188.2072  9913019   87.15%
CPX0000      236   238     2288.2954  5587    17035.0000     2188.2072  9918588   87.15%
CPX0000      238   240     2288.2954  5574    17035.0000     2188.2072  9923831   87.15%
CPX0000      239   241     2298.2954  5643    17035.0000     2188.2072  9929496   87.15%
CPX0000      240   242     2288.2954  5560    17035.0000     2188.2072  9932939   87.15%
CPX0000      242   244     2299.4065  5562    17035.0000     2188.2072  9940675   87.15%
CPX0000  Elapsed time = 71926.36 sec. (21925021.87 ticks, tree = 41.23 MB
CPX0000      244   246     2312.5811  5681    17035.0000     2188.2072  9950350   87.15%
CPX0000      247   249     2308.2954  5548    17035.0000     2188.2072  9955628   87.15%
CPX0000      249   251     2308.5689  5553    17035.0000     2188.2072  9960875   87.15%
CPX0000      251   253     2308.2954  5517    17035.0000     2188.2072  9965685   87.15%
CPX0000      252   254     2308.5689  5499    17035.0000     2188.2072  9971482   87.15%
CPX0000      253   255     2308.5689  5494    17035.0000     2188.2072  9976756   87.15%
CPX0000      255   257     2308.5689  5507    17035.0000     2188.2072  9982922   87.15%
CPX0000      256   258     2308.5689  5520    17035.0000     2188.2072  9991834   87.15%
CPX0000      257   259     2308.5689  5506    17035.0000     2188.2072  9991838   87.15%
CPX0000      258   260     2308.5689  5509    17035.0000     2188.2072  9996034   87.15%
CPX0000  Elapsed time = 72135.49 sec. (21999243.81 ticks, tree = 41.70 MB
CPX0000      259   261     2308.5689  5556    17035.0000     2188.2072 10000796   87.15%
CPX0000      260   262     2308.5689  5485    17035.0000     2188.2072 10001726   87.15%
CPX0000      263   265     2308.5689  5488    17035.0000     2188.2072 10005317   87.15%
CPX0000      264   266     2308.5689  5451    17035.0000     2188.2072 10006193   87.15%
CPX0000      266   268     2308.5689  5493    17035.0000     2188.2072 10011869   87.15%
CPX0000      268   270     2308.5689  5430    17035.0000     2188.2072 10017323   87.15%
CPX0000      270   272     2308.5689  5416    17035.0000     2188.2072 10023814   87.15%
CPX0000      271   273     2308.5689  5508    17035.0000     2188.2072 10028034   87.15%
CPX0000      272   274     2308.5689  5538    17035.0000     2188.2072 10033184   87.15%
CPX0000      274   276     2308.5689  5476    17035.0000     2188.2072 10037111   87.15%
CPX0000  Elapsed time = 72412.19 sec. (22084887.01 ticks, tree = 46.66 MB
CPX0000      275   277     2308.5689  5629    17035.0000     2188.2072 10044769   87.15%
CPX0000      278   280     2308.5689  5497    17035.0000     2188.2072 10049010   87.15%
CPX0000      280   282     2308.5689  5495    17035.0000     2188.2072 10060228   87.15%
CPX0000      281   283     2308.5689  5484    17035.0000     2188.2072 10063922   87.15%
CPX0000      282   284     2308.5689  5528    17035.0000     2188.2072 10068814   87.15%
CPX0000      283   285     2308.5689  5558    17035.0000     2188.2072 10073091   87.15%
CPX0000      284   286     2308.5689  5474    17035.0000     2188.2072 10077813   87.15%
CPX0000      285   287     2308.5689  5447    17035.0000     2188.2072 10082467   87.15%
CPX0000      286   288     2308.5689  5431    17035.0000     2188.2072 10086511   87.15%
CPX0000      288   290     2308.5689  5466    17035.0000     2188.2072 10093618   87.15%
CPX0000  Elapsed time = 72753.05 sec. (22193955.28 ticks, tree = 47.98 MB
CPX0000      289   291     2308.5689  5436    17035.0000     2188.2072 10098984   87.15%
CPX0000      291   293     2308.5689  5460    17035.0000     2188.2072 10109204   87.15%
CPX0000      292   294     2308.5689  5412    17035.0000     2188.2072 10110346   87.15%
CPX0000      294   296     2308.5689  5450    17035.0000     2188.2072 10119289   87.15%
CPX0000      296   298     2308.5689  5499    17035.0000     2188.2072 10126213   87.15%
CPX0000      297   299     2308.5689  5473    17035.0000     2188.2072 10131393   87.15%
CPX0000      298   300     2319.2831  5516    17035.0000     2188.2072 10142477   87.15%
CPX0000      299   301     2308.5689  5490    17035.0000     2188.2072 10142753   87.15%
CPX0000      300   302     2319.2831  5587    17035.0000     2188.2072 10151654   87.15%
CPX0000      302   304     2308.5689  5485    17035.0000     2188.2072 10155377   87.15%
CPX0000  Elapsed time = 73147.41 sec. (22323403.15 ticks, tree = 52.26 MB
CPX0000      303   305     2312.4807  5556    17035.0000     2188.2072 10162920   87.15%
CPX0000      304   306     2308.5689  5524    17035.0000     2188.2072 10168626   87.15%
CPX0000      305   307     2308.5689  5469    17035.0000     2188.2072 10172637   87.15%
CPX0000      306   308     2312.7355  5465    17035.0000     2188.2072 10179247   87.15%
CPX0000      307   309     2313.3416  5509    17035.0000     2188.2072 10184397   87.15%
CPX0000      309   311     2312.7355  5504    17035.0000     2188.2072 10189937   87.15%
CPX0000      310   312     2312.7355  5521    17035.0000     2188.2072 10194859   87.15%
CPX0000      312   314     2312.7355  5459    17035.0000     2188.2072 10201079   87.15%
CPX0000      315   317     2312.7355  5495    17035.0000     2188.2072 10207542   87.15%
CPX0000      316   318     2312.7355  5481    17035.0000     2188.2072 10216455   87.15%
CPX0000  Elapsed time = 73359.87 sec. (22391947.28 ticks, tree = 54.49 MB
CPX0000      317   319     2312.7355  5499    17035.0000     2188.2072 10220624   87.15%
CPX0000      318   320     2312.7355  5544    17035.0000     2188.2072 10228779   87.15%
CPX0000      319   321     2312.7355  5473    17035.0000     2188.2072 10234572   87.15%
CPX0000      320   322     2312.7355  5467    17035.0000     2188.2072 10237423   87.15%
CPX0000      321   323     2312.7355  5515    17035.0000     2188.2072 10241556   87.15%
CPX0000      322   324     2320.2355  5504    17035.0000     2188.2072 10248827   87.15%
CPX0000      324   326     2312.7355  5561    17035.0000     2188.2072 10256279   87.15%
CPX0000      327   329     2312.7355  5498    17035.0000     2188.2072 10261500   87.15%
CPX0000      329   331     2312.7355  5496    17035.0000     2188.2072 10266417   87.15%
CPX0000      330   332     2312.7355  5492    17035.0000     2188.2072 10270489   87.15%
CPX0000  Elapsed time = 73637.36 sec. (22481104.50 ticks, tree = 54.93 MB
CPX0000      332   334     2312.7355  5482    17035.0000     2188.2072 10274438   87.15%
CPX0000      334   336     2312.7355  5476    17035.0000     2188.2072 10278023   87.15%
CPX0000      336   338     2312.7355  5486    17035.0000     2188.2072 10282592   87.15%
CPX0000      337   339     2312.7355  5528    17035.0000     2188.2072 10287806   87.15%
CPX0000      338   340     2312.7355  5485    17035.0000     2188.2072 10292049   87.15%
CPX0000      340   342     2312.7355  5554    17035.0000     2188.2072 10300439   87.15%
CPX0000      342   344     2316.5800  5500    17035.0000     2188.2072 10306764   87.15%
CPX0000      343   345     2312.7355  5539    17035.0000     2188.2072 10312050   87.15%
CPX0000      344   346     2312.7355  5549    17035.0000     2188.2072 10321719   87.15%
CPX0000      346   348     2312.7355  5480    17035.0000     2188.2072 10328355   87.15%
CPX0000  Elapsed time = 73868.21 sec. (22560195.39 ticks, tree = 57.20 MB
CPX0000      347   349     2312.7355  5472    17035.0000     2188.2072 10333043   87.15%
CPX0000      348   350     2312.7355  5522    17035.0000     2188.2072 10339325   87.15%
CPX0000      349   351     2312.7355  5544    17035.0000     2188.2072 10344457   87.15%
CPX0000      350   352     2312.7355  5526    17035.0000     2188.2072 10348050   87.15%
CPX0000      351   353     2312.7355  5502    17035.0000     2188.2072 10356034   87.15%
CPX0000      353   355     2312.7355  5635    17035.0000     2188.2072 10364739   87.15%
CPX0000      354   356     2312.7355  5499    17035.0000     2188.2072 10367779   87.15%
CPX0000      355   357     2313.2943  5468    17035.0000     2188.2072 10372889   87.15%
CPX0000      358   360     2313.2943  5450    17035.0000     2188.2072 10380905   87.15%
CPX0000      360   362     2313.2943  5490    17035.0000     2188.2072 10385040   87.15%
CPX0000  Elapsed time = 74187.94 sec. (22661881.03 ticks, tree = 62.36 MB
CPX0000      361   363     2313.2943  5552    17035.0000     2188.2072 10392478   87.15%
CPX0000      362   364     2313.2943  5537    17035.0000     2188.2072 10398017   87.15%
CPX0000      364   366     2313.2943  5561    17035.0000     2188.2072 10401136   87.15%
CPX0000      365   367     2314.0085  5508    17035.0000     2188.2072 10406869   87.15%
CPX0000      368   370     2314.0085  5499    17035.0000     2188.2072 10414534   87.15%
CPX0000      370   372     2327.1530  5442    17035.0000     2188.2072 10424600   87.15%
CPX0000      371   373     2314.0085  5551    17035.0000     2188.2072 10428578   87.15%
CPX0000      372   374     2318.8405  5547    17035.0000     2188.2072 10435697   87.15%
CPX0000      373   375     2314.0085  5572    17035.0000     2188.2072 10440268   87.15%
CPX0000      374   376     2318.8405  5537    17035.0000     2188.2072 10447612   87.15%
CPX0000  Elapsed time = 74434.76 sec. (22742346.78 ticks, tree = 68.15 MB
CPX0000      375   377     2314.0085  5538    17035.0000     2188.2072 10450058   87.15%
CPX0000      377   379     2318.8405  5577    17035.0000     2188.2072 10459989   87.15%
CPX0000      378   380     2317.2228  5535    17035.0000     2188.2072 10464816   87.15%
CPX0000      379   381     2329.7228  5517    17035.0000     2188.2072 10470981   87.15%
CPX0000      381   383     2317.2228  5529    17035.0000     2188.2072 10478783   87.15%
CPX0000      383   385     2317.2228  5531    17035.0000     2188.2072 10483088   87.15%
CPX0000      384   386     2327.2228  5503    17035.0000     2188.2072 10492771   87.15%
CPX0000      385   387     2317.2228  5499    17035.0000     2188.2072 10496764   87.15%
CPX0000      386   388     2317.6176  5533    17035.0000     2188.2072 10501034   87.15%
CPX0000      387   389     2327.2228  5588    17035.0000     2188.2072 10514413   87.15%
CPX0000  Elapsed time = 74687.47 sec. (22829663.63 ticks, tree = 68.57 MB
CPX0000      388   390     2324.5054  5521    17035.0000     2188.2072 10517131   87.15%
CPX0000      389   391     2327.2228  5495    17035.0000     2188.2072 10526425   87.15%
CPX0000      391   393     2329.7228  5453    17035.0000     2188.2072 10535115   87.15%
CPX0000      394   396     2376.7228  5440    17035.0000     2188.2072 10538837   87.15%
CPX0000      395   397     2338.7228  5490    17035.0000     2188.2072 10546424   87.15%
CPX0000      397   399     2352.2228  5440    17035.0000     2188.2072 10552109   87.15%
CPX0000      399   401     2338.7228  5478    17035.0000     2188.2072 10557061   87.15%
CPX0000      400   402     2339.1673  5511    17035.0000     2188.2072 10559398   87.15%
CPX0000      401   403     2349.7228  5415    17035.0000     2188.2072 10563748   87.15%
CPX0000      403   405     2349.7228  5378    17035.0000     2188.2072 10567847   87.15%
CPX0000  Elapsed time = 75103.70 sec. (22953179.93 ticks, tree = 78.89 MB
CPX0000      404   406     2349.7228  5408    17035.0000     2188.2072 10571943   87.15%
CPX0000      405   407     2349.7228  5398    17035.0000     2188.2072 10576471   87.15%
CPX0000      406   408     2351.1812  5400    17035.0000     2188.2072 10580843   87.15%
CPX0000      407   409     2349.7228  5477    17035.0000     2188.2072 10587635   87.15%
CPX0000      408   410     2351.1812  5398    17035.0000     2188.2072 10592017   87.15%
CPX0000      410   412     2351.1812  5407    17035.0000     2188.2072 10600380   87.15%
CPX0000      411   413     2351.1812  5401    17035.0000     2188.2072 10604298   87.15%
CPX0000      413   415     2351.6673  5433    17035.0000     2188.2072 10609714   87.15%
CPX0000      414   416     2352.2228  5448    17035.0000     2188.2072 10614138   87.15%
CPX0000      416   418     2351.6673  5399    17035.0000     2188.2072 10617650   87.15%
CPX0000  Elapsed time = 75273.18 sec. (23006602.10 ticks, tree = 81.04 MB
CPX0000      417   419     2351.6673  5453    17035.0000     2188.2072 10624795   87.15%
CPX0000      418   420     2351.6673  5341    17035.0000     2188.2072 10628408   87.15%
CPX0000      422   424     2351.6673  5350    17035.0000     2188.2072 10636986   87.15%
CPX0000      424   426     2351.6673  5354    17035.0000     2188.2072 10642844   87.15%
CPX0000      425   427     2351.6673  5467    17035.0000     2188.2072 10649980   87.15%
CPX0000      426   428     2351.6673  5389    17035.0000     2188.2072 10653816   87.15%
CPX0000      427   429     2351.6673  5373    17035.0000     2188.2072 10657378   87.15%
CPX0000      428   430     2351.6673  5410    17035.0000     2188.2072 10661407   87.15%
CPX0000      430   432     2351.6673  5385    17035.0000     2188.2072 10665665   87.15%
CPX0000      431   433     2360.6540  5372    17035.0000     2188.2072 10673021   87.15%
CPX0000  Elapsed time = 75466.76 sec. (23068157.10 ticks, tree = 82.45 MB
CPX0000      433   435     2351.6673  5389    17035.0000     2188.2072 10679224   87.15%
CPX0000      435   437     2360.4665  5258    17035.0000     2188.2072 10688235   87.15%
CPX0000      437   439     2360.4665  5265    17035.0000     2188.2072 10689695   87.15%
CPX0000      438   440     2360.4665  5309    17035.0000     2188.2072 10694184   87.15%
CPX0000      440   442     2363.4387  5270    17035.0000     2188.2072 10704032   87.15%
CPX0000      442   444     2360.4665  5346    17035.0000     2188.2072 10711380   87.15%
CPX0000      444   446     2367.1332  5280    17035.0000     2188.2072 10715977   87.15%
CPX0000      445   447     2368.1054  5417    17035.0000     2188.2072 10723421   87.15%
CPX0000      448   450     2385.1887  5240    17035.0000     2188.2072 10730352   87.15%
CPX0000      449   451     2368.1054  5396    17035.0000     2188.2072 10738984   87.15%
CPX0000  Elapsed time = 75716.63 sec. (23153233.16 ticks, tree = 87.19 MB
CPX0000      451   453     2385.1887  5273    17035.0000     2188.2072 10745648   87.15%
CPX0000      452   454     2385.1887  5326    17035.0000     2188.2072 10752042   87.15%
CPX0000      455   457     2385.1887  5296    17035.0000     2188.2072 10759683   87.15%
CPX0000      457   459     2385.2300  5292    17035.0000     2188.2072 10764995   87.15%
CPX0000      458   460     2390.9244  5250    17035.0000     2188.2072 10769583   87.15%
CPX0000      460   462     2390.9513  5233    17035.0000     2188.2072 10773646   87.15%
CPX0000      461   463     2398.9713  5256    17035.0000     2188.2072 10782369   87.15%
CPX0000      462   464     2391.3883  5194    17035.0000     2188.2072 10787902   87.15%
CPX0000      464   466     2395.4733  5166    17035.0000     2188.2072 10800641   87.15%
CPX0000      467   469     2396.7568  5161    17035.0000     2188.2072 10809997   87.15%
CPX0000  Elapsed time = 75889.26 sec. (23218871.11 ticks, tree = 88.63 MB
CPX0000      468   470     2400.1866  5191    17035.0000     2188.2072 10821266   87.15%
CPX0000      470   472     2397.1803  5085    17035.0000     2188.2072 10829380   87.15%
CPX0000      472   474     2407.4200  5144    17035.0000     2188.2072 10840066   87.15%
CPX0000      474   476     2397.1803  5054    17035.0000     2188.2072 10846892   87.15%
CPX0000  *   476+  476                        10625.0000     2188.2072 10856444   79.41%
CPX0000  *   476+  476                        10435.0000     2188.2072 10856444   79.03%
CPX0000  *   476+  476                        10405.0000     2188.2072 10856444   78.97%
CPX0000      476   478     2400.1595  5073    10405.0000     2188.2072 10856444   78.97%
[1m[30m[ZEN] [0m21:06:30 [1m[34m  10405.00[1m[32m   78.97%
[0mCPX0000  *   477+  477                         5780.0000     2188.2072 10857330   62.14%
CPX0000  *   477+  477                         5700.0000     2188.2072 10857330   61.61%
CPX0000      477   479     2188.2072  8416     5700.0000     2188.2072 10857330   61.61%
[1m[30m[ZEN] [0m21:08:21 [1m[34m   5700.00[1m[32m   61.61%
[0mCPX0000
CPX0000  GUB cover cuts applied:  722
CPX0000  Clique cuts applied:  257
CPX0000  Cover cuts applied:  5
CPX0000  Implied bound cuts applied:  1
CPX0000  Flow cuts applied:  1
CPX0000  Mixed integer rounding cuts applied:  146
CPX0000  Zero-half cuts applied:  10041
CPX0000  Lift and project cuts applied:  39
CPX0000  Gomory fractional cuts applied:  30
CPX0000
CPX0000  Root node processing (before b&c):
CPX0000    Real time             = 60909.58 sec. (18771488.39 ticks)
CPX0000  Sequential b&c:
CPX0000    Real time             = 25490.53 sec. (8206786.58 ticks)
CPX0000                            ------------
CPX0000  Total (root+branch&cut) = 86400.10 sec. (26978274.97 ticks)
H2 understaffing: 0
H3 shiftTypeSuccessions: 0
S1 optimalCoverage: 240
S2a consecutiveShift: 510 = (33,1 )
S2b consecutiveWorkingDays: 810 = ( 25,2 )
S3 consecutiveDaysOff: 780 = ( 14,12 )
S4 preferences: 410
S5 completeWeekend: 30
S6 totalAssignments: 2740
S7 totalWorkingWeekeends: 180
 

Cost Solution: 5700

       |M|T|W|T|F|S|S| |M|T|W|T|F|S|S| |M|T|W|T|F|S|S| |M|T|W|T|F|S|S|
------------------------------------------------------------------------
HN_0   |-|-|D|D|D|D|D| |-|-|-|-|D|D|L| |L|L|L|-|-|-|-| |N|N|N|N|N|-|-|
HN_1   |L|L|-|-|-|-|-| |L|L|-|-|E|E|-| |-|-|-|D|D|-|-| |L|L|-|-|-|-|-|
HN_2   |-|-|-|-|L|L|-| |-|-|E|E|-|-|-| |-|-|-|D|D|-|-| |-|-|-|E|E|-|-|
HN_3   |N|-|-|L|L|L|L| |-|-|L|L|L|-|-| |E|E|E|L|L|-|-| |L|L|L|L|L|-|-|
HN_4   |E|-|-|-|-|-|-| |E|E|E|E|-|-|-| |D|D|D|-|-|-|-| |-|-|D|D|D|-|-|
HN_5   |N|N|N|N|N|-|-| |-|-|D|D|D|-|-| |-|-|-|-|E|E|E| |E|-|-|-|-|-|-|
HN_6   |D|L|L|-|-|-|-| |L|L|L|L|-|-|-| |L|L|L|L|-|-|-| |N|N|N|N|N|-|-|
HN_7   |E|E|E|E|-|-|-| |-|E|E|E|E|-|-| |-|-|E|E|L|L|L| |L|-|-|-|-|D|D|
HN_8   |E|E|D|D|-|-|-| |L|L|L|L|-|-|-| |E|E|E|E|-|-|-| |-|L|L|L|L|-|-|
HN_9   |L|L|L|-|-|-|-| |D|D|D|-|-|-|-| |-|-|L|L|L|-|-| |-|-|-|-|N|N|N|
HN_10  |-|E|E|L|L|-|-| |-|-|L|L|L|L|L| |-|-|-|-|D|D|D| |E|E|E|E|-|-|-|
HN_11  |D|D|-|-|-|-|-| |L|L|-|-|N|N|N| |N|-|-|D|D|-|-| |-|-|-|D|D|-|-|
HN_12  |-|-|-|-|E|E|D| |D|D|-|-|-|-|-| |D|D|D|-|-|-|-| |L|L|L|L|L|-|-|
HN_13  |-|L|L|L|L|-|-| |-|D|D|D|-|-|-| |-|D|D|D|D|-|-| |-|E|E|D|D|-|-|
HN_14  |D|D|D|-|-|-|-| |-|N|N|N|N|-|-| |-|-|-|-|N|N|N| |N|-|-|-|-|-|-|
HN_15  |D|-|-|-|D|D|D| |D|-|-|-|E|E|D| |D|E|E|-|-|-|-| |N|N|N|N|-|-|-|
HN_16  |N|N|N|N|N|-|-| |N|N|N|N|N|-|-| |E|E|E|-|E|E|E| |E|-|-|E|E|L|L|
HN_17  |E|E|E|D|D|-|-| |-|-|-|-|D|D|L| |L|L|-|-|-|-|-| |-|L|L|L|L|-|-|
HN_18  |-|-|-|N|N|N|N| |-|-|D|D|D|-|-| |N|N|N|N|N|-|-| |D|D|D|-|-|D|D|
HN_19  |N|N|N|-|-|-|-| |E|E|E|E|-|-|-| |N|N|N|N|N|-|-| |-|N|N|N|N|-|-|
NU_20  |-|-|-|-|-|E|E| |E|E|-|-|-|-|-| |N|N|N|N|-|-|-| |-|-|-|-|D|D|E|
NU_21  |E|-|E|E|E|-|-| |-|N|N|N|N|-|-| |-|-|N|N|N|N|N| |-|-|E|E|E|E|D|
NU_22  |N|N|N|N|N|-|-| |L|L|L|-|-|E|E| |E|-|-|-|L|L|L| |L|L|-|-|L|L|L|
NU_23  |L|L|L|-|-|-|-| |-|-|-|L|L|L|L| |L|-|-|-|-|-|-| |E|E|D|D|-|-|-|
NU_24  |L|-|-|-|-|-|-| |N|N|N|N|N|-|-| |-|-|-|E|E|L|L| |L|-|-|-|-|-|-|
NU_25  |L|-|-|-|-|-|-| |L|L|L|-|-|-|-| |N|N|N|N|-|-|-| |D|D|D|-|-|-|-|
NU_26  |D|D|-|-|-|-|-| |-|-|D|D|D|D|D| |-|-|-|-|-|-|-| |L|L|-|-|-|-|-|
NU_27  |-|-|L|L|L|-|-| |-|-|-|D|D|-|-| |-|L|L|-|-|-|D| |D|-|-|-|-|-|-|
NU_28  |E|-|-|-|-|-|-| |N|N|N|N|N|-|-| |-|-|-|D|D|D|D| |D|-|-|-|-|-|-|
NU_29  |-|-|-|-|D|D|E| |E|D|D|-|-|-|-| |E|E|D|D|-|-|-| |E|E|E|L|L|-|-|
NU_30  |-|-|E|E|E|D|D| |-|-|-|-|-|-|-| |N|N|N|N|N|-|-| |-|-|D|D|D|-|-|
NU_31  |-|-|-|N|N|N|N| |-|-|-|-|-|-|-| |D|D|D|-|-|-|-| |E|E|E|-|D|-|-|
NU_32  |N|-|D|D|D|-|-| |L|L|L|L|L|-|-| |E|E|E|-|-|E|E| |E|E|-|-|N|N|N|
NU_33  |-|-|D|D|D|-|-| |E|E|L|L|L|-|-| |N|N|N|N|N|-|-| |-|L|L|N|N|N|N|
NU_34  |D|D|E|E|E|-|-| |-|-|-|N|N|-|-| |D|D|-|-|-|-|-| |-|-|N|N|N|N|-|
NU_35  |-|L|L|L|L|-|-| |-|N|-|-|-|L|L| |L|L|L|L|-|-|-| |-|L|L|L|L|-|-|
NU_36  |-|-|D|D|D|-|-| |N|-|-|-|-|-|-| |L|L|L|-|-|-|-| |D|D|D|D|-|-|-|
NU_37  |D|-|-|-|-|-|-| |N|N|N|N|N|-|-| |-|-|-|-|N|N|N| |N|N|-|-|-|-|-|
NU_38  |L|-|-|N|N|N|N| |N|-|-|E|E|E|E| |-|-|E|E|E|-|-| |E|E|E|E|E|-|-|
NU_39  |D|D|L|L|-|-|-| |D|D|D|-|E|E|E| |E|D|D|-|-|-|-| |D|D|D|D|D|-|-|
CT_40  |-|-|-|L|L|-|-| |-|-|-|L|L|-|-| |D|D|N|-|-|-|-| |-|-|-|D|D|-|-|
CT_41  |-|-|-|L|L|-|-| |-|-|-|L|L|-|-| |-|-|-|-|D|D|-| |-|-|-|L|L|-|-|
CT_42  |D|D|-|-|D|D|D| |D|D|-|-|D|D|D| |-|-|D|D|D|-|-| |N|N|N|N|N|-|-|
CT_43  |-|-|-|D|D|-|-| |-|-|N|N|N|N|N| |-|-|-|-|-|-|-| |D|D|-|-|-|-|-|
CT_44  |-|-|-|-|E|E|E| |E|E|-|-|-|-|-| |N|N|N|-|-|-|-| |E|E|E|-|-|-|-|
CT_45  |D|D|E|E|-|-|-| |D|D|L|L|L|-|-| |-|-|D|D|D|L|L| |L|-|-|-|N|N|N|
CT_46  |-|-|L|L|L|-|-| |-|-|-|-|D|D|D| |D|D|-|-|-|-|-| |-|-|L|L|L|-|-|
CT_47  |E|E|-|-|L|L|L| |L|-|-|N|N|N|N| |-|-|D|D|D|E|E| |-|-|E|E|E|E|E|
CT_48  |-|-|-|N|N|N|N| |N|-|-|-|-|-|-| |E|E|E|-|-|-|-| |-|-|L|L|L|-|-|
CT_49  |N|N|N|N|N|-|-| |E|E|E|D|D|-|-| |E|E|E|E|E|-|-| |L|L|L|-|-|D|D|
CT_50  |L|L|L|-|-|-|-| |E|E|E|E|E|-|-| |-|-|N|N|N|N|N| |-|-|-|-|D|D|D|
CT_51  |-|-|-|-|L|L|L| |L|-|-|-|-|-|-| |E|E|E|-|-|-|-| |N|N|N|N|-|-|-|
CT_52  |E|E|E|E|E|-|-| |-|-|-|-|-|D|D| |L|L|L|-|-|-|-| |N|N|N|N|N|-|-|
CT_53  |-|-|D|D|D|-|-| |-|-|-|D|-|-|-| |N|N|N|N|-|-|-| |-|-|-|-|L|L|L|
CT_54  |N|N|-|-|N|N|N| |N|N|-|-|N|N|N| |N|N|-|-|-|D|D| |D|-|-|E|E|E|D|
CT_55  |-|-|-|D|D|-|-| |-|-|-|D|D|-|-| |-|-|-|E|E|-|-| |-|-|-|D|D|-|-|
CT_56  |D|-|-|-|-|-|-| |D|D|-|-|-|-|-| |-|-|D|D|-|-|-| |-|-|-|-|L|L|-|
CT_57  |-|-|-|-|E|E|E| |E|-|-|-|-|-|-| |E|E|E|-|-|-|-| |N|N|N|N|-|-|-|
CT_58  |L|L|-|-|-|-|-| |-|-|D|D|D|-|-| |-|-|-|L|L|-|-| |-|-|-|-|E|E|-|
CT_59  |-|L|L|L|L|-|-| |-|N|-|-|-|E|E| |E|E|E|-|-|-|-| |D|D|D|D|D|-|-|
CT_60  |L|-|-|-|-|-|-| |E|L|L|-|-|-|-| |-|-|L|L|L|-|-| |-|-|-|D|D|D|E|
CT_61  |-|N|N|N|N|N|-| |-|-|L|L|-|-|-| |-|-|-|D|D|-|-| |-|-|-|D|D|-|-|
CT_62  |E|E|E|E|E|-|-| |E|E|E|E|E|-|-| |D|D|D|E|E|-|-| |N|N|N|N|N|-|-|
CT_63  |D|D|D|D|-|-|-| |N|N|N|N|-|-|-| |N|N|N|N|-|-|-| |D|D|D|D|-|-|-|
CT_64  |N|N|-|-|-|-|-| |-|D|D|D|-|-|-| |L|L|L|-|-|-|-| |-|-|E|E|E|-|-|
CT_65  |E|E|D|D|D|-|-| |N|N|N|N|N|-|-| |D|D|L|L|L|-|-| |L|L|L|L|L|-|-|
CT_66  |N|-|-|-|-|E|E| |E|-|-|-|E|E|L| |L|L|L|L|-|-|-| |-|E|E|D|D|-|-|
CT_67  |-|N|N|N|N|N|-| |-|-|-|E|E|-|-| |-|-|-|D|D|-|-| |-|-|-|L|L|-|-|
CT_68  |-|-|-|-|E|-|-| |-|E|E|E|E|-|-| |-|-|L|L|L|-|-| |-|-|-|-|N|N|N|
CT_69  |-|-|E|E|E|-|-| |-|-|L|L|L|-|-| |-|-|E|E|E|E|E| |-|-|-|-|-|-|-|
CT_70  |E|E|E|E|-|-|-| |D|D|E|E|E|E|E| |-|-|-|-|D|D|D| |D|L|L|-|-|-|-|
CT_71  |L|L|-|-|-|-|-| |-|-|E|E|-|-|-| |-|-|-|-|N|N|N| |N|-|-|-|-|-|-|
CT_72  |L|L|-|-|-|-|-| |L|L|-|-|-|-|-| |-|-|L|L|-|-|-| |-|-|-|E|E|-|-|
CT_73  |D|D|-|-|-|-|-| |L|L|-|-|-|-|-| |-|D|D|-|-|-|-| |E|E|-|-|-|-|-|
CT_74  |-|-|-|E|E|-|-| |-|-|-|-|-|L|L| |-|-|-|-|-|-|-| |D|D|-|-|-|-|-|
CT_75  |-|L|L|L|L|-|-| |-|D|D|D|D|-|-| |-|-|D|D|L|L|L| |L|-|-|-|-|L|L|
CT_76  |N|N|-|-|L|L|L| |L|-|-|N|N|N|N| |N|-|N|N|N|-|-| |D|D|E|E|E|-|-|
CT_77  |N|N|N|N|N|-|-| |N|N|N|N|N|-|-| |E|E|E|-|-|N|N| |N|N|-|-|N|N|N|
CT_78  |L|L|L|-|-|D|D| |D|D|D|-|-|-|-| |L|L|L|L|L|-|-| |L|L|L|-|-|E|E|
CT_79  |-|-|-|D|D|-|-| |-|-|-|-|L|L|-| |-|-|-|E|E|-|-| |-|-|-|E|E|-|-|
TR_80  |-|-|D|D|D|D|D| |-|-|-|-|L|L|N| |N|N|N|N|-|-|-| |-|E|E|L|L|-|-|
TR_81  |D|D|D|-|-|-|-| |N|N|N|N|N|-|-| |-|-|-|E|E|E|E| |E|-|-|-|-|-|-|
TR_82  |-|-|E|E|E|-|-| |-|-|-|E|E|E|E| |-|-|-|-|-|-|-| |N|N|N|N|N|-|-|
TR_83  |D|-|-|-|E|E|E| |E|-|-|-|-|N|N| |N|N|N|-|-|-|-| |N|N|N|N|N|-|-|
TR_84  |D|D|-|D|D|-|-| |-|-|D|D|D|D|D| |D|-|-|-|-|N|N| |N|N|N|-|-|-|-|
TR_85  |L|L|-|-|-|-|-| |-|-|D|D|-|-|-| |-|-|N|N|N|N|-| |-|-|-|L|L|-|-|
TR_86  |-|-|-|-|E|E|D| |D|-|-|-|-|-|-| |E|E|E|E|-|-|-| |D|D|D|-|-|-|-|
TR_87  |-|D|L|L|L|-|-| |-|-|L|L|N|N|N| |N|N|-|-|-|-|-| |-|-|D|D|D|L|-|
TR_88  |D|D|E|E|-|-|-| |-|L|L|L|L|-|-| |-|-|-|-|D|D|D| |L|L|L|L|-|-|-|
TR_89  |L|L|-|-|-|-|-| |E|E|E|L|L|-|-| |L|L|L|-|L|L|L| |L|-|-|-|D|D|D|
TR_90  |N|-|-|-|-|-|-| |D|D|E|E|-|-|-| |-|-|L|L|L|-|-| |-|-|E|E|E|-|-|
TR_91  |-|-|D|D|D|-|-| |N|N|N|N|N|-|-| |D|D|D|E|E|-|-| |L|L|L|L|L|-|-|
TR_92  |-|-|-|-|L|L|-| |-|-|E|E|-|-|-| |-|-|-|D|D|-|-| |-|-|-|D|D|-|-|
TR_93  |-|-|E|E|E|-|-| |-|-|-|-|D|D|L| |L|L|-|-|-|-|-| |D|D|D|-|-|-|-|
TR_94  |E|E|E|-|-|-|-| |-|-|-|D|D|D|L| |L|-|-|-|-|-|-| |E|E|E|-|-|-|-|
TR_95  |E|E|-|-|-|-|-| |L|L|-|-|-|-|-| |E|N|N|N|N|-|-| |-|-|N|N|N|N|-|
TR_96  |N|N|N|N|N|-|-| |-|D|D|L|L|-|-| |-|-|D|D|D|D|E| |E|-|-|-|-|L|L|
TR_97  |L|-|-|N|N|N|N| |-|-|E|E|E|-|-| |E|E|E|E|E|-|-| |E|E|E|E|E|-|-|
TR_98  |-|L|L|L|-|-|-| |N|N|N|N|-|-|-| |L|L|L|-|-|-|-| |L|L|L|L|L|-|-|
TR_99  |L|L|L|L|-|-|-| |D|D|D|D|-|-|-| |-|D|D|D|D|E|E| |-|-|-|-|D|D|E|
TR_100 |N|N|N|N|N|-|-| |E|E|E|E|E|-|-| |D|D|D|-|-|D|D| |D|L|L|-|-|D|D|
TR_101 |E|E|E|L|L|-|-| |N|N|N|N|N|-|-| |D|D|D|L|L|-|-| |E|E|E|D|D|-|-|
TR_102 |-|-|-|L|L|-|-| |-|E|E|E|E|-|-| |-|-|-|-|-|L|L| |-|-|-|-|-|-|-|
TR_103 |-|-|-|-|D|D|E| |E|-|-|-|-|-|-| |L|L|L|-|-|-|-| |D|D|D|D|-|-|-|
TR_104 |D|D|D|-|-|N|N| |N|N|N|-|-|E|E| |D|D|E|E|-|-|-| |N|N|N|N|N|-|-|
TR_105 |N|N|N|-|-|-|-| |L|L|L|L|-|-|-| |L|L|L|L|-|-|-| |L|L|L|L|N|N|N|
TR_106 |E|-|D|D|D|-|-| |E|E|E|D|D|-|-| |E|E|E|-|N|N|N| |N|N|-|-|E|E|E|
TR_107 |N|N|N|N|N|-|-| |-|L|L|L|L|-|-| |-|E|L|L|N|-|-| |-|D|D|-|-|-|-|
TR_108 |E|E|-|-|-|-|-| |D|D|-|-|-|-|-| |-|E|E|N|-|-|-| |-|-|-|-|E|E|-|
TR_109 |L|L|-|-|-|L|L| |L|L|L|-|-|-|-| |N|N|N|N|-|-|-| |D|D|E|E|-|-|-|


Hard constraint violations
--------------------------

Minimal coverage constraints: 0
Required skill constraints: 0
Illegal shift type succession constraints: 0
Single assignment per day: 0


Cost per constraint type
------------------------

Total assignment constraints: 2740
Consecutive constraints: 1320
Non working days constraints: 780
Preferences: 410
Max working weekend: 180
Complete weekends: 30
Optimal coverage constraints: 240

------------------------

Total cost: 5700
