Argumentos: 
./solver.release -i 28 -t 86400 -a 7 -h 86400 -w Testes/Mtoni-i28 -m modeloToni.mod -o modeloToni.mod 
Seed: 1622676164
hidden-TXT/Sc-n110w4.txt
hidden-TXT/H0-n110w4-2.txt
hidden-TXT/WD-n110w4-5.txt hidden-TXT/WD-n110w4-1.txt hidden-TXT/WD-n110w4-3.txt hidden-TXT/WD-n110w4-0.txt 
Reading model section from modeloToni.mod...
363 lines were read
Reading data section from Testes/Mtoni-i28/28.dat...
19773 lines were read
Generating obj...
Generating H1turnoDia...
Generating H2coberturaMinima...
Generating H3AsucessaoTurnos...
Generating H3BsucessaoTurnos...
Generating H4qualificacao...
Generating S1coberturaOtima...
Generating S2d...
Generating S2dHist...
Generating S2b...
Generating S2bHist...
Generating aux1S2a...
Generating auxS2a...
Generating aux3S2a...
Generating aux4S2a...
Generating s2aHistMin2...
Generating s2aHistMin3h1...
Generating s2aHistMin3h2...
Generating s2aHistMin4h1...
Generating s2aHistMin4h2...
Generating s2aHistMin4h3...
Generating s2aHistMin5h1...
Generating s2aHistMin5h2...
Generating s2aHistMin5h3...
Generating s2aHistMin5h4...
Generating auxS2b...
Generating aux1S2b...
Generating aux3S2b...
Generating aux4S2b...
Generating s2bHist...
Generating s2bHistMin3h1turnos...
Generating s2bHistMin3h2turnos...
Generating s2bHistMin4h1...
Generating s2bHistMin4h2...
Generating s2bHistMin4h3...
Generating s2bHistMin5h1...
Generating s2bHistMin5h2...
Generating s2bHistMin5h3...
Generating s2bHistMin5h34...
Generating auxS5...
Generating S6a...
Generating S6b...
Generating auxS7...
Generating S7...
Generating auxConsec...
Generating consecDias...
Generating auxConsecHist...
Generating consecHistDias...
Generating auxConsec2...
Generating consecTurnos...
Generating auxConsec2Hist...
Generating consecHistTurnos...
Model has been successfully generated
Writing problem data to `Testes/Mtoni-i28/28.lp'...
735675 lines were written
CPX0000  Tried aggregator 2 times.
CPX0000  MIP Presolve eliminated 23100 rows and 49654 columns.
CPX0000  MIP Presolve modified 83226 coefficients.
CPX0000  Aggregator did 16051 substitutions.
CPX0000  Reduced MIP has 63791 rows, 74281 columns, and 561670 nonzeros.
CPX0000  Reduced MIP has 50968 binaries, 23313 generals, 0 SOSs, and 0 indicators.
CPX0000  Presolve time = 1.75 sec. (1035.89 ticks)
CPX0000  Found incumbent of value 1507240.000000 after 3.46 sec. (2273.41 ticks)
[1m[30m[ZEN] [0m00:00:03 [1m[34m1507240.00[1m[32m  100.00%
[0mCPX0000  Probing time = 0.06 sec. (20.08 ticks)
CPX0000  Tried aggregator 2 times.
CPX0000  MIP Presolve modified 340 coefficients.
CPX0000  Aggregator did 80 substitutions.
CPX0000  Reduced MIP has 63711 rows, 74201 columns, and 561510 nonzeros.
CPX0000  Reduced MIP has 50968 binaries, 23233 generals, 0 SOSs, and 0 indicators.
CPX0000  Presolve time = 0.55 sec. (301.18 ticks)
CPX0000  Probing time = 0.06 sec. (19.00 ticks)
CPX0000  Clique table members: 15545.
CPX0000  MIP emphasis: balance optimality and feasibility.
CPX0000  MIP search method: dynamic search.
CPX0000  Parallel mode: none, using 1 thread.
CPX0000  Root relaxation solution time = 128.57 sec. (42508.33 ticks)
CPX0000
CPX0000          Nodes                                         Cuts/
CPX0000     Node  Left     Objective  IInf  Best Integer    Best Bound    ItCnt     Gap
CPX0000
CPX0000  *     0+    0                      1507240.0000       20.0000    39360  100.00%
CPX0000        0     0      862.7094 12227  1507240.0000      862.7094    39360   99.94%
CPX0000        0     0     1080.3791 13286  1507240.0000    Cuts: 4215    71819   99.93%
CPX0000        0     0     1205.4154 12834  1507240.0000    Cuts: 3447   107638   99.92%
CPX0000        0     0     1240.7358 12756  1507240.0000    Cuts: 3185   161639   99.92%
CPX0000  *     0+    0                       272610.0000     1240.7358   161639   99.54%
[1m[30m[ZEN] [0m00:14:00 [1m[34m 272610.00[1m[32m   99.54%
[0mCPX0000        0     0     1267.9552 12875   272610.0000    Cuts: 3040   198864   99.53%
CPX0000        0     0     1316.7171 13487   272610.0000    Cuts: 2921   238875   99.52%
CPX0000        0     0     1346.1060 13735   272610.0000    Cuts: 2846   285108   99.51%
CPX0000        0     0     1389.0194 13433   272610.0000    Cuts: 2961   321741   99.49%
CPX0000        0     0     1413.7988 12955   272610.0000    Cuts: 2836   364070   99.48%
CPX0000        0     0     1463.0823 12901   272610.0000    Cuts: 2943   421359   99.46%
CPX0000        0     0     1494.5740 13437   272610.0000    Cuts: 2965   472346   99.45%
CPX0000        0     0     1522.4927 13607   272610.0000    Cuts: 2846   513963   99.44%
CPX0000        0     0     1559.6725 13593   272610.0000    Cuts: 3027   557596   99.43%
CPX0000        0     0     1593.2630 13360   272610.0000    Cuts: 2927   593328   99.42%
CPX0000        0     0     1622.4483 13560   272610.0000    Cuts: 2940   632609   99.40%
CPX0000        0     0     1646.5059 13374   272610.0000    Cuts: 2887   672236   99.40%
CPX0000        0     0     1678.6529 13722   272610.0000    Cuts: 2812   713768   99.38%
CPX0000        0     0     1700.8771 13600   272610.0000    Cuts: 2848   761740   99.38%
CPX0000        0     0     1726.1282 13352   272610.0000    Cuts: 3074   805543   99.37%
CPX0000        0     0     1743.4830 13639   272610.0000    Cuts: 2899   846775   99.36%
CPX0000        0     0     1760.4940 13883   272610.0000    Cuts: 2903   882320   99.35%
CPX0000        0     0     1774.9971 13555   272610.0000    Cuts: 2902   921023   99.35%
CPX0000        0     0     1788.4715 13819   272610.0000    Cuts: 2924   964123   99.34%
CPX0000        0     0     1798.7155 13247   272610.0000    Cuts: 2771  1004982   99.34%
CPX0000        0     0     1807.7121 13474   272610.0000    Cuts: 2993  1043927   99.34%
CPX0000        0     0     1817.3507 13681   272610.0000    Cuts: 2884  1085619   99.33%
CPX0000        0     0     1826.2630 13534   272610.0000    Cuts: 2853  1120915   99.33%
CPX0000        0     0     1837.9662 13324   272610.0000    Cuts: 2828  1158868   99.33%
CPX0000        0     0     1848.7086 13524   272610.0000    Cuts: 2654  1195195   99.32%
CPX0000        0     0     1853.4145 13872   272610.0000    Cuts: 2747  1233874   99.32%
CPX0000        0     0     1868.0785 13388   272610.0000    Cuts: 3057  1268344   99.31%
CPX0000        0     0     1877.2965 13071   272610.0000    Cuts: 2836  1310342   99.31%
CPX0000        0     0     1886.6020 13489   272610.0000    Cuts: 2844  1346742   99.31%
CPX0000        0     0     1902.5168 13627   272610.0000    Cuts: 2961  1387975   99.30%
CPX0000        0     0     1910.2228 13258   272610.0000    Cuts: 2905  1437739   99.30%
CPX0000        0     0     1919.2461 13356   272610.0000    Cuts: 2960  1485333   99.30%
CPX0000        0     0     1925.3389 13437   272610.0000    Cuts: 2979  1532344   99.29%
CPX0000        0     0     1934.0831 13520   272610.0000    Cuts: 3130  1569275   99.29%
CPX0000        0     0     1943.9700 13447   272610.0000    Cuts: 2958  1609396   99.29%
CPX0000        0     0     1946.9400 13557   272610.0000    Cuts: 3034  1645966   99.29%
CPX0000        0     0     1956.9711 13287   272610.0000    Cuts: 2994  1709597   99.28%
CPX0000        0     0     1962.6931 13644   272610.0000    Cuts: 3301  1754943   99.28%
CPX0000        0     0     1973.0692 13751   272610.0000    Cuts: 3620  1800116   99.28%
CPX0000        0     0     1980.6660 13646   272610.0000    Cuts: 3500  1836962   99.27%
CPX0000        0     0     1985.9968 13250   272610.0000    Cuts: 3349  1875246   99.27%
CPX0000        0     0     1988.9311 13580   272610.0000    Cuts: 3166  1911817   99.27%
CPX0000        0     0     1993.1937 13500   272610.0000    Cuts: 3234  1952217   99.27%
CPX0000        0     0     1998.9571 13516   272610.0000    Cuts: 3240  2002121   99.27%
CPX0000        0     0     2005.9926 13423   272610.0000    Cuts: 3417  2038596   99.26%
CPX0000        0     0     2013.7302 13206   272610.0000    Cuts: 3439  2080292   99.26%
CPX0000        0     0     2019.3669 12913   272610.0000    Cuts: 3217  2137272   99.26%
CPX0000        0     0     2025.2416 13520   272610.0000    Cuts: 3447  2175199   99.26%
CPX0000        0     0     2029.5687 13337   272610.0000    Cuts: 3877  2218590   99.26%
CPX0000        0     0     2031.3509 13178   272610.0000    Cuts: 3610  2278942   99.25%
CPX0000        0     0     2037.0765 13102   272610.0000    Cuts: 3620  2322109   99.25%
CPX0000        0     0     2041.9812 13317   272610.0000    Cuts: 3698  2363464   99.25%
CPX0000        0     0     2048.4862 13256   272610.0000    Cuts: 3619  2410554   99.25%
CPX0000        0     0     2053.4686 13319   272610.0000    Cuts: 3596  2451055   99.25%
CPX0000        0     0     2056.8781 12952   272610.0000    Cuts: 3289  2494336   99.25%
CPX0000        0     0     2063.1453 13012   272610.0000    Cuts: 3669  2540710   99.24%
CPX0000        0     0     2067.9082 12622   272610.0000    Cuts: 3297  2605341   99.24%
CPX0000        0     0     2071.5018 13430   272610.0000    Cuts: 3723  2644864   99.24%
CPX0000        0     0     2075.0500 13251   272610.0000    Cuts: 3841  2685836   99.24%
CPX0000        0     0     2077.1109 13092   272610.0000    Cuts: 3913  2724263   99.24%
CPX0000        0     0     2079.1092 12736   272610.0000    Cuts: 3601  2768404   99.24%
CPX0000        0     0     2084.7608 13087   272610.0000    Cuts: 3690  2808683   99.24%
CPX0000        0     0     2089.9762 13112   272610.0000    Cuts: 3704  2850159   99.23%
CPX0000        0     0     2092.0351 13025   272610.0000    Cuts: 3387  2890355   99.23%
CPX0000        0     0     2094.8346 12695   272610.0000    Cuts: 3321  2932937   99.23%
CPX0000        0     0     2096.9380 12925   272610.0000    Cuts: 3459  2973694   99.23%
CPX0000        0     0     2097.3241 12845   272610.0000    Cuts: 4087  3018769   99.23%
CPX0000        0     0     2097.7456 12991   272610.0000    Cuts: 4093  3060142   99.23%
CPX0000        0     0     2098.0165 12151   272610.0000    Cuts: 1704  3096388   99.23%
CPX0000        0     0     2098.7196 12755   272610.0000    Cuts: 4107  3145770   99.23%
CPX0000  Heuristic still looking.
CPX0000  Heuristic still looking.
CPX0000  Heuristic still looking.
CPX0000  *     0+    0                        98380.0000     2098.7196  3145770   97.87%
CPX0000  *     0+    0                        83135.0000     2098.7196  3145770   97.48%
CPX0000  *     0+    0                        60495.0000     2098.7196  3145770   96.53%
[1m[30m[ZEN] [0m05:59:32 [1m[34m  60495.00[1m[32m   96.53%
[0mCPX0000        0     2     2098.7196 10363    60495.0000     2098.7196  3145770   96.53%
CPX0000  Elapsed time = 21572.54 sec. (6773585.02 ticks, tree = 0.00 MB
CPX0000        1     3     2099.6020 11203    60495.0000     2098.7196  3205860   96.53%
CPX0000        3     5     2101.2196 11766    60495.0000     2098.7196  3230704   96.53%
CPX0000        4     6     2099.6020 12089    60495.0000     2099.6020  3253410   96.53%
CPX0000        5     7     2099.6020 12007    60495.0000     2099.6020  3281963   96.53%
CPX0000        6     8     2101.4202 11978    60495.0000     2099.6020  3285899   96.53%
CPX0000        7     9     2099.6020 12052    60495.0000     2099.6020  3290914   96.53%
CPX0000        8    10     2105.8101 11965    60495.0000     2099.6020  3309174   96.53%
CPX0000        9    11     2105.0378 11934    60495.0000     2099.6020  3311790   96.53%
CPX0000       10    12     2112.5719 11908    60495.0000     2099.6020  3314177   96.53%
CPX0000       11    13     2105.0378 11931    60495.0000     2099.6020  3318566   96.53%
CPX0000  Elapsed time = 22627.92 sec. (7089785.29 ticks, tree = 0.29 MB
CPX0000       12    14     2105.0378 11957    60495.0000     2099.6020  3325017   96.53%
CPX0000       13    15     2105.0378 11878    60495.0000     2099.6020  3330752   96.53%
CPX0000       14    16     2105.0378 11950    60495.0000     2099.6020  3339195   96.53%
CPX0000       15    17     2105.5107 11989    60495.0000     2099.6020  3346738   96.53%
CPX0000       16    18     2105.0378 11797    60495.0000     2099.6020  3352422   96.53%
CPX0000       18    20     2106.8560 11771    60495.0000     2099.6020  3354306   96.53%
CPX0000       21    23     2105.0378 11547    60495.0000     2099.6020  3356558   96.53%
CPX0000       22    24     2105.0378 11550    60495.0000     2099.6020  3358434   96.53%
CPX0000       23    25     2109.2686 11382    60495.0000     2099.6020  3361008   96.53%
CPX0000       24    26     2105.0378 11551    60495.0000     2099.6020  3366371   96.53%
CPX0000  Elapsed time = 22699.01 sec. (7113500.73 ticks, tree = 0.61 MB
CPX0000       25    27     2105.5107 11555    60495.0000     2099.6020  3378806   96.53%
CPX0000       26    28     2105.0378 11551    60495.0000     2099.6020  3387875   96.53%
CPX0000       27    29     2105.0378 11572    60495.0000     2099.6020  3396316   96.53%
CPX0000       28    30     2105.5107 11558    60495.0000     2099.6020  3410220   96.53%
CPX0000       29    31     2108.9468 11481    60495.0000     2099.6020  3415989   96.53%
CPX0000       30    32     2105.5127 11442    60495.0000     2099.6020  3435545   96.53%
CPX0000       31    33     2105.5127 11408    60495.0000     2099.6020  3439297   96.53%
CPX0000       33    35     2105.5127 11314    60495.0000     2099.6020  3441986   96.53%
CPX0000       34    36     2105.5127 11340    60495.0000     2099.6020  3446651   96.53%
CPX0000       35    37     2105.5127 11789    60495.0000     2099.6020  3468658   96.53%
CPX0000  Elapsed time = 22881.85 sec. (7175145.86 ticks, tree = 0.92 MB
CPX0000       36    38     2105.5127 11063    60495.0000     2099.6020  3471997   96.53%
CPX0000       38    40     2109.7434 10708    60495.0000     2099.6020  3477075   96.53%
CPX0000       39    41     2105.5127 11082    60495.0000     2099.6020  3479133   96.53%
CPX0000       40    42     2105.5127 11076    60495.0000     2099.6020  3481176   96.53%
CPX0000       41    43     2105.5127 11136    60495.0000     2099.6020  3490232   96.53%
CPX0000       42    44     2113.3899 11016    60495.0000     2099.6020  3506097   96.53%
CPX0000       43    45     2105.5127 11136    60495.0000     2099.6020  3506100   96.53%
CPX0000       44    46     2105.5127 11107    60495.0000     2099.6020  3517375   96.53%
CPX0000       46    48     2105.9782 11069    60495.0000     2099.6020  3523021   96.53%
CPX0000       47    49     2106.0498 11088    60495.0000     2099.6020  3534035   96.53%
CPX0000  Elapsed time = 22983.60 sec. (7214310.81 ticks, tree = 2.30 MB
CPX0000       48    50     2113.9134 11090    60495.0000     2099.6020  3551526   96.53%
CPX0000       49    51     2106.0498 11138    60495.0000     2099.6020  3558889   96.53%
CPX0000       50    52     2109.2883 11157    60495.0000     2099.6020  3563590   96.53%
CPX0000       51    53     2106.0498 11114    60495.0000     2099.6020  3571447   96.53%
CPX0000       52    54     2106.0498 11165    60495.0000     2099.6020  3583051   96.53%
CPX0000       53    55     2109.2883 11212    60495.0000     2099.6020  3594920   96.53%
CPX0000       54    56     2106.0498 11136    60495.0000     2099.6020  3597928   96.53%
CPX0000       55    57     2106.0498 11189    60495.0000     2099.6020  3609726   96.53%
CPX0000       56    58     2106.0520 11126    60495.0000     2099.6020  3611851   96.53%
CPX0000       57    59     2107.9016 11037    60495.0000     2099.6020  3617574   96.53%
CPX0000  Elapsed time = 23063.67 sec. (7242796.83 ticks, tree = 2.57 MB
CPX0000       58    60     2109.2893 11252    60495.0000     2099.6020  3633000   96.53%
CPX0000       59    61     2107.9016 11102    60495.0000     2099.6020  3643221   96.53%
CPX0000       60    62     2107.9016 10994    60495.0000     2099.6020  3650421   96.53%
CPX0000       61    63     2107.9110 11017    60495.0000     2099.6020  3657161   96.53%
CPX0000       62    64     2109.1866 11075    60495.0000     2099.6020  3662972   96.53%
CPX0000       63    65     2107.9110 11060    60495.0000     2099.6020  3675039   96.53%
CPX0000       64    66     2107.9110 11033    60495.0000     2099.6020  3689026   96.53%
CPX0000       65    67     2114.8378 10938    60495.0000     2099.6020  3701452   96.53%
CPX0000       66    68     2116.5979 11092    60495.0000     2099.6020  3706178   96.53%
CPX0000       67    69     2114.8378 10984    60495.0000     2099.6020  3715569   96.53%
CPX0000  Elapsed time = 23145.34 sec. (7271074.18 ticks, tree = 2.83 MB
CPX0000       68    70     2114.9938 11029    60495.0000     2099.6020  3730543   96.53%
CPX0000       69    71     2114.8378 11118    60495.0000     2099.6020  3741397   96.53%
CPX0000       70    72     2115.3328 10956    60495.0000     2099.6020  3745319   96.53%
CPX0000       71    73     2114.8378 11046    60495.0000     2099.6020  3751116   96.53%
CPX0000       72    74     2114.8378 10918    60495.0000     2099.6020  3758874   96.53%
CPX0000       73    75     2114.9774 10940    60495.0000     2099.6020  3772907   96.53%
CPX0000       74    76     2119.3920 10967    60495.0000     2099.6020  3777038   96.53%
CPX0000       75    77     2114.9774 10865    60495.0000     2099.6020  3784175   96.53%
CPX0000       76    78     2114.9774 10887    60495.0000     2099.6020  3791259   96.53%
CPX0000       77    79     2115.2904 10854    60495.0000     2099.6020  3806454   96.53%
CPX0000  Elapsed time = 23841.59 sec. (7453065.77 ticks, tree = 3.13 MB
CPX0000       78    80     2114.9774 10943    60495.0000     2099.6020  3814809   96.53%
CPX0000       79    81     2114.9774 10941    60495.0000     2099.6020  3820713   96.53%
CPX0000       80    82     2114.9774 10943    60495.0000     2099.6020  3823796   96.53%
CPX0000       81    83     2114.9774 10981    60495.0000     2099.6020  3832592   96.53%
CPX0000       82    84     2114.9774 10985    60495.0000     2099.6020  3840744   96.53%
CPX0000       83    85     2115.0366 10867    60495.0000     2099.6020  3845714   96.53%
CPX0000       85    87     2115.0366 10810    60495.0000     2099.6020  3851373   96.53%
CPX0000       87    89     2119.2674 10727    60495.0000     2099.6020  3854554   96.53%
CPX0000       90    92     2119.2674 10463    60495.0000     2099.6020  3859295   96.53%
CPX0000       91    93     2129.2033 10614    60495.0000     2099.6020  3861513   96.53%
CPX0000  Elapsed time = 24134.85 sec. (7528488.35 ticks, tree = 3.48 MB
CPX0000       92    94     2119.2674 10525    60495.0000     2099.6020  3865307   96.53%
CPX0000       93    95     2119.2674 10551    60495.0000     2099.6020  3868962   96.53%
CPX0000       97    99     2119.2674 10492    60495.0000     2099.6020  3872275   96.53%
CPX0000       99   101     2119.2674 10558    60495.0000     2099.6020  3879781   96.53%
CPX0000      100   102     2119.3228 10671    60495.0000     2099.6020  3884059   96.53%
CPX0000      101   103     2125.7246 10656    60495.0000     2099.6020  3888237   96.53%
CPX0000      102   104     2119.3228 10644    60495.0000     2099.6020  3894333   96.53%
CPX0000      103   105     2119.3228 10665    60495.0000     2099.6020  3903996   96.53%
CPX0000      104   106     2119.3228 10615    60495.0000     2099.6020  3911132   96.53%
CPX0000      105   107     2119.3874 10578    60495.0000     2099.6020  3915810   96.53%
CPX0000  Elapsed time = 24186.50 sec. (7546176.34 ticks, tree = 3.88 MB
CPX0000      106   108     2119.3874 10582    60495.0000     2099.6020  3921403   96.53%
CPX0000      107   109     2119.3874 10667    60495.0000     2099.6020  3926357   96.53%
CPX0000      108   110     2119.3874 10627    60495.0000     2099.6020  3930528   96.53%
CPX0000      109   111     2119.3874 10612    60495.0000     2099.6020  3934615   96.53%
CPX0000      110   112     2119.3874 10650    60495.0000     2099.6020  3939067   96.53%
CPX0000      111   113     2119.7641 10501    60495.0000     2099.6020  3949823   96.53%
CPX0000      112   114     2119.3874 10652    60495.0000     2099.6020  3956219   96.53%
CPX0000      113   115     2119.3874 10648    60495.0000     2099.6020  3962788   96.53%
CPX0000      114   116     2119.3874 10642    60495.0000     2099.6020  3968703   96.53%
CPX0000      118   120     2127.8784 10636    60495.0000     2099.6020  3992178   96.53%
CPX0000  Elapsed time = 24612.72 sec. (7659804.61 ticks, tree = 4.23 MB
CPX0000      120   122     2121.7262 10779    60495.0000     2099.6020  4010342   96.53%
CPX0000      122   124     2120.3662 10656    60495.0000     2099.6020  4024891   96.53%
CPX0000      125   127     2119.9246 10711    60495.0000     2099.6020  4044771   96.53%
CPX0000      127   129     2126.6003 10463    60495.0000     2099.6020  4059344   96.53%
CPX0000      129   131     2121.6155 10680    60495.0000     2099.6020  4074664   96.53%
CPX0000      133   135     2121.6340 10611    60495.0000     2099.6020  4091712   96.53%
CPX0000      134   136     2125.6150 10629    60495.0000     2099.6020  4109870   96.53%
CPX0000      136   138     2123.6928 10637    60495.0000     2099.6020  4124600   96.53%
CPX0000      139   141     2123.8224 10672    60495.0000     2099.6020  4142509   96.53%
CPX0000      142   144     2123.8374 10567    60495.0000     2099.6020  4156003   96.53%
CPX0000  Elapsed time = 24997.87 sec. (7769963.21 ticks, tree = 4.86 MB
CPX0000      144   146     2125.0395 10596    60495.0000     2099.6020  4172573   96.53%
CPX0000      146   148     2126.0705 10594    60495.0000     2099.6020  4194633   96.53%
CPX0000      148   150     2126.0705 10630    60495.0000     2099.6020  4211542   96.53%
CPX0000      152   154     2128.6934 10565    60495.0000     2099.6020  4218341   96.53%
CPX0000      156   158     2128.1560 10510    60495.0000     2099.6020  4226433   96.53%
CPX0000      161   163     2128.9404 10259    60495.0000     2099.6020  4229530   96.53%
CPX0000      165   167     2131.9955 10381    60495.0000     2099.6020  4239380   96.53%
CPX0000      168   170     2130.9007 10355    60495.0000     2099.6020  4246445   96.53%
CPX0000      172   174     2135.4624 10420    60495.0000     2099.6020  4256595   96.53%
CPX0000      175   177     2135.4624 10346    60495.0000     2099.6020  4264362   96.53%
CPX0000  Elapsed time = 25137.80 sec. (7820218.45 ticks, tree = 5.79 MB
CPX0000      176   178     2135.4624 10300    60495.0000     2099.6020  4265421   96.53%
CPX0000      179   181     2137.1023 10287    60495.0000     2099.6020  4273640   96.53%
CPX0000      182   184     2137.2793 10320    60495.0000     2099.6020  4280633   96.53%
CPX0000      186   188     2137.2793 10268    60495.0000     2099.6020  4288238   96.53%
CPX0000      192   194     2153.7734 10126    60495.0000     2099.6020  4295153   96.53%
CPX0000      197   199     2160.6068  9900    60495.0000     2099.6020  4297727   96.53%
CPX0000      199   201     2160.6068  9900    60495.0000     2099.6020  4297997   96.53%
CPX0000      211   213     2169.6488  9715    60495.0000     2099.6020  4307150   96.53%
CPX0000      216   218     2178.3761  9689    60495.0000     2099.6020  4312527   96.53%
CPX0000      219   221     2185.8003  9486    60495.0000     2099.6020  4315289   96.53%
CPX0000  Elapsed time = 25270.39 sec. (7869518.37 ticks, tree = 10.27 MB
CPX0000      220   222     2198.3761  9523    60495.0000     2099.6020  4315739   96.53%
CPX0000      226   228     2189.8003  9476    60495.0000     2099.6020  4319733   96.53%
CPX0000      231   233     2192.5276  9334    60495.0000     2099.6020  4322344   96.53%
CPX0000      238   240     2194.1033  9253    60495.0000     2099.6020  4325286   96.53%
CPX0000      247   249     2231.5510  9395    60495.0000     2099.6020  4336022   96.53%
CPX0000      252   254     2204.1033  9120    60495.0000     2099.6020  4339251   96.53%
CPX0000      257   259     2205.7700  9086    60495.0000     2099.6020  4342411   96.53%
CPX0000      259   261     2207.0200  8995    60495.0000     2099.6020  4345778   96.53%
CPX0000      262   264     2254.1311  8990    60495.0000     2099.6020  4349093   96.53%
CPX0000      268   270     2212.3627  9008    60495.0000     2099.6020  4355215   96.53%
CPX0000  Elapsed time = 25434.72 sec. (7924245.08 ticks, tree = 11.69 MB
CPX0000      273   275     2212.3627  9048    60495.0000     2099.6020  4364257   96.53%
CPX0000      278   280     2220.7031  9211    60495.0000     2099.6020  4376099   96.53%
CPX0000      283   285     2219.9895  9007    60495.0000     2099.6020  4384351   96.53%
CPX0000      286   288     2219.9895  8985    60495.0000     2099.6020  4392155   96.53%
CPX0000      290   292     2220.0491  8964    60495.0000     2099.6020  4400708   96.53%
CPX0000      295   297     2220.6099  9128    60495.0000     2099.6020  4410290   96.53%
CPX0000      298   300     2222.7197  8906    60495.0000     2099.6020  4418674   96.53%
CPX0000      308   310     2222.7197  8925    60495.0000     2099.6020  4427889   96.53%
CPX0000      311   313     2230.5367  9010    60495.0000     2099.6020  4435642   96.53%
CPX0000      317   319     2225.8852  8891    60495.0000     2099.6020  4440163   96.53%
CPX0000  Elapsed time = 25562.72 sec. (7975230.10 ticks, tree = 15.38 MB
CPX0000      325   327     2225.8852  8855    60495.0000     2099.6020  4443955   96.53%
CPX0000      327   329     2239.2185  8766    60495.0000     2099.6020  4446937   96.53%
CPX0000      332   334     2267.0011  8719    60495.0000     2099.6020  4454391   96.53%
CPX0000      335   337     2271.9392  8771    60495.0000     2099.6020  4457767   96.53%
CPX0000      346   348     2272.5918  8859    60495.0000     2099.6020  4465896   96.53%
CPX0000      355   357     2275.7858  8840    60495.0000     2099.6020  4473920   96.53%
CPX0000      368   370     2289.0533  8796    60495.0000     2099.6020  4482673   96.53%
CPX0000      380   382     2301.1651  8718    60495.0000     2099.6020  4490746   96.53%
CPX0000      387   389     2301.2402  8693    60495.0000     2099.6020  4496142   96.53%
CPX0000      395   397     2301.5033  8826    60495.0000     2099.6020  4503278   96.53%
CPX0000  Elapsed time = 25670.74 sec. (8017052.81 ticks, tree = 17.83 MB
CPX0000      406   408     2301.4367  8660    60495.0000     2099.6020  4510532   96.53%
CPX0000      409   411     2301.4367  8543    60495.0000     2099.6020  4514115   96.53%
CPX0000      423   425     2318.8722  8456    60495.0000     2099.6020  4523572   96.53%
CPX0000      436   438     2337.7847  8487    60495.0000     2099.6020  4530658   96.53%
CPX0000      448   450     2344.1024  8515    60495.0000     2099.6020  4540436   96.53%
CPX0000      455   457     2346.9097  8421    60495.0000     2099.6020  4549220   96.53%
CPX0000      464   466     2378.1439  8440    60495.0000     2099.6020  4555122   96.53%
CPX0000      469   471     2350.7836  8453    60495.0000     2099.6020  4559472   96.53%
CPX0000      475   477     2363.7882  8340    60495.0000     2099.6020  4564055   96.53%
CPX0000      480   482     2374.6216  8310    60495.0000     2099.6020  4566416   96.53%
CPX0000  Elapsed time = 26273.51 sec. (8177184.33 ticks, tree = 20.55 MB
CPX0000      484   486     2388.3716  8185    60495.0000     2099.6020  4570245   96.53%
CPX0000  *   486+  324                        60450.0000     2133.8501  4783308   96.47%
CPX0000  *   486+  216                        53880.0000     2275.6076  7628165   95.78%
CPX0000  *   486+  144                        53450.0000     2275.6076  7628165   95.74%
CPX0000  *   486+   96                        46850.0000     2275.6076  7628165   95.14%
[1m[30m[ZEN] [0m16:21:59 [1m[34m  46850.00[1m[32m   95.14%
[0mCPX0000      486    97     2275.6076 10518    46850.0000     2280.6076  7628165   95.13%
CPX0000      487    98     2284.3576 10337    46850.0000     2280.6076  7734805   95.13%
CPX0000      488    99     2280.6076 10371    46850.0000     2285.6076  7766535   95.12%
CPX0000      489    99     2285.6076 10460    46850.0000     2285.6076  7798357   95.12%
CPX0000      490   100     2285.6076 10131    46850.0000     2285.6076  7808740   95.12%
CPX0000      491   100     2291.6076 10571    46850.0000     2285.6076  7850807   95.12%
CPX0000      492   101     2293.1944  9968    46850.0000     2285.6076  7868037   95.12%
CPX0000      494   102     2307.4816  9868    46850.0000     2285.6076  7870917   95.12%
CPX0000      496   103     2312.8744  9542    46850.0000     2285.6076  7876984   95.12%
CPX0000  Elapsed time = 61588.83 sec. (18515077.06 ticks, tree = 4.12 MB
CPX0000      498   103     2317.0411  9449    46850.0000     2285.6076  7883905   95.12%
CPX0000      500   104     2322.9883  9499    46850.0000     2285.6076  7902475   95.12%
CPX0000      501   104     2332.2307  9549    46850.0000     2285.6076  7910821   95.12%
CPX0000      502   105     2324.6550  8828    46850.0000     2285.6076  7920571   95.12%
CPX0000      503   105     2329.0994  9097    46850.0000     2285.6076  7929143   95.12%
CPX0000      504   106     2336.3216  9045    46850.0000     2285.6076  7935102   95.12%
CPX0000      506   108     2346.9209  8994    46850.0000     2285.6076  7938379   95.12%
CPX0000      508   108     2350.8028  8952    46850.0000     2285.6076  7948326   95.12%
CPX0000      510   110     2351.8473  8847    46850.0000     2285.6076  7956777   95.12%
CPX0000      511   111     2355.0120  8887    46850.0000     2285.6076  7986697   95.12%
CPX0000  Elapsed time = 61816.67 sec. (18589695.10 ticks, tree = 4.23 MB
CPX0000      512   112     2352.8944  8724    46850.0000     2285.6076  8001313   95.12%
CPX0000      514   113     2353.7696  8906    46850.0000     2285.6076  8018560   95.12%
CPX0000      517   114     2360.1622  8836    46850.0000     2285.6076  8035224   95.12%
CPX0000      518   115     2362.2482  8723    46850.0000     2285.6076  8073601   95.12%
CPX0000      519   115     2377.6161  8865    46850.0000     2285.6076  8100505   95.12%
CPX0000      520   116     2362.5100  8763    46850.0000     2285.6076  8107271   95.12%
CPX0000      521   116     2363.0656  8785    46850.0000     2285.6076  8113435   95.12%
CPX0000      523   117     2370.7044  8756    46850.0000     2285.6076  8116589   95.12%
CPX0000      525   119     2363.7767  8572    46850.0000     2285.6076  8123144   95.12%
CPX0000      526   119     2363.9856  8604    46850.0000     2285.6076  8131260   95.12%
CPX0000  Elapsed time = 62254.08 sec. (18718187.55 ticks, tree = 4.36 MB
CPX0000      528   120     2368.7767  8669    46850.0000     2285.6076  8140134   95.12%
CPX0000      529   121     2370.5793  8807    46850.0000     2285.6076  8161037   95.12%
CPX0000      530   122     2377.9602  8671    46850.0000     2285.6076  8163787   95.12%
CPX0000      532   124     2382.2459  9863    46850.0000     2285.6076  8195393   95.12%
CPX0000      533   125     2382.2459  8748    46850.0000     2285.6076  8201437   95.12%
CPX0000      539   129     2402.2459  8685    46850.0000     2285.6076  8203605   95.12%
CPX0000      542   127     2497.2459  8597    46850.0000     2285.6076  8205637   95.12%
CPX0000      544   127     2507.2459  8596    46850.0000     2285.6076  8208794   95.12%
CPX0000      546   129     2512.0235  8553    46850.0000     2285.6076  8225395   95.12%
CPX0000      547   129     2508.8648  8550    46850.0000     2285.6076  8239904   95.12%
CPX0000  Elapsed time = 63057.25 sec. (18941497.12 ticks, tree = 4.50 MB
CPX0000      549   130     2524.5798  8480    46850.0000     2285.6076  8257140   95.12%
CPX0000      550   131     2531.7729  8478    46850.0000     2285.6076  8264107   95.12%
CPX0000      551   132     2527.3053  8443    46850.0000     2285.6076  8297082   95.12%
CPX0000      552   133     2539.1603  8529    46850.0000     2285.6076  8320718   95.12%
CPX0000      553   133     2527.9702  8402    46850.0000     2285.6076  8329175   95.12%
CPX0000      554   133     2543.4309  8734    46850.0000     2285.6076  8365447   95.12%
CPX0000      556   134     2528.5661  8382    46850.0000     2285.6076  8372829   95.12%
CPX0000      558   135     2528.4047  8439    46850.0000     2285.6076  8380711   95.12%
CPX0000      559   136     2528.8155  8497    46850.0000     2285.6076  8397664   95.12%
CPX0000      560   137     2530.3686  8655    46850.0000     2285.6076  8423520   95.12%
CPX0000  Elapsed time = 63795.07 sec. (19140457.67 ticks, tree = 4.65 MB
CPX0000      562   137     2529.2523  8527    46850.0000     2285.6076  8437793   95.12%
CPX0000      565   138     2531.9194  8351    46850.0000     2285.6076  8453431   95.12%
CPX0000      566   139     2529.3828  8553    46850.0000     2285.6076  8475809   95.12%
CPX0000      568   141     2529.3906  8529    46850.0000     2285.6076  8488198   95.12%
CPX0000      570   142     2529.4318  8684    46850.0000     2285.6076  8508924   95.12%
CPX0000      572   143     2529.4439  8567    46850.0000     2285.6076  8524562   95.12%
CPX0000      573   144     2541.4304  8655    46850.0000     2285.6076  8543476   95.12%
CPX0000      575   146     2529.4439  8459    46850.0000     2285.6076  8575191   95.12%
CPX0000      576   147     2529.4439  8658    46850.0000     2285.6076  8580376   95.12%
CPX0000      581   150     2534.4002  8394    46850.0000     2285.6076  8586571   95.12%
CPX0000  Elapsed time = 64137.33 sec. (19244232.84 ticks, tree = 4.87 MB
CPX0000      584   152     2545.7018  8383    46850.0000     2285.6076  8597825   95.12%
CPX0000      585   152     2535.1475  8494    46850.0000     2285.6076  8603808   95.12%
CPX0000      586   153     2535.7474  8581    46850.0000     2285.6076  8609551   95.12%
CPX0000      587   154     2561.2147  8530    46850.0000     2285.6076  8617566   95.12%
CPX0000      590   157     2543.9389  8572    46850.0000     2285.6076  8632166   95.12%
CPX0000      592   157     2539.0648  8518    46850.0000     2285.6076  8642411   95.12%
CPX0000      594   157     2544.2567  8559    46850.0000     2285.6076  8667312   95.12%
CPX0000      595   157     2544.2567  8598    46850.0000     2285.6076  8677679   95.12%
CPX0000      597   159     2544.5585  8654    46850.0000     2285.6076  8691125   95.12%
CPX0000      599   160     2544.2567  8686    46850.0000     2285.6076  8707799   95.12%
CPX0000  Elapsed time = 64370.16 sec. (19314718.62 ticks, tree = 5.04 MB
CPX0000      600   161     2544.2567  8560    46850.0000     2285.6076  8714531   95.12%
CPX0000      604   164     2547.5859  8369    46850.0000     2285.6076  8722108   95.12%
CPX0000      606   165     2577.1728  8387    46850.0000     2285.6076  8730217   95.12%
CPX0000      609   167     2621.3474  8426    46850.0000     2285.6076  8736330   95.12%
CPX0000      613   170     2623.0902  8542    46850.0000     2285.6076  8747442   95.12%
CPX0000      616   172     2624.8906  8197    46850.0000     2285.6076  8756536   95.12%
CPX0000      618   173     2626.5676  8309    46850.0000     2285.6076  8764289   95.12%
CPX0000      621   174     2632.9607  8259    46850.0000     2285.6076  8770903   95.12%
CPX0000      624   177     2626.9757  8139    46850.0000     2285.6076  8777605   95.12%
CPX0000      626   178     2626.9898  8236    46850.0000     2285.6076  8780624   95.12%
CPX0000  Elapsed time = 64667.84 sec. (19409865.56 ticks, tree = 5.42 MB
CPX0000      628   179     2626.9898  8227    46850.0000     2285.6076  8787803   95.12%
CPX0000      632   182     2627.1689  8103    46850.0000     2285.6076  8792295   95.12%
CPX0000      634   182     2642.4870  8378    46850.0000     2285.6076  8804537   95.12%
CPX0000      638   184     2643.9590  8390    46850.0000     2285.6076  8813115   95.12%
CPX0000      640   184     2654.8180  8357    46850.0000     2285.6076  8820641   95.12%
CPX0000      642   184     2645.9331  8362    46850.0000     2285.6076  8826597   95.12%
CPX0000      646   187     2644.1924  8256    46850.0000     2285.6076  8833111   95.12%
CPX0000      650   189     2644.2104  8250    46850.0000     2285.6076  8840143   95.12%
CPX0000      652   191     2649.5968  8178    46850.0000     2285.6076  8846295   95.12%
CPX0000      654   191     2653.3975  8241    46850.0000     2285.6076  8852945   95.12%
CPX0000  Elapsed time = 65189.03 sec. (19549929.34 ticks, tree = 5.62 MB
CPX0000      656   193     2655.9795  8260    46850.0000     2285.6076  8863868   95.12%
CPX0000      657   194     2655.9795  8264    46850.0000     2285.6076  8864036   95.12%
CPX0000      659   194     2658.8680  8113    46850.0000     2285.6076  8872879   95.12%
CPX0000      661   194     2659.3286  8194    46850.0000     2285.6076  8882471   95.12%
CPX0000      663   195     2659.2908  8204    46850.0000     2285.6076  8893257   95.12%
CPX0000      665   196     2662.9910  8122    46850.0000     2285.6076  8899699   95.12%
CPX0000      666   197     2673.9226  8170    46850.0000     2285.6076  8915530   95.12%
CPX0000      668   198     2721.9377  8040    46850.0000     2285.6076  8923877   95.12%
CPX0000      671   195     2295.8115 11103    46850.0000     2285.6076  8965776   95.12%
CPX0000      673   197     2298.0550 10650    46850.0000     2285.6076  8974957   95.12%
CPX0000  Elapsed time = 66575.36 sec. (19945512.09 ticks, tree = 5.67 MB
CPX0000      675   198     2306.3883 10407    46850.0000     2285.6076  8978464   95.12%
CPX0000      676   198     2302.4194 10056    46850.0000     2285.6076  8981550   95.12%
CPX0000      677   199     2306.1713  9957    46850.0000     2285.6076  8984506   95.12%
CPX0000      679   200     2308.9910  9585    46850.0000     2285.6076  8988390   95.12%
CPX0000      681   201     2318.4643  9189    46850.0000     2285.6076  8993035   95.12%
CPX0000      683   202     2317.9668  9346    46850.0000     2285.6076  9004795   95.12%
CPX0000      684   203     2325.0965  9525    46850.0000     2285.6076  9089255   95.12%
CPX0000      686   203     2328.4298  9308    46850.0000     2285.6076  9092489   95.12%
CPX0000      688   205     2330.9735  9491    46850.0000     2285.6076  9094727   95.12%
CPX0000      692   207     2336.1402  9422    46850.0000     2285.6076  9097886   95.12%
CPX0000  Elapsed time = 66872.33 sec. (20034030.01 ticks, tree = 5.79 MB
CPX0000      694   209     2337.0493  9192    46850.0000     2285.6076  9100561   95.12%
CPX0000      696   209     2343.0848  9126    46850.0000     2285.6076  9106824   95.12%
CPX0000      697   210     2340.6939  9103    46850.0000     2285.6076  9113009   95.12%
CPX0000      699   212     2346.6939  8848    46850.0000     2285.6076  9116634   95.12%
CPX0000      700   213     2350.1939  8957    46850.0000     2285.6076  9122279   95.12%
CPX0000      701   214     2349.6939  8807    46850.0000     2285.6076  9127024   95.12%
CPX0000      702   215     2352.3026  8873    46850.0000     2285.6076  9131796   95.12%
CPX0000      703   215     2352.7215  8893    46850.0000     2285.6076  9139348   95.12%
CPX0000      704   216     2364.8224  8916    46850.0000     2285.6076  9151272   95.12%
CPX0000      706   217     2355.2586  8750    46850.0000     2285.6076  9162477   95.12%
CPX0000  Elapsed time = 67102.56 sec. (20090830.43 ticks, tree = 6.00 MB
CPX0000      708   219     2370.2586  8771    46850.0000     2285.6076  9166638   95.12%
CPX0000      709   220     2366.6459  8731    46850.0000     2285.6076  9174473   95.12%
CPX0000      710   220     2367.0901  8753    46850.0000     2285.6076  9189024   95.12%
CPX0000      711   221     2373.4602  8859    46850.0000     2285.6076  9213646   95.12%
CPX0000      712   222     2371.7824  8855    46850.0000     2285.6076  9227750   95.12%
CPX0000      713   223     2373.0071  8860    46850.0000     2285.6076  9228093   95.12%
CPX0000      715   225     2373.0071  8873    46850.0000     2285.6076  9234049   95.12%
CPX0000      716   226     2378.0071  8979    46850.0000     2285.6076  9240251   95.12%
CPX0000      718   228     2380.2097  8814    46850.0000     2285.6076  9250725   95.12%
CPX0000      720   230     2381.5229  8699    46850.0000     2285.6076  9260718   95.12%
CPX0000  Elapsed time = 67388.05 sec. (20158290.85 ticks, tree = 7.43 MB
CPX0000      722   232     2391.6197  8733    46850.0000     2285.6076  9269987   95.12%
CPX0000      723   233     2391.2746  8803    46850.0000     2285.6076  9281603   95.12%
CPX0000      724   234     2396.2277  8808    46850.0000     2285.6076  9293704   95.12%
CPX0000      726   236     2396.5522  8822    46850.0000     2285.6076  9301487   95.12%
CPX0000      728   238     2402.8275  8702    46850.0000     2285.6076  9304981   95.12%
CPX0000      730   240     2405.5697  8527    46850.0000     2285.6076  9311527   95.12%
CPX0000      733   243     2409.5934  8783    46850.0000     2285.6076  9317616   95.12%
CPX0000      735   245     2416.3702  8651    46850.0000     2285.6076  9323571   95.12%
CPX0000      737   247     2418.2905  8654    46850.0000     2285.6076  9330834   95.12%
CPX0000      740   250     2418.3740  8519    46850.0000     2285.6076  9340137   95.12%
CPX0000  Elapsed time = 67631.72 sec. (20213965.86 ticks, tree = 8.01 MB
CPX0000      742   252     2418.6593  8538    46850.0000     2285.6076  9345209   95.12%
CPX0000      744   254     2423.3294  8505    46850.0000     2285.6076  9353611   95.12%
CPX0000      749   259     2428.8784  8656    46850.0000     2285.6076  9367565   95.12%
CPX0000      750   260     2428.0347  8483    46850.0000     2285.6076  9374503   95.12%
CPX0000      753   263     2429.1110  8444    46850.0000     2285.6076  9388075   95.12%
CPX0000      755   265     2428.5125  8522    46850.0000     2285.6076  9396493   95.12%
CPX0000      759   269     2468.1970  8265    46850.0000     2285.6076  9399910   95.12%
CPX0000      762   272     2479.1940  8426    46850.0000     2285.6076  9424301   95.12%
CPX0000      763   273     2458.9351  8438    46850.0000     2285.6076  9430544   95.12%
CPX0000      766   276     2459.0477  8488    46850.0000     2285.6076  9437987   95.12%
CPX0000  Elapsed time = 68526.34 sec. (20394909.99 ticks, tree = 10.97 MB
CPX0000      769   279     2469.1298  8507    46850.0000     2285.6076  9442434   95.12%
CPX0000      772   282     2474.0161  8557    46850.0000     2285.6076  9446690   95.12%
CPX0000      777   287     2491.1594  8533    46850.0000     2285.6076  9459106   95.12%
CPX0000      780   290     2473.5454  8548    46850.0000     2285.6076  9476283   95.12%
CPX0000      785   295     2481.9464  8544    46850.0000     2285.6076  9481786   95.12%
CPX0000      789   299     2486.5239  8537    46850.0000     2285.6076  9491492   95.12%
CPX0000      790   300     2489.0081  9971    46850.0000     2285.6076  9525194   95.12%
CPX0000      793   303     2486.7146  8531    46850.0000     2285.6076  9531040   95.12%
CPX0000      795   305     2487.3243  8483    46850.0000     2285.6076  9537175   95.12%
CPX0000      797   307     2486.9796  8368    46850.0000     2285.6076  9543761   95.12%
CPX0000  Elapsed time = 69096.99 sec. (20519392.96 ticks, tree = 11.83 MB
CPX0000      802   312     2508.0517  8272    46850.0000     2285.6076  9550492   95.12%
CPX0000      805   315     2514.6723  8374    46850.0000     2285.6076  9562192   95.12%
CPX0000      806   316     2511.0266  8461    46850.0000     2285.6076  9567723   95.12%
CPX0000      807   317     2510.9102  8397    46850.0000     2285.6076  9579537   95.12%
CPX0000      810   320     2511.7108  8351    46850.0000     2285.6076  9588265   95.12%
CPX0000      813   323     2512.6510  8359    46850.0000     2285.6076  9596168   95.12%
CPX0000      815   325     2513.0414  8263    46850.0000     2285.6076  9603561   95.12%
CPX0000      835   325     2530.6443  8284    46850.0000     2285.6076  9606022   95.12%
CPX0000      843   325     2567.0079  8253    46850.0000     2285.6076  9607178   95.12%
CPX0000      847   327     2606.3144  8320    46850.0000     2285.6076  9615643   95.12%
CPX0000  Elapsed time = 69619.30 sec. (20634076.72 ticks, tree = 12.44 MB
CPX0000      849   329     2602.0175  8332    46850.0000     2285.6076  9622619   95.12%
CPX0000      850   330     2604.0138  8236    46850.0000     2285.6076  9634103   95.12%
CPX0000      851   331     2626.5735  8425    46850.0000     2285.6076  9643306   95.12%
CPX0000      853   333     2643.1637  8261    46850.0000     2285.6076  9651118   95.12%
CPX0000      857   337     2646.0525  8336    46850.0000     2285.6076  9660531   95.12%
CPX0000      859   339     2646.0525  8346    46850.0000     2285.6076  9667221   95.12%
CPX0000      862   342     2653.1191  8321    46850.0000     2285.6076  9673601   95.12%
CPX0000      866   346     2662.0715  8397    46850.0000     2285.6076  9681731   95.12%
CPX0000      870   350     2647.3949  8379    46850.0000     2285.6076  9687609   95.12%
CPX0000      873   353     2681.5757  8374    46850.0000     2285.6076  9695246   95.12%
CPX0000  Elapsed time = 70427.34 sec. (20786471.86 ticks, tree = 13.20 MB
CPX0000      875   355     2698.2026  8386    46850.0000     2285.6076  9701006   95.12%
CPX0000      877   357     2677.4230  8126    46850.0000     2285.6076  9712502   95.12%
CPX0000      880   360     2678.1878  8146    46850.0000     2285.6076  9721466   95.12%
CPX0000      884   364     2681.2825  8231    46850.0000     2285.6076  9734795   95.12%
CPX0000      887   367     2682.6746  8169    46850.0000     2285.6076  9743317   95.12%
CPX0000      889   369     2788.6787  8299    46850.0000     2285.6076  9751855   95.12%
CPX0000      895   375     2746.6616  8148    46850.0000     2285.6076  9759121   95.12%
CPX0000      898   378     2794.8631  8234    46850.0000     2285.6076  9768031   95.12%
CPX0000      901   381     2746.9696  8286    46850.0000     2285.6076  9774969   95.12%
CPX0000      904   384     2780.4459  8188    46850.0000     2285.6076  9781626   95.12%
CPX0000  Elapsed time = 70690.69 sec. (20844847.00 ticks, tree = 14.09 MB
CPX0000      907   387     2765.5894  8239    46850.0000     2285.6076  9789965   95.12%
CPX0000      910   390     2787.0476  8267    46850.0000     2285.6076  9797628   95.12%
CPX0000      912   392     2766.8960  8245    46850.0000     2285.6076  9802944   95.12%
CPX0000      914   394     2766.9281  8237    46850.0000     2285.6076  9805575   95.12%
CPX0000      916   396     2767.0441  8195    46850.0000     2285.6076  9812629   95.12%
CPX0000      919   399     2782.6832  8270    46850.0000     2285.6076  9825098   95.12%
CPX0000      923   403     2767.6029  8217    46850.0000     2285.6076  9828648   95.12%
CPX0000      927   407     2767.6029  8232    46850.0000     2285.6076  9831658   95.12%
CPX0000      929   409     2774.2696  8029    46850.0000     2285.6076  9834213   95.12%
CPX0000      931   411     2774.2696  7970    46850.0000     2285.6076  9838202   95.12%
CPX0000  Elapsed time = 70892.74 sec. (20897987.72 ticks, tree = 14.92 MB
CPX0000      938   418     2781.6587  8038    46850.0000     2285.6076  9843529   95.12%
CPX0000      940   418    infeasible          46850.0000     2285.6076  9853704   95.12%
CPX0000      941   417    infeasible          46850.0000     2285.6076  9862983   95.12%
CPX0000      942   416    infeasible          46850.0000     2285.6076  9866990   95.12%
CPX0000      943   417     2295.6672  9242    46850.0000     2289.3576  9901214   95.11%
CPX0000      944   418     2289.5958  9381    46850.0000     2289.3576  9921004   95.11%
CPX0000      945   419     2290.1726  9311    46850.0000     2289.3576  9932970   95.11%
CPX0000      946   420     2293.3954  9218    46850.0000     2289.3576  9935619   95.11%
CPX0000      949   423     2300.0060  8880    46850.0000     2289.3576  9940302   95.11%
CPX0000      951   425     2309.4948  8868    46850.0000     2289.3576  9946331   95.11%
CPX0000  Elapsed time = 72799.92 sec. (21460836.47 ticks, tree = 15.32 MB
CPX0000      954   428     2317.5393  8824    46850.0000     2289.3576  9950101   95.11%
CPX0000      955   429     2324.5326  8683    46850.0000     2289.3576  9958852   95.11%
CPX0000      956   430     2328.7390  8828    46850.0000     2289.3576  9967901   95.11%
CPX0000      958   432     2339.0318  8623    46850.0000     2289.3576  9971181   95.11%
CPX0000      960   434     2341.2439  8600    46850.0000     2289.3576  9977078   95.11%
CPX0000      962   436     2351.0373  8596    46850.0000     2289.3576  9985927   95.11%
CPX0000      965   439     2360.5145  8456    46850.0000     2289.3576  9992336   95.11%
CPX0000      968   442     2379.5682  8495    46850.0000     2289.3576  9998829   95.11%
CPX0000      970   444     2385.5292  8487    46850.0000     2289.3576 10005548   95.11%
CPX0000      974   448     2410.8808  8487    46850.0000     2289.3576 10007871   95.11%
CPX0000  Elapsed time = 72962.54 sec. (21513311.34 ticks, tree = 15.94 MB
CPX0000      978   452     2458.6199 10136    46850.0000     2289.3576 10040071   95.11%
CPX0000      980   454     2465.4381 10098    46850.0000     2289.3576 10042585   95.11%
CPX0000      982   456     2467.9115  9803    46850.0000     2289.3576 10046684   95.11%
CPX0000      984   458     2470.1697  9909    46850.0000     2289.3576 10054499   95.11%
CPX0000      987   461     2482.6511  9528    46850.0000     2289.3576 10062116   95.11%
CPX0000      993   467     2484.1623  9775    46850.0000     2289.3576 10066823   95.11%
CPX0000      995   469     2487.8903  9526    46850.0000     2289.3576 10069874   95.11%
CPX0000      997   471     2488.2565  9313    46850.0000     2289.3576 10076736   95.11%
CPX0000     1001   475     2490.3740  9444    46850.0000     2289.3576 10085202   95.11%
CPX0000     1005   479     2496.8566  9377    46850.0000     2289.3576 10093455   95.11%
CPX0000  Elapsed time = 73336.31 sec. (21620285.68 ticks, tree = 16.81 MB
CPX0000     1012   486     2564.2548  9367    46850.0000     2289.3576 10097105   95.11%
CPX0000     1020   494     2566.8235  9184    46850.0000     2289.3576 10103336   95.11%
CPX0000     1025   499     2604.0582  9070    46850.0000     2289.3576 10107210   95.11%
CPX0000     1029   503     2607.2224  8915    46850.0000     2289.3576 10112599   95.11%
CPX0000     1034   508     2607.5566  9031    46850.0000     2289.3576 10119472   95.11%
CPX0000     1040   514     2624.7032  8942    46850.0000     2289.3576 10127813   95.11%
CPX0000     1043   517     2624.7883  8994    46850.0000     2289.3576 10132272   95.11%
CPX0000     1049   523     2653.1626  8900    46850.0000     2289.3576 10137176   95.11%
CPX0000     1053   527     2653.3224  8899    46850.0000     2289.3576 10143468   95.11%
CPX0000     1056   530     2653.4564  8904    46850.0000     2289.3576 10146346   95.11%
CPX0000  Elapsed time = 73484.56 sec. (21676607.15 ticks, tree = 22.73 MB
CPX0000     1060   534     2683.2168  8861    46850.0000     2289.3576 10154045   95.11%
CPX0000     1066   540     2686.2270  8990    46850.0000     2289.3576 10161962   95.11%
CPX0000     1067   541     2723.1967  9964    46850.0000     2289.3576 10187070   95.11%
CPX0000     1069   543     2725.2847 10370    46850.0000     2289.3576 10193232   95.11%
CPX0000     1078   550     2725.9773 10308    46850.0000     2289.3576 10200060   95.11%
CPX0000     1084   556     2727.4340 10191    46850.0000     2289.3576 10206211   95.11%
CPX0000  *  1086+  556                        46820.0000     2289.3576 10208827   95.11%
CPX0000     1086   558     2738.9337 10221    46820.0000     2289.3576 10208827   95.11%
[1m[30m[ZEN] [0m20:30:21 [1m[34m  46820.00[1m[32m   95.11%
[0mCPX0000     1088   560     2289.5958  9473    46820.0000     2289.5965 10235874   95.11%
CPX0000     1089   561     2290.1726  9427    46820.0000     2289.5965 10239183   95.11%
CPX0000     1090   562     2293.3954  9292    46820.0000     2289.5965 10241912   95.11%
CPX0000  Elapsed time = 74819.44 sec. (22096545.30 ticks, tree = 27.00 MB
CPX0000     1092   564     2299.3973  8972    46820.0000     2289.5965 10244726   95.11%
CPX0000     1094   566     2300.3394  8903    46820.0000     2289.5965 10248937   95.11%
CPX0000     1096   568     2304.3526  8895    46820.0000     2289.5965 10256739   95.11%
CPX0000     1098   570     2318.6887  8962    46820.0000     2289.5965 10264507   95.11%
CPX0000     1101   573     2320.1135  8927    46820.0000     2289.5965 10268178   95.11%
CPX0000     1103   575     2327.9735  8854    46820.0000     2289.5965 10271663   95.11%
CPX0000     1105   577     2334.2263  8932    46820.0000     2289.5965 10277016   95.11%
CPX0000     1107   579     2348.7307  9041    46820.0000     2289.5965 10281949   95.11%
CPX0000     1110   582     2380.1593  8967    46820.0000     2289.5965 10284533   95.11%
CPX0000     1112   584     2382.5196  8871    46820.0000     2289.5965 10291810   95.11%
CPX0000  Elapsed time = 74974.30 sec. (22148479.04 ticks, tree = 27.59 MB
CPX0000     1114   586     2391.1241  8916    46820.0000     2289.5965 10296551   95.11%
CPX0000     1116   588     2396.1241  8849    46820.0000     2289.5965 10300667   95.11%
CPX0000     1119   591     2404.6459  8747    46820.0000     2289.5965 10308110   95.11%
CPX0000     1120   592     2406.3126  8655    46820.0000     2289.5965 10311844   95.11%
CPX0000     1121   593     2409.6459  8603    46820.0000     2289.5965 10315932   95.11%
CPX0000     1123   595     2413.2506  8547    46820.0000     2289.5965 10321297   95.11%
CPX0000     1124   596     2423.9737  8912    46820.0000     2289.5965 10331939   95.11%
CPX0000     1128   600     2427.5162  8739    46820.0000     2289.5965 10335764   95.11%
CPX0000     1132   604     2433.3213  8655    46820.0000     2289.5965 10341005   95.11%
CPX0000     1138   610     2453.3911  8665    46820.0000     2289.5965 10349871   95.11%
CPX0000  Elapsed time = 75156.48 sec. (22204589.86 ticks, tree = 28.30 MB
CPX0000     1142   614     2465.6254  8620    46820.0000     2289.5965 10354000   95.11%
CPX0000     1146   618     2500.4609  8505    46820.0000     2289.5965 10358927   95.11%
CPX0000     1148   620     2500.9790  8503    46820.0000     2289.5965 10366785   95.11%
CPX0000     1151   623     2502.8101  8509    46820.0000     2289.5965 10372656   95.11%
CPX0000     1159   631     2519.3615  8580    46820.0000     2289.5965 10378359   95.11%
CPX0000     1163   635     2520.1064  8464    46820.0000     2289.5965 10384980   95.11%
CPX0000     1167   639     2523.7658  8550    46820.0000     2289.5965 10396393   95.11%
CPX0000     1172   644     2536.9176  8453    46820.0000     2289.5965 10404656   95.11%
CPX0000     1177   649     2541.2420  8412    46820.0000     2289.5965 10410596   95.11%
CPX0000     1179   651     2542.1610  8458    46820.0000     2289.5965 10413478   95.11%
CPX0000  Elapsed time = 75320.34 sec. (22261707.78 ticks, tree = 30.58 MB
CPX0000     1183   655     2545.3122  8631    46820.0000     2289.5965 10419799   95.11%
CPX0000     1185   657     2546.0762  8577    46820.0000     2289.5965 10421959   95.11%
CPX0000     1188   660     2566.9096  8601    46820.0000     2289.5965 10425337   95.11%
CPX0000     1192   664     2587.1852  8480    46820.0000     2289.5965 10430099   95.11%
CPX0000     1194   666     2587.2279  8444    46820.0000     2289.5965 10435168   95.11%
CPX0000     1195   667     2619.8496 10128    46820.0000     2289.5965 10469883   95.11%
CPX0000     1197   667     2624.9622  9893    46820.0000     2289.5965 10473741   95.11%
CPX0000     1199   669     2654.3007  9996    46820.0000     2289.5965 10479595   95.11%
CPX0000     1205   675     2655.3213 10029    46820.0000     2289.5965 10486234   95.11%
CPX0000     1206   676     2655.3625  9948    46820.0000     2289.5965 10514125   95.11%
CPX0000  Elapsed time = 75962.92 sec. (22450213.14 ticks, tree = 35.74 MB
CPX0000     1210   680     2664.6613  9868    46820.0000     2289.5965 10519198   95.11%
CPX0000     1220   690     2691.8085  9919    46820.0000     2289.5965 10524478   95.11%
CPX0000     1225   695     2720.4515  9978    46820.0000     2289.5965 10529322   95.11%
CPX0000     1233   697    infeasible          46820.0000     2289.5965 10531576   95.11%
CPX0000     1234   698     2289.6219  9316    46820.0000     2289.5965 10534728   95.11%
CPX0000     1235   699     2292.8447  9057    46820.0000     2289.5965 10537308   95.11%
CPX0000     1237   701     2294.3269  9174    46820.0000     2289.5965 10541989   95.11%
CPX0000     1238   702     2302.1110  8876    46820.0000     2289.5965 10544511   95.11%
CPX0000     1240   704     2295.1439  8939    46820.0000     2289.5965 10548295   95.11%
CPX0000     1241   705     2301.1439  8759    46820.0000     2289.5965 10550737   95.11%
CPX0000  Elapsed time = 77032.88 sec. (22755248.16 ticks, tree = 38.81 MB
CPX0000     1243   707     2303.9141  8700    46820.0000     2289.5965 10558192   95.11%
CPX0000     1244   708     2308.0017  8656    46820.0000     2289.5965 10559210   95.11%
CPX0000     1246   710     2312.1543  8519    46820.0000     2289.5965 10573081   95.11%
CPX0000     1247   711     2315.0319  8478    46820.0000     2289.5965 10580841   95.11%
CPX0000     1248   712     2313.8862  8558    46820.0000     2289.5965 10588019   95.11%
CPX0000     1250   714     2321.3795  8574    46820.0000     2289.5965 10591199   95.11%
CPX0000     1252   716     2320.1490  8752    46820.0000     2289.5965 10603707   95.11%
CPX0000     1255   719     2329.8358  8633    46820.0000     2289.5965 10606213   95.11%
CPX0000     1256   720     2330.2218  8580    46820.0000     2289.5965 10617674   95.11%
CPX0000     1258   722     2331.3104  8596    46820.0000     2289.5965 10634341   95.11%
CPX0000  Elapsed time = 77282.86 sec. (22842948.74 ticks, tree = 39.23 MB
CPX0000     1260   724     2331.0476  8536    46820.0000     2289.5965 10640846   95.11%
CPX0000     1262   726     2332.2152  8493    46820.0000     2289.5965 10651526   95.11%
CPX0000     1264   728     2337.3113  8580    46820.0000     2289.5965 10662286   95.11%
CPX0000     1266   730     2340.1270  8734    46820.0000     2289.5965 10666968   95.11%
CPX0000     1268   732     2343.4603  8493    46820.0000     2289.5965 10670458   95.11%
CPX0000     1271   735     2345.7132  8377    46820.0000     2289.5965 10674644   95.11%
CPX0000     1274   738     2348.2132  8519    46820.0000     2289.5965 10677558   95.11%
CPX0000     1277   741     2360.5302  8423    46820.0000     2289.5965 10698635   95.11%
CPX0000     1279   743     2376.3474  8624    46820.0000     2289.5965 10709100   95.11%
CPX0000     1282   746     2354.1705  8449    46820.0000     2289.5965 10723335   95.11%
CPX0000  Elapsed time = 77519.37 sec. (22914951.42 ticks, tree = 39.92 MB
CPX0000     1283   747     2351.3604  8365    46820.0000     2289.5965 10723410   95.11%
CPX0000     1287   751     2351.1597  8373    46820.0000     2289.5965 10733759   95.11%
CPX0000     1289   753     2352.4662  8354    46820.0000     2289.5965 10742044   95.11%
CPX0000     1292   756     2354.1983  8481    46820.0000     2289.5965 10758294   95.11%
CPX0000     1294   758     2445.4400  8443    46820.0000     2289.5965 10766202   95.11%
CPX0000     1297   761     2384.9125  8447    46820.0000     2289.5965 10775758   95.11%
CPX0000     1302   766     2386.6203  8446    46820.0000     2289.5965 10783402   95.11%
CPX0000     1306   770     2400.3719  8384    46820.0000     2289.5965 10789047   95.11%
CPX0000     1308   772     2394.8464  8439    46820.0000     2289.5965 10800624   95.11%
CPX0000     1309   773     2396.2677  8497    46820.0000     2289.5965 10807813   95.11%
CPX0000  Elapsed time = 77739.31 sec. (22986522.67 ticks, tree = 42.85 MB
CPX0000     1311   775     2396.6706  8471    46820.0000     2289.5965 10815715   95.11%
CPX0000     1314   778     2413.7704  8479    46820.0000     2289.5965 10827389   95.11%
CPX0000     1318   780     2446.2478  8462    46820.0000     2289.5965 10833762   95.11%
CPX0000     1322   784     2447.5318  8457    46820.0000     2289.5965 10843287   95.11%
CPX0000     1327   789     2460.1148  8479    46820.0000     2289.5965 10849243   95.11%
CPX0000     1329   791     2450.0698  8343    46820.0000     2289.5965 10855151   95.11%
CPX0000     1331   793     2469.2920  8352    46820.0000     2289.5965 10856181   95.11%
CPX0000     1334   796     2461.6734  8425    46820.0000     2289.5965 10862629   95.11%
CPX0000     1336   798     2454.0968  8537    46820.0000     2289.5965 10868423   95.11%
CPX0000     1338   800     2453.8300  8461    46820.0000     2289.5965 10876962   95.11%
CPX0000  Elapsed time = 77940.70 sec. (23051683.52 ticks, tree = 45.85 MB
CPX0000     1342   804     2456.1836  8414    46820.0000     2289.5965 10884257   95.11%
CPX0000     1345   807     2456.4761  8457    46820.0000     2289.5965 10890417   95.11%
CPX0000     1349   811     2456.5334  8400    46820.0000     2289.5965 10896275   95.11%
CPX0000     1356   818     2524.3112  8392    46820.0000     2289.5965 10898515   95.11%
CPX0000     1359   821     2492.2192  8496    46820.0000     2289.5965 10906338   95.11%
CPX0000     1364   826     2487.1011  8542    46820.0000     2289.5965 10914247   95.11%
CPX0000     1366   828     2487.8028  8555    46820.0000     2289.5965 10917749   95.11%
CPX0000     1367   829     2495.2902  8692    46820.0000     2289.5965 10923680   95.11%
CPX0000     1369   831     2505.5151  8564    46820.0000     2289.5965 10929655   95.11%
CPX0000     1372   834     2508.4200  8351    46820.0000     2289.5965 10938472   95.11%
CPX0000  Elapsed time = 78707.80 sec. (23240072.60 ticks, tree = 46.80 MB
CPX0000     1376   838     2510.3270  8375    46820.0000     2289.5965 10948661   95.11%
CPX0000     1378   840     2510.3773  8443    46820.0000     2289.5965 10957620   95.11%
CPX0000     1380   842     2521.2422  8436    46820.0000     2289.5965 10965810   95.11%
CPX0000     1384   846     2529.2580  8371    46820.0000     2289.5965 10973888   95.11%
CPX0000  *  1386+  846                        25635.0000     2289.5965 10978485   91.07%
CPX0000     1386   848     2529.7126  8553    25635.0000     2289.5965 10978485   91.07%
[1m[30m[ZEN] [0m21:53:42 [1m[34m  25635.00[1m[32m   91.07%
[0mCPX0000     1392   854     2580.9247  8504    25635.0000     2289.5965 10980965   91.07%
CPX0000     1417   859     2600.6216  8500    25635.0000     2289.5965 10982986   91.07%
CPX0000     1433   861     2684.5055  8450    25635.0000     2289.5965 10987787   91.07%
CPX0000     1437   865     2698.8119  8289    25635.0000     2289.5965 10995200   91.07%
CPX0000     1442   870     2692.3118  8215    25635.0000     2289.5965 11004310   91.07%
CPX0000  Elapsed time = 78894.02 sec. (23298947.63 ticks, tree = 47.83 MB
CPX0000     1448   876     2695.9771  8059    25635.0000     2289.5965 11012299   91.07%
CPX0000     1450   878     2696.4245  8031    25635.0000     2289.5965 11020938   91.07%
CPX0000     1454   882     2699.3013  8259    25635.0000     2289.5965 11027840   91.07%
CPX0000     1459   887     2699.9166  8210    25635.0000     2289.5965 11035524   91.07%
CPX0000     1462   890     2709.9703  8236    25635.0000     2289.5965 11042133   91.07%
CPX0000     1466   894     2710.5123  8194    25635.0000     2289.5965 11048877   91.07%
CPX0000     1469   897     2711.0567  8312    25635.0000     2289.5965 11055808   91.07%
CPX0000     1477   905     2711.6617  8182    25635.0000     2289.5965 11062054   91.07%
CPX0000     1484   906     2289.6219  9452    25635.0000     2289.6669 11067527   91.07%
CPX0000  *  1486+  906                        19630.0000     2289.6669 11071132   88.34%
CPX0000  *  1486+  906                        19590.0000     2289.6669 11071132   88.31%
CPX0000  *  1486+  906                        19560.0000     2289.6669 11071132   88.29%
CPX0000  *  1486+  906                        19530.0000     2289.6669 11071132   88.28%
CPX0000     1486   908     2300.2689  9152    19530.0000     2289.6669 11071132   88.28%
CPX0000  Elapsed time = 79895.90 sec. (23581909.59 ticks, tree = 48.94 MB
[1m[30m[ZEN] [0m22:11:35 [1m[34m  19530.00[1m[32m   88.28%
[0mCPX0000     1489   911     2307.8686  8934    19530.0000     2289.6669 11076688   88.28%
CPX0000     1491   913     2320.5352  8734    19530.0000     2289.6669 11079488   88.28%
CPX0000     1494   916     2331.1655  8647    19530.0000     2289.6669 11094124   88.28%
CPX0000     1495   917     2335.4445  8714    19530.0000     2289.6669 11101232   88.28%
CPX0000     1498   920     2360.9378  8601    19530.0000     2289.6669 11103708   88.28%
CPX0000     1500   922     2361.4606  8609    19530.0000     2289.6669 11113071   88.28%
CPX0000     1501   923     2363.2157  8514    19530.0000     2289.6669 11119987   88.28%
CPX0000     1503   925     2368.6923  8476    19530.0000     2289.6669 11128837   88.28%
CPX0000     1505   927     2370.7637  8462    19530.0000     2289.6669 11132463   88.28%
CPX0000     1507   929     2375.8273  8562    19530.0000     2289.6669 11137679   88.28%
CPX0000  Elapsed time = 80083.66 sec. (23638696.55 ticks, tree = 49.50 MB
CPX0000     1508   930     2376.9231  8689    19530.0000     2289.6669 11144007   88.28%
CPX0000     1510   932     2384.9240  8484    19530.0000     2289.6669 11149163   88.28%
CPX0000     1513   935     2390.5290  8590    19530.0000     2289.6669 11152824   88.28%
CPX0000     1516   938     2395.7525  8602    19530.0000     2289.6669 11156502   88.28%
CPX0000     1518   940     2400.2591  8649    19530.0000     2289.6669 11163354   88.28%
CPX0000     1520   942     2401.0186  8625    19530.0000     2289.6669 11170359   88.28%
CPX0000     1523   945     2403.3121  8447    19530.0000     2289.6669 11179529   88.28%
CPX0000     1527   949     2406.4928  8646    19530.0000     2289.6669 11195080   88.28%
CPX0000     1529   951     2408.1815  8609    19530.0000     2289.6669 11203084   88.28%
CPX0000     1532   954     2411.8922  8576    19530.0000     2289.6669 11210090   88.28%
CPX0000  Elapsed time = 80260.01 sec. (23691298.16 ticks, tree = 50.19 MB
CPX0000     1535   957     2414.1411  8540    19530.0000     2289.6669 11215623   88.28%
CPX0000     1539   961     2416.6224  8560    19530.0000     2289.6669 11226344   88.28%
CPX0000     1540   962     2419.6114  8661    19530.0000     2289.6669 11235693   88.28%
CPX0000     1545   967     2424.6761  8583    19530.0000     2289.6669 11243103   88.28%
CPX0000     1548   970     2429.9032  8583    19530.0000     2289.6669 11249607   88.28%
CPX0000     1556   978     2433.9965  8569    19530.0000     2289.6669 11256473   88.28%
CPX0000     1561   983     2442.9685  8513    19530.0000     2289.6669 11264530   88.28%
CPX0000     1566   988     2443.3107  8466    19530.0000     2289.6669 11270369   88.28%
CPX0000     1569   991     2448.7843  8286    19530.0000     2289.6669 11274566   88.28%
CPX0000     1575   997     2454.9228  8257    19530.0000     2289.6669 11281392   88.28%
CPX0000  Elapsed time = 80426.00 sec. (23739622.10 ticks, tree = 51.40 MB
CPX0000     1583  1005     2455.1113  8143    19530.0000     2289.6669 11289310   88.28%
CPX0000  *  1586+ 1006                        19365.0000     2289.6669 11293039   88.18%
CPX0000     1586  1008     2455.1813  8044    19365.0000     2289.6669 11293039   88.18%
[1m[30m[ZEN] [0m22:21:17 [1m[34m  19365.00[1m[32m   88.18%
[0mCPX0000     1591  1013     2455.5190  8059    19365.0000     2289.6669 11300503   88.18%
CPX0000     1601  1017     2296.5048 10951    19365.0000     2290.0764 11345716   88.17%
CPX0000     1603  1019     2303.9680 10663    19365.0000     2290.0764 11349777   88.17%
CPX0000     1604  1020     2303.9680 10492    19365.0000     2290.0764 11352783   88.17%
CPX0000     1606  1022     2311.5437 10030    19365.0000     2290.0764 11356920   88.17%
CPX0000     1608  1024     2324.2104  9595    19365.0000     2290.0764 11360214   88.17%
CPX0000     1611  1027     2333.1486  9488    19365.0000     2290.0764 11369890   88.17%
CPX0000     1612  1028     2337.3113  9564    19365.0000     2290.0764 11376512   88.17%
CPX0000  Elapsed time = 81685.83 sec. (24120948.57 ticks, tree = 52.30 MB
CPX0000     1614  1030     2345.0139  9276    19365.0000     2290.0764 11384719   88.17%
CPX0000     1617  1033     2348.9567  9215    19365.0000     2290.0764 11390273   88.17%
CPX0000     1620  1036     2354.3474  9247    19365.0000     2290.0764 11397660   88.17%
CPX0000     1623  1039     2364.1627  9248    19365.0000     2290.0764 11400412   88.17%
CPX0000     1625  1041     2368.9434  9029    19365.0000     2290.0764 11402826   88.17%
CPX0000     1628  1044     2381.2100  9046    19365.0000     2290.0764 11406603   88.17%
CPX0000     1630  1046     2392.5049  9042    19365.0000     2290.0764 11415136   88.17%
CPX0000     1632  1048     2402.2230  9292    19365.0000     2290.0764 11423669   88.17%
CPX0000     1634  1050     2402.9516  9128    19365.0000     2290.0764 11431015   88.17%
CPX0000     1636  1052     2407.6249  9065    19365.0000     2290.0764 11434754   88.17%
CPX0000  Elapsed time = 81843.94 sec. (24170615.37 ticks, tree = 52.95 MB
CPX0000     1639  1055     2413.6521  8975    19365.0000     2290.0764 11438947   88.17%
CPX0000     1640  1056     2414.8801  8976    19365.0000     2290.0764 11441679   88.17%
CPX0000     1645  1061     2416.9168  8931    19365.0000     2290.0764 11451883   88.17%
CPX0000     1646  1062     2418.9896  8990    19365.0000     2290.0764 11460021   88.17%
CPX0000     1647  1063     2422.1410 10064    19365.0000     2290.0764 11487191   88.17%
CPX0000     1649  1065     2454.4077 10061    19365.0000     2290.0764 11500773   88.17%
CPX0000     1651  1067     2481.3378  9974    19365.0000     2290.0764 11509878   88.17%
CPX0000     1654  1070     2482.4421  9924    19365.0000     2290.0764 11518674   88.17%
CPX0000     1657  1073     2486.0903 10029    19365.0000     2290.0764 11525270   88.17%
CPX0000     1660  1076     2526.2338  9929    19365.0000     2290.0764 11528057   88.17%
CPX0000  Elapsed time = 82192.58 sec. (24276633.76 ticks, tree = 53.62 MB
CPX0000     1663  1079     2530.8107  9895    19365.0000     2290.0764 11535292   88.17%
CPX0000     1665  1081     2545.1683  9892    19365.0000     2290.0764 11538947   88.17%
CPX0000     1670  1086     2559.0613  9942    19365.0000     2290.0764 11545162   88.17%
CPX0000     1674  1090     2668.0607  9742    19365.0000     2290.0764 11552314   88.17%
CPX0000     1677  1093     2668.2744  9738    19365.0000     2290.0764 11559169   88.17%
CPX0000     1682  1098     2668.2978  9616    19365.0000     2290.0764 11562529   88.17%
CPX0000     1685  1101     2669.6128  9626    19365.0000     2290.0764 11569380   88.17%
CPX0000  *  1686+ 1100                        19125.0000     2290.0764 11571016   88.03%
CPX0000     1686  1102     2669.8311  9606    19125.0000     2290.0764 11571016   88.03%
[1m[30m[ZEN] [0m22:52:07 [1m[34m  19125.00[1m[32m   88.03%
[0mCPX0000     1692  1108     2671.3835  9616    19125.0000     2290.0764 11577708   88.03%
CPX0000     1695  1111     2686.9756  9712    19125.0000     2290.0764 11586235   88.03%
CPX0000  Elapsed time = 82358.73 sec. (24335182.97 ticks, tree = 54.60 MB
CPX0000     1699  1115     2889.7742  9671    19125.0000     2290.0764 11599502   88.03%
CPX0000     1702  1118     2958.5694  9576    19125.0000     2290.0764 11605992   88.03%
CPX0000     1706  1122     2988.9316  9660    19125.0000     2290.0764 11612231   88.03%
CPX0000     1710  1126     3082.8777  9676    19125.0000     2290.0764 11619894   88.03%
CPX0000     1713  1129     3114.6810  9604    19125.0000     2290.0764 11626895   88.03%
CPX0000     1717  1133     3117.6826  9357    19125.0000     2290.0764 11631411   88.03%
CPX0000     1722  1138     3119.0718  9269    19125.0000     2290.0764 11636748   88.03%
CPX0000     1726  1142     3125.3169  9304    19125.0000     2290.0764 11640233   88.03%
CPX0000     1732  1148     3125.8595  9271    19125.0000     2290.0764 11644485   88.03%
CPX0000     1735  1151     3129.6071  9326    19125.0000     2290.0764 11647756   88.03%
CPX0000  Elapsed time = 82564.93 sec. (24407303.62 ticks, tree = 55.76 MB
CPX0000     1738  1154     3134.6128  9121    19125.0000     2290.0764 11650480   88.03%
CPX0000     1742  1156     3174.6128  9025    19125.0000     2290.0764 11653348   88.03%
CPX0000     1745  1159     3176.8811  9012    19125.0000     2290.0764 11656834   88.03%
CPX0000     1748  1158     2291.2551  9185    19125.0000     2290.1726 11690574   88.03%
CPX0000     1749  1159     2294.4780  9183    19125.0000     2290.1726 11693226   88.03%
CPX0000     1750  1160     2294.4780  8966    19125.0000     2290.1726 11696867   88.03%
CPX0000     1752  1162     2298.2609  8883    19125.0000     2290.1726 11705090   88.03%
CPX0000     1754  1164     2305.3778  8653    19125.0000     2290.1726 11709404   88.03%
CPX0000     1756  1166     2309.2547  8588    19125.0000     2290.1726 11721332   88.03%
CPX0000     1757  1167     2315.1522  8656    19125.0000     2290.1726 11724067   88.03%
CPX0000  Elapsed time = 83330.16 sec. (24669766.74 ticks, tree = 58.44 MB
CPX0000     1759  1169     2318.8757  8449    19125.0000     2290.1726 11727555   88.03%
CPX0000     1761  1171     2330.7287  8685    19125.0000     2290.1726 11736197   88.03%
CPX0000     1762  1172     2338.8491  8494    19125.0000     2290.1726 11746347   88.03%
CPX0000     1763  1173     2343.0056  8605    19125.0000     2290.1726 11757541   88.03%
CPX0000     1765  1175     2349.2093  8547    19125.0000     2290.1726 11764211   88.03%
CPX0000     1767  1177     2350.7592  8434    19125.0000     2290.1726 11770586   88.03%
CPX0000     1768  1178     2352.4259  8551    19125.0000     2290.1726 11773718   88.03%
CPX0000     1772  1182     2360.1853  8441    19125.0000     2290.1726 11778232   88.03%
CPX0000     1773  1183     2364.7232  8536    19125.0000     2290.1726 11784114   88.03%
CPX0000     1774  1184     2368.0566  8548    19125.0000     2290.1726 11787840   88.03%
CPX0000  Elapsed time = 83489.20 sec. (24725116.36 ticks, tree = 58.89 MB
CPX0000     1776  1186     2371.4629  8374    19125.0000     2290.1726 11792979   88.03%
CPX0000     1778  1188     2380.9867  8480    19125.0000     2290.1726 11795988   88.03%
CPX0000     1782  1192     2391.4447  8510    19125.0000     2290.1726 11802894   88.03%
CPX0000  *  1786+ 1194                        17255.0000     2290.1726 11813097   86.73%
CPX0000  *  1786+ 1194                        17065.0000     2290.1726 11813097   86.58%
CPX0000     1786  1196     2397.9469  8404    17065.0000     2290.1726 11813097   86.58%
[1m[30m[ZEN] [0m23:12:43 [1m[34m  17065.00[1m[32m   86.58%
[0mCPX0000     1789  1199     2403.2881  8351    17065.0000     2290.1726 11816683   86.58%
CPX0000     1791  1201     2405.6863  8415    17065.0000     2290.1726 11825827   86.58%
CPX0000     1792  1202     2407.5103  8476    17065.0000     2290.1726 11839686   86.58%
CPX0000     1795  1205     2410.6575  8531    17065.0000     2290.1726 11849650   86.58%
CPX0000     1797  1207     2462.8473  8649    17065.0000     2290.1726 11856990   86.58%
CPX0000     1800  1210     2463.8771  8500    17065.0000     2290.1726 11862223   86.58%
CPX0000  Elapsed time = 83665.04 sec. (24785695.21 ticks, tree = 59.62 MB
CPX0000     1802  1212     2478.9262  8410    17065.0000     2290.1726 11870660   86.58%
CPX0000     1806  1216     2483.3741  8393    17065.0000     2290.1726 11878792   86.58%
CPX0000     1812  1222     2515.8894  8399    17065.0000     2290.1726 11885620   86.58%
CPX0000     1816  1226     2516.2899  8378    17065.0000     2290.1726 11891796   86.58%
CPX0000     1818  1228     2517.2602  8435    17065.0000     2290.1726 11898297   86.58%
CPX0000     1820  1230     2528.8307  8229    17065.0000     2290.1726 11905231   86.58%
CPX0000     1826  1236     2537.1966  8267    17065.0000     2290.1726 11913664   86.58%
CPX0000     1832  1242     2547.0478  8280    17065.0000     2290.1726 11921439   86.58%
CPX0000     1839  1249     2555.2903  8252    17065.0000     2290.1726 11930095   86.58%
CPX0000     1848  1256     2582.5165  8244    17065.0000     2290.1726 11938766   86.58%
CPX0000  Elapsed time = 83833.68 sec. (24841603.67 ticks, tree = 60.96 MB
CPX0000     1854  1262     2609.3136  8169    17065.0000     2290.1726 11946472   86.58%
CPX0000     1858  1266     2617.1578  8123    17065.0000     2290.1726 11952770   86.58%
CPX0000     1862  1270     2720.6902  8012    17065.0000     2290.1726 11956367   86.58%
CPX0000     1864  1272     2847.2456  7999    17065.0000     2290.1726 11960850   86.58%
CPX0000     1871  1279     2854.4659  8028    17065.0000     2290.1726 11969888   86.58%
CPX0000     1876  1284     2889.7281  8086    17065.0000     2290.1726 11976761   86.58%
CPX0000     1880  1288     2910.4598  8093    17065.0000     2290.1726 11979889   86.58%
CPX0000     1885  1291     2932.0532  8138    17065.0000     2290.1726 11981459   86.58%
CPX0000  *  1886+ 1290                        15615.0000     2290.1726 11982540   85.33%
CPX0000  *  1886+ 1290                        15365.0000     2290.1726 11982540   85.09%
CPX0000     1886  1292     2937.0581  7987    15365.0000     2290.1726 11982540   85.09%
[1m[30m[ZEN] [0m23:19:06 [1m[34m  15365.00[1m[32m   85.09%
[0mCPX0000     1887  1293     2937.3231  7952    15365.0000     2290.1726 11983045   85.09%
CPX0000  Elapsed time = 83979.37 sec. (24903132.69 ticks, tree = 63.17 MB
CPX0000     1890  1292     2300.6202 11039    15365.0000     2290.1726 12062693   85.09%
CPX0000     1891  1293     2308.0445 10958    15365.0000     2290.1726 12063685   85.09%
CPX0000     1892  1294     2314.0445 10675    15365.0000     2290.1726 12066016   85.09%
CPX0000     1894  1296     2317.7952 10608    15365.0000     2290.1726 12070811   85.09%
CPX0000     1896  1298     2325.3709 10196    15365.0000     2290.1726 12073338   85.09%
CPX0000     1897  1299     2325.7826 10084    15365.0000     2290.1726 12085739   85.09%
CPX0000     1899  1301     2338.3467  9734    15365.0000     2290.1726 12088643   85.09%
CPX0000     1901  1303     2354.4076  9629    15365.0000     2290.1726 12094788   85.09%
CPX0000     1902  1304     2358.7950  9639    15365.0000     2290.1726 12105811   85.09%
CPX0000     1905  1307     2373.7868  9430    15365.0000     2290.1726 12116509   85.09%
CPX0000  Elapsed time = 85135.92 sec. (25279207.27 ticks, tree = 64.66 MB
CPX0000     1907  1309     2377.3134  9243    15365.0000     2290.1726 12122236   85.09%
CPX0000     1909  1311     2382.7185  9259    15365.0000     2290.1726 12128255   85.09%
CPX0000     1910  1312     2386.2456  9205    15365.0000     2290.1726 12138457   85.09%
CPX0000     1912  1314     2389.6451  9088    15365.0000     2290.1726 12143659   85.09%
CPX0000     1914  1316     2399.2683  9052    15365.0000     2290.1726 12148671   85.09%
CPX0000     1918  1320     2402.9793  8954    15365.0000     2290.1726 12161739   85.09%
CPX0000     1921  1323     2411.8569  8810    15365.0000     2290.1726 12165875   85.09%
CPX0000     1922  1324     2412.6903  8843    15365.0000     2290.1726 12179258   85.09%
CPX0000     1923  1325     2414.7538  8769    15365.0000     2290.1726 12181577   85.09%
CPX0000     1926  1328     2420.6311  8679    15365.0000     2290.1726 12192113   85.09%
CPX0000  Elapsed time = 85314.83 sec. (25338638.53 ticks, tree = 65.24 MB
CPX0000     1929  1331     2424.5547  8578    15365.0000     2290.1726 12194701   85.09%
CPX0000     1932  1334     2426.6835  8554    15365.0000     2290.1726 12205469   85.09%
CPX0000     1933  1335     2446.6195  8676    15365.0000     2290.1726 12220458   85.09%
CPX0000     1938  1340     2466.6054  8607    15365.0000     2290.1726 12230891   85.09%
CPX0000     1940  1342     2487.6288  8653    15365.0000     2290.1726 12236943   85.09%
CPX0000     1943  1345     2498.5256  8589    15365.0000     2290.1726 12243305   85.09%
CPX0000     1944  1346     2499.3485  8585    15365.0000     2290.1726 12253360   85.09%
CPX0000     1946  1348     2500.5451  8725    15365.0000     2290.1726 12271685   85.09%
CPX0000     1949  1351     2510.7602  8663    15365.0000     2290.1726 12278770   85.09%
CPX0000     1951  1353     2511.3551  8641    15365.0000     2290.1726 12284728   85.09%
CPX0000  Elapsed time = 85497.02 sec. (25400465.87 ticks, tree = 65.93 MB
CPX0000     1954  1356     2514.3434  8592    15365.0000     2290.1726 12292749   85.09%
CPX0000     1957  1359     2554.9327  8784    15365.0000     2290.1726 12303596   85.09%
CPX0000     1960  1362     2555.0428  8539    15365.0000     2290.1726 12316328   85.09%
CPX0000     1961  1363     2555.3502  8550    15365.0000     2290.1726 12322779   85.09%
CPX0000     1966  1368     2585.6899  8575    15365.0000     2290.1726 12327983   85.09%
CPX0000     1969  1371     2616.2479  8653    15365.0000     2290.1726 12334057   85.09%
CPX0000     1972  1374     2616.5002  8477    15365.0000     2290.1726 12341316   85.09%
CPX0000     1975  1377     2618.4925  8549    15365.0000     2290.1726 12349063   85.09%
CPX0000     1984  1386     2618.6844  8640    15365.0000     2290.1726 12354333   85.09%
CPX0000  *  1986+ 1386                        10515.0000     2290.1726 12358636   78.22%
CPX0000  *  1986+ 1386                        10470.0000     2290.1726 12358636   78.13%
CPX0000  *  1986+ 1386                        10450.0000     2290.1726 12358636   78.08%
CPX0000  *  1986+ 1386                        10440.0000     2290.1726 12358636   78.06%
CPX0000  *  1986+ 1386                        10425.0000     2290.1726 12358636   78.03%
CPX0000  *  1986+ 1386                        10305.0000     2290.1726 12358636   77.78%
CPX0000     1986  1388     2635.8981  8573    10305.0000     2290.1726 12358636   77.78%
CPX0000  Elapsed time = 85666.16 sec. (25460216.22 ticks, tree = 66.93 MB
[1m[30m[ZEN] [0m23:47:46 [1m[34m  10305.00[1m[32m   77.78%
[0mCPX0000     1991  1393     2636.2324  8563    10305.0000     2290.1726 12365998   77.78%
CPX0000     1995  1397     2636.4860  8622    10305.0000     2290.1726 12372509   77.78%
CPX0000     2007  1409     2636.9538  8259    10305.0000     2290.1726 12377303   77.78%
CPX0000     2011  1413     2655.8159  8320    10305.0000     2290.1726 12384790   77.78%
CPX0000     2017  1419     2655.9517  8340    10305.0000     2290.1726 12387753   77.78%
CPX0000     2022  1424     2659.0371  8293    10305.0000     2290.1726 12394711   77.78%
CPX0000     2026  1428     2675.1306  8208    10305.0000     2290.1726 12401364   77.78%
CPX0000     2035  1437     2676.4431  8129    10305.0000     2290.1726 12407877   77.78%
CPX0000     2043  1445     2679.0384  8244    10305.0000     2290.1726 12412402   77.78%
CPX0000     2052  1454     2682.7926  8215    10305.0000     2290.1726 12418765   77.78%
CPX0000  Elapsed time = 85809.60 sec. (25516649.88 ticks, tree = 69.98 MB
CPX0000     2055  1457     2685.6391  8190    10305.0000     2290.1726 12424795   77.78%
CPX0000     2063  1465     2686.8169  8294    10305.0000     2290.1726 12430368   77.78%
CPX0000     2064  1466     2686.8522  8272    10305.0000     2290.1726 12430995   77.78%
CPX0000     2071  1473     2690.0541  8153    10305.0000     2290.1726 12439972   77.78%
CPX0000     2073  1475     2692.2831  8231    10305.0000     2290.1726 12450671   77.78%
CPX0000     2077  1479     2696.4738  8086    10305.0000     2290.1726 12461635   77.78%
CPX0000     2081  1483     2697.5992  8089    10305.0000     2290.1726 12466419   77.78%
CPX0000
CPX0000  GUB cover cuts applied:  1186
CPX0000  Clique cuts applied:  687
CPX0000  Cover cuts applied:  278
CPX0000  Implied bound cuts applied:  12
CPX0000  Flow cuts applied:  212
CPX0000  Mixed integer rounding cuts applied:  689
CPX0000  Zero-half cuts applied:  5717
CPX0000  Lift and project cuts applied:  9
CPX0000  Gomory fractional cuts applied:  35
CPX0000
CPX0000  Root node processing (before b&c):
CPX0000    Real time             = 21572.43 sec. (6773507.40 ticks)
CPX0000  Sequential b&c:
CPX0000    Real time             = 64827.78 sec. (18959374.34 ticks)
CPX0000                            ------------
CPX0000  Total (root+branch&cut) = 86400.21 sec. (25732881.74 ticks)
H2 understaffing: 0
H3 shiftTypeSuccessions: 0
S1 optimalCoverage: 1110
S2a consecutiveShift: 1605 = (107,0 )
S2b consecutiveWorkingDays: 2580 = ( 84,2 )
S3 consecutiveDaysOff: 1230 = ( 21,20 )
S4 preferences: 390
S5 completeWeekend: 330
S6 totalAssignments: 2880
S7 totalWorkingWeekeends: 180
 

Cost Solution: 10305

       |M|T|W|T|F|S|S| |M|T|W|T|F|S|S| |M|T|W|T|F|S|S| |M|T|W|T|F|S|S|
------------------------------------------------------------------------
HN_0   |-|N|-|-|-|L|L| |L|L|-|-|-|D|D| |D|D|L|L|-|-|-| |-|E|E|L|L|-|-|
HN_1   |E|E|-|-|-|-|-| |-|N|-|-|-|-|-| |E|E|-|-|-|-|-| |D|N|-|-|-|-|D|
HN_2   |-|-|-|-|-|D|D| |L|L|-|-|D|E|-| |-|-|N|N|N|N|-| |-|-|L|L|L|L|-|
HN_3   |-|-|L|L|L|-|-| |D|D|L|L|L|-|-| |-|-|-|D|D|D|N| |N|-|-|E|E|E|E|
HN_4   |-|-|E|E|E|-|-| |D|D|-|-|-|-|-| |D|D|-|-|-|D|D| |E|-|-|-|N|-|-|
HN_5   |N|N|N|N|-|-|-| |-|L|L|L|-|-|-| |L|L|L|-|-|-|-| |-|-|-|E|N|N|N|
HN_6   |D|E|E|-|-|-|-| |D|D|D|D|-|-|-| |N|N|N|N|-|-|-| |N|N|N|N|-|-|-|
HN_7   |D|D|E|E|-|-|-| |-|E|E|D|D|L|L| |-|-|-|E|E|-|-| |-|-|N|-|-|E|L|
HN_8   |N|N|N|N|-|-|-| |L|N|N|N|N|-|-| |N|-|-|-|E|E|E| |E|L|L|-|L|N|N|
HN_9   |-|L|L|N|-|-|-| |-|-|-|E|E|D|-| |-|-|E|E|E|-|-| |-|L|L|-|-|-|-|
HN_10  |-|D|D|D|D|-|-| |-|E|E|-|-|-|D| |N|-|-|-|E|E|E| |D|D|L|L|-|-|-|
HN_11  |E|E|-|-|-|-|-| |-|-|E|E|E|-|-| |-|-|-|L|L|-|-| |L|L|-|-|-|-|D|
HN_12  |-|-|D|D|L|-|-| |-|N|N|-|N|-|-| |-|E|E|L|L|-|-| |-|-|-|N|-|-|-|
HN_13  |-|E|E|L|L|-|-| |-|-|E|E|D|N|-| |-|-|D|-|-|-|-| |-|D|D|D|D|D|D|
HN_14  |-|-|-|-|N|-|-| |-|-|L|L|L|-|-| |-|-|D|D|D|-|-| |-|D|D|L|L|-|-|
HN_15  |D|D|-|-|-|E|E| |E|E|D|D|-|-|-| |D|D|D|D|D|-|-| |-|-|L|-|-|-|-|
HN_16  |L|L|L|L|-|N|N| |-|-|L|L|L|-|-| |D|D|D|-|-|E|E| |-|-|D|D|D|-|-|
HN_17  |E|E|E|-|-|-|-| |E|E|E|-|-|-|-| |E|E|-|N|N|N|N| |-|-|-|-|-|-|-|
HN_18  |-|-|D|D|L|L|-| |-|D|D|D|-|-|-| |L|L|L|L|-|D|D| |N|N|N|N|-|-|-|
HN_19  |N|N|N|N|-|-|-| |-|E|E|E|L|L|L| |-|-|-|D|D|-|-| |-|E|E|E|E|-|-|
NU_20  |-|-|N|N|N|N|-| |-|-|E|E|E|-|-| |-|-|E|E|E|-|-| |-|-|D|D|L|-|-|
NU_21  |-|-|D|L|L|-|-| |D|D|L|L|L|-|-| |D|D|D|-|-|D|D| |E|E|E|-|-|E|E|
NU_22  |E|N|N|N|N|-|-| |E|E|L|L|L|-|-| |E|E|E|E|E|-|-| |E|E|E|L|L|-|-|
NU_23  |E|E|D|D|D|-|-| |-|-|-|N|N|N|N| |-|-|-|-|-|-|-| |D|D|D|D|-|-|-|
NU_24  |L|-|-|-|-|-|-| |D|D|D|-|-|-|-| |D|D|N|-|-|-|L| |L|L|-|-|-|-|-|
NU_25  |L|L|-|-|-|-|-| |E|E|E|D|D|-|-| |-|-|D|D|D|-|-| |-|-|-|-|D|D|D|
NU_26  |-|D|D|L|L|-|-| |N|N|-|-|-|-|-| |E|E|-|-|-|L|L| |-|-|-|-|-|-|-|
NU_27  |-|E|E|-|-|-|-| |-|-|D|D|-|-|-| |L|L|L|-|-|L|N| |-|-|-|-|-|-|-|
NU_28  |-|-|-|-|D|D|D| |D|D|-|-|-|-|-| |D|D|D|-|-|-|-| |-|-|E|E|E|-|-|
NU_29  |-|-|-|E|E|D|D| |-|-|-|-|D|D|D| |N|N|N|N|-|-|-| |E|E|D|D|-|-|-|
NU_30  |L|L|-|-|-|-|-| |E|E|E|-|-|-|-| |L|L|L|-|-|-|-| |L|L|-|-|-|-|-|
NU_31  |-|L|L|L|-|-|-| |-|-|-|-|E|E|N| |N|N|-|-|-|-|-| |D|E|E|-|-|-|-|
NU_32  |N|N|-|-|E|E|E| |-|-|E|E|E|-|-| |-|E|E|D|D|-|-| |-|E|E|D|D|L|L|
NU_33  |E|-|-|E|E|E|D| |D|-|-|D|D|L|L| |-|-|E|E|E|-|-| |N|N|N|N|N|-|-|
NU_34  |-|E|E|-|-|-|-| |-|D|D|-|-|-|-| |-|-|D|D|D|-|-| |-|-|E|E|-|-|L|
NU_35  |-|L|L|-|-|-|-| |D|D|E|E|E|-|-| |-|-|L|L|N|N|N| |N|-|-|-|-|N|N|
NU_36  |D|D|D|-|-|-|-| |-|N|N|N|N|-|-| |-|-|N|N|N|-|-| |-|-|-|-|-|L|L|
NU_37  |D|D|-|-|-|-|-| |-|-|D|L|L|-|-| |-|-|D|D|D|-|-| |-|-|-|-|D|D|D|
NU_38  |L|-|-|N|N|N|N| |-|-|D|D|D|-|-| |E|E|E|E|N|-|-| |N|-|-|D|D|N|N|
NU_39  |D|D|-|-|-|L|L| |N|N|N|N|N|-|E| |-|-|-|-|-|-|-| |L|N|N|N|N|-|-|
CT_40  |E|E|-|-|-|-|-| |L|L|-|-|-|-|-| |E|E|-|-|-|-|E| |E|-|-|-|-|-|-|
CT_41  |-|-|-|D|D|-|-| |-|-|-|D|D|-|-| |-|-|L|L|L|-|-| |D|D|-|-|-|-|-|
CT_42  |D|D|-|-|L|L|L| |L|-|-|D|D|-|-| |L|L|L|L|L|-|-| |D|D|D|-|-|N|N|
CT_43  |-|L|L|-|-|-|-| |D|D|D|-|-|-|E| |E|-|-|-|-|-|-| |N|N|N|N|N|-|-|
CT_44  |-|-|E|E|E|-|-| |-|-|E|E|E|-|-| |-|-|L|L|L|-|-| |-|-|-|-|-|E|E|
CT_45  |L|-|-|-|-|-|L| |-|-|-|-|-|-|-| |D|-|-|-|-|D|D| |D|E|E|E|E|-|-|
CT_46  |-|-|E|E|E|-|-| |-|-|L|L|L|-|-| |-|L|L|L|-|-|-| |-|-|-|L|L|L|N|
CT_47  |E|-|-|D|D|D|D| |D|-|-|E|E|E|E| |-|-|E|E|E|-|-| |L|L|L|L|L|-|-|
CT_48  |-|-|-|E|E|N|N| |-|-|-|N|N|N|N| |-|-|-|-|L|L|L| |-|-|-|-|D|N|N|
CT_49  |L|L|L|-|-|L|L| |L|-|-|D|D|N|N| |N|-|-|L|L|-|-| |E|E|E|E|E|-|-|
CT_50  |D|D|L|L|L|-|-| |-|D|-|E|-|-|-| |E|E|E|E|-|-|-| |N|N|N|N|N|-|-|
CT_51  |-|-|E|E|E|-|-| |-|-|-|L|L|L|L| |L|-|-|-|-|-|-| |L|L|L|-|-|-|-|
CT_52  |-|N|N|N|N|-|-| |-|-|L|-|-|-|-| |L|L|L|N|N|N|N| |-|-|-|-|D|D|E|
CT_53  |-|N|N|N|N|-|-| |-|-|-|-|E|E|L| |L|-|-|-|-|-|-| |N|N|N|N|N|-|-|
CT_54  |-|-|L|L|L|-|-| |N|N|N|N|N|-|-| |N|N|N|N|N|-|-| |-|-|D|D|L|L|N|
CT_55  |-|L|L|-|-|-|-| |-|-|-|D|D|-|-| |-|L|L|-|-|-|-| |-|-|-|E|E|-|-|
CT_56  |-|-|-|-|-|-|-| |L|L|-|-|-|-|-| |E|N|N|N|N|-|-| |-|L|L|-|-|-|D|
CT_57  |-|-|-|-|-|E|E| |E|-|-|-|-|-|-| |N|N|N|N|-|-|-| |N|N|N|N|-|-|-|
CT_58  |-|L|L|-|-|-|-| |L|L|-|-|-|L|L| |L|-|-|-|-|-|-| |-|L|L|-|-|-|-|
CT_59  |-|N|N|N|N|-|-| |-|L|-|-|-|-|-| |N|N|N|N|-|-|-| |N|N|N|N|N|-|-|
CT_60  |L|L|-|-|-|-|-| |N|N|N|N|N|-|-| |-|-|-|-|E|E|E| |E|-|-|-|-|-|-|
CT_61  |D|D|-|-|-|-|-| |L|L|-|-|-|D|D| |L|L|-|-|-|-|-| |-|-|D|D|-|-|-|
CT_62  |N|N|N|N|N|-|-| |D|D|D|L|L|-|-| |N|N|N|N|N|-|-| |D|D|L|L|L|-|-|
CT_63  |N|N|N|N|-|-|-| |N|N|N|N|-|-|-| |D|D|D|D|D|-|-| |-|-|L|L|L|L|L|
CT_64  |N|N|N|-|-|-|-| |L|L|L|-|-|-|-| |-|-|-|E|E|L|L| |L|-|-|-|-|-|-|
CT_65  |E|E|E|D|D|-|-| |D|D|D|D|D|-|-| |N|N|N|N|N|-|-| |D|D|D|-|-|L|L|
CT_66  |N|-|-|-|E|E|E| |E|-|-|-|D|D|D| |E|E|E|-|-|-|-| |D|D|D|D|-|-|-|
CT_67  |-|-|L|L|L|-|-| |-|-|-|L|L|-|-| |-|-|-|D|D|-|-| |-|-|-|E|E|-|-|
CT_68  |-|-|-|-|N|N|N| |N|-|-|-|-|-|-| |D|D|D|-|-|-|-| |-|D|D|D|D|-|-|
CT_69  |-|-|D|D|D|-|-| |-|-|L|L|L|-|-| |-|-|-|-|D|D|D| |E|E|-|-|-|-|-|
CT_70  |D|D|E|E|E|-|-| |-|-|D|D|E|E|E| |-|-|-|-|D|D|L| |L|L|-|-|-|-|-|
CT_71  |D|D|-|-|-|-|E| |E|-|-|-|-|-|-| |D|D|D|-|-|-|-| |-|-|-|E|E|-|-|
CT_72  |D|D|-|-|-|-|-| |-|N|N|N|N|-|-| |-|-|-|-|E|E|-| |-|-|-|L|L|-|-|
CT_73  |N|N|N|N|-|-|-| |E|E|-|-|N|N|N| |N|-|-|-|-|-|-| |L|L|-|-|-|-|-|
CT_74  |-|-|D|D|-|-|-| |L|L|-|-|-|-|-| |L|L|-|-|-|-|-| |D|D|-|-|-|-|E|
CT_75  |-|-|-|-|D|D|N| |N|N|N|N|-|-|-| |-|E|E|N|N|N|N| |N|-|-|L|-|-|-|
CT_76  |N|-|L|L|L|-|-| |N|N|N|N|N|-|-| |E|E|E|-|-|E|E| |E|-|-|E|E|E|D|
CT_77  |D|D|D|L|L|-|-| |E|E|E|L|L|-|-| |D|D|D|-|-|L|L| |L|-|-|E|E|E|E|
CT_78  |L|-|-|D|D|D|D| |-|-|E|E|E|D|D| |-|N|N|N|N|-|-| |-|N|N|N|N|-|-|
CT_79  |E|E|-|-|-|-|-| |D|D|-|-|-|-|-| |-|L|L|-|-|-|-| |D|D|-|-|-|-|-|
TR_80  |-|D|D|D|D|-|-| |-|N|N|N|N|-|-| |-|-|D|D|D|D|-| |-|-|-|-|E|E|L|
TR_81  |E|E|L|L|L|-|-| |-|-|E|E|E|L|L| |-|-|-|-|-|-|-| |E|E|E|-|-|-|-|
TR_82  |-|-|D|D|D|-|-| |-|-|-|-|-|E|E| |L|L|-|-|-|-|-| |N|N|N|N|-|-|-|
TR_83  |D|L|L|-|-|-|-| |N|N|N|N|-|-|-| |D|D|E|E|-|-|-| |-|E|E|L|L|-|-|
TR_84  |L|-|-|-|-|N|N| |N|N|N|-|-|-|-| |N|N|N|N|-|-|-| |N|N|N|N|N|-|-|
TR_85  |-|D|D|-|-|-|-| |L|L|-|-|-|-|-| |-|N|N|N|N|N|-| |-|-|-|D|D|-|-|
TR_86  |-|L|L|L|L|-|-| |-|-|-|-|-|E|E| |E|E|-|-|-|-|-| |-|N|N|N|N|-|-|
TR_87  |-|-|-|L|-|-|-| |D|D|D|E|E|-|-| |-|E|E|E|E|-|-| |-|-|D|D|E|E|E|
TR_88  |-|-|E|E|L|L|L| |L|-|-|-|-|N|N| |N|N|N|-|-|-|-| |L|L|L|L|-|-|-|
TR_89  |-|-|E|E|E|-|-| |L|L|L|L|L|-|-| |N|N|N|N|N|-|-| |E|E|E|E|E|-|-|
TR_90  |N|N|-|-|-|-|-| |D|D|D|-|-|-|-| |-|-|L|L|L|-|-| |-|-|-|-|D|D|N|
TR_91  |L|-|-|-|L|L|L| |L|-|-|E|E|D|D| |-|-|L|L|L|-|-| |D|D|E|E|E|-|-|
TR_92  |-|-|-|-|-|-|E| |E|-|-|-|-|-|-| |E|E|-|-|-|-|-| |L|L|-|-|-|-|-|
TR_93  |-|-|-|-|D|D|D| |D|-|-|-|-|-|-| |E|E|E|E|-|-|-| |-|-|E|E|E|-|-|
TR_94  |N|N|N|N|N|-|-| |-|-|L|L|L|-|-| |-|-|-|-|E|E|E| |-|-|-|-|-|-|-|
TR_95  |-|-|-|D|D|-|-| |-|-|-|D|D|-|-| |L|L|-|-|-|-|E| |E|-|-|-|-|-|-|
TR_96  |-|E|E|E|E|-|-| |-|E|E|D|D|-|-| |-|-|E|E|E|D|D| |D|-|-|-|-|-|D|
TR_97  |L|L|-|-|E|E|E| |-|-|L|L|L|-|-| |D|D|D|D|D|-|-| |N|N|N|N|N|-|-|
TR_98  |-|D|D|D|-|-|-| |E|E|E|E|-|-|-| |D|D|D|D|-|-|-| |D|D|L|L|-|-|-|
TR_99  |D|D|D|L|L|-|-| |-|-|E|E|E|D|D| |-|-|-|-|D|D|L| |L|L|-|-|-|-|-|
TR_100 |E|E|D|D|D|-|-| |N|N|N|N|N|-|-| |D|D|D|-|-|L|L| |N|-|D|D|D|N|N|
TR_101 |N|N|N|N|N|-|-| |E|E|E|L|L|-|-| |E|E|L|L|L|-|-| |D|D|D|-|-|D|D|
TR_102 |E|E|-|-|-|-|-| |D|D|D|N|N|-|-| |-|-|-|N|N|N|N| |-|-|-|-|-|-|-|
TR_103 |-|-|-|E|E|E|E| |E|-|-|-|-|-|-| |L|L|L|-|-|-|-| |L|L|L|-|-|-|-|
TR_104 |D|D|-|-|N|N|N| |N|-|-|E|E|E|E| |-|-|E|E|E|-|-| |E|E|L|L|L|-|-|
TR_105 |N|N|N|-|-|-|-| |E|E|D|D|-|-|-| |-|E|E|D|D|-|-| |-|N|N|N|N|-|-|
TR_106 |E|-|E|E|E|-|-| |N|N|N|N|N|-|-| |E|E|D|D|-|-|E| |E|E|-|-|D|D|E|
TR_107 |N|N|N|N|N|-|-| |-|-|E|-|-|-|-| |N|N|N|N|-|-|-| |D|D|E|E|L|L|L|
TR_108 |-|-|-|E|E|-|-| |L|L|-|-|-|-|L| |L|-|-|L|L|-|-| |-|-|-|E|E|-|-|
TR_109 |L|L|-|-|-|D|D| |D|D|D|-|-|-|-| |L|L|L|L|L|-|-| |-|-|D|D|D|L|L|


Hard constraint violations
--------------------------

Minimal coverage constraints: 0
Required skill constraints: 0
Illegal shift type succession constraints: 0
Single assignment per day: 0


Cost per constraint type
------------------------

Total assignment constraints: 2880
Consecutive constraints: 4185
Non working days constraints: 1230
Preferences: 390
Max working weekend: 180
Complete weekends: 330
Optimal coverage constraints: 1110

------------------------

Total cost: 10305
