Argumentos: 
./solver.release -i 30 -t 86400 -a 7 -h 86400 -w Testes/Mtoni-i30 -m modeloToni.mod -o modeloToni.mod 
Seed: 1622676164
hidden-TXT/Sc-n110w4.txt
hidden-TXT/H0-n110w4-2.txt
hidden-TXT/WD-n110w4-9.txt hidden-TXT/WD-n110w4-8.txt hidden-TXT/WD-n110w4-4.txt hidden-TXT/WD-n110w4-9.txt 
Reading model section from modeloToni.mod...
363 lines were read
Reading data section from Testes/Mtoni-i30/30.dat...
19773 lines were read
Generating obj...
Generating H1turnoDia...
Generating H2coberturaMinima...
Generating H3AsucessaoTurnos...
Generating H3BsucessaoTurnos...
Generating H4qualificacao...
Generating S1coberturaOtima...
Generating S2d...
Generating S2dHist...
Generating S2b...
Generating S2bHist...
Generating aux1S2a...
Generating auxS2a...
Generating aux3S2a...
Generating aux4S2a...
Generating s2aHistMin2...
Generating s2aHistMin3h1...
Generating s2aHistMin3h2...
Generating s2aHistMin4h1...
Generating s2aHistMin4h2...
Generating s2aHistMin4h3...
Generating s2aHistMin5h1...
Generating s2aHistMin5h2...
Generating s2aHistMin5h3...
Generating s2aHistMin5h4...
Generating auxS2b...
Generating aux1S2b...
Generating aux3S2b...
Generating aux4S2b...
Generating s2bHist...
Generating s2bHistMin3h1turnos...
Generating s2bHistMin3h2turnos...
Generating s2bHistMin4h1...
Generating s2bHistMin4h2...
Generating s2bHistMin4h3...
Generating s2bHistMin5h1...
Generating s2bHistMin5h2...
Generating s2bHistMin5h3...
Generating s2bHistMin5h34...
Generating auxS5...
Generating S6a...
Generating S6b...
Generating auxS7...
Generating S7...
Generating auxConsec...
Generating consecDias...
Generating auxConsecHist...
Generating consecHistDias...
Generating auxConsec2...
Generating consecTurnos...
Generating auxConsec2Hist...
Generating consecHistTurnos...
Model has been successfully generated
Writing problem data to `Testes/Mtoni-i30/30.lp'...
735840 lines were written
CPX0000  Tried aggregator 2 times.
CPX0000  MIP Presolve eliminated 23090 rows and 49630 columns.
CPX0000  MIP Presolve modified 83226 coefficients.
CPX0000  Aggregator did 16051 substitutions.
CPX0000  Reduced MIP has 63801 rows, 74305 columns, and 563044 nonzeros.
CPX0000  Reduced MIP has 50983 binaries, 23322 generals, 0 SOSs, and 0 indicators.
CPX0000  Presolve time = 1.77 sec. (1039.55 ticks)
CPX0000  Found incumbent of value 1508300.000000 after 3.59 sec. (2337.64 ticks)
[1m[30m[ZEN] [0m00:00:03 [1m[34m1508300.00[1m[32m  100.00%
[0mCPX0000  Probing time = 0.06 sec. (20.10 ticks)
CPX0000  Tried aggregator 2 times.
CPX0000  MIP Presolve modified 145 coefficients.
CPX0000  Aggregator did 35 substitutions.
CPX0000  Reduced MIP has 63766 rows, 74270 columns, and 562974 nonzeros.
CPX0000  Reduced MIP has 50983 binaries, 23287 generals, 0 SOSs, and 0 indicators.
CPX0000  Presolve time = 0.57 sec. (303.41 ticks)
CPX0000  Probing time = 0.06 sec. (19.00 ticks)
CPX0000  Clique table members: 15465.
CPX0000  MIP emphasis: balance optimality and feasibility.
CPX0000  MIP search method: dynamic search.
CPX0000  Parallel mode: none, using 1 thread.
CPX0000  Root relaxation solution time = 111.78 sec. (37579.43 ticks)
CPX0000
CPX0000          Nodes                                         Cuts/
CPX0000     Node  Left     Objective  IInf  Best Integer    Best Bound    ItCnt     Gap
CPX0000
CPX0000  *     0+    0                      1508300.0000        0.0000    34413  100.00%
CPX0000        0     0      926.7385 12223  1508300.0000      926.7385    34413   99.94%
CPX0000        0     0     1232.9021 12562  1508300.0000    Cuts: 4081    67363   99.92%
CPX0000        0     0     1374.2292 12782  1508300.0000    Cuts: 3471   106981   99.91%
CPX0000        0     0     1399.1141 12857  1508300.0000    Cuts: 3160   144329   99.91%
CPX0000  *     0+    0                       292635.0000     1399.1141   144329   99.52%
[1m[30m[ZEN] [0m00:12:15 [1m[34m 292635.00[1m[32m   99.52%
[0mCPX0000        0     0     1416.1365 12733   292635.0000    Cuts: 2945   187341   99.52%
CPX0000        0     0     1440.1001 13177   292635.0000    Cuts: 2729   220983   99.51%
CPX0000        0     0     1479.4359 13121   292635.0000    Cuts: 2793   279362   99.49%
CPX0000        0     0     1523.8993 13540   292635.0000    Cuts: 3022   320027   99.48%
CPX0000        0     0     1560.2074 13242   292635.0000    Cuts: 3238   360533   99.47%
CPX0000        0     0     1589.4454 13640   292635.0000    Cuts: 3086   401021   99.46%
CPX0000        0     0     1628.4239 13411   292635.0000    Cuts: 2952   436809   99.44%
CPX0000        0     0     1654.6149 13665   292635.0000    Cuts: 2945   470029   99.43%
CPX0000        0     0     1671.9185 13629   292635.0000    Cuts: 2914   505298   99.43%
CPX0000        0     0     1708.8791 13529   292635.0000    Cuts: 2781   546059   99.42%
CPX0000        0     0     1729.2178 13676   292635.0000    Cuts: 2978   581573   99.41%
CPX0000        0     0     1753.9359 13382   292635.0000    Cuts: 2938   619746   99.40%
CPX0000        0     0     1786.9133 13080   292635.0000    Cuts: 2701   656551   99.39%
CPX0000        0     0     1821.3608 13335   292635.0000    Cuts: 2827   696310   99.38%
CPX0000        0     0     1842.6696 13522   292635.0000    Cuts: 3021   733158   99.37%
CPX0000        0     0     1858.6206 13635   292635.0000    Cuts: 2996   770773   99.36%
CPX0000        0     0     1873.6478 13309   292635.0000    Cuts: 2922   807572   99.36%
CPX0000        0     0     1888.1459 13427   292635.0000    Cuts: 3006   844612   99.35%
CPX0000        0     0     1904.8856 13706   292635.0000    Cuts: 2952   896973   99.35%
CPX0000        0     0     1921.8607 13377   292635.0000    Cuts: 2918   931260   99.34%
CPX0000        0     0     1944.6251 13550   292635.0000    Cuts: 2800   968091   99.34%
CPX0000        0     0     1962.7703 13483   292635.0000    Cuts: 3026  1006242   99.33%
CPX0000        0     0     1973.7119 13272   292635.0000    Cuts: 2828  1065119   99.33%
CPX0000        0     0     1980.7420 13310   292635.0000    Cuts: 3042  1106127   99.32%
CPX0000        0     0     1984.5283 13466   292635.0000    Cuts: 3289  1146527   99.32%
CPX0000        0     0     1992.0510 12996   292635.0000    Cuts: 3165  1192707   99.32%
CPX0000        0     0     1997.6097 13312   292635.0000    Cuts: 3128  1229004   99.32%
CPX0000        0     0     2006.3563 13491   292635.0000    Cuts: 3225  1267617   99.31%
CPX0000        0     0     2014.3572 12842   292635.0000    Cuts: 3261  1310653   99.31%
CPX0000        0     0     2017.6767 12979   292635.0000    Cuts: 3136  1351857   99.31%
CPX0000        0     0     2022.5737 13242   292635.0000    Cuts: 3179  1388182   99.31%
CPX0000        0     0     2030.4533 13295   292635.0000    Cuts: 3330  1430704   99.31%
CPX0000        0     0     2036.3601 13159   292635.0000    Cuts: 3418  1472274   99.30%
CPX0000        0     0     2045.6834 13084   292635.0000    Cuts: 3302  1511542   99.30%
CPX0000        0     0     2049.0733 13144   292635.0000    Cuts: 3121  1551350   99.30%
CPX0000        0     0     2056.3607 13299   292635.0000    Cuts: 3096  1592401   99.30%
CPX0000        0     0     2061.7229 13531   292635.0000    Cuts: 3305  1629359   99.30%
CPX0000        0     0     2063.6631 13546   292635.0000    Cuts: 2956  1673929   99.29%
CPX0000        0     0     2067.6031 13784   292635.0000    Cuts: 3153  1716160   99.29%
CPX0000        0     0     2078.6403 13476   292635.0000    Cuts: 3241  1755812   99.29%
CPX0000        0     0     2081.4217 13111   292635.0000    Cuts: 3005  1794284   99.29%
CPX0000        0     0     2085.6669 13041   292635.0000    Cuts: 3034  1835145   99.29%
CPX0000        0     0     2091.9628 13107   292635.0000    Cuts: 3300  1876289   99.29%
CPX0000        0     0     2102.2514 13061   292635.0000    Cuts: 3197  1914886   99.28%
CPX0000        0     0     2106.9958 12696   292635.0000    Cuts: 3193  1968616   99.28%
CPX0000        0     0     2117.4177 13137   292635.0000    Cuts: 3301  2008825   99.28%
CPX0000        0     0     2129.2844 13443   292635.0000    Cuts: 3247  2047780   99.27%
CPX0000        0     0     2140.1022 12731   292635.0000    Cuts: 3225  2089131   99.27%
CPX0000        0     0     2146.5688 13081   292635.0000    Cuts: 3300  2129957   99.27%
CPX0000        0     0     2154.1788 13055   292635.0000    Cuts: 3143  2174144   99.26%
CPX0000        0     0     2161.2164 12950   292635.0000    Cuts: 3081  2213293   99.26%
CPX0000        0     0     2165.1084 13031   292635.0000    Cuts: 3083  2250739   99.26%
CPX0000        0     0     2174.1005 13061   292635.0000    Cuts: 3057  2289024   99.26%
CPX0000        0     0     2178.3066 12589   292635.0000    Cuts: 3129  2328665   99.26%
CPX0000        0     0     2184.3476 13064   292635.0000    Cuts: 3712  2370205   99.25%
CPX0000        0     0     2192.0654 13197   292635.0000    Cuts: 4052  2412226   99.25%
CPX0000        0     0     2197.0445 13101   292635.0000    Cuts: 3781  2453884   99.25%
CPX0000        0     0     2199.2974 12960   292635.0000    Cuts: 3600  2490625   99.25%
CPX0000        0     0     2203.4678 13159   292635.0000    Cuts: 3611  2534542   99.25%
CPX0000        0     0     2204.3330 13172   292635.0000    Cuts: 3217  2575003   99.25%
CPX0000        0     0     2207.1020 12399   292635.0000    Cuts: 1720  2607636   99.25%
CPX0000        0     0     2211.3863 12799   292635.0000    Cuts: 3399  2642239   99.24%
CPX0000        0     0     2215.6222 12852   292635.0000    Cuts: 3055  2682243   99.24%
CPX0000        0     0     2219.2563 12739   292635.0000    Cuts: 3339  2727387   99.24%
CPX0000        0     0     2222.5000 12734   292635.0000    Cuts: 3313  2768085   99.24%
CPX0000        0     0     2226.7696 12657   292635.0000    Cuts: 3337  2812030   99.24%
CPX0000        0     0     2234.4963 12640   292635.0000    Cuts: 3491  2862880   99.24%
CPX0000        0     0     2237.0328 12726   292635.0000    Cuts: 3589  2913343   99.24%
CPX0000        0     0     2238.8409 12921   292635.0000    Cuts: 3273  2963002   99.23%
CPX0000        0     0     2244.0186 12860   292635.0000    Cuts: 3544  3021265   99.23%
CPX0000        0     0     2245.2253 12936   292635.0000    Cuts: 3353  3067697   99.23%
CPX0000  Heuristic still looking.
CPX0000  Heuristic still looking.
CPX0000  Heuristic still looking.
CPX0000  *     0+    0                       102195.0000     2245.2253  3067697   97.80%
CPX0000  *     0+    0                        86255.0000     2245.2253  3067697   97.40%
CPX0000  *     0+    0                        53625.0000     2245.2253  3067697   95.81%
[1m[30m[ZEN] [0m05:54:54 [1m[34m  53625.00[1m[32m   95.81%
[0mCPX0000        0     2     2245.2253 10212    53625.0000     2245.2253  3067697   95.81%
CPX0000  Elapsed time = 21294.60 sec. (6710171.58 ticks, tree = 0.00 MB
CPX0000        1     3     2249.5110 11369    53625.0000     2245.2253  3144387   95.81%
CPX0000        2     4     2251.3364 11879    53625.0000     2249.5110  3170640   95.81%
CPX0000        3     5     2255.6738 11958    53625.0000     2249.5110  3197403   95.81%
CPX0000        4     6     2251.1777 11672    53625.0000     2251.1777  3230290   95.80%
CPX0000        5     7     2251.1777 11668    53625.0000     2251.1777  3230736   95.80%
CPX0000        6     8     2251.1777 11803    53625.0000     2251.1777  3231909   95.80%
CPX0000        7     9     2251.1777 11600    53625.0000     2251.1777  3237996   95.80%
CPX0000        8    10     2251.9812 11417    53625.0000     2251.1777  3239253   95.80%
CPX0000        9    11     2253.8562 11479    53625.0000     2251.1777  3240414   95.80%
CPX0000       10    12     2252.7649 10961    53625.0000     2251.1777  3247417   95.80%
CPX0000  Elapsed time = 22179.37 sec. (6991959.86 ticks, tree = 1.04 MB
CPX0000       11    13     2251.9812 11349    53625.0000     2251.1777  3255455   95.80%
CPX0000       12    14     2254.4812 11329    53625.0000     2251.1777  3257152   95.80%
CPX0000       14    16     2254.4812 11376    53625.0000     2251.1777  3259935   95.80%
CPX0000       15    17     2251.9812 11405    53625.0000     2251.1777  3260899   95.80%
CPX0000       16    18     2251.9812 11317    53625.0000     2251.1777  3269636   95.80%
CPX0000       17    19     2251.9812 11341    53625.0000     2251.1777  3272145   95.80%
CPX0000       18    20     2262.5998 11218    53625.0000     2251.1777  3282504   95.80%
CPX0000       19    21     2251.9812 11195    53625.0000     2251.1777  3298663   95.80%
CPX0000       20    22     2251.9812 11212    53625.0000     2251.1777  3300113   95.80%
CPX0000       21    23     2258.2403 11256    53625.0000     2251.1777  3303526   95.80%
CPX0000  Elapsed time = 22695.08 sec. (7124358.62 ticks, tree = 1.35 MB
CPX0000       22    24     2251.9812 11295    53625.0000     2251.1777  3315210   95.80%
CPX0000       23    25     2251.9812 11235    53625.0000     2251.1777  3319393   95.80%
CPX0000       24    26     2251.9812 11135    53625.0000     2251.1777  3329124   95.80%
CPX0000       25    27     2251.9812 11143    53625.0000     2251.1777  3331442   95.80%
CPX0000       26    28     2252.3523 11303    53625.0000     2251.1777  3340261   95.80%
CPX0000       27    29     2251.9812 11290    53625.0000     2251.1777  3356223   95.80%
CPX0000       28    30     2252.0116 11016    53625.0000     2251.1777  3372921   95.80%
CPX0000       29    31     2252.3828 11114    53625.0000     2251.1777  3376139   95.80%
CPX0000       30    32     2252.0116 11007    53625.0000     2251.1777  3377969   95.80%
CPX0000       31    33     2253.2266 11105    53625.0000     2251.1777  3381203   95.80%
CPX0000  Elapsed time = 23475.54 sec. (7329234.47 ticks, tree = 1.59 MB
CPX0000       32    34     2262.6296 11234    53625.0000     2251.1777  3402164   95.80%
CPX0000       33    35     2253.2266 11094    53625.0000     2251.1777  3403940   95.80%
CPX0000       34    36     2253.2266 11146    53625.0000     2251.1777  3405404   95.80%
CPX0000       35    37     2253.2698 11146    53625.0000     2251.1777  3408416   95.80%
CPX0000       36    38     2253.2266 11134    53625.0000     2251.1777  3411059   95.80%
CPX0000       37    39     2253.2266 11149    53625.0000     2251.1777  3415587   95.80%
CPX0000       39    41     2253.2266 11129    53625.0000     2251.1777  3418495   95.80%
CPX0000       40    42     2260.7266 10677    53625.0000     2251.1777  3420945   95.80%
CPX0000       41    43     2263.2266 10750    53625.0000     2251.1777  3428622   95.80%
CPX0000       43    45     2264.0600 10495    53625.0000     2251.1777  3433115   95.80%
CPX0000  Elapsed time = 23566.65 sec. (7359921.67 ticks, tree = 1.93 MB
CPX0000       44    46     2260.7266 10553    53625.0000     2251.1777  3434706   95.80%
CPX0000       45    47     2260.7266 10580    53625.0000     2251.1777  3435833   95.80%
CPX0000       46    48     2274.0600 10495    53625.0000     2251.1777  3439799   95.80%
CPX0000       47    49     2260.7266 10435    53625.0000     2251.1777  3441074   95.80%
CPX0000       49    51     2260.7266 10384    53625.0000     2251.1777  3443489   95.80%
CPX0000       50    52     2260.7266 10437    53625.0000     2251.1777  3445001   95.80%
CPX0000       51    53     2260.7266 10409    53625.0000     2251.1777  3448193   95.80%
CPX0000       52    54     2260.7266 10638    53625.0000     2251.1777  3452853   95.80%
CPX0000       53    55     2263.2266 10372    53625.0000     2251.1777  3453797   95.80%
CPX0000       54    56     2260.7266 10502    53625.0000     2251.1777  3454815   95.80%
CPX0000  Elapsed time = 23620.14 sec. (7379592.18 ticks, tree = 2.23 MB
CPX0000       57    59     2260.7266 10405    53625.0000     2251.1777  3456507   95.80%
CPX0000       59    61     2263.2266 10416    53625.0000     2251.1777  3457508   95.80%
CPX0000       60    62     2260.7266 10382    53625.0000     2251.1777  3458784   95.80%
CPX0000       61    63     2260.7266 10287    53625.0000     2251.1777  3459940   95.80%
CPX0000       62    64     2260.7266 10262    53625.0000     2251.1777  3460773   95.80%
CPX0000       63    65     2260.7266 10212    53625.0000     2251.1777  3461723   95.80%
CPX0000       65    67     2260.7266 10105    53625.0000     2251.1777  3463537   95.80%
CPX0000       67    69     2275.7266 10199    53625.0000     2251.1777  3465991   95.80%
CPX0000       69    71     2275.7266 10150    53625.0000     2251.1777  3468302   95.80%
CPX0000       70    72     2285.8159 10102    53625.0000     2251.1777  3471662   95.80%
CPX0000  Elapsed time = 24188.24 sec. (7528062.15 ticks, tree = 2.66 MB
CPX0000       74    76     2287.4826  9944    53625.0000     2251.1777  3474579   95.80%
CPX0000       76    78     2287.4826  9970    53625.0000     2251.1777  3475463   95.80%
CPX0000       78    80     2287.4826  9973    53625.0000     2251.1777  3476987   95.80%
CPX0000       79    81     2289.9826  9970    53625.0000     2251.1777  3477761   95.80%
CPX0000       80    82     2321.4409  9912    53625.0000     2251.1777  3479040   95.80%
CPX0000       83    85     2293.6189 10005    53625.0000     2251.1777  3481029   95.80%
CPX0000       84    86     2289.9826  9969    53625.0000     2251.1777  3481785   95.80%
CPX0000       85    87     2289.9826  9959    53625.0000     2251.1777  3485684   95.80%
CPX0000       86    88     2289.9826  9934    53625.0000     2251.1777  3487708   95.80%
CPX0000       87    89     2290.2132  9945    53625.0000     2251.1777  3490174   95.80%
CPX0000  Elapsed time = 24243.05 sec. (7547580.65 ticks, tree = 3.09 MB
CPX0000       88    90     2297.2988  9881    53625.0000     2251.1777  3493419   95.80%
CPX0000       89    91     2297.2988  9886    53625.0000     2251.1777  3495189   95.80%
CPX0000       90    92     2297.2988  9831    53625.0000     2251.1777  3498660   95.80%
CPX0000       91    93     2297.2988  9824    53625.0000     2251.1777  3501442   95.80%
CPX0000       92    94     2297.2988  9803    53625.0000     2251.1777  3506714   95.80%
CPX0000       93    95     2298.9182  9860    53625.0000     2251.1777  3508313   95.80%
CPX0000       94    96     2304.7009  9772    53625.0000     2251.1777  3511781   95.80%
CPX0000       95    97     2304.7009  9855    53625.0000     2251.1777  3522463   95.80%
CPX0000       96    98     2304.7473  9786    53625.0000     2251.1777  3527090   95.80%
CPX0000       97    99     2304.7473  9753    53625.0000     2251.1777  3530623   95.80%
CPX0000  Elapsed time = 24333.08 sec. (7577106.36 ticks, tree = 4.48 MB
CPX0000       98   100     2304.7473  9843    53625.0000     2251.1777  3531974   95.80%
CPX0000       99   101     2304.7473  9903    53625.0000     2251.1777  3534064   95.80%
CPX0000      100   102     2304.7473  9842    53625.0000     2251.1777  3538724   95.80%
CPX0000      101   103     2304.7473  9819    53625.0000     2251.1777  3540821   95.80%
CPX0000      103   105     2305.6530 10041    53625.0000     2251.1777  3547428   95.80%
CPX0000      104   106     2307.3386  9946    53625.0000     2251.1777  3571420   95.80%
CPX0000      105   107     2304.8453  9862    53625.0000     2251.1777  3574262   95.80%
CPX0000      106   108     2305.2189 10025    53625.0000     2251.1777  3584232   95.80%
CPX0000      107   109     2310.1462  9812    53625.0000     2251.1777  3602445   95.80%
CPX0000      108   110     2310.1462  9835    53625.0000     2251.1777  3604385   95.80%
CPX0000  Elapsed time = 24406.55 sec. (7603840.64 ticks, tree = 4.76 MB
CPX0000      110   112     2310.1462  9818    53625.0000     2251.1777  3607072   95.80%
CPX0000      111   113     2310.6741  9732    53625.0000     2251.1777  3609790   95.80%
CPX0000      112   114     2310.6741  9722    53625.0000     2251.1777  3612800   95.80%
CPX0000      113   115     2315.6741  9573    53625.0000     2251.1777  3614636   95.80%
CPX0000      115   117     2318.1741  9467    53625.0000     2251.1777  3617322   95.80%
CPX0000      117   119     2326.8105  9416    53625.0000     2251.1777  3619758   95.80%
CPX0000      119   121     2334.3105  9342    53625.0000     2251.1777  3622214   95.80%
CPX0000      120   122     2334.3105  9434    53625.0000     2251.1777  3622846   95.80%
CPX0000      121   123     2347.6438  9329    53625.0000     2251.1777  3625600   95.80%
CPX0000      124   126     2347.6438  9404    53625.0000     2251.1777  3630152   95.80%
CPX0000  Elapsed time = 24476.18 sec. (7630775.38 ticks, tree = 5.20 MB
CPX0000      126   128     2347.6438  9563    53625.0000     2251.1777  3637292   95.80%
CPX0000      129   131     2350.9772  9293    53625.0000     2251.1777  3640878   95.80%
CPX0000      131   133     2353.9534  9410    53625.0000     2251.1777  3650366   95.80%
CPX0000      132   134     2351.1661  9220    53625.0000     2251.1777  3671163   95.80%
CPX0000      134   136     2352.2969  9333    53625.0000     2251.1777  3687415   95.80%
CPX0000      137   139     2352.2969  9178    53625.0000     2251.1777  3694581   95.80%
CPX0000      141   143     2352.2969  9120    53625.0000     2251.1777  3701638   95.80%
CPX0000      143   145     2352.2969  9132    53625.0000     2251.1777  3702094   95.80%
CPX0000      146   148     2352.2969  9097    53625.0000     2251.1777  3707347   95.80%
CPX0000      148   150     2352.2969  9127    53625.0000     2251.1777  3716126   95.80%
CPX0000  Elapsed time = 24608.78 sec. (7686078.70 ticks, tree = 5.87 MB
CPX0000      150   152     2352.2969  9200    53625.0000     2251.1777  3723092   95.80%
CPX0000      154   156     2352.4769  9070    53625.0000     2251.1777  3728191   95.80%
CPX0000      159   161     2352.4769  9020    53625.0000     2251.1777  3733495   95.80%
CPX0000      162   164     2352.7479  9022    53625.0000     2251.1777  3738272   95.80%
CPX0000      166   168     2352.7795  9042    53625.0000     2251.1777  3746274   95.80%
CPX0000      168   170     2352.7795  9046    53625.0000     2251.1777  3752733   95.80%
CPX0000      171   173     2353.5404  9030    53625.0000     2251.1777  3761070   95.80%
CPX0000      173   175     2353.7582  8994    53625.0000     2251.1777  3769178   95.80%
CPX0000      178   180     2358.5140  9038    53625.0000     2251.1777  3777764   95.80%
CPX0000      180   182     2358.5140  9036    53625.0000     2251.1777  3789851   95.80%
CPX0000  Elapsed time = 24733.26 sec. (7731333.72 ticks, tree = 6.81 MB
CPX0000      184   186     2385.1738  9069    53625.0000     2251.1777  3802039   95.80%
CPX0000      185   187     2360.2998  9010    53625.0000     2251.1777  3803221   95.80%
CPX0000      187   189     2360.4684  9020    53625.0000     2251.1777  3815276   95.80%
CPX0000      189   191     2363.2758  8801    53625.0000     2251.1777  3821479   95.80%
CPX0000      192   194     2363.2758  8860    53625.0000     2251.1777  3826322   95.80%
CPX0000      195   197     2403.2758  8755    53625.0000     2251.1777  3830311   95.80%
CPX0000      199   201     2364.2288  8785    53625.0000     2251.1777  3837549   95.80%
CPX0000      202   204     2364.3041  8760    53625.0000     2251.1777  3844720   95.80%
CPX0000      206   208     2392.4291  8708    53625.0000     2251.1777  3848844   95.80%
CPX0000      208   210     2392.4291  8622    53625.0000     2251.1777  3851897   95.80%
CPX0000  Elapsed time = 24885.94 sec. (7781017.99 ticks, tree = 7.62 MB
CPX0000      210   212     2397.4291  8645    53625.0000     2251.1777  3858138   95.80%
CPX0000      212   214     2397.4291  8659    53625.0000     2251.1777  3863102   95.80%
CPX0000      215   217     2402.4291  8512    53625.0000     2251.1777  3866506   95.80%
CPX0000      217   219     2402.4291  8505    53625.0000     2251.1777  3866885   95.80%
CPX0000      220   222     2405.7625  8539    53625.0000     2251.1777  3870011   95.80%
CPX0000      224   226     2409.7625  8356    53625.0000     2251.1777  3875542   95.80%
CPX0000      226   228     2424.7625  8365    53625.0000     2251.1777  3875821   95.80%
CPX0000      230   232     2409.7625  8490    53625.0000     2251.1777  3878984   95.80%
CPX0000      234   236     2416.3496  8327    53625.0000     2251.1777  3884145   95.80%
CPX0000      238   240     2416.3496  8238    53625.0000     2251.1777  3889186   95.80%
CPX0000  Elapsed time = 25017.08 sec. (7827548.09 ticks, tree = 12.90 MB
CPX0000      243   245     2416.3496  8143    53625.0000     2251.1777  3893174   95.80%
CPX0000      247   249     2420.6225  8227    53625.0000     2251.1777  3900983   95.80%
CPX0000      249   251     2427.3542  8174    53625.0000     2251.1777  3909059   95.80%
CPX0000      251   253     2422.9384  8184    53625.0000     2251.1777  3918941   95.80%
CPX0000      252   254     2424.5759  8215    53625.0000     2251.1777  3923278   95.80%
CPX0000      256   258     2423.3897  8084    53625.0000     2251.1777  3941582   95.80%
CPX0000      259   261     2423.3897  8073    53625.0000     2251.1777  3956486   95.80%
CPX0000      262   264     2432.0889  8091    53625.0000     2251.1777  3982631   95.80%
CPX0000      266   268     2433.0862  8144    53625.0000     2251.1777  3999894   95.80%
CPX0000      269   271     2433.0862  8156    53625.0000     2251.1777  4018416   95.80%
CPX0000  Elapsed time = 25150.04 sec. (7877760.66 ticks, tree = 16.07 MB
CPX0000      272   274     2430.3199  8127    53625.0000     2251.1777  4037026   95.80%
CPX0000      276   278     2432.9231  8134    53625.0000     2251.1777  4057741   95.80%
CPX0000      278   280     2440.0227  8012    53625.0000     2251.1777  4076130   95.80%
CPX0000      282   284     2444.9770  8155    53625.0000     2251.1777  4098276   95.80%
CPX0000      286   288     2446.5637  8113    53625.0000     2251.1777  4117570   95.80%
CPX0000      291   293     2479.1384  8164    53625.0000     2251.1777  4141608   95.80%
CPX0000      295   297     2484.1709  8109    53625.0000     2251.1777  4166664   95.80%
CPX0000      300   302     2502.7803  8161    53625.0000     2251.1777  4186087   95.80%
CPX0000      304   306     2480.0837  8060    53625.0000     2251.1777  4205287   95.80%
CPX0000      308   310     2499.6192  8105    53625.0000     2251.1777  4226939   95.80%
CPX0000  Elapsed time = 25277.40 sec. (7923882.01 ticks, tree = 17.27 MB
CPX0000      313   315     2487.5322  8209    53625.0000     2251.1777  4254229   95.80%
CPX0000      316   318     2483.0287  8200    53625.0000     2251.1777  4273474   95.80%
CPX0000      318   320     2487.3767  8075    53625.0000     2251.1777  4292042   95.80%
CPX0000      320   322     2487.3767  8108    53625.0000     2251.1777  4313117   95.80%
CPX0000      323   325     2492.6842  8107    53625.0000     2251.1777  4334793   95.80%
CPX0000      325   327     2501.5408  7968    53625.0000     2251.1777  4362363   95.80%
CPX0000      327   329     2503.8266  8011    53625.0000     2251.1777  4389764   95.80%
CPX0000      330   332     2504.1200  8008    53625.0000     2251.1777  4416792   95.80%
CPX0000      333   335     2505.5230  8019    53625.0000     2251.1777  4447311   95.80%
CPX0000      336   338     2514.9919  7877    53625.0000     2251.1777  4466846   95.80%
CPX0000  Elapsed time = 25405.27 sec. (7973724.17 ticks, tree = 18.20 MB
CPX0000      339   341     2514.9919  7940    53625.0000     2251.1777  4480761   95.80%
CPX0000      346   348     2514.9919  7991    53625.0000     2251.1777  4486730   95.80%
CPX0000      352   354     2515.0181  8040    53625.0000     2251.1777  4492748   95.80%
CPX0000      356   358     2517.0181  7868    53625.0000     2251.1777  4499797   95.80%
CPX0000      363   365     2517.0181  7699    53625.0000     2251.1777  4508110   95.80%
CPX0000      369   371     2551.3822  7535    53625.0000     2251.1777  4527458   95.80%
CPX0000      381   383     2588.4782  7579    53625.0000     2251.1777  4542134   95.80%
CPX0000      390   392     2588.4782  7482    53625.0000     2251.1777  4549010   95.80%
CPX0000      393   395     2606.3949  7560    53625.0000     2251.1777  4556471   95.80%
CPX0000      400   402     2608.4782  7490    53625.0000     2251.1777  4564293   95.80%
CPX0000  Elapsed time = 25527.39 sec. (8017407.73 ticks, tree = 20.28 MB
CPX0000      408   410     2615.4782  7461    53625.0000     2251.1777  4575694   95.80%
CPX0000      411   413     2610.1449  7344    53625.0000     2251.1777  4586306   95.80%
CPX0000      416   418     2610.1449  7389    53625.0000     2251.1777  4595585   95.80%
CPX0000      424   426     2615.9782  7500    53625.0000     2251.1777  4609847   95.80%
CPX0000      430   432     2616.9125  7377    53625.0000     2251.1777  4620292   95.80%
CPX0000      431   433     2625.4687  7355    53625.0000     2251.1777  4627085   95.80%
CPX0000      437   439     2620.8709  7333    53625.0000     2251.1777  4634890   95.80%
CPX0000      440   442     2622.9009  7138    53625.0000     2251.1777  4643886   95.80%
CPX0000      447   449     2627.0676  7049    53625.0000     2251.1777  4651153   95.80%
CPX0000      448   450     2697.0676  6659    53625.0000     2251.1777  4666116   95.80%
CPX0000  Elapsed time = 25685.98 sec. (8069102.46 ticks, tree = 21.88 MB
CPX0000      454   456     2699.5676  6715    53625.0000     2251.1777  4673978   95.80%
CPX0000      459   461     2697.0676  6552    53625.0000     2251.1777  4682516   95.80%
CPX0000      463   465     2714.8513  6380    53625.0000     2251.1777  4690819   95.80%
CPX0000      466   468     2765.6846  6460    53625.0000     2251.1777  4701733   95.80%
CPX0000      470   472     2710.6846  6462    53625.0000     2251.1777  4711680   95.80%
CPX0000  *   475+  317                        51165.0000     2260.4573  4943608   95.58%
CPX0000  *   475+  210                        50465.0000     2334.9643  6906882   95.37%
CPX0000  *   475+  140                        45355.0000     2334.9643  6906882   94.85%
CPX0000  *   475+   93                        43525.0000     2334.9643  6906882   94.64%
[1m[30m[ZEN] [0m13:54:52 [1m[34m  43525.00[1m[32m   94.64%
[0mCPX0000      475    94     2334.9643 11709    43525.0000     2339.2500  6906882   94.63%
CPX0000      476    95     2339.2500 10469    43525.0000     2339.2500  7006325   94.63%
CPX0000      477    95     2341.5746 10213    43525.0000     2339.2500  7018310   94.63%
CPX0000      478    96     2347.9301 10289    43525.0000     2339.2500  7034612   94.63%
CPX0000      479    97     2345.3246 10102    43525.0000     2339.2500  7061305   94.63%
CPX0000  Elapsed time = 51243.86 sec. (15568292.09 ticks, tree = 4.47 MB
CPX0000      480    98     2349.6164  9591    43525.0000     2339.2500  7079320   94.63%
CPX0000      481    99     2348.7698 10104    43525.0000     2339.2500  7108692   94.63%
CPX0000      482    99     2349.6164  9724    43525.0000     2339.2500  7124012   94.63%
CPX0000      483    99     2349.6164  9666    43525.0000     2339.2500  7129520   94.63%
CPX0000      484    99     2349.9829 10142    43525.0000     2339.2500  7161793   94.63%
CPX0000      486   100     2354.0738  9629    43525.0000     2339.2500  7177489   94.63%
CPX0000      488   102     2354.7518  9590    43525.0000     2339.2500  7206896   94.63%
CPX0000      490   103     2357.9845  9669    43525.0000     2339.2500  7215263   94.63%
CPX0000      492   104     2359.7536  9516    43525.0000     2339.2500  7226529   94.63%
CPX0000      494   105     2359.8714  9293    43525.0000     2339.2500  7229469   94.63%
CPX0000  Elapsed time = 51815.07 sec. (15743952.14 ticks, tree = 4.53 MB
CPX0000      497   107     2367.0433  9175    43525.0000     2339.2500  7234387   94.63%
CPX0000      499   108     2375.3767  9320    43525.0000     2339.2500  7245708   94.63%
CPX0000      501   110     2376.6605  8547    43525.0000     2339.2500  7254877   94.63%
CPX0000      502   110     2379.4383  8885    43525.0000     2339.2500  7260922   94.63%
CPX0000      503   110     2380.7449  9102    43525.0000     2339.2500  7266745   94.63%
CPX0000      504   110     2384.4326  9285    43525.0000     2339.2500  7276628   94.63%
CPX0000      505   110     2386.8990  9067    43525.0000     2339.2500  7279939   94.63%
CPX0000      507   111     2388.7467  9000    43525.0000     2339.2500  7295585   94.63%
CPX0000      510   112     2389.5232  9073    43525.0000     2339.2500  7302070   94.63%
CPX0000      513   113     2492.7905  8698    43525.0000     2339.2500  7305865   94.63%
CPX0000  Elapsed time = 53192.90 sec. (16085328.74 ticks, tree = 4.52 MB
CPX0000      515   115     2395.2905  9885    43525.0000     2339.2500  7333691   94.63%
CPX0000      516   115     2396.1238  9516    43525.0000     2339.2500  7341224   94.63%
CPX0000      517   115     2423.6238  9781    43525.0000     2339.2500  7380173   94.63%
CPX0000      518   115     2408.6238  8989    43525.0000     2339.2500  7388301   94.63%
CPX0000      520   117     2413.7962  8630    43525.0000     2339.2500  7398021   94.63%
CPX0000      521   118     2420.4629  8790    43525.0000     2339.2500  7404148   94.63%
CPX0000      522   119     2421.4259  9178    43525.0000     2339.2500  7412347   94.63%
CPX0000      524   119     2420.8178  8819    43525.0000     2339.2500  7440152   94.63%
CPX0000      525   120     2420.8426  8601    43525.0000     2339.2500  7463610   94.63%
CPX0000      526   121     2420.8426  8702    43525.0000     2339.2500  7470047   94.63%
CPX0000  Elapsed time = 54054.73 sec. (16328512.57 ticks, tree = 4.64 MB
CPX0000      528   123     2432.1408  8686    43525.0000     2339.2500  7475908   94.63%
CPX0000      531   124     2421.2257  8761    43525.0000     2339.2500  7502178   94.63%
CPX0000      533   125     2421.2257  8651    43525.0000     2339.2500  7527477   94.63%
CPX0000      535   126     2421.5793  8639    43525.0000     2339.2500  7527697   94.63%
CPX0000      536   127     2426.9331  8800    43525.0000     2339.2500  7554961   94.63%
CPX0000      537   128     2421.4627  8878    43525.0000     2339.2500  7577244   94.63%
CPX0000      539   129     2421.4963  8806    43525.0000     2339.2500  7592606   94.63%
CPX0000      540   130     2426.7702  8872    43525.0000     2339.2500  7625092   94.63%
CPX0000      541   131     2422.0734  8826    43525.0000     2339.2500  7655706   94.63%
CPX0000      542   132     2422.0464  8921    43525.0000     2339.2500  7665397   94.63%
CPX0000  Elapsed time = 54822.74 sec. (16527228.93 ticks, tree = 4.83 MB
CPX0000      543   133     2422.1695  8701    43525.0000     2339.2500  7672380   94.63%
CPX0000      544   133     2427.5177  8797    43525.0000     2339.2500  7686019   94.63%
CPX0000      547   134     2441.5715  8757    43525.0000     2339.2500  7699331   94.63%
CPX0000      548   134     2455.3265  8701    43525.0000     2339.2500  7722069   94.63%
CPX0000      549   134     2471.8689  8943    43525.0000     2339.2500  7766084   94.63%
CPX0000      551   134     2463.6290  8811    43525.0000     2339.2500  7801341   94.63%
CPX0000      553   135     2456.6810  8661    43525.0000     2339.2500  7817843   94.63%
CPX0000      554   136     2462.3698  8546    43525.0000     2339.2500  7836611   94.63%
CPX0000      555   136     2463.3127  8760    43525.0000     2339.2500  7843628   94.63%
CPX0000      556   137     2459.6783  8800    43525.0000     2339.2500  7864017   94.63%
CPX0000  Elapsed time = 55048.65 sec. (16597445.68 ticks, tree = 4.79 MB
CPX0000      557   138     2467.5135  8697    43525.0000     2339.2500  7897957   94.63%
CPX0000      558   139     2467.5135  8769    43525.0000     2339.2500  7903965   94.63%
CPX0000      559   139     2475.7961  8529    43525.0000     2339.2500  7937365   94.63%
CPX0000      560   139     2475.9234  8569    43525.0000     2339.2500  7946124   94.63%
CPX0000      561   140     2478.3059  8650    43525.0000     2339.2500  7975204   94.63%
CPX0000      562   140     2486.5043  8696    43525.0000     2339.2500  7984129   94.63%
CPX0000      563   141     2486.5043  8706    43525.0000     2339.2500  7998292   94.63%
CPX0000      564   142     2486.6252  8764    43525.0000     2339.2500  8036994   94.63%
CPX0000      565   143     2501.8271  8571    43525.0000     2339.2500  8059101   94.63%
CPX0000      567   144     2487.2881  8512    43525.0000     2339.2500  8074242   94.63%
CPX0000  Elapsed time = 55316.21 sec. (16670261.55 ticks, tree = 4.87 MB
CPX0000      568   145     2491.7438  8381    43525.0000     2339.2500  8115747   94.63%
CPX0000      570   146     2496.7438  8462    43525.0000     2339.2500  8150300   94.63%
CPX0000      571   147     2491.0668  8671    43525.0000     2339.2500  8174015   94.63%
CPX0000      572   148     2506.0668  8505    43525.0000     2339.2500  8188400   94.63%
CPX0000      573   148     2491.1451  8655    43525.0000     2339.2500  8196018   94.63%
CPX0000      574   148     2492.3672  8467    43525.0000     2339.2500  8210347   94.63%
CPX0000      575   149     2503.6348  8716    43525.0000     2339.2500  8224831   94.63%
CPX0000      576   150     2493.8680  8502    43525.0000     2339.2500  8239363   94.63%
CPX0000      577   151     2494.2720  8533    43525.0000     2339.2500  8253626   94.63%
CPX0000      580   152     2510.7732  8430    43525.0000     2339.2500  8281164   94.63%
CPX0000  Elapsed time = 55582.22 sec. (16745378.73 ticks, tree = 4.99 MB
CPX0000      581   153     2495.9508  8336    43525.0000     2339.2500  8301244   94.63%
CPX0000      584   154     2495.9508  8149    43525.0000     2339.2500  8308995   94.63%
CPX0000      586   155     2506.9721  8067    43525.0000     2339.2500  8317880   94.63%
CPX0000      588   155     2518.4508  8159    43525.0000     2339.2500  8331128   94.63%
CPX0000      590   156     2515.9508  8008    43525.0000     2339.2500  8338842   94.63%
CPX0000      594   159     2534.0580  8184    43525.0000     2339.2500  8345145   94.63%
CPX0000      597   160     2510.7610  8257    43525.0000     2339.2500  8365421   94.63%
CPX0000      609   165     2513.2054  8175    43525.0000     2339.2500  8371564   94.63%
CPX0000  *   615+  149                        43520.0000     2339.2500  8418781   94.62%
CPX0000      615   150     2349.2500 10355    43520.0000     2342.8246  8418781   94.62%
[1m[30m[ZEN] [0m15:40:00 [1m[34m  43520.00[1m[32m   94.62%
[0mCPX0000      616   151     2349.2500 10235    43520.0000     2342.8246  8433230   94.62%
CPX0000  Elapsed time = 56420.93 sec. (16974827.85 ticks, tree = 4.41 MB
CPX0000      617   152     2353.4808  9960    43520.0000     2342.8246  8445325   94.62%
CPX0000      618   153     2351.5228  9855    43520.0000     2342.8246  8457471   94.62%
CPX0000      619   153     2354.2244  9515    43520.0000     2342.8246  8468970   94.62%
CPX0000      620   153     2353.7006  9851    43520.0000     2342.8246  8474327   94.62%
CPX0000      621   154     2359.8911  9616    43520.0000     2342.8246  8483651   94.62%
CPX0000      623   155     2356.3823  9692    43520.0000     2342.8246  8529102   94.62%
CPX0000      625   156     2361.4278  9247    43520.0000     2342.8246  8535516   94.62%
CPX0000      626   156     2365.7196  8821    43520.0000     2342.8246  8550671   94.62%
CPX0000      627   156     2364.8730  9226    43520.0000     2342.8246  8582341   94.62%
CPX0000      628   157     2365.4578 10814    43520.0000     2342.8246  8609498   94.62%
CPX0000  Elapsed time = 56956.18 sec. (17122475.31 ticks, tree = 4.44 MB
CPX0000      629   157     2379.5191 10534    43520.0000     2342.8246  8615324   94.62%
CPX0000      630   158     2374.3467 10035    43520.0000     2342.8246  8647763   94.62%
CPX0000      631   158     2379.3467  9567    43520.0000     2342.8246  8659005   94.62%
CPX0000      632   159     2382.6801  9983    43520.0000     2342.8246  8670930   94.62%
CPX0000      634   160     2390.3680  9499    43520.0000     2342.8246  8681514   94.62%
CPX0000      635   161     2394.5167  9388    43520.0000     2342.8246  8704098   94.62%
CPX0000      636   161     2393.5221  9323    43520.0000     2342.8246  8736664   94.62%
CPX0000      638   163     2396.3963  9404    43520.0000     2342.8246  8760252   94.62%
CPX0000      639   164     2397.1584  9485    43520.0000     2342.8246  8773263   94.62%
CPX0000      641   166     2402.3993  9437    43520.0000     2342.8246  8790601   94.62%
CPX0000  Elapsed time = 57452.47 sec. (17266979.10 ticks, tree = 4.60 MB
CPX0000      643   167     2417.9658  9495    43520.0000     2342.8246  8810438   94.62%
CPX0000      644   168     2402.3643  9380    43520.0000     2342.8246  8824747   94.62%
CPX0000      645   169     2417.4400  9395    43520.0000     2342.8246  8835108   94.62%
CPX0000      647   170     2405.0633  8931    43520.0000     2342.8246  8859958   94.62%
CPX0000      649   170     2405.8023  8947    43520.0000     2342.8246  8869089   94.62%
CPX0000      650   170     2406.7063  8991    43520.0000     2342.8246  8886137   94.62%
CPX0000      651   171     2424.9808  9009    43520.0000     2342.8246  8900763   94.62%
CPX0000      652   172     2407.1617  8879    43520.0000     2342.8246  8918039   94.62%
CPX0000      655   174     2407.9024  9046    43520.0000     2342.8246  8923600   94.62%
CPX0000      656   175     2408.2834  9060    43520.0000     2342.8246  8941880   94.62%
CPX0000  Elapsed time = 57631.87 sec. (17322594.18 ticks, tree = 4.69 MB
CPX0000      657   176     2409.2505  9016    43520.0000     2342.8246  8957194   94.62%
CPX0000      658   177     2408.6276  9058    43520.0000     2342.8246  8976038   94.62%
CPX0000      659   178     2411.9610  9008    43520.0000     2342.8246  8983703   94.62%
CPX0000      661   180     2412.0632  9052    43520.0000     2342.8246  8996028   94.62%
CPX0000      663   182     2412.0632  9050    43520.0000     2342.8246  9031099   94.62%
CPX0000      664   183     2412.0652  9003    43520.0000     2342.8246  9049212   94.62%
CPX0000      665   184     2412.0652  8904    43520.0000     2342.8246  9062436   94.62%
CPX0000      666   185     2412.7838  8917    43520.0000     2342.8246  9100633   94.62%
CPX0000      667   186     2412.6149  8860    43520.0000     2342.8246  9145850   94.62%
CPX0000      670   189     2412.6149  8784    43520.0000     2342.8246  9170722   94.62%
CPX0000  Elapsed time = 57837.89 sec. (17390960.30 ticks, tree = 5.08 MB
CPX0000      671   190     2412.6149  8749    43520.0000     2342.8246  9192358   94.62%
CPX0000      674   193     2454.8178  8625    43520.0000     2342.8246  9212103   94.62%
CPX0000      675   194     2413.8654  8675    43520.0000     2342.8246  9218131   94.62%
CPX0000      681   198     2438.9765  8595    43520.0000     2342.8246  9230585   94.62%
CPX0000      683   200     2444.6988  8657    43520.0000     2342.8246  9243265   94.62%
CPX0000      688   203     2452.6258  8573    43520.0000     2342.8246  9247308   94.62%
CPX0000      697   208     2347.5746 11046    43520.0000     2347.5746  9307322   94.61%
CPX0000      699   210     2355.0746 10536    43520.0000     2347.5746  9326470   94.61%
CPX0000      700   211     2355.4411 10567    43520.0000     2347.5746  9337033   94.61%
CPX0000      701   212     2359.2626 10126    43520.0000     2347.5746  9347096   94.61%
CPX0000  Elapsed time = 59360.75 sec. (17811761.14 ticks, tree = 5.74 MB
CPX0000      702   213     2362.5960 10083    43520.0000     2347.5746  9352697   94.61%
CPX0000      703   214     2366.8878  9964    43520.0000     2347.5746  9370466   94.61%
CPX0000      704   215     2374.5602  9838    43520.0000     2347.5746  9378039   94.61%
CPX0000      705   216     2376.7824  9668    43520.0000     2347.5746  9383422   94.61%
CPX0000      707   218     2387.5797  9768    43520.0000     2347.5746  9417710   94.61%
CPX0000      708   219     2392.5797  9735    43520.0000     2347.5746  9423592   94.61%
CPX0000      710   221     2398.3528  9655    43520.0000     2347.5746  9443999   94.61%
CPX0000      711   222     2405.2100  9632    43520.0000     2347.5746  9450301   94.61%
CPX0000      713   224     2410.7247  9592    43520.0000     2347.5746  9467430   94.61%
CPX0000      715   226     2412.7980  9528    43520.0000     2347.5746  9486308   94.61%
CPX0000  Elapsed time = 59560.53 sec. (17872563.29 ticks, tree = 6.12 MB
CPX0000      717   228     2425.8932  9585    43520.0000     2347.5746  9497403   94.61%
CPX0000      719   230     2428.6432  9214    43520.0000     2347.5746  9514786   94.61%
CPX0000      720   231     2430.0718  9246    43520.0000     2347.5746  9522522   94.61%
CPX0000      721   232     2430.2910  9112    43520.0000     2347.5746  9550143   94.61%
CPX0000      723   234     2447.4339  8956    43520.0000     2347.5746  9559764   94.61%
CPX0000      724   235     2553.4543  9109    43520.0000     2347.5746  9566020   94.61%
CPX0000      726   237     2631.0053  9043    43520.0000     2347.5746  9573833   94.61%
CPX0000      732   243     2632.4982  9042    43520.0000     2347.5746  9582707   94.61%
CPX0000      733   244     2634.5987  8822    43520.0000     2347.5746  9606022   94.61%
CPX0000      734   245     2634.9409  8819    43520.0000     2347.5746  9622919   94.61%
CPX0000  Elapsed time = 59769.95 sec. (17938865.26 ticks, tree = 6.65 MB
CPX0000      735   246     2650.9409  8740    43520.0000     2347.5746  9628697   94.61%
CPX0000      737   248     2673.5167  8743    43520.0000     2347.5746  9635267   94.61%
CPX0000      738   249     2682.4229  8884    43520.0000     2347.5746  9671047   94.61%
CPX0000      740   251     2683.1512  8860    43520.0000     2347.5746  9682406   94.61%
CPX0000      741   252     2683.3086  8866    43520.0000     2347.5746  9697687   94.61%
CPX0000      745   256     2685.0921  8835    43520.0000     2347.5746  9716338   94.61%
CPX0000      746   257     2685.6471  8761    43520.0000     2347.5746  9728226   94.61%
CPX0000      753   262     2688.6748  8705    43520.0000     2347.5746  9747370   94.61%
CPX0000      754   263     2688.6748  8813    43520.0000     2347.5746  9752994   94.61%
CPX0000      755   264     2688.6748  8767    43520.0000     2347.5746  9768474   94.61%
CPX0000  Elapsed time = 60582.16 sec. (18136961.79 ticks, tree = 7.19 MB
CPX0000      757   266     2688.6748  8527    43520.0000     2347.5746  9780223   94.61%
CPX0000      761   266     2360.9079 11295    43520.0000     2348.0675  9827583   94.60%
CPX0000      763   268     2363.0682 11131    43520.0000     2348.0675  9837781   94.60%
CPX0000      764   269     2368.5087 10736    43520.0000     2348.0675  9848823   94.60%
CPX0000      765   270     2372.3182 10610    43520.0000     2348.0675  9856303   94.60%
CPX0000      766   271     2433.9848 10358    43520.0000     2348.0675  9863033   94.60%
CPX0000      767   272     2437.3182 10487    43520.0000     2348.0675  9871358   94.60%
CPX0000      768   273     2440.7680 10314    43520.0000     2348.0675  9902021   94.60%
CPX0000      770   275     2469.9347  9986    43520.0000     2348.0675  9919029   94.60%
CPX0000      772   277     2478.4823  9979    43520.0000     2348.0675  9941942   94.60%
CPX0000  Elapsed time = 61677.84 sec. (18461352.79 ticks, tree = 7.55 MB
CPX0000      774   279     2488.0373 10100    43520.0000     2348.0675  9955995   94.60%
CPX0000      776   281     2490.7620  9964    43520.0000     2348.0675  9980064   94.60%
CPX0000      778   283     2490.7620  9767    43520.0000     2348.0675  9986305   94.60%
CPX0000      780   285     2500.0679  9689    43520.0000     2348.0675 10007321   94.60%
CPX0000      781   286     2502.6436  9749    43520.0000     2348.0675 10015038   94.60%
CPX0000      783   288     2506.7345  9538    43520.0000     2348.0675 10025490   94.60%
CPX0000      784   289     2510.4845  9523    43520.0000     2348.0675 10030445   94.60%
CPX0000      786   291     2522.9845  9524    43520.0000     2348.0675 10037154   94.60%
CPX0000      790   295     2524.7765  9510    43520.0000     2348.0675 10044552   94.60%
CPX0000      792   297     2525.0142  9390    43520.0000     2348.0675 10058465   94.60%
CPX0000  Elapsed time = 61899.37 sec. (18519473.00 ticks, tree = 8.09 MB
CPX0000      793   298     2525.0142  9402    43520.0000     2348.0675 10064785   94.60%
CPX0000      794   299     2529.0142  9130    43520.0000     2348.0675 10074649   94.60%
CPX0000      795   300     2529.2518  9224    43520.0000     2348.0675 10102391   94.60%
CPX0000      796   301     2544.2518  9122    43520.0000     2348.0675 10109785   94.60%
CPX0000      797   302     2546.2078  9002    43520.0000     2348.0675 10133559   94.60%
CPX0000      798   303     2546.8177  9137    43520.0000     2348.0675 10153378   94.60%
CPX0000      800   305     2558.5775  8991    43520.0000     2348.0675 10176551   94.60%
CPX0000      802   307     2558.7804  8916    43520.0000     2348.0675 10195349   94.60%
CPX0000      804   309     2560.6984  8969    43520.0000     2348.0675 10226141   94.60%
CPX0000      805   310     2560.9299  8831    43520.0000     2348.0675 10254077   94.60%
CPX0000  Elapsed time = 62227.60 sec. (18603079.28 ticks, tree = 8.45 MB
CPX0000      806   311     2561.4747  8852    43520.0000     2348.0675 10294469   94.60%
CPX0000      809   314     2561.4747  8889    43520.0000     2348.0675 10303753   94.60%
CPX0000      812   317     2577.5858  8950    43520.0000     2348.0675 10309210   94.60%
CPX0000      815   316     2350.3128 11255    43520.0000     2348.1597 10430289   94.60%
CPX0000      816   317     2350.6311 10837    43520.0000     2348.1597 10436925   94.60%
CPX0000      818   319     2364.2231 10165    43520.0000     2348.1597 10445243   94.60%
CPX0000      819   320     2372.5564 10096    43520.0000     2348.1597 10452358   94.60%
CPX0000      821   322     2437.5564  9890    43520.0000     2348.1597 10459219   94.60%
CPX0000      822   323     2444.0362  9615    43520.0000     2348.1597 10479438   94.60%
CPX0000      823   324     2450.2862  9463    43520.0000     2348.1597 10486745   94.60%
CPX0000  Elapsed time = 63729.35 sec. (19033903.10 ticks, tree = 8.83 MB
CPX0000      824   325     2453.6195  9310    43520.0000     2348.1597 10492194   94.60%
CPX0000      826   327     2460.4003  9174    43520.0000     2348.1597 10503862   94.60%
CPX0000      828   329     2461.6503  9137    43520.0000     2348.1597 10509025   94.60%
CPX0000      830   331     2468.9376  9316    43520.0000     2348.1597 10528692   94.60%
CPX0000      831   332     2484.6360  9269    43520.0000     2348.1597 10541645   94.60%
CPX0000      833   334     2492.4879  9115    43520.0000     2348.1597 10561029   94.60%
CPX0000      835   336     2496.0779  9079    43520.0000     2348.1597 10572622   94.60%
CPX0000      838   339     2536.7572  9036    43520.0000     2348.1597 10582163   94.60%
CPX0000      839   340     2541.9615  9221    43520.0000     2348.1597 10600631   94.60%
CPX0000      841   342     2551.1534  8879    43520.0000     2348.1597 10609908   94.60%
CPX0000  Elapsed time = 64013.38 sec. (19108295.26 ticks, tree = 9.32 MB
CPX0000      843   344     2559.1414  8633    43520.0000     2348.1597 10625599   94.60%
CPX0000      844   345     2560.0020  8637    43520.0000     2348.1597 10641965   94.60%
CPX0000      848   349     2568.4305  8594    43520.0000     2348.1597 10647516   94.60%
CPX0000      850   351     2568.9442  8359    43520.0000     2348.1597 10679828   94.60%
CPX0000      854   355     2577.4614  8182    43520.0000     2348.1597 10691321   94.60%
CPX0000      855   356     2577.9152  8313    43520.0000     2348.1597 10715826   94.60%
CPX0000      856   357     2578.2809  8150    43520.0000     2348.1597 10738176   94.60%
CPX0000      868   367     2610.0848  8244    43520.0000     2348.1597 10760196   94.60%
CPX0000      871   366     2353.4492 11253    43520.0000     2348.7698 10875486   94.60%
CPX0000      872   367     2356.5261 10714    43520.0000     2348.7698 10913591   94.60%
CPX0000  Elapsed time = 66356.77 sec. (19759698.01 ticks, tree = 10.01 MB
CPX0000      873   368     2361.5261 10304    43520.0000     2348.7698 10922318   94.60%
CPX0000      874   369     2356.5261  9676    43520.0000     2348.7698 10940577   94.60%
CPX0000      875   370     2364.0261  9665    43520.0000     2348.7698 10951501   94.60%
CPX0000      876   371     2369.8594  9592    43520.0000     2348.7698 10967435   94.60%
CPX0000      877   372     2369.0261  9552    43520.0000     2348.7698 10980817   94.60%
CPX0000      878   373     2372.3594  9623    43520.0000     2348.7698 10988274   94.60%
CPX0000      880   375     2382.4735  9263    43520.0000     2348.7698 11014860   94.60%
CPX0000      881   376     2383.3192  9226    43520.0000     2348.7698 11036486   94.60%
CPX0000      882   377     2390.1459  9206    43520.0000     2348.7698 11043582   94.60%
CPX0000      883   378     2394.3320  9247    43520.0000     2348.7698 11078528   94.60%
CPX0000  Elapsed time = 67020.57 sec. (19941890.19 ticks, tree = 10.28 MB
CPX0000      884   379     2395.2751  9240    43520.0000     2348.7698 11097797   94.60%
CPX0000      886   381     2398.0820  9052    43520.0000     2348.7698 11110658   94.60%
CPX0000      887   382     2403.0820  9066    43520.0000     2348.7698 11116912   94.60%
CPX0000      889   384     2406.1931  8936    43520.0000     2348.7698 11136574   94.60%
CPX0000      890   385     2411.3113  8970    43520.0000     2348.7698 11150639   94.60%
CPX0000      891   386     2421.7005  8890    43520.0000     2348.7698 11172074   94.60%
CPX0000      892   387     2412.9780  8857    43520.0000     2348.7698 11178017   94.60%
CPX0000      894   389     2413.4065  8756    43520.0000     2348.7698 11190588   94.60%
CPX0000      895   390     2415.5883  8615    43520.0000     2348.7698 11202182   94.60%
CPX0000      896   391     2416.5883  8814    43520.0000     2348.7698 11210013   94.60%
CPX0000  Elapsed time = 67217.55 sec. (20005722.41 ticks, tree = 10.66 MB
CPX0000      898   393     2431.5883  8504    43520.0000     2348.7698 11220331   94.60%
CPX0000      900   395     2422.5006  8826    43520.0000     2348.7698 11231967   94.60%
CPX0000      901   396     2424.0653  8861    43520.0000     2348.7698 11239727   94.60%
CPX0000      903   398     2423.3446  8804    43520.0000     2348.7698 11250848   94.60%
CPX0000      904   399     2423.3446  8902    43520.0000     2348.7698 11258685   94.60%
CPX0000      906   401     2429.0601  8864    43520.0000     2348.7698 11283863   94.60%
CPX0000      908   403     2425.1735  8754    43520.0000     2348.7698 11304411   94.60%
CPX0000      909   404     2425.4218  8718    43520.0000     2348.7698 11323480   94.60%
CPX0000      910   405     2426.8640  8782    43520.0000     2348.7698 11344351   94.60%
CPX0000      913   408     2435.3197  8325    43520.0000     2348.7698 11366620   94.60%
CPX0000  Elapsed time = 67421.80 sec. (20072554.39 ticks, tree = 11.12 MB
CPX0000      915   410     2436.7903  8539    43520.0000     2348.7698 11372100   94.60%
CPX0000      917   412     2426.4029  8533    43520.0000     2348.7698 11419029   94.60%
CPX0000      918   413     2426.2735  8569    43520.0000     2348.7698 11433717   94.60%
CPX0000      920   415     2426.7523  8462    43520.0000     2348.7698 11459506   94.60%
CPX0000      922   417     2427.2697  8451    43520.0000     2348.7698 11476220   94.60%
CPX0000      923   418     2456.8151  8291    43520.0000     2348.7698 11484726   94.60%
CPX0000      930   425     2427.9969  8497    43520.0000     2348.7698 11489437   94.60%
CPX0000      934   429     2429.2697  8304    43520.0000     2348.7698 11524620   94.60%
CPX0000      938   433     2448.8151  8154    43520.0000     2348.7698 11542351   94.60%
CPX0000      940   435     2479.7202  7991    43520.0000     2348.7698 11594782   94.60%
CPX0000  Elapsed time = 67663.05 sec. (20152840.96 ticks, tree = 11.86 MB
CPX0000      942   434     2576.8383  8315    43520.0000     2348.7698 11602651   94.60%
CPX0000      944   436     2576.8383  8179    43520.0000     2348.7698 11609902   94.60%
CPX0000      946   438     2579.2526  8169    43520.0000     2348.7698 11682532   94.60%
CPX0000      948   440     2588.3863  8244    43520.0000     2348.7698 11723735   94.60%
CPX0000      949   441     2597.2741  8282    43520.0000     2348.7698 11740924   94.60%
CPX0000      950   442     2589.2526  8155    43520.0000     2348.7698 11763467   94.60%
CPX0000      951   443     2601.8663  8310    43520.0000     2348.7698 11784184   94.60%
CPX0000      952   444     2617.5419  8317    43520.0000     2348.7698 11809573   94.60%
CPX0000      957   449     2616.3107  8340    43520.0000     2348.7698 11826969   94.60%
CPX0000      958   450     2607.2198  8368    43520.0000     2348.7698 11851145   94.60%
CPX0000  Elapsed time = 67901.38 sec. (20230448.26 ticks, tree = 12.25 MB
CPX0000      959   451     2607.2364  8273    43520.0000     2348.7698 11876244   94.60%
CPX0000      961   453     2631.3273  9619    43520.0000     2348.7698 11923909   94.60%
CPX0000      962   454     2607.3097  8213    43520.0000     2348.7698 11941474   94.60%
CPX0000      964   456     2607.6480  8191    43520.0000     2348.7698 11958702   94.60%
CPX0000      966   458     2607.7067  8216    43520.0000     2348.7698 11970884   94.60%
CPX0000      968   460     2634.4183 10009    43520.0000     2348.7698 12008195   94.60%
CPX0000      972   464     2608.5092  8293    43520.0000     2348.7698 12012819   94.60%
CPX0000      974   466     2608.5802  8248    43520.0000     2348.7698 12024215   94.60%
CPX0000      975   467     2633.2263  8084    43520.0000     2348.7698 12055800   94.60%
CPX0000      976   468     2633.1263  9708    43520.0000     2348.7698 12096780   94.60%
CPX0000  Elapsed time = 68771.93 sec. (20493768.62 ticks, tree = 12.79 MB
CPX0000      977   469     2633.2263  8052    43520.0000     2348.7698 12108472   94.60%
CPX0000      978   470     2633.2263  8029    43520.0000     2348.7698 12113862   94.60%
CPX0000      979   470     2659.3172  8764    43520.0000     2348.7698 12153189   94.60%
CPX0000      980   471     2659.3172  8627    43520.0000     2348.7698 12159952   94.60%
CPX0000      981   472     2660.6505  8610    43520.0000     2348.7698 12166206   94.60%
CPX0000      984   475     2660.8688  8626    43520.0000     2348.7698 12179203   94.60%
CPX0000      985   476     2664.2021  8299    43520.0000     2348.7698 12187064   94.60%
CPX0000      988   477     2683.5456  8372    43520.0000     2348.7698 12193085   94.60%
CPX0000      990   479     2683.5456  8243    43520.0000     2348.7698 12199455   94.60%
CPX0000      992   481     2690.2122  8110    43520.0000     2348.7698 12212493   94.60%
CPX0000  Elapsed time = 69187.02 sec. (20621483.83 ticks, tree = 13.16 MB
CPX0000      993   482     2690.2122  7930    43520.0000     2348.7698 12217981   94.60%
CPX0000      994   483     2696.8789  8056    43520.0000     2348.7698 12226652   94.60%
CPX0000      995   484     2690.2122  7867    43520.0000     2348.7698 12240740   94.60%
CPX0000      996   485     2698.5348  8014    43520.0000     2348.7698 12267202   94.60%
CPX0000     1002   491     2691.5915  7875    43520.0000     2348.7698 12271042   94.60%
CPX0000     1005   494     2694.7444  7999    43520.0000     2348.7698 12293840   94.60%
CPX0000     1006   495     2709.3808  8077    43520.0000     2348.7698 12320667   94.60%
CPX0000     1008   497     2705.1701  7821    43520.0000     2348.7698 12329612   94.60%
CPX0000     1012   499     2709.9634  8010    43520.0000     2348.7698 12373254   94.60%
CPX0000     1014   501     2702.8902  7948    43520.0000     2348.7698 12385109   94.60%
CPX0000  Elapsed time = 69357.51 sec. (20680746.93 ticks, tree = 13.71 MB
CPX0000     1015   502     2727.9269  7946    43520.0000     2348.7698 12402656   94.60%
CPX0000     1017   503     2729.0014  9213    43520.0000     2348.7698 12431113   94.60%
CPX0000     1019   503     2350.6826 10955    43520.0000     2348.7698 12562318   94.60%
CPX0000     1020   504     2355.6826 10660    43520.0000     2348.7698 12571551   94.60%
CPX0000     1023   507     2358.7595 10353    43520.0000     2348.7698 12578741   94.60%
CPX0000     1024   508     2366.2595  9933    43520.0000     2348.7698 12589195   94.60%
CPX0000     1025   509     2376.2595  9927    43520.0000     2348.7698 12594228   94.60%
CPX0000     1026   510     2377.7747  9358    43520.0000     2348.7698 12605465   94.60%
CPX0000     1027   511     2379.4413  9448    43520.0000     2348.7698 12610009   94.60%
CPX0000     1028   512     2385.6913  9503    43520.0000     2348.7698 12616861   94.60%
CPX0000  Elapsed time = 71096.56 sec. (21194368.63 ticks, tree = 14.04 MB
CPX0000     1029   513     2389.8691  9262    43520.0000     2348.7698 12642812   94.60%
CPX0000     1031   515     2394.4524  9146    43520.0000     2348.7698 12654453   94.60%
CPX0000     1033   517     2396.1224  9193    43520.0000     2348.7698 12667123   94.60%
CPX0000     1036   520     2422.7890  9169    43520.0000     2348.7698 12680095   94.60%
CPX0000     1038   522     2429.6784  8956    43520.0000     2348.7698 12697249   94.60%
CPX0000     1040   524     2440.6308  9033    43520.0000     2348.7698 12708735   94.60%
CPX0000     1041   525     2445.6308  8937    43520.0000     2348.7698 12715883   94.60%
CPX0000     1042   526     2447.4660  8997    43520.0000     2348.7698 12732928   94.60%
CPX0000     1045   529     2460.2129  8927    43520.0000     2348.7698 12754928   94.60%
CPX0000     1048   532     2464.1473  8854    43520.0000     2348.7698 12764929   94.60%
CPX0000  Elapsed time = 71346.14 sec. (21267335.02 ticks, tree = 14.61 MB
CPX0000     1049   533     2464.6230  8572    43520.0000     2348.7698 12794550   94.60%
CPX0000     1050   534     2468.0802 10004    43520.0000     2348.7698 12834809   94.60%
CPX0000     1052   536     2469.1913  9499    43520.0000     2348.7698 12852936   94.60%
CPX0000     1053   537     2469.5463  9608    43520.0000     2348.7698 12882606   94.60%
CPX0000     1054   538     2469.8391  9547    43520.0000     2348.7698 12907066   94.60%
CPX0000     1055   539     2469.8391  9034    43520.0000     2348.7698 12917913   94.60%
CPX0000     1057   541     2470.4249  8963    43520.0000     2348.7698 12937424   94.60%
CPX0000     1062   544     2473.0855  8867    43520.0000     2348.7698 12946379   94.60%
CPX0000     1064   544     2566.2674  8668    43520.0000     2348.7698 12955469   94.60%
CPX0000     1066   546     2571.2674  8492    43520.0000     2348.7698 12973258   94.60%
CPX0000  Elapsed time = 71843.58 sec. (21407474.53 ticks, tree = 15.00 MB
CPX0000     1068   548     2582.8222  8450    43520.0000     2348.7698 12979034   94.60%
CPX0000     1071   551     2583.2010  9557    43520.0000     2348.7698 13020049   94.60%
CPX0000     1073   553     2583.2010  9365    43520.0000     2348.7698 13026786   94.60%
CPX0000     1074   554     2583.2010  9256    43520.0000     2348.7698 13034081   94.60%
CPX0000     1077   555     2688.2010  9085    43520.0000     2348.7698 13041655   94.60%
CPX0000     1079   557     2688.7750  9093    43520.0000     2348.7698 13059103   94.60%
CPX0000     1081   559     2688.7750  9070    43520.0000     2348.7698 13073038   94.60%
CPX0000     1082   560     2688.7750  9068    43520.0000     2348.7698 13078759   94.60%
CPX0000     1083   561     2693.7693  9355    43520.0000     2348.7698 13102452   94.60%
CPX0000     1086   564     2693.7724  9297    43520.0000     2348.7698 13123070   94.60%
CPX0000  Elapsed time = 72258.92 sec. (21531960.67 ticks, tree = 15.52 MB
CPX0000     1090   566     2716.4492  9177    43520.0000     2348.7698 13134813   94.60%
CPX0000     1091   567     2729.3027  9058    43520.0000     2348.7698 13141463   94.60%
CPX0000     1092   568     2729.3027  8781    43520.0000     2348.7698 13153000   94.60%
CPX0000     1094   570     2731.8027  8601    43520.0000     2348.7698 13161745   94.60%
CPX0000     1095   571     2736.8027  8674    43520.0000     2348.7698 13168174   94.60%
CPX0000     1098   574     2748.1159  8681    43520.0000     2348.7698 13173535   94.60%
CPX0000     1107   579     2763.8837  8623    43520.0000     2348.7698 13177317   94.60%
CPX0000     1116   578     2350.6043 11030    43520.0000     2349.6164 13305784   94.60%
CPX0000     1117   579     2353.6812 10957    43520.0000     2349.6164 13313655   94.60%
CPX0000     1118   580     2358.6812 10539    43520.0000     2349.6164 13320036   94.60%
CPX0000  Elapsed time = 73526.68 sec. (21899944.70 ticks, tree = 15.98 MB
CPX0000     1120   582     2366.1812 10137    43520.0000     2349.6164 13329556   94.60%
CPX0000     1121   583     2366.1812  9855    43520.0000     2349.6164 13338664   94.60%
CPX0000     1122   584     2374.1812  9944    43520.0000     2349.6164 13344361   94.60%
CPX0000     1123   585     2374.1812 10930    43520.0000     2349.6164 13374706   94.60%
CPX0000     1125   587     2376.1812 10475    43520.0000     2349.6164 13385499   94.60%
CPX0000     1126   588     2382.4312 10286    43520.0000     2349.6164 13393982   94.60%
CPX0000     1127   589     2393.6812 10197    43520.0000     2349.6164 13399260   94.60%
CPX0000     1129   591     2405.1964 10179    43520.0000     2349.6164 13414612   94.60%
CPX0000     1131   593     2411.0507  9721    43520.0000     2349.6164 13440871   94.60%
CPX0000     1133   595     2414.5113  9753    43520.0000     2349.6164 13460322   94.60%
CPX0000  Elapsed time = 74022.59 sec. (22036186.40 ticks, tree = 16.38 MB
CPX0000     1135   597     2425.4637  9658    43520.0000     2349.6164 13469017   94.60%
CPX0000     1137   599     2434.8912 10727    43520.0000     2349.6164 13515783   94.60%
CPX0000     1139   601     2435.7297 10632    43520.0000     2349.6164 13536837   94.60%
CPX0000     1140   602     2439.2297 10369    43520.0000     2349.6164 13543226   94.60%
CPX0000     1141   603     2454.2297 10031    43520.0000     2349.6164 13553486   94.60%
CPX0000     1143   605     2456.5817  9608    43520.0000     2349.6164 13580126   94.60%
CPX0000     1144   606     2456.5817  9666    43520.0000     2349.6164 13593742   94.60%
CPX0000     1145   607     2457.6422  9603    43520.0000     2349.6164 13606157   94.60%
CPX0000     1147   609     2465.1422  9534    43520.0000     2349.6164 13615066   94.60%
CPX0000     1150   612     2475.6450  9537    43520.0000     2349.6164 13643074   94.60%
CPX0000  Elapsed time = 74496.64 sec. (22172613.20 ticks, tree = 16.86 MB
CPX0000     1154   616     2477.3885  9455    43520.0000     2349.6164 13675731   94.60%
CPX0000     1155   617     2477.6636  9226    43520.0000     2349.6164 13697354   94.60%
CPX0000     1156   618     2477.6636  9254    43520.0000     2349.6164 13703798   94.60%
CPX0000     1158   620     2483.6367  9234    43520.0000     2349.6164 13714021   94.60%
CPX0000     1161   623     2492.3264  9101    43520.0000     2349.6164 13736303   94.60%
CPX0000     1165   627     2492.9843  9057    43520.0000     2349.6164 13746870   94.60%
CPX0000     1167   629     2493.1528  8990    43520.0000     2349.6164 13759908   94.60%
CPX0000     1168   630     2496.1792  9045    43520.0000     2349.6164 13772105   94.60%
CPX0000     1169   631     2502.3426  8990    43520.0000     2349.6164 13788969   94.60%
CPX0000     1170   632     2506.2687  9076    43520.0000     2349.6164 13806135   94.60%
CPX0000  Elapsed time = 74693.91 sec. (22235387.53 ticks, tree = 17.42 MB
CPX0000     1173   635     2506.7226  8869    43520.0000     2349.6164 13818713   94.60%
CPX0000     1175   637     2533.2549  8834    43520.0000     2349.6164 13840716   94.60%
CPX0000     1177   639     2533.2549  8791    43520.0000     2349.6164 13858100   94.60%
CPX0000     1179   641     2535.5063  8859    43520.0000     2349.6164 13871075   94.60%
CPX0000     1182   640     2351.4354 11069    43520.0000     2349.6164 14005312   94.60%
CPX0000     1183   641     2356.4354 10516    43520.0000     2349.6164 14015036   94.60%
CPX0000     1185   643     2359.5124 10310    43520.0000     2349.6164 14019716   94.60%
CPX0000     1186   644     2367.0124 10095    43520.0000     2349.6164 14030383   94.60%
CPX0000     1187   645     2367.0124  9878    43520.0000     2349.6164 14041099   94.60%
CPX0000     1189   647     2384.6848  9795    43520.0000     2349.6164 14050305   94.60%
CPX0000  Elapsed time = 76374.42 sec. (22712746.60 ticks, tree = 17.84 MB
CPX0000     1191   649     2394.6848  9831    43520.0000     2349.6164 14056419   94.60%
CPX0000     1192   650     2398.8158  9845    43520.0000     2349.6164 14085572   94.60%
CPX0000     1194   652     2413.1015  9715    43520.0000     2349.6164 14094698   94.60%
CPX0000     1196   654     2416.5806  9455    43520.0000     2349.6164 14124822   94.60%
CPX0000     1198   656     2420.5818  9401    43520.0000     2349.6164 14140053   94.60%
CPX0000     1199   657     2422.8218  9548    43520.0000     2349.6164 14157924   94.60%
CPX0000     1200   658     2422.8218  9560    43520.0000     2349.6164 14171525   94.60%
CPX0000     1204   662     2428.8312  9588    43520.0000     2349.6164 14178463   94.60%
CPX0000     1205   663     2429.9978  9505    43520.0000     2349.6164 14183842   94.60%
CPX0000     1207   665     2439.1468  9389    43520.0000     2349.6164 14210080   94.60%
CPX0000  Elapsed time = 76652.97 sec. (22785055.52 ticks, tree = 18.33 MB
CPX0000     1208   666     2446.5278 10466    43520.0000     2349.6164 14256389   94.60%
CPX0000     1210   668     2454.0278  9963    43520.0000     2349.6164 14272153   94.60%
CPX0000     1212   670     2454.9073  9853    43520.0000     2349.6164 14287227   94.60%
CPX0000     1213   671     2465.8164  9704    43520.0000     2349.6164 14292279   94.60%
CPX0000     1214   672     2466.3699  9701    43520.0000     2349.6164 14319562   94.60%
CPX0000     1216   674     2475.5913  9655    43520.0000     2349.6164 14338394   94.60%
CPX0000     1217   675     2475.8094  9476    43520.0000     2349.6164 14356141   94.60%
CPX0000     1218   676     2476.1937  9319    43520.0000     2349.6164 14391928   94.60%
CPX0000     1220   678     2478.4752  9349    43520.0000     2349.6164 14404334   94.60%
CPX0000     1222   680     2483.4219  9496    43520.0000     2349.6164 14432694   94.60%
CPX0000  Elapsed time = 77253.33 sec. (22939951.28 ticks, tree = 18.74 MB
CPX0000     1223   681     2483.5870  9352    43520.0000     2349.6164 14451527   94.60%
CPX0000     1229   687     2485.1669  9351    43520.0000     2349.6164 14460234   94.60%
CPX0000     1231   689     2485.1669  9371    43520.0000     2349.6164 14472303   94.60%
CPX0000     1232   690     2485.1669  9398    43520.0000     2349.6164 14496648   94.60%
CPX0000     1239   693     2351.4346 10843    43520.0000     2349.7339 14607940   94.60%
CPX0000     1240   694     2351.6198 10741    43520.0000     2349.7339 14642405   94.60%
CPX0000     1241   695     2356.4346 10243    43520.0000     2349.7339 14654888   94.60%
CPX0000     1243   697     2367.0115 10121    43520.0000     2349.7339 14669470   94.60%
CPX0000     1244   698     2375.0115  9897    43520.0000     2349.7339 14675566   94.60%
CPX0000     1246   700     2386.0500  9892    43520.0000     2349.7339 14685513   94.60%
CPX0000  Elapsed time = 78933.23 sec. (23376114.01 ticks, tree = 19.30 MB
CPX0000     1248   702     2388.0740  9824    43520.0000     2349.7339 14694722   94.60%
CPX0000     1252   706     2388.2464  9710    43520.0000     2349.7339 14699492   94.60%
CPX0000     1253   707     2389.7616  9500    43520.0000     2349.7339 14707625   94.60%
CPX0000     1255   709     2396.3781  9449    43520.0000     2349.7339 14730123   94.60%
CPX0000     1257   711     2403.0448  9369    43520.0000     2349.7339 14735903   94.60%
CPX0000     1258   712     2407.3054  9212    43520.0000     2349.7339 14751944   94.60%
CPX0000     1259   713     2412.8898  9247    43520.0000     2349.7339 14763623   94.60%
CPX0000     1260   714     2429.4102 11000    43520.0000     2349.7339 14811301   94.60%
CPX0000     1261   715     2434.5144 10587    43520.0000     2349.7339 14818493   94.60%
CPX0000     1264   718     2438.2309 10457    43520.0000     2349.7339 14826116   94.60%
CPX0000  Elapsed time = 79464.31 sec. (23516022.02 ticks, tree = 19.79 MB
CPX0000     1266   720     2441.8282 10344    43520.0000     2349.7339 14833802   94.60%
CPX0000     1268   722     2445.1616 10103    43520.0000     2349.7339 14841820   94.60%
CPX0000     1270   724     2445.6161  9977    43520.0000     2349.7339 14849026   94.60%
CPX0000     1271   725     2454.7828  9896    43520.0000     2349.7339 14857983   94.60%
CPX0000     1273   727     2464.1010  9918    43520.0000     2349.7339 14863836   94.60%
CPX0000  *  1275+  727                        15265.0000     2349.7339 14871679   84.61%
CPX0000     1275   729     2464.1010  9962    15265.0000     2349.7339 14871679   84.61%
[1m[30m[ZEN] [0m22:10:22 [1m[34m  15265.00[1m[32m   84.61%
[0mCPX0000     1277   731     2464.7623  9432    15265.0000     2349.7339 14895332   84.61%
CPX0000     1278   732     2473.4493  9394    15265.0000     2349.7339 14912621   84.61%
CPX0000     1281   735     2475.1749  9216    15265.0000     2349.7339 14928244   84.61%
CPX0000     1283   737     2482.4215  9325    15265.0000     2349.7339 14947751   84.61%
CPX0000  Elapsed time = 79912.53 sec. (23642265.26 ticks, tree = 20.31 MB
CPX0000     1284   738     2482.7640  9192    15265.0000     2349.7339 14959478   84.61%
CPX0000     1285   739     2487.0997  9436    15265.0000     2349.7339 14981919   84.61%
CPX0000     1287   741     2488.5299  9447    15265.0000     2349.7339 14991903   84.61%
CPX0000     1295   749     2491.2930  9224    15265.0000     2349.7339 15008058   84.61%
CPX0000     1296   750     2491.3240  9322    15265.0000     2349.7339 15021292   84.61%
CPX0000     1302   756     2523.8198  9246    15265.0000     2349.7339 15025878   84.61%
CPX0000     1308   758     2351.9890 10685    15265.0000     2350.4950 15119665   84.60%
CPX0000     1309   759     2356.9890 10236    15265.0000     2350.4950 15130551   84.60%
CPX0000     1311   761     2360.0659 10119    15265.0000     2350.4950 15135342   84.60%
CPX0000     1312   762     2367.5659 10056    15265.0000     2350.4950 15143188   84.60%
CPX0000  Elapsed time = 81290.72 sec. (24029867.97 ticks, tree = 20.97 MB
CPX0000     1313   763     2373.3993 10028    15265.0000     2350.4950 15151727   84.60%
CPX0000     1314   764     2377.5659  9853    15265.0000     2350.4950 15157531   84.60%
CPX0000     1316   766     2393.9548  9719    15265.0000     2350.4950 15168772   84.60%
CPX0000     1318   768     2395.9750  9647    15265.0000     2350.4950 15179301   84.60%
CPX0000     1319   769     2385.2383  9620    15265.0000     2350.4950 15186787   84.60%
CPX0000     1320   770     2386.8008  9648    15265.0000     2350.4950 15194205   84.60%
CPX0000     1321   771     2397.1608  9346    15265.0000     2350.4950 15215618   84.60%
CPX0000     1322   772     2393.4616  9561    15265.0000     2350.4950 15242189   84.60%
CPX0000     1323   773     2397.6205  9496    15265.0000     2350.4950 15257973   84.60%
CPX0000     1324   774     2398.5432  9467    15265.0000     2350.4950 15263659   84.60%
CPX0000  Elapsed time = 81501.16 sec. (24094839.22 ticks, tree = 21.32 MB
CPX0000     1325   775     2399.7159  9339    15265.0000     2350.4950 15280588   84.60%
CPX0000     1327   777     2415.4835  9300    15265.0000     2350.4950 15288878   84.60%
CPX0000     1330   780     2414.7224  9170    15265.0000     2350.4950 15294093   84.60%
CPX0000     1331   781     2415.0348  9218    15265.0000     2350.4950 15300374   84.60%
CPX0000     1334   784     2421.8955  9036    15265.0000     2350.4950 15306963   84.60%
CPX0000     1339   789     2428.1844  8974    15265.0000     2350.4950 15311606   84.60%
CPX0000     1341   791     2441.7909  8959    15265.0000     2350.4950 15315645   84.60%
CPX0000     1344   794     2464.7050  8867    15265.0000     2350.4950 15320028   84.60%
CPX0000     1348   798     2466.8654  8826    15265.0000     2350.4950 15323241   84.60%
CPX0000     1350   800     2471.8654  8826    15265.0000     2350.4950 15328909   84.60%
CPX0000  Elapsed time = 81659.68 sec. (24148693.36 ticks, tree = 22.02 MB
CPX0000     1353   803     2472.2623  8751    15265.0000     2350.4950 15334833   84.60%
CPX0000     1358   806     2474.4775  8697    15265.0000     2350.4950 15340027   84.60%
CPX0000     1360   808     2482.4775  8528    15265.0000     2350.4950 15342846   84.60%
CPX0000     1362   810     2515.4573  8744    15265.0000     2350.4950 15348945   84.60%
CPX0000     1364   812     2487.4434  8534    15265.0000     2350.4950 15355409   84.60%
CPX0000     1366   814     2488.8170  8525    15265.0000     2350.4950 15362387   84.60%
CPX0000     1369   817     2488.3919  8347    15265.0000     2350.4950 15367885   84.60%
CPX0000     1371   819     2488.5149  8257    15265.0000     2350.4950 15375249   84.60%
CPX0000     1373   821     2488.5149  8212    15265.0000     2350.4950 15380027   84.60%
CPX0000  *  1375+  821                         9785.0000     2350.4950 15393642   75.98%
CPX0000  *  1375+  821                         9725.0000     2350.4950 15393642   75.83%
CPX0000  *  1375+  821                         9660.0000     2350.4950 15393642   75.67%
CPX0000     1375   823     2497.3603  8254     9660.0000     2350.4950 15393642   75.67%
CPX0000  Elapsed time = 81845.78 sec. (24208667.08 ticks, tree = 22.66 MB
[1m[30m[ZEN] [0m22:44:05 [1m[34m   9660.00[1m[32m   75.67%
[0mCPX0000     1377   825     2510.5772  8052     9660.0000     2350.4950 15396378   75.67%
CPX0000     1379   827     2497.2439  8241     9660.0000     2350.4950 15402233   75.67%
CPX0000     1384   832     2502.9348  8105     9660.0000     2350.4950 15408961   75.67%
CPX0000     1385   833     2503.0339  8024     9660.0000     2350.4950 15415177   75.67%
CPX0000     1386   834     2517.9348  8140     9660.0000     2350.4950 15429398   75.67%
CPX0000     1387   835     2587.8799  8392     9660.0000     2350.4950 15435873   75.67%
CPX0000     1388   836     2525.4348  8215     9660.0000     2350.4950 15449275   75.67%
CPX0000     1390   838     2532.3698  8163     9660.0000     2350.4950 15461258   75.67%
CPX0000     1391   839     2526.5790  8200     9660.0000     2350.4950 15472820   75.67%
CPX0000     1403   847     2532.7644  8135     9660.0000     2350.4950 15479809   75.67%
CPX0000  Elapsed time = 82037.48 sec. (24270017.33 ticks, tree = 23.30 MB
CPX0000     1404   848     2532.7644  8126     9660.0000     2350.4950 15490936   75.67%
CPX0000     1410   854     2561.6020  8032     9660.0000     2350.4950 15502556   75.67%
CPX0000     1417   857     2351.6246 11152     9660.0000     2350.7865 15610103   75.66%
CPX0000     1418   858     2356.6246 10593     9660.0000     2350.7865 15623114   75.66%
CPX0000     1420   860     2372.1246 10478     9660.0000     2350.7865 15626754   75.66%
CPX0000     1422   862     2379.6246 10430     9660.0000     2350.7865 15630266   75.66%
CPX0000     1423   863     2382.9910 10409     9660.0000     2350.7865 15651589   75.66%
CPX0000     1424   864     2391.6274 10164     9660.0000     2350.7865 15665435   75.66%
CPX0000     1425   865     2395.2637 10194     9660.0000     2350.7865 15671033   75.66%
CPX0000     1426   866     2396.5865 10240     9660.0000     2350.7865 15684339   75.66%
CPX0000  Elapsed time = 83461.46 sec. (24696302.58 ticks, tree = 24.97 MB
CPX0000     1427   867     2396.8218 10256     9660.0000     2350.7865 15702903   75.66%
CPX0000     1428   868     2398.3843 10178     9660.0000     2350.7865 15708892   75.66%
CPX0000     1429   869     2402.5520 10185     9660.0000     2350.7865 15734894   75.66%
CPX0000     1430   870     2407.7245 10107     9660.0000     2350.7865 15740999   75.66%
CPX0000     1432   872     2415.9647 10069     9660.0000     2350.7865 15762103   75.66%
CPX0000     1434   874     2424.4022  9781     9660.0000     2350.7865 15773628   75.66%
CPX0000     1435   875     2424.4022  9745     9660.0000     2350.7865 15791703   75.66%
CPX0000     1437   877     2428.3924  9725     9660.0000     2350.7865 15799698   75.66%
CPX0000     1439   879     2438.5927  9594     9660.0000     2350.7865 15816860   75.66%
CPX0000     1440   880     2439.8948  9612     9660.0000     2350.7865 15829684   75.66%
CPX0000  Elapsed time = 83696.13 sec. (24769962.01 ticks, tree = 25.35 MB
CPX0000     1442   882     2442.5311  9523     9660.0000     2350.7865 15846870   75.66%
CPX0000     1444   884     2448.8920  9529     9660.0000     2350.7865 15855641   75.66%
CPX0000     1448   886     2492.6388  9325     9660.0000     2350.7865 15868715   75.66%
CPX0000     1450   888     2499.9331  9039     9660.0000     2350.7865 15878707   75.66%
CPX0000     1451   889     2514.9331  9068     9660.0000     2350.7865 15890382   75.66%
CPX0000     1453   891     2516.4436  9073     9660.0000     2350.7865 15896062   75.66%
CPX0000     1455   893     2553.6311  9184     9660.0000     2350.7865 15907921   75.66%
CPX0000     1457   895     2554.4001  9103     9660.0000     2350.7865 15920269   75.66%
CPX0000     1458   896     2554.4931  9093     9660.0000     2350.7865 15929329   75.66%
CPX0000     1459   897     2554.4931  9063     9660.0000     2350.7865 15936826   75.66%
CPX0000  Elapsed time = 83892.38 sec. (24836491.54 ticks, tree = 25.82 MB
CPX0000     1460   898     2554.9690  8948     9660.0000     2350.7865 15959555   75.66%
CPX0000     1461   899     2554.9690  8966     9660.0000     2350.7865 15965388   75.66%
CPX0000     1462   900     2555.5952  8714     9660.0000     2350.7865 15990360   75.66%
CPX0000     1463   901     2555.6803  8944     9660.0000     2350.7865 16003774   75.66%
CPX0000     1464   902     2555.8886  8636     9660.0000     2350.7865 16020340   75.66%
CPX0000     1466   904     2570.8886  8621     9660.0000     2350.7865 16025296   75.66%
CPX0000     1469   907     2571.1916  8680     9660.0000     2350.7865 16029930   75.66%
CPX0000  *  1475+  909                         7605.0000     2350.7865 16032861   69.09%
CPX0000  *  1475+  909                         7575.0000     2350.7865 16032861   68.97%
CPX0000     1475   911     2603.4703  8761     7575.0000     2350.7865 16032861   68.97%
[1m[30m[ZEN] [0m23:20:49 [1m[34m   7575.00[1m[32m   68.97%
[0mCPX0000     1478   914     2610.1300  8780     7575.0000     2350.7865 16038492   68.97%
CPX0000     1481   917     2610.5127  8737     7575.0000     2350.7865 16057624   68.97%
CPX0000  Elapsed time = 84080.08 sec. (24899621.63 ticks, tree = 26.39 MB
CPX0000     1482   918     2610.7505  8846     7575.0000     2350.7865 16072590   68.97%
CPX0000     1485   918     2353.7007 11654     7575.0000     2350.9207 16146638   68.96%
CPX0000     1486   919     2358.7007 10895     7575.0000     2350.9207 16157185   68.96%
CPX0000     1488   921     2366.9766 10816     7575.0000     2350.9207 16166646   68.96%
CPX0000     1489   922     2373.7007 10425     7575.0000     2350.9207 16176008   68.96%
CPX0000     1491   924     2381.7007 10436     7575.0000     2350.9207 16184317   68.96%
CPX0000     1492   925     2383.7733 10180     7575.0000     2350.9207 16214479   68.96%
CPX0000     1494   927     2384.2278 10071     7575.0000     2350.9207 16235808   68.96%
CPX0000     1495   928     2393.1167 10002     7575.0000     2350.9207 16241828   68.96%
CPX0000     1496   929     2394.6792  9998     7575.0000     2350.9207 16248815   68.96%
CPX0000  Elapsed time = 85571.27 sec. (25365424.26 ticks, tree = 26.72 MB
CPX0000     1497   930     2398.8994  9962     7575.0000     2350.9207 16275334   68.96%
CPX0000     1498   931     2401.3951 10163     7575.0000     2350.9207 16294058   68.96%
CPX0000     1499   930    infeasible           7575.0000     2350.9207 16314275   68.96%
CPX0000     1500   929    infeasible           7575.0000     2350.9207 16339419   68.96%
CPX0000
CPX0000  GUB cover cuts applied:  1398
CPX0000  Clique cuts applied:  790
CPX0000  Cover cuts applied:  477
CPX0000  Implied bound cuts applied:  17
CPX0000  Flow cuts applied:  164
CPX0000  Mixed integer rounding cuts applied:  697
CPX0000  Zero-half cuts applied:  6028
CPX0000  Lift and project cuts applied:  8
CPX0000  Gomory fractional cuts applied:  26
CPX0000
CPX0000  Root node processing (before b&c):
CPX0000    Real time             = 21294.47 sec. (6710082.80 ticks)
CPX0000  Sequential b&c:
CPX0000    Real time             = 65105.73 sec. (18915371.60 ticks)
CPX0000                            ------------
CPX0000  Total (root+branch&cut) = 86400.20 sec. (25625454.40 ticks)
H2 understaffing: 0
H3 shiftTypeSuccessions: 0
S1 optimalCoverage: 600
S2a consecutiveShift: 795 = (53,0 )
S2b consecutiveWorkingDays: 1440 = ( 47,1 )
S3 consecutiveDaysOff: 750 = ( 12,13 )
S4 preferences: 400
S5 completeWeekend: 120
S6 totalAssignments: 3200
S7 totalWorkingWeekeends: 270
 

Cost Solution: 7575

       |M|T|W|T|F|S|S| |M|T|W|T|F|S|S| |M|T|W|T|F|S|S| |M|T|W|T|F|S|S|
------------------------------------------------------------------------
HN_0   |-|N|N|N|N|-|-| |-|-|-|D|D|D|D| |L|L|-|-|-|E|D| |D|E|E|-|-|-|-|
HN_1   |D|D|D|-|-|-|-| |-|-|-|E|E|-|-| |-|-|-|-|D|D|L| |L|-|-|-|-|-|-|
HN_2   |-|-|-|L|L|-|-| |-|D|D|D|E|E|-| |-|-|-|D|D|-|-| |E|E|-|-|-|-|-|
HN_3   |N|-|-|E|E|E|E| |-|-|L|L|L|-|-| |D|D|D|E|-|-|-| |D|D|D|-|-|D|D|
HN_4   |E|-|-|-|-|-|-| |D|D|D|-|-|-|-| |-|-|D|D|D|-|-| |-|L|L|L|L|-|-|
HN_5   |L|L|L|L|L|-|-| |-|N|-|-|-|-|-| |-|-|E|E|D|D|D| |-|-|-|-|-|-|-|
HN_6   |D|L|L|-|-|-|-| |N|N|N|N|-|-|-| |E|E|L|L|L|-|-| |-|-|D|D|D|-|-|
HN_7   |E|E|D|D|-|-|-| |E|E|E|D|E|-|-| |-|-|D|D|N|N|N| |N|N|-|-|-|N|N|
HN_8   |-|-|L|L|L|L|L| |-|-|-|-|D|D|N| |N|N|N|-|-|-|-| |L|L|L|L|N|-|-|
HN_9   |D|D|D|D|D|-|-| |-|-|N|-|-|-|-| |D|D|D|-|-|-|L| |N|N|-|-|-|-|-|
HN_10  |-|-|L|L|L|L|L| |-|-|-|N|-|-|-| |-|E|L|L|L|L|L| |-|-|-|-|E|E|D|
HN_11  |L|L|-|-|-|-|-| |L|L|-|-|-|-|-| |D|D|-|-|-|-|-| |D|D|-|-|L|L|-|
HN_12  |-|-|-|-|-|E|E| |E|-|-|-|-|-|-| |E|E|N|N|N|-|-| |-|-|L|L|L|-|-|
HN_13  |-|E|E|D|D|-|-| |-|L|L|L|L|-|-| |-|E|E|E|E|-|-| |-|-|D|D|D|D|E|
HN_14  |-|E|E|E|-|-|-| |D|D|D|-|-|-|-| |-|-|D|D|D|E|E| |-|-|-|-|-|-|-|
HN_15  |-|-|-|D|D|D|D| |-|-|-|-|D|D|N| |N|N|N|-|-|-|-| |E|E|D|D|N|N|N|
HN_16  |E|E|E|L|L|-|-| |D|D|E|E|E|-|-| |L|L|L|-|N|N|N| |N|N|-|-|D|D|D|
HN_17  |L|L|L|L|L|-|-| |-|-|-|-|-|L|L| |L|-|-|-|-|-|-| |E|E|E|L|L|-|-|
HN_18  |N|-|-|N|N|N|N| |N|-|-|E|E|E|E| |E|-|-|N|N|N|N| |-|N|N|N|N|-|-|
HN_19  |N|N|N|-|-|-|-| |L|L|L|L|L|-|-| |-|E|E|E|E|-|-| |-|-|E|E|-|-|-|
NU_20  |-|D|D|D|-|-|-| |N|N|N|N|N|-|-| |-|-|-|-|-|E|E| |E|-|-|-|-|-|-|
NU_21  |E|-|-|N|N|N|N| |-|-|E|E|N|-|-| |L|L|L|L|L|-|-| |N|N|N|N|N|-|-|
NU_22  |N|N|N|N|N|-|-| |E|E|E|D|D|-|-| |E|E|E|-|E|E|E| |-|-|E|E|N|N|N|
NU_23  |-|-|-|-|E|E|E| |-|-|-|-|-|-|-| |N|N|N|N|-|-|-| |D|D|D|D|D|-|-|
NU_24  |L|-|-|-|-|L|L| |L|-|-|-|L|L|L| |-|-|-|-|-|-|-| |L|L|L|-|-|-|-|
NU_25  |L|L|-|-|-|-|-| |-|D|D|-|-|-|-| |N|N|N|N|-|-|-| |E|E|E|-|-|-|-|
NU_26  |D|D|E|E|-|-|-| |-|-|-|D|D|-|-| |-|L|L|-|-|L|L| |-|-|-|D|D|-|-|
NU_27  |E|E|-|-|-|-|-| |E|E|-|-|-|-|-| |-|-|E|E|-|-|-| |-|-|-|L|L|-|-|
NU_28  |E|-|-|-|-|-|-| |D|D|D|-|-|-|-| |E|D|D|-|-|-|-| |L|L|L|-|-|-|-|
NU_29  |L|-|-|-|-|D|D| |N|N|N|N|-|-|-| |-|N|-|E|-|-|-| |-|D|D|E|E|L|L|
NU_30  |-|-|L|L|L|-|-| |E|E|E|-|-|-|-| |-|-|D|D|E|E|E| |-|-|-|-|-|-|-|
NU_31  |-|-|-|-|D|D|L| |L|-|-|-|-|-|-| |D|D|D|L|L|-|-| |-|-|E|E|E|-|-|
NU_32  |N|N|N|-|-|D|D| |L|L|L|-|-|D|D| |E|E|L|L|-|-|-| |E|E|L|L|L|-|-|
NU_33  |-|-|E|E|E|-|-| |L|L|L|L|L|-|-| |N|N|N|N|-|L|L| |L|-|-|D|D|L|L|
NU_34  |-|L|L|-|-|-|-| |-|-|L|L|-|-|-| |E|E|-|-|-|-|-| |E|E|-|-|-|-|-|
NU_35  |-|E|E|D|D|-|-| |-|-|D|D|E|E|E| |-|-|-|D|-|-|-| |D|D|D|D|D|-|-|
NU_36  |E|E|D|D|D|-|-| |-|-|L|L|L|-|-| |-|D|D|L|L|-|-| |-|-|-|-|N|N|N|
NU_37  |D|-|-|-|-|-|-| |E|E|E|E|-|-|-| |L|L|L|-|-|-|-| |-|L|L|L|-|-|-|
NU_38  |L|-|-|N|N|N|N| |N|-|-|-|N|N|N| |N|-|-|D|-|-|-| |L|L|L|L|L|-|-|
NU_39  |D|D|-|-|-|D|D| |N|N|N|N|N|-|-| |-|L|-|-|-|-|-| |N|N|N|N|N|-|-|
CT_40  |L|L|-|-|D|D|-| |-|-|-|E|E|-|-| |-|-|E|E|E|-|-| |N|N|N|N|N|-|-|
CT_41  |L|L|-|-|-|-|-| |E|E|-|-|-|L|L| |L|L|L|-|-|-|-| |-|-|-|E|E|-|-|
CT_42  |D|-|E|E|E|-|-| |L|L|L|L|L|-|-| |-|-|-|N|N|N|N| |N|-|-|N|N|N|N|
CT_43  |-|-|-|L|L|-|-| |-|-|-|-|E|E|-| |-|-|-|D|D|-|-| |L|L|-|-|-|-|-|
CT_44  |-|-|-|-|L|L|L| |L|L|-|-|-|-|-| |D|D|D|-|-|-|-| |L|L|L|-|-|-|-|
CT_45  |-|-|-|E|E|E|E| |E|-|-|-|-|D|D| |E|E|E|-|-|-|-| |D|D|D|D|D|-|-|
CT_46  |-|-|-|-|E|E|E| |E|E|-|-|-|-|-| |-|-|D|D|D|-|-| |-|-|E|E|E|-|-|
CT_47  |E|-|-|E|E|L|L| |L|-|-|E|E|L|L| |-|-|E|E|E|-|-| |N|N|N|N|N|-|-|
CT_48  |-|-|D|D|D|-|-| |-|-|-|-|-|E|E| |D|D|-|-|-|-|-| |D|D|E|E|-|-|-|
CT_49  |N|N|N|N|N|-|-| |N|N|N|N|N|-|-| |D|D|D|-|-|L|L| |L|L|-|-|E|E|D|
CT_50  |E|L|L|-|-|-|-| |E|E|E|L|L|-|-| |-|D|D|D|D|D|D| |D|-|-|-|-|N|N|
CT_51  |D|D|L|L|-|-|-| |-|-|D|D|D|-|-| |-|-|L|-|-|-|-| |D|D|D|-|-|-|-|
CT_52  |L|L|L|L|L|-|-| |-|-|E|E|E|L|L| |-|-|-|E|E|-|-| |-|L|L|L|L|-|-|
CT_53  |-|-|-|-|D|D|D| |L|L|-|-|-|-|-| |-|-|L|L|L|-|-| |-|-|-|-|E|E|E|
CT_54  |N|N|-|-|L|-|-| |L|L|L|L|L|-|-| |D|D|L|-|-|N|N| |N|N|-|-|L|L|L|
CT_55  |-|-|-|N|N|N|-| |-|-|E|E|-|-|-| |-|-|-|L|L|-|-| |-|-|-|D|D|-|-|
CT_56  |D|-|-|-|-|-|-| |E|E|-|-|-|-|-| |-|-|D|D|D|-|-| |-|-|-|-|L|L|-|
CT_57  |-|-|E|E|E|-|-| |-|E|E|E|-|-|-| |-|-|L|L|L|-|-| |-|-|-|-|-|E|E|
CT_58  |-|N|N|N|N|-|-| |D|D|-|-|-|-|-| |N|N|N|N|N|-|-| |-|-|-|-|D|D|-|
CT_59  |-|L|L|L|L|-|-| |N|N|N|N|-|-|-| |L|L|L|L|L|-|-| |-|-|D|D|E|E|E|
CT_60  |L|-|-|-|-|-|-| |-|N|N|N|N|-|-| |-|N|N|N|N|-|-| |-|-|E|E|E|-|-|
CT_61  |-|L|L|-|-|-|-| |-|-|-|D|D|-|-| |E|E|E|-|-|-|-| |-|-|-|L|L|-|-|
CT_62  |N|N|N|N|N|-|-| |E|D|D|D|D|-|-| |N|N|N|N|N|-|-| |E|E|E|D|D|-|-|
CT_63  |E|E|D|D|-|-|-| |D|D|L|L|-|-|-| |N|N|N|N|-|-|-| |D|D|D|D|-|-|-|
CT_64  |N|N|-|-|-|-|-| |-|D|D|D|-|-|-| |-|-|D|D|D|-|-| |-|-|-|-|D|D|D|
CT_65  |N|N|N|N|N|-|-| |D|D|L|L|L|-|-| |E|E|N|-|-|N|N| |N|N|-|E|E|E|L|
CT_66  |N|-|-|-|E|E|D| |D|L|L|L|-|-|-| |-|E|E|E|E|L|L| |L|-|-|-|-|-|-|
CT_67  |E|E|E|-|-|-|-| |D|D|D|-|-|-|-| |L|L|-|-|-|-|-| |-|-|N|N|N|N|-|
CT_68  |-|-|E|E|E|-|-| |-|-|-|N|N|N|N| |N|-|-|-|-|-|-| |E|E|E|-|-|-|-|
CT_69  |-|-|D|D|D|-|-| |-|N|N|N|N|-|-| |-|-|-|E|E|E|E| |-|-|-|-|-|-|-|
CT_70  |D|D|D|L|L|-|-| |-|-|D|D|N|N|N| |N|N|-|-|-|D|D| |D|L|L|-|-|-|-|
CT_71  |D|D|-|-|-|-|-| |-|-|N|N|N|N|N| |-|-|-|-|-|-|-| |L|L|-|-|-|-|-|
CT_72  |-|-|-|D|D|-|-| |-|-|-|-|-|E|E| |E|-|-|-|-|-|-| |L|L|-|-|-|-|-|
CT_73  |D|D|-|-|-|-|-| |L|L|-|-|-|N|N| |N|N|N|-|-|-|-| |E|E|-|-|-|-|-|
CT_74  |-|-|-|D|D|-|-| |-|-|-|-|D|D|E| |E|-|-|D|D|-|-| |-|-|-|L|L|-|-|
CT_75  |-|-|D|D|N|N|N| |N|-|-|-|D|D|D| |D|-|-|-|-|-|-| |E|E|E|D|D|-|-|
CT_76  |N|N|-|-|D|D|D| |-|-|D|D|D|E|E| |-|-|N|N|N|-|-| |N|N|N|N|N|-|-|
CT_77  |D|D|E|E|E|-|-| |N|N|N|N|N|-|-| |L|L|L|L|L|-|-| |N|N|N|N|N|-|-|
CT_78  |L|L|-|-|N|N|N| |N|-|-|E|E|L|L| |L|-|-|-|D|D|D| |D|-|-|E|E|D|D|
CT_79  |-|-|-|-|L|L|-| |-|-|-|E|E|-|-| |-|D|D|-|-|-|-| |-|-|L|L|L|-|-|
TR_80  |-|D|D|L|L|-|-| |-|-|L|L|N|N|N| |N|N|-|-|-|E|E| |E|N|N|N|N|-|-|
TR_81  |E|E|E|-|-|-|-| |N|N|N|N|-|-|-| |-|-|-|-|N|N|N| |N|-|-|-|-|-|-|
TR_82  |-|-|D|D|D|-|-| |-|-|-|-|-|D|D| |L|L|-|-|-|-|-| |-|E|E|D|D|-|-|
TR_83  |D|-|-|-|-|D|D| |D|D|-|-|-|L|L| |N|N|N|N|-|-|-| |-|E|E|L|L|-|-|
TR_84  |N|N|N|N|N|-|-| |-|-|E|E|E|E|E| |-|-|-|N|N|N|N| |-|-|-|N|-|-|-|
TR_85  |L|L|-|-|-|-|-| |-|L|L|L|L|-|-| |-|N|N|N|N|-|-| |-|-|-|L|L|-|-|
TR_86  |-|-|-|-|N|N|N| |N|-|-|-|-|-|-| |E|E|E|-|-|-|-| |-|D|D|E|E|-|-|
TR_87  |-|D|D|L|L|-|-| |E|E|E|E|-|-|-| |D|D|E|E|-|-|-| |N|N|N|N|N|-|-|
TR_88  |-|E|E|D|D|-|-| |-|E|E|D|D|-|-| |-|-|-|D|D|D|L| |L|-|-|-|-|N|N|
TR_89  |E|-|-|D|D|E|E| |E|-|-|D|D|D|D| |-|-|D|D|D|-|-| |N|N|N|N|N|-|-|
TR_90  |N|-|-|-|-|-|-| |N|N|N|N|N|-|-| |-|-|-|-|D|D|L| |L|L|-|-|-|-|-|
TR_91  |-|-|E|E|E|L|L| |-|-|E|E|E|-|-| |L|L|L|L|L|-|-| |D|D|D|D|D|-|-|
TR_92  |-|-|-|-|L|L|-| |-|E|E|E|-|-|-| |L|L|L|L|-|-|-| |L|L|-|-|-|-|-|
TR_93  |-|-|D|D|D|-|-| |-|-|-|-|-|E|E| |E|-|-|-|-|-|-| |E|E|E|E|E|-|-|
TR_94  |E|E|E|E|-|-|-| |-|-|-|D|D|D|-| |-|-|-|-|N|N|N| |N|-|-|-|-|-|-|
TR_95  |L|L|-|-|-|-|-| |L|L|-|-|N|N|N| |N|-|-|E|E|-|-| |-|-|-|D|D|-|-|
TR_96  |D|D|L|L|-|-|-| |-|D|D|E|E|-|-| |-|D|-|-|-|D|D| |D|D|-|-|-|L|L|
TR_97  |L|L|-|-|E|E|E| |E|-|-|E|E|L|L| |-|-|-|E|E|E|E| |-|-|D|D|D|-|-|
TR_98  |-|L|L|L|L|-|-| |-|L|L|L|L|-|-| |-|D|-|-|-|-|E| |E|L|L|L|L|-|-|
TR_99  |N|N|N|N|N|-|-| |-|-|D|-|-|-|E| |E|E|D|D|-|-|-| |-|E|E|E|E|-|-|
TR_100 |N|N|N|N|N|-|-| |E|E|E|D|D|-|-| |D|D|D|-|-|N|N| |N|N|-|-|E|E|E|
TR_101 |D|D|N|N|N|-|-| |N|N|N|N|N|-|-| |E|E|E|D|D|-|-| |D|D|D|-|-|D|D|
TR_102 |D|D|-|-|-|-|-| |N|N|N|N|-|-|-| |-|E|E|-|-|-|D| |D|L|L|L|-|-|-|
TR_103 |-|-|-|-|E|E|E| |E|-|-|-|-|-|-| |N|N|N|N|-|-|-| |D|D|D|-|-|-|-|
TR_104 |E|E|-|-|D|D|D| |-|-|L|L|L|-|-| |L|L|L|L|L|-|-| |E|E|E|-|-|D|D|
TR_105 |N|N|N|-|-|-|-| |L|L|L|L|-|-|-| |D|D|E|E|-|-|-| |L|L|L|L|-|-|-|
TR_106 |E|-|E|E|E|-|-| |L|L|L|L|L|-|-| |L|L|L|-|-|L|L| |L|-|-|D|D|E|E|
TR_107 |D|D|D|L|L|-|-| |-|-|N|-|-|-|-| |D|D|D|E|E|-|-| |-|N|N|N|N|-|-|
TR_108 |L|L|-|-|-|-|-| |D|D|-|-|-|-|-| |-|N|N|N|N|-|-| |E|E|-|-|L|L|-|
TR_109 |L|L|L|-|-|-|-| |D|D|D|D|-|-|-| |-|D|D|L|L|-|-| |-|N|N|N|N|-|-|


Hard constraint violations
--------------------------

Minimal coverage constraints: 0
Required skill constraints: 0
Illegal shift type succession constraints: 0
Single assignment per day: 0


Cost per constraint type
------------------------

Total assignment constraints: 3200
Consecutive constraints: 2235
Non working days constraints: 750
Preferences: 400
Max working weekend: 270
Complete weekends: 120
Optimal coverage constraints: 600

------------------------

Total cost: 7575
