Argumentos: 
./solver.release -i 15 -t 86400 -a 7 -h 86400 -w Testes/R2-i15 -m R2_modeloCom2345.mod -o R2_modeloCom2345.mod 
Seed: 1622927966
hidden-TXT/Sc-n070w4.txt
hidden-TXT/H0-n070w4-0.txt
hidden-TXT/WD-n070w4-9.txt hidden-TXT/WD-n070w4-1.txt hidden-TXT/WD-n070w4-7.txt hidden-TXT/WD-n070w4-5.txt 
Reading model section from R2_modeloCom2345.mod...
367 lines were read
Reading data section from Testes/R2-i15/15.dat...
13093 lines were read
Generating obj...
Generating H1turnoDia...
Generating H2coberturaMinima...
Generating H3AsucessaoTurnos...
Generating H3BsucessaoTurnos...
Generating H4qualificacao...
Generating S1coberturaOtima...
Generating S2d...
Generating S2dHist...
Generating S2b...
Generating S2bHist...
Generating auxS5...
Generating S6a...
Generating S6b...
Generating auxS7...
Generating S7...
Model has been successfully generated
Writing problem data to `Testes/R2-i15/15.lp'...
326389 lines were written
CPX0000  Tried aggregator 2 times.
CPX0000  MIP Presolve eliminated 14186 rows and 49852 columns.
CPX0000  MIP Presolve modified 3776 coefficients.
CPX0000  Aggregator did 4 substitutions.
CPX0000  Reduced MIP has 15061 rows, 23051 columns, and 210209 nonzeros.
CPX0000  Reduced MIP has 22624 binaries, 427 generals, 0 SOSs, and 0 indicators.
CPX0000  Presolve time = 0.35 sec. (223.92 ticks)
CPX0000  Found incumbent of value 437845.000000 after 0.94 sec. (666.57 ticks)
[1m[30m[ZEN] [0m00:00:00 [1m[34m 437845.00[1m[32m  100.00%
[0mCPX0000  Probing time = 0.02 sec. (8.27 ticks)
CPX0000  Tried aggregator 1 time.
CPX0000  Reduced MIP has 15061 rows, 23051 columns, and 210209 nonzeros.
CPX0000  Reduced MIP has 22624 binaries, 427 generals, 0 SOSs, and 0 indicators.
CPX0000  Presolve time = 0.10 sec. (76.80 ticks)
CPX0000  Probing time = 0.02 sec. (7.88 ticks)
CPX0000  Clique table members: 9956.
CPX0000  MIP emphasis: balance optimality and feasibility.
CPX0000  MIP search method: dynamic search.
CPX0000  Parallel mode: none, using 1 thread.
CPX0000  Root relaxation solution time = 2.05 sec. (1190.24 ticks)
CPX0000
CPX0000          Nodes                                         Cuts/
CPX0000     Node  Left     Objective  IInf  Best Integer    Best Bound    ItCnt     Gap
CPX0000
CPX0000  *     0+    0                       437845.0000        0.0000     6519  100.00%
CPX0000        0     0        0.0000   699   437845.0000        0.0000     6519  100.00%
CPX0000  *     0+    0                         6395.0000        0.0000     6519  100.00%
[1m[30m[ZEN] [0m00:00:03 [1m[34m   6395.00[1m[32m  100.00%
[0mCPX0000        0     0        0.0000  1030     6395.0000     Cuts: 470     8565  100.00%
CPX0000        0     0        0.0000  1056     6395.0000     Cuts: 308    10581  100.00%
CPX0000  *     0+    0                         2070.0000        0.0000    10581  100.00%
CPX0000  *     0+    0                         1950.0000        0.0000    10581  100.00%
CPX0000  *     0+    0                         1860.0000        0.0000    10581  100.00%
CPX0000  *     0+    0                         1460.0000        0.0000    10581  100.00%
[1m[30m[ZEN] [0m00:00:19 [1m[34m   1460.00[1m[32m  100.00%
[0mCPX0000        0     2        0.0000   445     1460.0000        0.0000    10581  100.00%
CPX0000  Elapsed time = 19.14 sec. (11023.93 ticks, tree = 0.00 MB
CPX0000        1     3        0.0000   410     1460.0000        0.0000    13850  100.00%
CPX0000        2     4        0.0000   608     1460.0000        0.0000    16352  100.00%
CPX0000        3     5        0.0000   523     1460.0000        0.0000    17944  100.00%
CPX0000        4     6        0.0000   645     1460.0000        0.0000    18962  100.00%
CPX0000        8    10        0.0000   446     1460.0000        0.0000    21822  100.00%
CPX0000       10    12        0.0000   434     1460.0000        0.0000    22559  100.00%
CPX0000       15    17        0.0000   440     1460.0000        0.0000    24832  100.00%
CPX0000       18    20        0.0000   506     1460.0000        0.0000    27731  100.00%
CPX0000       20    22        0.0000   303     1460.0000        0.0000    30817  100.00%
CPX0000       29    31        1.6667   356     1460.0000        0.0000    41748  100.00%
CPX0000  Elapsed time = 30.27 sec. (18361.30 ticks, tree = 1.05 MB
CPX0000       42    44        6.6667   267     1460.0000        0.0000    47790  100.00%
CPX0000       59    61       25.0000    81     1460.0000        0.0000    58711  100.00%
CPX0000       77    79       30.0000   131     1460.0000        0.0000    63753  100.00%
CPX0000       86    88       56.6667   160     1460.0000        0.0000    75470  100.00%
CPX0000      121   123       60.0000    65     1460.0000        0.0000    79974  100.00%
CPX0000      175   177      160.0000    99     1460.0000        0.0000    84523  100.00%
CPX0000  *   210+  210                         1250.0000        0.0000    86171  100.00%
[1m[30m[ZEN] [0m00:00:40 [1m[34m   1250.00[1m[32m  100.00%
[0mCPX0000  *   230+  230                         1040.0000        0.0000    87384  100.00%
[1m[30m[ZEN] [0m00:00:40 [1m[34m   1040.00[1m[32m  100.00%
[0mCPX0000      240   242      230.0000    35     1040.0000        0.0000    87532  100.00%
CPX0000  *   270+  270                          890.0000        0.0000    89128  100.00%
[1m[30m[ZEN] [0m00:00:41 [1m[34m    890.00[1m[32m  100.00%
[0mCPX0000  *   280+  280                          830.0000        0.0000    89332  100.00%
[1m[30m[ZEN] [0m00:00:41 [1m[34m    830.00[1m[32m  100.00%
[0mCPX0000      300   302      230.0000   143      830.0000        0.0000    90471  100.00%
CPX0000  *   310+  310                          710.0000        0.0000    91206  100.00%
CPX0000  *   310+  310                          670.0000        0.0000    91206  100.00%
[1m[30m[ZEN] [0m00:00:42 [1m[34m    670.00[1m[32m  100.00%
[0mCPX0000  *   320+  320                          540.0000        0.0000    92308  100.00%
[1m[30m[ZEN] [0m00:00:43 [1m[34m    540.00[1m[32m  100.00%
[0mCPX0000      344   346      260.0000   157      540.0000        0.0000    94237  100.00%
CPX0000  *   350+  350                          420.0000        0.0000    95348  100.00%
CPX0000  *   350+  350                          400.0000        0.0000    95348  100.00%
[1m[30m[ZEN] [0m00:00:44 [1m[34m    400.00[1m[32m  100.00%
[0mCPX0000      390   392      370.0000    43      400.0000        0.0000    98274  100.00%
CPX0000  Elapsed time = 45.21 sec. (28440.41 ticks, tree = 61.96 MB
CPX0000      423   412        0.0000   364      400.0000        0.0000   100998  100.00%
CPX0000      427   416        0.6667   454      400.0000        0.0000   105497  100.00%
CPX0000      431   420        5.6667   514      400.0000        0.0000   108260  100.00%
CPX0000      433   422        5.6667   442      400.0000        0.0000   110908  100.00%
CPX0000      438   427        8.6667   486      400.0000        0.0000   112960  100.00%
CPX0000      442   431       15.3333   437      400.0000        0.0000   115108  100.00%
CPX0000      449   438       23.3333   331      400.0000        0.0000   117533  100.00%
CPX0000  *   450+  430                          390.0000        0.0000   118123  100.00%
[1m[30m[ZEN] [0m00:00:56 [1m[34m    390.00[1m[32m  100.00%
[0mCPX0000      458   440       67.5000   486      390.0000        0.0000   119850  100.00%
CPX0000      460   442       82.5000   379      390.0000        0.0000   120374  100.00%
CPX0000      476   458      105.0000   235      390.0000        0.0000   124546  100.00%
CPX0000  Elapsed time = 60.42 sec. (39439.88 ticks, tree = 72.35 MB
CPX0000      497   479      160.0000   214      390.0000        0.0000   127735  100.00%
CPX0000      524   506      193.3333   190      390.0000        0.0000   131450  100.00%
CPX0000  *   560+  512                          350.0000        0.0000   133470  100.00%
[1m[30m[ZEN] [0m00:01:04 [1m[34m    350.00[1m[32m  100.00%
[0mCPX0000  *   561+  496                          300.0000        0.0000   136103  100.00%
CPX0000      561   498        0.0000   450      300.0000        0.0000   136103  100.00%
[1m[30m[ZEN] [0m00:01:05 [1m[34m    300.00[1m[32m  100.00%
[0mCPX0000  *   562+  467                          250.0000        0.0000   138316  100.00%
CPX0000  *   562+  448                          240.0000        0.0000   138316  100.00%
CPX0000  *   562+  360                          230.0000        0.0000   138316  100.00%
CPX0000      562   362        0.0000   806      230.0000        0.0000   138316  100.00%
[1m[30m[ZEN] [0m00:01:10 [1m[34m    230.00[1m[32m  100.00%
[0mCPX0000  *   563+  241                          220.0000      130.0000   178043   40.91%
CPX0000  *   563+  160                          190.0000      130.0000   178352   31.58%
[1m[30m[ZEN] [0m00:02:12 [1m[34m    190.00[1m[32m   31.58%
[0mCPX0000      563   161      130.0000     2      190.0000      130.0000   178352   31.58%
CPX0000      569   166      130.0000    47      190.0000      130.0000   181986   31.58%
CPX0000      571   167      130.0000    71      190.0000      130.0000   185647   31.58%
CPX0000      573   168      130.0000    51      190.0000      130.0000   186610   31.58%
CPX0000      577   168      130.0000    77      190.0000      130.0000   188657   31.58%
CPX0000      581   172      130.0000    66      190.0000      130.0000   192430   31.58%
CPX0000  Elapsed time = 140.85 sec. (99943.78 ticks, tree = 23.35 MB
CPX0000      583   174      130.0000   193      190.0000      130.0000   194299   31.58%
CPX0000      586   174      142.5000   306      190.0000      130.0000   197247   31.58%
CPX0000      588   176      142.5000   423      190.0000      130.0000   204489   31.58%
CPX0000      589   176      130.0000   146      190.0000      130.0000   210363   31.58%
CPX0000      590   176      130.0000   147      190.0000      130.0000   212570   31.58%
CPX0000      591   176      130.0000   154      190.0000      130.0000   219971   31.58%
CPX0000      592   176      130.0000   110      190.0000      130.0000   224634   31.58%
CPX0000      593   177      130.0000   276      190.0000      130.0000   227448   31.58%
CPX0000      597   181      130.0000   124      190.0000      130.0000   228794   31.58%
CPX0000      599   181      130.0000   223      190.0000      130.0000   230780   31.58%
CPX0000  Elapsed time = 164.60 sec. (118197.32 ticks, tree = 22.71 MB
CPX0000      600   182      130.0000    71      190.0000      130.0000   231053   31.58%
CPX0000      603   183      130.0000    22      190.0000      130.0000   231754   31.58%
CPX0000      605   184      130.0000    86      190.0000      130.0000   233573   31.58%
CPX0000      610   186      130.0000   111      190.0000      130.0000   235671   31.58%
CPX0000      613   187      130.0000    37      190.0000      130.0000   237615   31.58%
CPX0000      615   188      130.0000    60      190.0000      130.0000   239268   31.58%
CPX0000      622   194      130.0000    77      190.0000      130.0000   241168   31.58%
CPX0000      625   196      130.0000   153      190.0000      130.0000   243028   31.58%
CPX0000      634   202      130.0000    17      190.0000      130.0000   244819   31.58%
CPX0000      639   207      130.0000   253      190.0000      130.0000   246966   31.58%
CPX0000  Elapsed time = 182.32 sec. (134125.24 ticks, tree = 25.91 MB
CPX0000      643   209      130.0000   293      190.0000      130.0000   248976   31.58%
CPX0000      647   211      130.0000   222      190.0000      130.0000   250589   31.58%
CPX0000      653   214      130.0000   175      190.0000      130.0000   253388   31.58%
CPX0000      656   216      140.0000   261      190.0000      130.0000   255685   31.58%
CPX0000      660   220      130.0000   333      190.0000      130.0000   257460   31.58%
CPX0000  *   663+  171                          150.0000      130.0000   259435   13.33%
CPX0000      663   173      130.0000   261      150.0000      130.0000   259435   13.33%
[1m[30m[ZEN] [0m00:03:11 [1m[34m    150.00[1m[32m   13.33%
[0mCPX0000      667   175      130.0000   292      150.0000      130.0000   261259   13.33%
CPX0000      670   175      130.0000   253      150.0000      130.0000   263182   13.33%
CPX0000      671   176      130.0000   494      150.0000      130.0000   266317   13.33%
CPX0000      673   178      130.0000   115      150.0000      130.0000   268124   13.33%
CPX0000  Elapsed time = 198.11 sec. (147402.43 ticks, tree = 22.53 MB
CPX0000      675   179      130.0000    45      150.0000      130.0000   270386   13.33%
CPX0000      680   182      130.0000    37      150.0000      130.0000   271969   13.33%
CPX0000      681   182      130.0000   238      150.0000      130.0000   275159   13.33%
CPX0000      686   186      130.0000   211      150.0000      130.0000   280934   13.33%
CPX0000      688   187      130.0000   124      150.0000      130.0000   288148   13.33%
CPX0000      691   188      130.0000   105      150.0000      130.0000   290074   13.33%
CPX0000      692   189      130.0000   314      150.0000      130.0000   294704   13.33%
CPX0000      693   190      130.0000   237      150.0000      130.0000   297417   13.33%
CPX0000      698   192      130.0000   150      150.0000      130.0000   299424   13.33%
CPX0000      701   194      130.0000   186      150.0000      130.0000   302560   13.33%
CPX0000  Elapsed time = 219.11 sec. (163922.00 ticks, tree = 24.09 MB
CPX0000      703   194      130.0000   162      150.0000      130.0000   305083   13.33%
CPX0000      704   195      130.0000   223      150.0000      130.0000   307586   13.33%
CPX0000      705   195      130.8333   220      150.0000      130.0000   309728   13.33%
CPX0000      706   196      130.8333   201      150.0000      130.0000   311574   13.33%
CPX0000      713   201      132.5000   190      150.0000      130.0000   313258   13.33%
CPX0000      720   205      132.5000   232      150.0000      130.0000   315457   13.33%
CPX0000      732   210      142.5000   149      150.0000      130.0000   317881   13.33%
CPX0000      759   201      130.0000    83      150.0000      130.0000   320198   13.33%
CPX0000      765   205      130.0000    72      150.0000      130.0000   321259   13.33%
CPX0000      769   206      130.0000   239      150.0000      130.0000   323835   13.33%
CPX0000  Elapsed time = 233.43 sec. (175912.58 ticks, tree = 27.07 MB
CPX0000      773   208      130.0000   155      150.0000      130.0000   325750   13.33%
CPX0000      781   212      130.0000   188      150.0000      130.0000   328149   13.33%
CPX0000      786   217      130.0000   208      150.0000      130.0000   330972   13.33%
CPX0000      796   222      130.0000    51      150.0000      130.0000   333232   13.33%
CPX0000      803   226      130.0000    47      150.0000      130.0000   335307   13.33%
CPX0000      809   229      130.0000    31      150.0000      130.0000   337644   13.33%
CPX0000      815   231      130.0000   249      150.0000      130.0000   340056   13.33%
CPX0000      822   234      130.0000    73      150.0000      130.0000   342092   13.33%
CPX0000      828   237      130.0000   381      150.0000      130.0000   344152   13.33%
CPX0000      873   270      145.0000    72      150.0000      130.0000   350859   13.33%
CPX0000  Elapsed time = 249.83 sec. (189810.91 ticks, tree = 41.42 MB
CPX0000      900   287      130.0000   300      150.0000      130.0000   357008   13.33%
CPX0000      922   309      130.0000   361      150.0000      130.0000   365828   13.33%
CPX0000      940   323      130.0000   129      150.0000      130.0000   372498   13.33%
CPX0000      963   346      130.0000   199      150.0000      130.0000   380864   13.33%
CPX0000      980   363      132.5000   136      150.0000      130.0000   388727   13.33%
CPX0000     1032   406      140.0000   112      150.0000      130.0000   397049   13.33%
CPX0000     1062   434        cutoff            150.0000      130.0000   405234   13.33%
CPX0000     1081   449      130.0000   123      150.0000      130.0000   412301   13.33%
CPX0000     1090   458      130.0000   290      150.0000      130.0000   414627   13.33%
CPX0000     1112   480      130.0000   249      150.0000      130.0000   421807   13.33%
CPX0000  Elapsed time = 295.76 sec. (229784.31 ticks, tree = 83.98 MB
CPX0000     1153   510      130.0000    63      150.0000      130.0000   429895   13.33%
CPX0000     1186   540      140.0000   120      150.0000      130.0000   437107   13.33%
CPX0000     1206   554      130.0000   290      150.0000      130.0000   444430   13.33%
CPX0000     1231   577      130.0000   152      150.0000      130.0000   451846   13.33%
CPX0000     1252   598      140.0000   174      150.0000      130.0000   459546   13.33%
CPX0000     1273   613      130.0000   407      150.0000      130.0000   465762   13.33%
CPX0000     1307   641      130.0000    16      150.0000      130.0000   471443   13.33%
CPX0000     1326   660      130.0000   318      150.0000      130.0000   478642   13.33%
CPX0000     1351   685      130.6250   375      150.0000      130.0000   487444   13.33%
CPX0000     1366   694      130.0000   193      150.0000      130.0000   492367   13.33%
CPX0000  Elapsed time = 341.85 sec. (269031.52 ticks, tree = 127.26 MB
CPX0000     1394   722      130.0000   252      150.0000      130.0000   500053   13.33%
CPX0000     1430   750      130.0000    65      150.0000      130.0000   507101   13.33%
CPX0000     1443   763      130.0000   377      150.0000      130.0000   514723   13.33%
CPX0000     1466   786      130.0000   139      150.0000      130.0000   521586   13.33%
CPX0000     1491   811      130.0000   217      150.0000      130.0000   530393   13.33%
CPX0000     1526   840      130.0000   136      150.0000      130.0000   538082   13.33%
CPX0000     1545   859      130.0000   184      150.0000      130.0000   545005   13.33%
CPX0000     1567   881      140.0000   233      150.0000      130.0000   550061   13.33%
CPX0000     1593   903      130.0000   278      150.0000      130.0000   557395   13.33%
CPX0000     1610   920      130.8333   348      150.0000      130.0000   563689   13.33%
CPX0000  Elapsed time = 388.10 sec. (308768.37 ticks, tree = 172.81 MB
CPX0000     1678   967      130.0000    64      150.0000      130.0000   569924   13.33%
CPX0000     1700   989      130.0000   252      150.0000      130.0000   577522   13.33%
CPX0000     1721  1008      144.0000   317      150.0000      130.0000   585461   13.33%
CPX0000     1746  1029      130.0000   198      150.0000      130.0000   592231   13.33%
CPX0000     1762  1045      130.8333   373      150.0000      130.0000   599755   13.33%
CPX0000     1778  1057      130.0000   359      150.0000      130.0000   604719   13.33%
CPX0000     1790  1069      130.0000   263      150.0000      130.0000   611414   13.33%
CPX0000     1799  1078      131.1111   316      150.0000      130.0000   619744   13.33%
CPX0000     1815  1094      135.0000   354      150.0000      130.0000   627226   13.33%
CPX0000     1856  1133      137.5000   278      150.0000      130.0000   634541   13.33%
CPX0000  Elapsed time = 437.50 sec. (349110.84 ticks, tree = 215.59 MB
CPX0000     1920  1187      130.0000    40      150.0000      130.0000   641613   13.33%
CPX0000     1944  1211      130.0000   293      150.0000      130.0000   649397   13.33%
CPX0000     1996  1247      130.0000   242      150.0000      130.0000   656373   13.33%
CPX0000     2026  1273      130.0000   206      150.0000      130.0000   662748   13.33%
CPX0000     2054  1301      130.0000   249      150.0000      130.0000   669833   13.33%
CPX0000     2083  1330      130.0000   202      150.0000      130.0000   673669   13.33%
CPX0000     2125  1372      140.0000   111      150.0000      130.0000   681762   13.33%
CPX0000     2170  1416      141.2500   201      150.0000      130.0000   688398   13.33%
CPX0000     2205  1447      145.0000    27      150.0000      130.0000   695865   13.33%
CPX0000     2224  1462      130.0000   355      150.0000      130.0000   703559   13.33%
CPX0000  Elapsed time = 488.42 sec. (390021.07 ticks, tree = 282.06 MB
CPX0000     2236  1474      130.0000   605      150.0000      130.0000   710996   13.33%
CPX0000     2263  1501      130.0000   287      150.0000      130.0000   717768   13.33%
CPX0000     2288  1526      130.0000   361      150.0000      130.0000   726740   13.33%
CPX0000     2309  1547      130.0000   258      150.0000      130.0000   735753   13.33%
CPX0000     2343  1581      135.0000   408      150.0000      130.0000   744838   13.33%
CPX0000     2385  1613      130.0000   191      150.0000      130.0000   750785   13.33%
CPX0000     2428  1654      130.0000   250      150.0000      130.0000   759592   13.33%
CPX0000     2457  1683      140.0000   276      150.0000      130.0000   767108   13.33%
CPX0000     2504  1712      142.5000   238      150.0000      130.0000   776762   13.33%
CPX0000     2538  1742      130.0000   152      150.0000      130.0000   782765   13.33%
CPX0000  Elapsed time = 535.27 sec. (430895.88 ticks, tree = 338.49 MB
CPX0000     2563  1767      130.0000    89      150.0000      130.0000   789671   13.33%
CPX0000     2576  1780      135.0000   232      150.0000      130.0000   797290   13.33%
CPX0000     2597  1794      130.0000   379      150.0000      130.0000   804246   13.33%
CPX0000     2631  1828      145.0000    67      150.0000      130.0000   812808   13.33%
CPX0000     2644  1837      131.2500   129      150.0000      130.0000   819742   13.33%
CPX0000     2670  1857      130.0000   138      150.0000      130.0000   826354   13.33%
CPX0000     2692  1879      130.0000    59      150.0000      130.0000   833026   13.33%
CPX0000     2720  1907      130.0000   242      150.0000      130.0000   840876   13.33%
CPX0000     2744  1931      130.7143   356      150.0000      130.0000   850513   13.33%
CPX0000     2774  1952      130.0000    48      150.0000      130.0000   857586   13.33%
CPX0000  Elapsed time = 587.93 sec. (476556.04 ticks, tree = 381.18 MB
CPX0000     2794  1972      130.0000   269      150.0000      130.0000   864539   13.33%
CPX0000     2814  1992      130.0000   120      150.0000      130.0000   871265   13.33%
CPX0000     2852  2026      130.0000    75      150.0000      130.0000   880659   13.33%
CPX0000     2872  2046      130.0000   166      150.0000      130.0000   885168   13.33%
CPX0000     2895  2069      132.5000   285      150.0000      130.0000   892761   13.33%
CPX0000     2935  2103      130.0000   302      150.0000      130.0000   900956   13.33%
CPX0000     2958  2126      130.0000   281      150.0000      130.0000   908798   13.33%
CPX0000     2998  2162      132.5000   226      150.0000      130.0000   917021   13.33%
CPX0000     3011  2170      130.0000   343      150.0000      130.0000   924053   13.33%
CPX0000     3050  2203      130.0000   224      150.0000      130.0000   931798   13.33%
CPX0000  Elapsed time = 636.20 sec. (518403.71 ticks, tree = 417.74 MB
CPX0000     3061  2214      140.0000   390      150.0000      130.0000   939175   13.33%
CPX0000     3073  2226      140.0000   283      150.0000      130.0000   942875   13.33%
CPX0000     3093  2240      130.0000   370      150.0000      130.0000   950338   13.33%
CPX0000     3117  2260      130.0000   150      150.0000      130.0000   958387   13.33%
CPX0000     3159  2300      130.0000   150      150.0000      130.0000   966968   13.33%
CPX0000     3183  2324      140.0000   165      150.0000      130.0000   974690   13.33%
CPX0000     3221  2355      130.0000    85      150.0000      130.0000   982954   13.33%
CPX0000     3243  2377      130.0000   228      150.0000      130.0000   990364   13.33%
CPX0000     3263  2397      130.5000   315      150.0000      130.0000   998784   13.33%
CPX0000     3281  2410      130.0000   295      150.0000      130.0000  1006748   13.33%
CPX0000  Elapsed time = 682.81 sec. (558405.63 ticks, tree = 459.29 MB
CPX0000     3301  2430      132.5000   348      150.0000      130.0000  1014717   13.33%
CPX0000     3359  2480      130.0000   354      150.0000      130.0000  1022598   13.33%
CPX0000     3390  2511      132.5000   264      150.0000      130.0000  1027208   13.33%
CPX0000     3434  2549      130.0000   178      150.0000      130.0000  1034808   13.33%
CPX0000     3473  2588      130.0000   170      150.0000      130.0000  1042276   13.33%
CPX0000     3503  2618      140.0000   141      150.0000      130.0000  1050619   13.33%
CPX0000     3570  2685      140.0000    83      150.0000      130.0000  1059226   13.33%
CPX0000     3581  2692      130.0000   215      150.0000      130.0000  1065463   13.33%
CPX0000     3611  2722      130.0000   232      150.0000      130.0000  1072436   13.33%
CPX0000     3648  2759      145.0000   200      150.0000      130.0000  1080091   13.33%
CPX0000  Elapsed time = 727.13 sec. (597297.84 ticks, tree = 516.45 MB
CPX0000     3657  2764      130.0000   351      150.0000      130.0000  1085833   13.33%
CPX0000     3679  2786      130.0000   325      150.0000      130.0000  1091275   13.33%
CPX0000     3719  2824      140.0000   199      150.0000      130.0000  1099533   13.33%
CPX0000     3757  2846      130.0000   297      150.0000      130.0000  1105877   13.33%
CPX0000     3767  2856      130.0000   361      150.0000      130.0000  1111912   13.33%
CPX0000     3803  2884      130.0000   454      150.0000      130.0000  1119550   13.33%
CPX0000     3827  2904      130.0000    34      150.0000      130.0000  1127243   13.33%
CPX0000     3854  2931      130.0000    79      150.0000      130.0000  1135232   13.33%
CPX0000     3867  2944      130.0000   493      150.0000      130.0000  1141033   13.33%
CPX0000     3892  2966      140.0000   349      150.0000      130.0000  1148612   13.33%
CPX0000  Elapsed time = 774.57 sec. (637590.13 ticks, tree = 557.98 MB
CPX0000     3915  2986      130.0000   236      150.0000      130.0000  1156757   13.33%
CPX0000     3958  3029      130.0000   208      150.0000      130.0000  1165289   13.33%
CPX0000     3970  3041      140.0000   248      150.0000      130.0000  1172917   13.33%
CPX0000     4001  3070      140.0000     9      150.0000      130.0000  1180989   13.33%
CPX0000     4022  3087      130.0000   293      150.0000      130.0000  1188471   13.33%
CPX0000     4036  3101      140.0000   396      150.0000      130.0000  1196251   13.33%
CPX0000     4057  3122      145.0000   347      150.0000      130.0000  1204932   13.33%
CPX0000     4068  3129      130.0000   275      150.0000      130.0000  1210031   13.33%
CPX0000     4083  3144      130.0000   306      150.0000      130.0000  1217242   13.33%
CPX0000     4099  3160      130.0000   341      150.0000      130.0000  1224396   13.33%
CPX0000  Elapsed time = 821.35 sec. (677911.31 ticks, tree = 596.53 MB
CPX0000     4115  3176      130.0000   283      150.0000      130.0000  1231768   13.33%
CPX0000     4125  3186      130.4167   395      150.0000      130.0000  1239616   13.33%
CPX0000     4150  3211      132.5000   199      150.0000      130.0000  1247440   13.33%
CPX0000     4173  3228      132.5000   113      150.0000      130.0000  1251531   13.33%
CPX0000     4210  3256      137.5000   230      150.0000      130.0000  1258998   13.33%
CPX0000     4235  3277      130.0000   274      150.0000      130.0000  1265774   13.33%
CPX0000     4257  3299      130.0000   277      150.0000      130.0000  1273397   13.33%
CPX0000     4286  3324      130.0000   139      150.0000      130.0000  1280332   13.33%
CPX0000     4314  3352      130.0000   176      150.0000      130.0000  1287451   13.33%
CPX0000     4340  3378      130.0000   251      150.0000      130.0000  1294655   13.33%
CPX0000  Elapsed time = 867.11 sec. (717429.99 ticks, tree = 628.55 MB
CPX0000     4375  3409      130.0000   125      150.0000      130.0000  1302581   13.33%
CPX0000     4396  3430      130.0000   212      150.0000      130.0000  1310090   13.33%
CPX0000     4417  3451      130.0000   376      150.0000      130.0000  1318137   13.33%
CPX0000     4438  3472      132.5000   324      150.0000      130.0000  1325385   13.33%
CPX0000     4463  3497      132.5000   302      150.0000      130.0000  1327737   13.33%
CPX0000     4530  3564      140.0000   167      150.0000      130.0000  1335917   13.33%
CPX0000     4573  3578      130.0000   122      150.0000      130.0000  1344442   13.33%
CPX0000     4584  3589      135.0000   379      150.0000      130.0000  1352652   13.33%
CPX0000     4612  3612      130.0000   141      150.0000      130.0000  1360162   13.33%
CPX0000     4638  3638      130.0000   326      150.0000      130.0000  1368211   13.33%
CPX0000  Elapsed time = 913.59 sec. (757247.60 ticks, tree = 680.89 MB
CPX0000     4667  3667      140.0000   249      150.0000      130.0000  1376236   13.33%
CPX0000     4696  3692      142.5000   246      150.0000      130.0000  1384584   13.33%
CPX0000     4712  3705      130.0000   139      150.0000      130.0000  1390197   13.33%
CPX0000     4753  3741      130.0000   309      150.0000      130.0000  1397744   13.33%
CPX0000     4795  3777      130.0000   330      150.0000      130.0000  1405429   13.33%
CPX0000     4832  3814      130.0000   199      150.0000      130.0000  1412776   13.33%
CPX0000     4883  3865      140.0000   235      150.0000      130.0000  1420870   13.33%
CPX0000     4907  3885      130.0000   355      150.0000      130.0000  1427076   13.33%
CPX0000     4929  3907      130.0000   119      150.0000      130.0000  1434138   13.33%
CPX0000     4957  3935      135.0000   281      150.0000      130.0000  1441938   13.33%
CPX0000  Elapsed time = 957.86 sec. (795759.37 ticks, tree = 740.68 MB
CPX0000     4968  3942      145.0000   258      150.0000      130.0000  1443200   13.33%
CPX0000     4999  3963      130.0000   274      150.0000      130.0000  1451716   13.33%
CPX0000     5019  3979      130.0000   301      150.0000      130.0000  1459053   13.33%
CPX0000     5037  3993      132.5000   171      150.0000      130.0000  1468518   13.33%
CPX0000     5073  4023      132.5000   143      150.0000      130.0000  1476155   13.33%
CPX0000     5105  4045      130.0000   293      150.0000      130.0000  1486402   13.33%
CPX0000     5120  4060      140.0000   306      150.0000      130.0000  1494055   13.33%
CPX0000     5151  4087      130.0000   302      150.0000      130.0000  1501816   13.33%
CPX0000     5171  4107      130.0000   115      150.0000      130.0000  1509144   13.33%
CPX0000     5193  4123      130.0000   274      150.0000      130.0000  1517078   13.33%
CPX0000  Elapsed time = 1005.44 sec. (837467.55 ticks, tree = 778.71 MB
CPX0000     5222  4152      131.6667   357      150.0000      130.0000  1525209   13.33%
CPX0000     5265  4190      130.0000   215      150.0000      130.0000  1533003   13.33%
CPX0000     5281  4205      131.2500   422      150.0000      130.0000  1541270   13.33%
CPX0000     5327  4248      145.0000   235      150.0000      130.0000  1549137   13.33%
CPX0000     5363  4276      130.0000   205      150.0000      130.0000  1555045   13.33%
CPX0000     5409  4316      145.0000   239      150.0000      130.0000  1562880   13.33%
CPX0000     5460  4351      130.0000   307      150.0000      130.0000  1570756   13.33%
CPX0000     5487  4375      130.0000   124      150.0000      130.0000  1577093   13.33%
CPX0000     5512  4395      145.0000   232      150.0000      130.0000  1584977   13.33%
CPX0000     5532  4411      130.0000   140      150.0000      130.0000  1593108   13.33%
CPX0000  Elapsed time = 1052.23 sec. (878534.42 ticks, tree = 836.68 MB
CPX0000     5557  4428      130.0000   279      150.0000      130.0000  1599722   13.33%
CPX0000     5566  4437      130.0000    65      150.0000      130.0000  1607595   13.33%
CPX0000     5592  4462      145.0000   256      150.0000      130.0000  1616230   13.33%
CPX0000     5634  4498      130.0000   199      150.0000      130.0000  1624249   13.33%
CPX0000     5668  4528      131.2500   444      150.0000      130.0000  1635005   13.33%
CPX0000     5695  4549      135.0000   472      150.0000      130.0000  1643049   13.33%
CPX0000     5715  4565      135.0000   410      150.0000      130.0000  1650161   13.33%
CPX0000     5734  4578      132.2500   461      150.0000      130.0000  1659191   13.33%
CPX0000     5762  4598      130.0000   172      150.0000      130.0000  1668315   13.33%
CPX0000     5767  4603      132.5000   421      150.0000      130.0000  1671691   13.33%
CPX0000  Elapsed time = 1101.03 sec. (919874.63 ticks, tree = 875.50 MB
CPX0000     5797  4629      130.8333   359      150.0000      130.0000  1679268   13.33%
CPX0000     5860  4673      130.0000   120      150.0000      130.0000  1686987   13.33%
CPX0000     5879  4692      130.0000   261      150.0000      130.0000  1693908   13.33%
CPX0000     5913  4726      130.0000   359      150.0000      130.0000  1702019   13.33%
CPX0000     5960  4769      130.0000   256      150.0000      130.0000  1709982   13.33%
CPX0000     5991  4800      131.2500   334      150.0000      130.0000  1718421   13.33%
CPX0000     6005  4810      130.0000   141      150.0000      130.0000  1725508   13.33%
CPX0000     6026  4831      130.0000   202      150.0000      130.0000  1732738   13.33%
CPX0000     6058  4859      130.0000   137      150.0000      130.0000  1741515   13.33%
CPX0000     6075  4876      130.0000   273      150.0000      130.0000  1745631   13.33%
CPX0000  Elapsed time = 1146.50 sec. (960376.19 ticks, tree = 927.71 MB
CPX0000     6103  4904      140.0000   230      150.0000      130.0000  1753477   13.33%
CPX0000     6131  4928      130.0000    35      150.0000      130.0000  1763618   13.33%
CPX0000     6155  4952      130.0000   390      150.0000      130.0000  1770192   13.33%
CPX0000     6197  4994      141.6667   294      150.0000      130.0000  1778603   13.33%
CPX0000     6226  5011      130.0000   248      150.0000      130.0000  1784737   13.33%
CPX0000     6256  5041      140.0000   331      150.0000      130.0000  1792282   13.33%
CPX0000     6285  5058        cutoff            150.0000      130.0000  1797243   13.33%
CPX0000     6302  5073      130.0000   254      150.0000      130.0000  1804407   13.33%
CPX0000     6326  5094        cutoff            150.0000      130.0000  1812263   13.33%
CPX0000     6335  5103      130.0000   173      150.0000      130.0000  1819020   13.33%
CPX0000  Elapsed time = 1192.69 sec. (1001338.89 ticks, tree = 963.62 MB
CPX0000     6343  5111      132.5000   242      150.0000      130.0000  1826689   13.33%
CPX0000     6368  5126      130.0000   365      150.0000      130.0000  1833795   13.33%
CPX0000     6393  5151      130.0000   256      150.0000      130.0000  1841763   13.33%
CPX0000     6421  5177      140.0000   303      150.0000      130.0000  1849563   13.33%
CPX0000     6445  5195      130.0000   190      150.0000      130.0000  1857049   13.33%
CPX0000     6463  5213      130.0000   266      150.0000      130.0000  1864021   13.33%
CPX0000     6485  5235      130.0000   234      150.0000      130.0000  1872236   13.33%
CPX0000     6506  5256      130.0000   218      150.0000      130.0000  1879318   13.33%
CPX0000     6541  5287      130.0000   211      150.0000      130.0000  1887447   13.33%
CPX0000     6559  5305      130.0000   413      150.0000      130.0000  1894381   13.33%
CPX0000  Elapsed time = 1242.14 sec. (1044916.18 ticks, tree = 1001.17 MB
CPX0000     6597  5339      145.0000   116      150.0000      130.0000  1902020   13.33%
CPX0000     6617  5354      132.5000   384      150.0000      130.0000  1909194   13.33%
CPX0000     6631  5364      136.2500   213      150.0000      130.0000  1916104   13.33%
CPX0000     6659  5387      130.0000   239      150.0000      130.0000  1921862   13.33%
CPX0000     6685  5412      131.2500   255      150.0000      130.0000  1928800   13.33%
CPX0000     6719  5442      130.0000   244      150.0000      130.0000  1935455   13.33%
CPX0000     6743  5466      132.5000   289      150.0000      130.0000  1943011   13.33%
CPX0000     6784  5503    infeasible            150.0000      130.0000  1951488   13.33%
CPX0000     6805  5516      130.0000    69      150.0000      130.0000  1959720   13.33%
CPX0000     6827  5538      130.0000   176      150.0000      130.0000  1967229   13.33%
CPX0000  Elapsed time = 1286.26 sec. (1083916.08 ticks, tree = 1036.29 MB
CPX0000     6869  5580      140.0000   204      150.0000      130.0000  1975514   13.33%
CPX0000     6919  5630      140.0000   130      150.0000      130.0000  1984022   13.33%
CPX0000     6940  5647      130.0000   459      150.0000      130.0000  1991400   13.33%
CPX0000     6953  5660      130.0000   197      150.0000      130.0000  1998013   13.33%
CPX0000     6965  5672      130.4167   324      150.0000      130.0000  2001998   13.33%
CPX0000     7008  5707      135.0000   330      150.0000      130.0000  2010140   13.33%
CPX0000     7025  5720      130.0000   156      150.0000      130.0000  2017029   13.33%
CPX0000     7068  5755      130.0000   329      150.0000      130.0000  2024600   13.33%
CPX0000     7091  5778      130.0000   215      150.0000      130.0000  2032009   13.33%
CPX0000     7110  5797      140.0000   413      150.0000      130.0000  2040029   13.33%
CPX0000  Elapsed time = 1333.89 sec. (1124001.90 ticks, tree = 1088.57 MB
CPX0000     7165  5843      145.0000   165      150.0000      130.0000  2047902   13.33%
CPX0000     7187  5857      145.0000   230      150.0000      130.0000  2055214   13.33%
CPX0000     7214  5880      130.0000   282      150.0000      130.0000  2062649   13.33%
CPX0000     7251  5911      130.0000    89      150.0000      130.0000  2072257   13.33%
CPX0000     7263  5923      130.0000   148      150.0000      130.0000  2074807   13.33%
CPX0000     7280  5940      130.0000   308      150.0000      130.0000  2082782   13.33%
CPX0000     7300  5956      130.0000   309      150.0000      130.0000  2089802   13.33%
CPX0000     7324  5976      130.0000   164      150.0000      130.0000  2098010   13.33%
CPX0000     7341  5993      132.5000   225      150.0000      130.0000  2108509   13.33%
CPX0000     7367  6010      130.0000   456      150.0000      130.0000  2115116   13.33%
CPX0000  Elapsed time = 1382.49 sec. (1167308.62 ticks, tree = 1131.37 MB
CPX0000     7384  6027      130.0000   311      150.0000      130.0000  2122509   13.33%
CPX0000     7403  6046      130.0000   279      150.0000      130.0000  2129756   13.33%
CPX0000     7431  6066      130.0000    21      150.0000      130.0000  2138568   13.33%
CPX0000     7449  6084      130.0000   342      150.0000      130.0000  2146628   13.33%
CPX0000     7470  6101      130.0000   352      150.0000      130.0000  2153469   13.33%
CPX0000     7482  6113      131.6667   360      150.0000      130.0000  2160942   13.33%
CPX0000     7510  6137      130.0000   352      150.0000      130.0000  2168711   13.33%
CPX0000     7526  6153      135.0000   424      150.0000      130.0000  2176370   13.33%
CPX0000     7548  6169      130.8333   486      150.0000      130.0000  2183562   13.33%
CPX0000     7576  6193      130.0000   328      150.0000      130.0000  2191705   13.33%
CPX0000  Elapsed time = 1427.57 sec. (1206725.01 ticks, tree = 1168.56 MB
CPX0000     7592  6209      132.5000   328      150.0000      130.0000  2199720   13.33%
CPX0000     7610  6221      130.0000   271      150.0000      130.0000  2208616   13.33%
CPX0000     7627  6238      130.0000   227      150.0000      130.0000  2215745   13.33%
CPX0000     7643  6250      130.0000   176      150.0000      130.0000  2222018   13.33%
CPX0000     7661  6268      132.0000   468      150.0000      130.0000  2229512   13.33%
CPX0000     7669  6276      140.0000   330      150.0000      130.0000  2233410   13.33%
CPX0000     7688  6291      130.0000   174      150.0000      130.0000  2241291   13.33%
CPX0000     7707  6304      130.0000   194      150.0000      130.0000  2248917   13.33%
CPX0000     7743  6336      130.0000    42      150.0000      130.0000  2256856   13.33%
CPX0000     7756  6349      140.0000   327      150.0000      130.0000  2264381   13.33%
CPX0000  Elapsed time = 1473.62 sec. (1247375.90 ticks, tree = 1181.18 MB
CPX0000     7768  6361      130.7143   327      150.0000      130.0000  2272792   13.33%
CPX0000     7803  6396      140.0000   145      150.0000      130.0000  2280348   13.33%
CPX0000     7842  6431      130.0000   253      150.0000      130.0000  2289462   13.33%
CPX0000     7863  6452      130.0000   316      150.0000      130.0000  2296374   13.33%
CPX0000     7889  6478      140.0000   221      150.0000      130.0000  2304271   13.33%
CPX0000     7913  6499      130.0000   201      150.0000      130.0000  2312148   13.33%
CPX0000     7941  6527      135.0000   359      150.0000      130.0000  2319571   13.33%
CPX0000     7969  6553      140.0000   245      150.0000      130.0000  2327156   13.33%
CPX0000     7987  6565      130.0000   332      150.0000      130.0000  2334709   13.33%
CPX0000     8018  6592      130.0000   139      150.0000      130.0000  2342097   13.33%
CPX0000  Elapsed time = 1520.55 sec. (1289262.52 ticks, tree = 1230.41 MB
CPX0000     8036  6610      140.0000   202      150.0000      130.0000  2351012   13.33%
CPX0000     8054  6625      130.0000   419      150.0000      130.0000  2358212   13.33%
CPX0000     8065  6636      130.0000   408      150.0000      130.0000  2365902   13.33%
CPX0000     8081  6652      140.0000   355      150.0000      130.0000  2374305   13.33%
CPX0000     8115  6680      130.0000   379      150.0000      130.0000  2381512   13.33%
CPX0000     8146  6707    infeasible            150.0000      130.0000  2389603   13.33%
CPX0000     8163  6724      130.0000   253      150.0000      130.0000  2394859   13.33%
CPX0000     8187  6744      130.0000    93      150.0000      130.0000  2403144   13.33%
CPX0000     8204  6761      130.7143   267      150.0000      130.0000  2410730   13.33%
CPX0000     8229  6780      130.0000    72      150.0000      130.0000  2417953   13.33%
CPX0000  Elapsed time = 1568.46 sec. (1331407.01 ticks, tree = 1261.23 MB
CPX0000     8240  6791      130.0000   491      150.0000      130.0000  2425156   13.33%
CPX0000     8263  6814      140.0000   177      150.0000      130.0000  2429824   13.33%
CPX0000     8283  6832      140.0000   340      150.0000      130.0000  2437321   13.33%
CPX0000     8296  6841      130.0000   163      150.0000      130.0000  2445830   13.33%
CPX0000     8302  6847      130.0000   345      150.0000      130.0000  2452152   13.33%
CPX0000     8306  6851      130.0000   390      150.0000      130.0000  2459135   13.33%
CPX0000     8313  6858      130.0000   559      150.0000      130.0000  2465326   13.33%
CPX0000     8325  6870      130.0000   314      150.0000      130.0000  2472928   13.33%
CPX0000     8345  6890      140.0000   214      150.0000      130.0000  2479955   13.33%
CPX0000     8363  6899      130.0000   336      150.0000      130.0000  2483899   13.33%
CPX0000  Elapsed time = 1619.19 sec. (1374848.70 ticks, tree = 1283.30 MB
CPX0000     8383  6919      135.0000   478      150.0000      130.0000  2491354   13.33%
CPX0000     8401  6933      130.0000   107      150.0000      130.0000  2498795   13.33%
CPX0000     8421  6953      145.0000   282      150.0000      130.0000  2507108   13.33%
CPX0000     8442  6971      130.0000   309      150.0000      130.0000  2514410   13.33%
CPX0000     8457  6986      140.0000   315      150.0000      130.0000  2522087   13.33%
CPX0000     8492  7013      130.0000   338      150.0000      130.0000  2530321   13.33%
CPX0000     8516  7037      140.0000   184      150.0000      130.0000  2537754   13.33%
CPX0000     8530  7047      140.0000   267      150.0000      130.0000  2545790   13.33%
CPX0000     8554  7065      130.0000   337      150.0000      130.0000  2552927   13.33%
CPX0000     8572  7083      140.0000   290      150.0000      130.0000  2561117   13.33%
CPX0000  Elapsed time = 1663.28 sec. (1414756.49 ticks, tree = 1320.39 MB
CPX0000     8599  7110      140.0000   234      150.0000      130.0000  2568639   13.33%
CPX0000     8616  7124      130.0000   445      150.0000      130.0000  2576310   13.33%
CPX0000     8640  7148      132.5000   317      150.0000      130.0000  2583579   13.33%
CPX0000     8667  7173      140.0000   313      150.0000      130.0000  2591625   13.33%
CPX0000     8695  7197      130.0000   312      150.0000      130.0000  2599147   13.33%
CPX0000     8714  7216      132.5000   349      150.0000      130.0000  2606315   13.33%
CPX0000     8732  7229      130.0000   196      150.0000      130.0000  2614154   13.33%
CPX0000     8763  7260      140.0000   252      150.0000      130.0000  2620727   13.33%
CPX0000     8783  7276      131.6667   391      150.0000      130.0000  2629319   13.33%
CPX0000     8800  7291      145.0000   252      150.0000      130.0000  2636614   13.33%
CPX0000  Elapsed time = 1709.83 sec. (1455128.34 ticks, tree = 1354.55 MB
CPX0000     8835  7318      130.0000   217      150.0000      130.0000  2643821   13.33%
CPX0000     8856  7339      142.5000   332      150.0000      130.0000  2652215   13.33%
CPX0000     8863  7342      130.0000   226      150.0000      130.0000  2655676   13.33%
CPX0000     8874  7353      130.0000   495      150.0000      130.0000  2663756   13.33%
CPX0000     8894  7371        cutoff            150.0000      130.0000  2671189   13.33%
CPX0000     8913  7388      130.0000   337      150.0000      130.0000  2677670   13.33%
CPX0000     8940  7413      140.0000   277      150.0000      130.0000  2685620   13.33%
CPX0000     8965  7434      130.0000   250      150.0000      130.0000  2694045   13.33%
CPX0000     8978  7447      130.0000   399      150.0000      130.0000  2701496   13.33%
CPX0000     8998  7466      140.0000   310      150.0000      130.0000  2709030   13.33%
CPX0000  Elapsed time = 1756.64 sec. (1495244.52 ticks, tree = 1382.28 MB
CPX0000     9035  7499      137.5000   328      150.0000      130.0000  2716773   13.33%
CPX0000     9045  7509      139.1667   460      150.0000      130.0000  2724841   13.33%
CPX0000     9076  7536      130.0000   128      150.0000      130.0000  2733161   13.33%
CPX0000     9093  7553      130.0000   407      150.0000      130.0000  2740762   13.33%
CPX0000     9122  7582      140.0000   206      150.0000      130.0000  2748787   13.33%
CPX0000     9133  7587      130.0000   208      150.0000      130.0000  2756412   13.33%
CPX0000     9151  7605      130.0000   426      150.0000      130.0000  2763529   13.33%
CPX0000     9163  7617      140.0000   363      150.0000      130.0000  2770486   13.33%
CPX0000     9192  7646      140.0000   243      150.0000      130.0000  2777762   13.33%
CPX0000     9213  7661      130.0000   172      150.0000      130.0000  2786368   13.33%
CPX0000  Elapsed time = 1803.93 sec. (1537741.30 ticks, tree = 1421.61 MB
CPX0000     9236  7684      140.0000   396      150.0000      130.0000  2793819   13.33%
CPX0000     9278  7726      140.0000   336      150.0000      130.0000  2801745   13.33%
CPX0000     9293  7737      130.0000   429      150.0000      130.0000  2810200   13.33%
CPX0000     9305  7745      130.0000   308      150.0000      130.0000  2816463   13.33%
CPX0000     9320  7760      130.0000   245      150.0000      130.0000  2824970   13.33%
CPX0000     9342  7782      140.0000   282      150.0000      130.0000  2832423   13.33%
CPX0000     9368  7804      130.0000   354      150.0000      130.0000  2839584   13.33%
CPX0000     9386  7822      130.0000   494      150.0000      130.0000  2846015   13.33%
CPX0000     9403  7839      140.0000   232      150.0000      130.0000  2853578   13.33%
CPX0000     9418  7850      130.0000   200      150.0000      130.0000  2861519   13.33%
CPX0000  Elapsed time = 1850.92 sec. (1578465.45 ticks, tree = 1450.60 MB
CPX0000     9438  7870      130.0000   476      150.0000      130.0000  2868976   13.33%
CPX0000     9461  7893      140.0000   183      150.0000      130.0000  2876337   13.33%
CPX0000     9474  7900      130.0000   119      150.0000      130.0000  2885350   13.33%
CPX0000     9490  7916      130.0000   368      150.0000      130.0000  2891896   13.33%
CPX0000     9504  7930      130.0000   237      150.0000      130.0000  2899002   13.33%
CPX0000     9524  7948        cutoff            150.0000      130.0000  2906657   13.33%
CPX0000     9536  7958      130.0000   350      150.0000      130.0000  2912825   13.33%
CPX0000     9549  7971      140.0000   403      150.0000      130.0000  2920305   13.33%
CPX0000     9564  7982      130.0000    79      150.0000      130.0000  2928992   13.33%
CPX0000     9572  7990      130.0000   256      150.0000      130.0000  2935429   13.33%
CPX0000  Elapsed time = 1898.71 sec. (1620264.94 ticks, tree = 1468.67 MB
CPX0000     9585  8003      130.0000   225      150.0000      130.0000  2942301   13.33%
CPX0000     9596  8014      131.6667   298      150.0000      130.0000  2950760   13.33%
CPX0000     9621  8035      130.0000   118      150.0000      130.0000  2958593   13.33%
CPX0000     9633  8047      130.0000   427      150.0000      130.0000  2965402   13.33%
CPX0000     9643  8057      130.7143   421      150.0000      130.0000  2972998   13.33%
CPX0000     9663  8077      140.0000   309      150.0000      130.0000  2978487   13.33%
CPX0000     9686  8094      130.0000   312      150.0000      130.0000  2985862   13.33%
CPX0000     9699  8107      133.7500   292      150.0000      130.0000  2993844   13.33%
CPX0000     9720  8124      130.0000   323      150.0000      130.0000  3000261   13.33%
CPX0000     9737  8138      130.0000   355      150.0000      130.0000  3007646   13.33%
CPX0000  Elapsed time = 1949.71 sec. (1664107.37 ticks, tree = 1498.73 MB
CPX0000     9758  8159      140.0000   340      150.0000      130.0000  3015541   13.33%
CPX0000     9773  8170      131.0000   313      150.0000      130.0000  3023471   13.33%
CPX0000     9808  8197      130.0000   112      150.0000      130.0000  3031113   13.33%
CPX0000     9830  8219      140.0000   286      150.0000      130.0000  3039114   13.33%
CPX0000     9852  8239      145.0000   342      150.0000      130.0000  3046832   13.33%
CPX0000     9871  8250      130.0000   213      150.0000      130.0000  3054714   13.33%
CPX0000     9887  8266      130.0000   211      150.0000      130.0000  3062348   13.33%
CPX0000     9898  8277      130.6250   429      150.0000      130.0000  3070431   13.33%
CPX0000     9914  8289      130.0000    85      150.0000      130.0000  3076253   13.33%
CPX0000     9927  8302      132.5000   388      150.0000      130.0000  3083408   13.33%
CPX0000  Elapsed time = 1995.67 sec. (1703640.67 ticks, tree = 1532.08 MB
CPX0000     9954  8323      130.0000   116      150.0000      130.0000  3091470   13.33%
CPX0000     9963  8332      130.0000   527      150.0000      130.0000  3098625   13.33%
CPX0000     9969  8338      130.0000   421      150.0000      130.0000  3105732   13.33%
CPX0000     9976  8345      130.8333   405      150.0000      130.0000  3113547   13.33%
CPX0000    10007  8376      145.0000   201      150.0000      130.0000  3121185   13.33%
CPX0000    10025  8386      130.0000   196      150.0000      130.0000  3128971   13.33%
CPX0000    10047  8408      130.0000   255      150.0000      130.0000  3136919   13.33%
CPX0000    10071  8432      140.0000   280      150.0000      130.0000  3144950   13.33%
CPX0000    10083  8440      130.0000   465      150.0000      130.0000  3151605   13.33%
CPX0000    10084  8441      130.0000    67      150.0000      130.0000  3152780   13.33%
CPX0000  Elapsed time = 2074.42 sec. (1770293.07 ticks, tree = 1560.35 MB
CPX0000  * 10085     0      integral     0      150.0000                3206597    0.00%
CPX0000
CPX0000  GUB cover cuts applied:  183
CPX0000  Clique cuts applied:  1041
CPX0000  Cover cuts applied:  57
CPX0000  Mixed integer rounding cuts applied:  20
CPX0000  Zero-half cuts applied:  329
CPX0000  Gomory fractional cuts applied:  94
CPX0000
CPX0000  Root node processing (before b&c):
CPX0000    Real time             =   19.09 sec. (10983.75 ticks)
CPX0000  Sequential b&c:
CPX0000    Real time             = 2130.68 sec. (1822746.07 ticks)
CPX0000                            ------------
CPX0000  Total (root+branch&cut) = 2149.77 sec. (1833729.82 ticks)
H2 understaffing: 0
H3 shiftTypeSuccessions: 0
S1 optimalCoverage: 90
S2a consecutiveShift: 12435 = (829,0 )
S2b consecutiveWorkingDays: 17220 = ( 574,0 )
S3 consecutiveDaysOff: 15660 = ( 522,0 )
S4 preferences: 60
S5 completeWeekend: 0
S6 totalAssignments: 0
S7 totalWorkingWeekeends: 0
 

Cost Solution: 45465

      |M|T|W|T|F|S|S| |M|T|W|T|F|S|S| |M|T|W|T|F|S|S| |M|T|W|T|F|S|S|
-----------------------------------------------------------------------
HN_0  |N|-|L|-|E|N|-| |-|-|D|E|-|-|-| |-|D|-|-|E|-|-| |D|-|E|-|D|-|-|
HN_1  |-|E|D|E|-|-|-| |E|-|-|D|D|E|L| |-|L|L|-|-|E|E| |L|L|-|N|-|-|-|
HN_2  |L|-|D|-|L|-|-| |-|D|-|E|-|E|E| |-|E|N|-|N|-|-| |N|-|L|-|E|D|L|
HN_3  |-|D|E|-|N|-|-| |L|-|-|-|-|-|-| |D|L|L|-|L|L|-| |E|-|N|-|-|-|-|
HN_4  |-|-|E|D|-|E|E| |N|N|N|-|D|-|-| |E|-|D|-|D|-|-| |-|D|-|E|-|N|N|
HN_5  |-|-|L|-|-|-|E| |E|-|D|L|-|-|-| |E|N|-|-|D|-|-| |-|D|-|E|N|-|-|
HN_6  |D|-|N|-|-|-|-| |D|-|D|-|E|-|-| |L|-|E|N|-|D|E| |-|L|N|-|D|E|E|
HN_7  |E|N|-|-|-|L|L| |L|-|E|-|E|-|-| |-|-|D|E|D|N|N| |-|D|E|-|E|-|-|
NU_8  |-|E|-|D|N|-|-| |-|E|L|L|L|-|-| |N|-|N|N|N|-|-| |D|-|E|D|E|-|-|
NU_9  |E|E|L|L|-|D|D| |-|E|N|-|-|E|E| |-|E|-|-|-|-|-| |D|D|D|-|E|-|-|
NU_10 |L|L|-|L|L|N|N| |-|N|-|-|-|D|D| |D|E|-|D|L|-|-| |-|D|-|-|D|-|-|
NU_11 |N|N|-|D|E|L|L| |N|-|D|E|N|N|N| |-|D|E|D|N|-|-| |E|E|E|E|D|-|-|
NU_12 |D|D|D|L|L|-|-| |-|L|-|E|-|N|N| |N|-|N|-|D|-|-| |-|-|N|-|-|L|L|
NU_13 |-|N|N|N|N|-|-| |D|-|L|-|L|-|-| |-|-|D|N|-|-|-| |-|-|N|-|-|-|D|
NU_14 |-|E|N|-|D|-|-| |D|E|-|E|D|L|L| |-|N|-|D|E|-|-| |-|E|-|E|D|-|-|
NU_15 |-|D|-|-|-|D|D| |L|L|-|L|-|D|D| |E|N|-|D|E|-|-| |-|N|-|E|N|-|-|
NU_16 |E|L|L|N|-|-|-| |-|E|L|L|L|-|-| |-|D|D|E|D|-|-| |-|N|-|L|N|-|-|
NU_17 |E|D|-|-|D|-|-| |D|-|-|E|L|-|-| |-|N|-|-|E|-|-| |-|D|-|L|-|-|D|
NU_18 |E|E|N|-|N|-|-| |-|D|L|L|L|-|-| |N|N|-|-|N|-|-| |-|D|-|N|-|E|D|
NU_19 |D|-|E|L|-|-|-| |N|N|N|-|E|L|L| |-|D|-|E|N|-|-| |-|D|E|-|N|-|-|
NU_20 |L|L|L|N|N|-|-| |E|D|D|D|D|-|-| |L|N|-|D|E|E|E| |L|-|E|E|D|L|L|
NU_21 |-|-|-|E|E|-|-| |-|D|-|E|L|N|-| |N|-|-|-|L|-|-| |-|-|D|D|L|-|-|
NU_22 |L|-|D|E|L|N|N| |-|D|D|D|D|-|-| |E|E|E|D|D|-|-| |E|N|N|-|L|N|N|
NU_23 |-|E|E|E|L|-|-| |D|D|L|-|-|-|-| |N|-|-|E|L|-|-| |-|L|L|L|-|N|N|
NU_24 |-|N|-|-|-|-|-| |-|L|-|N|-|-|-| |-|L|L|L|L|L|-| |N|-|L|N|-|-|-|
NU_25 |L|L|L|L|L|-|-| |D|E|E|L|N|-|-| |D|L|L|-|D|D|E| |E|E|-|E|E|D|E|
NU_26 |-|D|D|N|N|-|-| |N|N|N|N|N|-|-| |D|D|D|E|-|L|L| |L|L|L|-|D|D|D|
NU_27 |N|N|-|E|D|N|N| |-|L|L|L|N|-|-| |E|E|E|E|E|-|-| |L|N|N|-|D|E|D|
NU_28 |E|N|-|E|D|-|-| |E|L|N|-|D|N|N| |-|-|L|-|-|-|-| |N|-|L|L|L|-|-|
NU_29 |D|-|-|E|N|-|-| |L|-|-|N|-|-|-| |L|L|N|-|D|D|E| |E|E|-|E|E|-|-|
NU_30 |-|D|E|L|L|-|-| |L|L|L|-|E|-|-| |-|N|-|N|N|N|N| |-|-|-|L|L|-|-|
NU_31 |D|N|-|E|E|E|D| |N|-|E|D|L|-|-| |D|E|L|L|N|-|-| |E|-|D|D|N|N|N|
NU_32 |E|L|-|D|-|-|-| |N|-|-|-|D|-|-| |L|L|L|-|N|-|-| |-|-|-|N|-|-|E|
NU_33 |N|-|E|D|D|D|E| |-|D|N|N|N|-|-| |D|D|D|E|N|-|-| |L|-|E|D|D|E|E|
NU_34 |N|N|N|-|-|-|-| |E|-|D|-|-|-|E| |N|-|L|-|E|-|-| |-|-|D|L|-|-|-|
NU_35 |L|-|E|D|-|-|-| |E|N|N|-|E|D|L| |-|E|-|-|L|L|L| |L|-|-|E|-|-|-|
NU_36 |-|N|-|-|D|-|-| |-|-|-|-|D|-|-| |-|L|N|-|-|-|D| |L|N|N|N|N|-|-|
NU_37 |-|L|-|D|-|-|-| |L|L|-|L|L|-|-| |L|-|L|N|-|N|N| |N|N|N|-|L|-|-|
NU_38 |L|L|N|N|-|-|D| |D|D|-|L|-|-|-| |-|-|D|E|-|-|-| |-|-|L|-|-|-|-|
NU_39 |-|E|L|-|D|-|-| |D|D|-|E|E|-|-| |L|N|N|N|-|-|-| |D|N|-|D|N|-|-|
CT_40 |N|-|D|D|-|-|-| |L|L|L|-|L|-|-| |D|D|D|N|-|-|-| |L|L|L|-|L|-|-|
CT_41 |-|E|D|-|-|-|-| |N|N|-|-|L|-|D| |L|-|-|E|-|-|-| |-|D|L|-|E|-|-|
CT_42 |L|-|D|D|E|-|-| |D|D|L|N|N|-|-| |L|L|N|-|N|N|N| |N|N|-|E|D|E|E|
CT_43 |N|-|-|E|L|-|-| |L|-|E|-|E|-|-| |-|-|N|-|E|-|D| |-|-|E|N|-|-|-|
CT_44 |N|N|N|N|N|-|-| |E|E|E|L|N|-|-| |E|E|L|N|-|D|E| |D|D|N|-|D|D|E|
CT_45 |D|D|L|L|L|-|-| |E|E|E|E|E|-|-| |L|L|L|L|-|L|L| |L|L|-|D|L|L|L|
CT_46 |E|D|N|N|N|-|-| |D|D|D|E|L|-|-| |D|E|E|N|-|E|D| |D|E|-|E|L|L|L|
CT_47 |L|L|L|-|E|-|-| |-|D|E|N|-|-|-| |N|-|N|N|-|-|-| |D|E|L|L|N|-|-|
CT_48 |-|L|L|L|N|-|-| |L|L|L|L|N|-|-| |E|D|-|D|L|-|-| |-|L|-|L|-|-|-|
CT_49 |E|-|E|D|E|L|L| |-|E|E|D|E|-|-| |D|E|L|L|L|-|-| |D|E|E|N|-|L|L|
CT_50 |D|D|D|-|-|-|-| |D|-|-|-|D|-|-| |-|D|-|L|N|N|-| |D|L|-|-|-|-|-|
CT_51 |L|-|L|-|L|-|-| |N|-|N|-|-|-|E| |-|-|E|-|D|-|-| |-|D|N|-|D|-|-|
CT_52 |D|-|L|N|N|-|-| |D|-|D|E|D|D|D| |-|N|-|E|E|-|-| |-|N|-|D|-|-|-|
CT_53 |D|D|N|-|E|D|E| |L|N|-|D|D|E|D| |E|-|L|L|L|-|-| |L|L|L|L|N|-|-|
CT_54 |E|N|-|D|E|L|L| |N|-|E|D|D|E|E| |-|D|E|D|E|-|-| |E|D|D|L|L|-|-|
CT_55 |D|E|E|E|E|-|-| |E|D|N|N|N|-|-| |D|N|N|-|D|N|N| |N|-|E|N|N|N|N|
CT_56 |D|E|E|E|L|-|-| |D|E|E|D|E|-|-| |D|D|D|L|-|E|D| |E|-|D|D|E|E|D|
CT_57 |N|-|-|L|-|D|D| |N|N|-|-|-|E|L| |-|D|-|D|D|-|-| |E|E|N|-|L|-|-|
CT_58 |D|L|N|-|-|-|-| |E|E|N|N|-|-|-| |D|-|E|D|D|-|-| |D|E|D|-|N|-|-|
CT_59 |-|-|N|N|-|-|-| |L|N|N|N|-|-|-| |N|-|N|-|N|-|-| |N|-|D|E|L|N|N|
TR_60 |N|N|-|D|D|-|-| |D|E|D|E|N|-|-| |L|L|L|-|E|D|E| |L|-|D|D|E|E|E|
TR_61 |-|L|-|-|E|N|N| |-|-|-|N|-|-|-| |-|D|-|E|D|-|-| |E|-|-|N|N|-|-|
TR_62 |E|D|E|E|N|-|-| |D|D|D|-|D|D|L| |-|N|N|N|N|-|-| |E|D|E|L|-|N|N|
TR_63 |-|N|-|D|N|-|-| |E|-|N|N|-|L|-| |L|-|-|-|N|-|-| |-|-|-|L|L|-|-|
TR_64 |-|D|D|-|E|D|L| |-|E|-|L|L|-|-| |-|-|-|E|-|L|L| |L|L|-|D|E|-|-|
TR_65 |D|E|E|L|L|-|-| |E|E|E|D|E|-|-| |E|E|D|D|-|E|E| |D|D|L|-|D|L|L|
TR_66 |-|-|-|E|D|D|-| |N|-|-|L|-|-|-| |-|D|D|D|E|-|-| |E|-|-|E|-|-|-|
TR_67 |-|E|D|-|-|E|E| |-|N|-|E|E|-|-| |-|-|E|-|-|-|-| |-|E|L|-|D|-|-|
TR_68 |-|N|N|-|-|-|-| |L|L|-|D|D|-|-| |N|-|E|L|-|N|N| |N|N|-|-|-|D|E|
TR_69 |L|L|L|L|N|-|-| |E|L|L|-|D|E|D| |D|D|-|L|L|N|N| |-|E|N|N|N|-|-|


Hard constraint violations
--------------------------

Minimal coverage constraints: 0
Required skill constraints: 0
Illegal shift type succession constraints: 0
Single assignment per day: 0


Cost per constraint type
------------------------

Total assignment constraints: 0
Consecutive constraints: 29655
Non working days constraints: 15660
Preferences: 60
Max working weekend: 0
Complete weekends: 0
Optimal coverage constraints: 90

------------------------

Total cost: 45465
